[2026-04-01 23:47:29.647525] 자동 시장 데이터 동기화 체크 중...
[2026-04-01 23:47:52.980715] 동기화 확인 완료.
[2026-04-01 23:47:52.980715] VCP 통합 스캔 시작    # [0] 대상 선정 (Phase 1)
[2026-04-01 23:47:53.007831] 대상 종목 선별 작업 시작 (Batch 모드)...
  선정 기간: 20260115 ~ 20260331 (약 50거래일 기준)
[2026-04-01 23:47:53.038361] Naver Finance에서 종목 리스트 수집 중...
  Market 0 has 49 pages.
  Market 1 has 37 pages.
[PB Utils] Successfully fetched 4246 tickers from Naver Finance.
[2026-04-01 23:48:13.563577] 대상 선별 완료. (Batch 모드로 26분 -> 수 초로 단축)
[2026-04-01 23:48:13.591755] 스캔 대상 200개 상세 데이터 로딩 시작...
  - [10/200] 008600 046970 900270 192410 032820 065170 331920 187660 412350 242040 로딩 완료
  - [20/200] 047040 221800 000250 036170 129920 038500 040160 001515 005090 001510 로딩 완료
  - [30/200] 046120 475150 027360 327260 043260 290550 360350 054620 347700 048410 로딩 완료
  - [40/200] 322000 010170 003280 092220 019210 089230 095340 049080 138080 230240 로딩 완료
  - [50/200] 393890 064850 100790 440110 357580 052020 127120 027040 078600 218410 로딩 완료
  - [60/200] 076610 0120G0 382800 006800 291650 007120 224060 131970 131030 123330 로딩 완료
  - [70/200] 321550 106190 085910 319660 289080 003000 376900 036930 388790 088130 로딩 완료
  - [80/200] 058110 171090 265740 020400 241520 031980 323350 474610 085620 082920 로딩 완료
  - [90/200] 088280 001820 131290 090470 024850 080580 044490 138490 347770 033160 로딩 완료
  - [100/200] 050890 032500 222080 263750 084870 196450 092600 365270 357880 006110 로딩 완료
  - [110/200] 420770 077360 001290 389030 098120 069540 105330 004440 012630 238090 로딩 완료
  - [120/200] 010820 241770 000210 073490 130660 425420 083650 160980 005440 297570 로딩 완료
  - [130/200] 189300 900290 052860 425040 007340 355150 375500 011930 012210 083640 로딩 완료
  - [140/200] 120110 004960 289930 402490 003030 222420 056090 004060 010060 290660 로딩 완료
  - [150/200] 225430 161000 296640 109070 143540 264450 272110 355690 310210 020000 로딩 완료
  - [160/200] 178320 092870 00680K 290720 123750 095910 200710 086820 049430 380540 로딩 완료
  - [170/200] 353200 037230 057050 033790 065440 024800 137950 038530 053690 037350 로딩 완료
  - [180/200] 100590 008350 019010 039560 226590 234340 950160 023530 006920 086520 로딩 완료
  - [190/200] 017900 005680 015260 104480 037460 127710 058470 082270 003240 187870 로딩 완료
  - [200/200] 042520 046890 066360 417500 112610 005960 053610 078160 457190 001550 로딩 완료
[2026-04-01 23:48:40.843426] 상세 데이터 로딩 완료. (총 200개 캐싱됨)
 [1/200] 윌비스(008600): 패턴 미완성 (제외)
 [2/200] 우리로(046970): 패턴 미완성 (제외)
 [3/200] 헝셩그룹(900270): 패턴 미완성 (제외)
 [4/200] 오늘이엔엠(192410): 이평선 역배열 (50>150>200 미충족) (제외) | 50일등락: 408.06%
 [5/200] 우리기술(032820): 패턴 미완성 (제외)
 [6/200] 비엘팜텍(065170): 50일선 아래 (제외) | 50일등락: 387.4%
 -> [★발견★] 셀레믹스 (Market): 5회 수축, 마지막 10.5%, 점수 20 (RS 427.8), 피벗 5,140
 [8/200] 페니트리움바이오(187660): 패턴 미완성 (제외)
 -> [★발견★] 레이저쎌 (Market): 4회 수축, 마지막 8.6%, 점수 90 (RS 327.0), 피벗 7,660
 [10/200] 나무기술(242040): 패턴 미완성 (제외)
 [11/200] 대우건설(047040): 패턴 미완성 (제외)
 [12/200] 유투바이오(221800): 패턴 미완성 (제외)
 [13/200] 삼천당제약(000250): 패턴 미완성 (제외)
 -> [★발견★] 에이치엠넥스 (Market): 7회 수축, 마지막 11.5%, 점수 40 (RS 550.2), 피벗 5,480
 [15/200] 대성하이텍(129920): 패턴 미완성 (제외)
 [16/200] 삼표시멘트(038500): 패턴 미완성 (제외)
 -> [★발견★] 누리플렉스 (Market): 7회 수축, 마지막 5.6%, 점수 60 (RS 281.6), 피벗 10,500
 [18/200] SK증권우(001515): 패턴 미완성 (제외)
 [19/200] SGC에너지(005090): 패턴 미완성 (제외)
 [20/200] SK증권(001510): 패턴 미완성 (제외)
 [21/200] 오르비텍(046120): 패턴 미완성 (제외)
 -> [★발견★] SK이터닉스 (Market): 7회 수축, 마지막 13.5%, 점수 20 (RS 263.2), 피벗 59,900
 [23/200] 아주IB투자(027360): 패턴 미완성 (제외)
 [24/200] RF머트리얼즈(327260): 패턴 미완성 (제외)
 [25/200] 성호전자(043260): 패턴 미완성 (제외)
 [26/200] 디케이티(290550): 패턴 미완성 (제외)
 [27/200] 코셈(360350): 이평선 역배열 (50>150>200 미충족) (제외) | 50일등락: 152.04%
 [28/200] APS(054620): 이평선 역배열 (50>150>200 미충족) (제외) | 50일등락: 151.62%
 [29/200] 스피어(347700): 패턴 미완성 (제외)
 [30/200] 현대바이오(048410): 패턴 미완성 (제외)
 -> [★발견★] HD현대에너지솔루션 (Market): 7회 수축, 마지막 9.6%, 점수 40 (RS 322.7), 피벗 136,300
 [32/200] 대한광통신(010170): 1차 조정폭 과다 (제외)
 [33/200] 흥아해운(003280): 패턴 미완성 (제외)
 -> [★발견★] KEC (Market): 8회 수축, 마지막 12.9%, 점수 20 (RS 213.6), 피벗 1,521
 [35/200] 와이지-원(019210): 패턴 미완성 (제외)
 [36/200] THE E&M(089230): 패턴 미완성 (제외)
 [37/200] ISC(095340): 패턴 미완성 (제외)
 -> [★발견★] 기가레인 (Market): 7회 수축, 마지막 5.3%, 점수 40 (RS 236.8), 피벗 524
 [39/200] 오이솔루션(138080): 패턴 미완성 (제외)
 [40/200] 에치에프알(230240): 이평선 역배열 (50>150>200 미충족) (제외) | 50일등락: 119.22%
 -> [★발견★] 더블유씨피 (Market): 7회 수축, 마지막 13.0%, 점수 20 (RS 200.2), 피벗 15,100
 [42/200] 에프앤가이드(064850): 패턴 미완성 (제외)
 [43/200] 미래에셋벤처투자(100790): 패턴 미완성 (제외)
 [44/200] 파두(440110): 50일선 아래 (제외) | 50일등락: 116.24%
 [45/200] 아모센스(357580): 패턴 미완성 (제외)
 [46/200] 에스티큐브(052020): 패턴 미완성 (제외)
 [47/200] 제이에스링크(127120): 패턴 미완성 (제외)
 [48/200] 서울전자통신(027040): 이평선 역배열 (50>150>200 미충족) (제외) | 50일등락: 107.46%
 -> [★발견★] 대주전자재료 (Market): 6회 수축, 마지막 10.8%, 점수 40 (RS 173.6), 피벗 118,800
 [50/200] RFHIC(218410): 패턴 미완성 (제외)
 [51/200] 해성옵틱스(076610): 패턴 미완성 (제외)
 [52/200] 삼양바이오팜(0120G0): 데이터 부족 (200일 미만) (제외) | 50일등락: 102.53%
 [53/200] 지앤비에스 에코(382800): 이평선 역배열 (50>150>200 미충족) (제외) | 50일등락: 101.72%
 -> [★발견★] 미래에셋증권 (Market): 6회 수축, 마지막 14.1%, 점수 50 (RS 346.8), 피벗 71,091
 [55/200] 압타머사이언스(291650): 이평선 역배열 (50>150>200 미충족) (제외) | 50일등락: 100.21%
 [56/200] 미래아이앤지(007120): 패턴 미완성 (제외)
 [57/200] 더코디(224060): 패턴 미완성 (제외)
 [58/200] 두산테스나(131970): 패턴 미완성 (제외)
 [59/200] 옵투스제약(131030): 패턴 미완성 (제외)
 [60/200] 제닉(123330): 이평선 역배열 (50>150>200 미충족) (제외) | 50일등락: 96.29%
 [61/200] 티움바이오(321550): 패턴 미완성 (제외)
 [62/200] 하이텍팜(106190): 패턴 미완성 (제외)
 [63/200] 네오티스(085910): 패턴 미완성 (제외)
 -> [★발견★] 피에스케이 (Market): 8회 수축, 마지막 8.0%, 점수 60 (RS 301.4), 피벗 86,400
 -> [★발견★] SV인베스트먼트 (Market): 5회 수축, 마지막 12.8%, 점수 20 (RS 226.3), 피벗 3,660
 [66/200] 부광약품(003000): 패턴 미완성 (제외)
 -> [★발견★] 로킷헬스케어 (Market): 8회 수축, 마지막 7.7%, 점수 40 (RS 0), 피벗 130,400
 [68/200] 주성엔지니어링(036930): 패턴 미완성 (제외)
 [69/200] 라이콤(388790): 패턴 미완성 (제외)
 [70/200] 동아엘텍(088130): 50일선 아래 (제외) | 50일등락: 86.03%
 [71/200] 멕아이씨에스(058110): 이평선 역배열 (50>150>200 미충족) (제외) | 50일등락: 84.93%
 [72/200] 선익시스템(171090): 50일선 아래 (제외) | 50일등락: 84.18%
 -> [★발견★] 엔에프씨 (Market): 11회 수축, 마지막 13.6%, 점수 50 (RS 190.4), 피벗 9,000
 -> [★발견★] 대동금속 (Market): 6회 수축, 마지막 5.9%, 점수 40 (RS 170.2), 피벗 6,830
 [75/200] DSC인베스트먼트(241520): 패턴 미완성 (제외)
 -> [★발견★] 피에스케이홀딩스 (Market): 8회 수축, 마지막 14.5%, 점수 50 (RS 226.2), 피벗 111,400
 [77/200] 다원넥스뷰(323350): 50일선 아래 (제외) | 50일등락: 79.6%
 [78/200] RF시스템즈(474610): 패턴 미완성 (제외)
 -> [★발견★] 미래에셋생명 (Market): 7회 수축, 마지막 14.7%, 점수 20 (RS 237.6), 피벗 18,280
 [80/200] 비츠로셀(082920): 패턴 미완성 (제외)
 [81/200] 쏘닉스(088280): 이평선 역배열 (50>150>200 미충족) (제외) | 50일등락: 78.47%
 [82/200] 삼화콘덴서(001820): 패턴 미완성 (제외)
 [83/200] 티에스이(131290): 패턴 미완성 (제외)
 [84/200] 제이스텍(090470): 패턴 미완성 (제외)
 [85/200] HLB이노베이션(024850): 패턴 미완성 (제외)
 [86/200] 오킨스전자(080580): 패턴 미완성 (제외)
 [87/200] 태웅(044490): 이평선 역배열 (50>150>200 미충족) (제외) | 50일등락: 77.01%
 -> [★발견★] 코오롱ENP (Market): 8회 수축, 마지막 8.3%, 점수 40 (RS 208.8), 피벗 13,800
 [89/200] 핌스(347770): 이평선 역배열 (50>150>200 미충족) (제외) | 50일등락: 74.77%
 [90/200] 엠케이전자(033160): 패턴 미완성 (제외)
 [91/200] 쏠리드(050890): 패턴 미완성 (제외)
 [92/200] 케이엠더블유(032500): 패턴 미완성 (제외)
 [93/200] 씨아이에스(222080): 50일선 아래 (제외) | 50일등락: 73.39%
 [94/200] 펄어비스(263750): 패턴 미완성 (제외)
 [95/200] TBH글로벌(084870): 패턴 미완성 (제외)
 [96/200] 코아시아씨엠(196450): 패턴 미완성 (제외)
 [97/200] 앤씨앤(092600): 이평선 역배열 (50>150>200 미충족) (제외) | 50일등락: 71.24%
 [98/200] 큐라클(365270): 50일선 아래 (제외) | 50일등락: 69.26%
 [99/200] SKAI(357880): 이평선 역배열 (50>150>200 미충족) (제외) | 50일등락: 68.99%
 [100/200] 삼아알미늄(006110): 패턴 미완성 (제외)
 -> [★발견★] 기가비스 (Market): 5회 수축, 마지막 11.1%, 점수 40 (RS 237.3), 피벗 78,700
 [102/200] 덕산하이메탈(077360): 50일선 아래 (제외) | 50일등락: 68.08%
 [103/200] 상상인증권(001290): 패턴 미완성 (제외)
 [104/200] 지니너스(389030): 패턴 미완성 (제외)
 [105/200] 마이크로컨텍솔(098120): 패턴 미완성 (제외)
 [106/200] 빛과전자(069540): 이평선 역배열 (50>150>200 미충족) (제외) | 50일등락: 66.89%
 -> [★발견★] 케이엔더블유 (Market): 11회 수축, 마지막 10.2%, 점수 20 (RS 185.6), 피벗 8,110
 [108/200] 삼일씨엔에스(004440): 패턴 미완성 (제외)
 [109/200] HDC(012630): 이평선 역배열 (50>150>200 미충족) (제외) | 50일등락: 66.17%
 [110/200] 앤디포스(238090): 이평선 역배열 (50>150>200 미충족) (제외) | 50일등락: 65.85%
 [111/200] 퍼스텍(010820): 패턴 미완성 (제외)
 -> [★발견★] 메카로 (Market): 7회 수축, 마지막 9.5%, 점수 40 (RS 246.6), 피벗 29,850
 [113/200] DL(000210): 이평선 역배열 (50>150>200 미충족) (제외) | 50일등락: 64.58%
 [114/200] 이노와이어리스(073490): 패턴 미완성 (제외)
 [115/200] 한전산업(130660): 50일선 아래 (제외) | 50일등락: 63.5%
 -> [★발견★] 티에프이 (Market): 8회 수축, 마지막 6.7%, 점수 40 (RS 200.4), 피벗 59,500
 [117/200] 비에이치아이(083650): 패턴 미완성 (제외)
 -> [★발견★] 싸이맥스 (Market): 6회 수축, 마지막 13.2%, 점수 20 (RS 170.9), 피벗 23,050
 -> [★발견★] 현대지에프홀딩스 (Market): 5회 수축, 마지막 12.0%, 점수 50 (RS 180.5), 피벗 15,630
 -> [★발견★] 알로이스 (Market): 6회 수축, 마지막 5.0%, 점수 70 (RS 158.7), 피벗 1,496
 [121/200] 인텔리안테크(189300): 50일선 아래 (제외) | 50일등락: 62.13%
 [122/200] GRT(900290): 패턴 미완성 (제외)
 -> [★발견★] 아이앤씨 (Market): 9회 수축, 마지막 7.2%, 점수 60 (RS 192.8), 피벗 3,550
 [124/200] 티이엠씨(425040): 패턴 미완성 (제외)
 [125/200] DN오토모티브(007340): 패턴 미완성 (제외)
 [126/200] 코스텍시스(355150): 패턴 미완성 (제외)
 [127/200] DL이앤씨(375500): 이평선 역배열 (50>150>200 미충족) (제외) | 50일등락: 60.0%
 [128/200] 신성이엔지(011930): 패턴 미완성 (제외)
 [129/200] 삼미금속(012210): 50일선 아래 (제외) | 50일등락: 59.85%
 [130/200] 인콘(083640): 50일선 아래 (제외) | 50일등락: 59.84%
 -> [★발견★] 코오롱인더 (Market): 6회 수축, 마지막 11.3%, 점수 20 (RS 192.1), 피벗 75,000
 [132/200] 한신공영(004960): 패턴 미완성 (제외)
 [133/200] 웨이비스(289930): 패턴 미완성 (제외)
 [134/200] 그린리소스(402490): 패턴 미완성 (제외)
 [135/200] 세아제강지주(003030): 이평선 역배열 (50>150>200 미충족) (제외) | 50일등락: 59.23%
 [136/200] 쎄노텍(222420): 50일선 아래 (제외) | 50일등락: 58.51%
 [137/200] 시지메드텍(056090): 50일선 아래 (제외) | 50일등락: 58.22%
 [138/200] SG세계물산(004060): 패턴 미완성 (제외)
 -> [★발견★] OCI홀딩스 (Market): 7회 수축, 마지막 12.5%, 점수 20 (RS 202.2), 피벗 203,000
 [140/200] 네오펙트(290660): 이평선 역배열 (50>150>200 미충족) (제외) | 50일등락: 57.69%
 [141/200] 케이엠제약(225430): 이평선 역배열 (50>150>200 미충족) (제외) | 50일등락: 56.79%
 [142/200] 애경케미칼(161000): 이평선 역배열 (50>150>200 미충족) (제외) | 50일등락: 56.49%
 [143/200] 이노룰스(296640): 이평선 역배열 (50>150>200 미충족) (제외) | 50일등락: 56.49%
 -> [★발견★] 주성코퍼레이션 (Market): 6회 수축, 마지막 7.0%, 점수 40 (RS 142.5), 피벗 1,357
 -> [★발견★] 영우디에스피 (Market): 7회 수축, 마지막 14.0%, 점수 20 (RS 187.5), 피벗 1,299
 -> [★발견★] 유비쿼스 (Market): 7회 수축, 마지막 12.5%, 점수 20 (RS 165.4), 피벗 15,160
 [147/200] 케이엔제이(272110): 패턴 미완성 (제외)
 [148/200] 에이텀(355690): 이평선 역배열 (50>150>200 미충족) (제외) | 50일등락: 55.96%
 [149/200] 보로노이(310210): 패턴 미완성 (제외)
 [150/200] 한섬(020000): 패턴 미완성 (제외)
 -> [★발견★] 서진시스템 (Market): 6회 수축, 마지막 14.6%, 점수 20 (RS 180.6), 피벗 49,200
 [152/200] 엑시콘(092870): 50일선 아래 (제외) | 50일등락: 54.36%
 -> [★발견★] 미래에셋증권2우B (Market): 9회 수축, 마지막 13.9%, 점수 50 (RS 242.7), 피벗 21,900
 [154/200] 푸드나무(290720): 이평선 역배열 (50>150>200 미충족) (제외) | 50일등락: 53.94%
 -> [★발견★] 알톤 (Market): 5회 수축, 마지막 6.4%, 점수 40 (RS 176.0), 피벗 2,405
 [156/200] 에스에너지(095910): 이평선 역배열 (50>150>200 미충족) (제외) | 50일등락: 53.3%
 -> [★발견★] 에이디테크놀로지 (Market): 6회 수축, 마지막 4.9%, 점수 50 (RS 216.2), 피벗 48,800
 [158/200] 바이오솔루션(086820): 패턴 미완성 (제외)
 -> [★발견★] 코메론 (Market): 7회 수축, 마지막 8.0%, 점수 40 (RS 167.4), 피벗 19,280
 [160/200] 옵티코어(380540): 패턴 미완성 (제외)
 -> [★발견★] 대덕전자 (Market): 8회 수축, 마지막 9.7%, 점수 40 (RS 297.5), 피벗 66,700
 [162/200] 한국팩키지(037230): 이평선 역배열 (50>150>200 미충족) (제외) | 50일등락: 51.56%
 -> [★발견★] 현대홈쇼핑 (Market): 8회 수축, 마지막 5.7%, 점수 70 (RS 145.1), 피벗 84,200
 [164/200] 피노(033790): 패턴 미완성 (제외)
 [165/200] 이루온(065440): 이평선 역배열 (50>150>200 미충족) (제외) | 50일등락: 50.75%
 [166/200] 유성티엔에스(024800): 이평선 역배열 (50>150>200 미충족) (제외) | 50일등락: 50.67%
 [167/200] 제이씨케미칼(137950): 이평선 역배열 (50>150>200 미충족) (제외) | 50일등락: 50.46%
 [168/200] 케이바이오(038530): 이평선 역배열 (50>150>200 미충족) (제외) | 50일등락: 50.22%
 -> [★발견★] 한미글로벌 (Market): 7회 수축, 마지막 8.3%, 점수 40 (RS 145.2), 피벗 27,200
 [170/200] 성도이엔지(037350): 패턴 미완성 (제외)
 -> [★발견★] 머큐리 (Market): 11회 수축, 마지막 14.9%, 점수 20 (RS 147.2), 피벗 5,180
 [172/200] 남선알미늄(008350): 이평선 역배열 (50>150>200 미충족) (제외) | 50일등락: 48.88%
 -> [★발견★] 베뉴지 (Market): 7회 수축, 마지막 7.6%, 점수 70 (RS 194.0), 피벗 4,990
 -> [★발견★] 다산네트웍스 (Market): 10회 수축, 마지막 7.0%, 점수 40 (RS 155.1), 피벗 4,525
 [175/200] 엠디바이스(226590): 50일선 아래 (제외) | 50일등락: 47.94%
 [176/200] 헥토파이낸셜(234340): 50일선 아래 (제외) | 50일등락: 47.8%
 [177/200] 코오롱티슈진(950160): 패턴 미완성 (제외)
 [178/200] 롯데쇼핑(023530): 패턴 미완성 (제외)
 [179/200] 모헨즈(006920): 패턴 미완성 (제외)
 [180/200] 에코프로(086520): 50일선 아래 (제외) | 50일등락: 47.31%
 [181/200] 광전자(017900): 이평선 역배열 (50>150>200 미충족) (제외) | 50일등락: 47.04%
 [182/200] 삼영전자(005680): 이평선 역배열 (50>150>200 미충족) (제외) | 50일등락: 46.95%
 [183/200] 에이엔피(015260): 패턴 미완성 (제외)
 [184/200] 티케이케미칼(104480): 패턴 미완성 (제외)
 -> [★발견★] 삼지전자 (Market): 7회 수축, 마지막 7.3%, 점수 40 (RS 199.1), 피벗 23,850
 [186/200] 아시아경제(127710): 이평선 역배열 (50>150>200 미충족) (제외) | 50일등락: 45.96%
 [187/200] 리노공업(058470): 50일선 아래 (제외) | 50일등락: 45.68%
 [188/200] 젬백스(082270): 50일선 아래 (제외) | 50일등락: 45.09%
 [189/200] 태광산업(003240): 이평선 역배열 (50>150>200 미충족) (제외) | 50일등락: 45.05%
 [190/200] 디바이스(187870): 패턴 미완성 (제외)
 [191/200] 한스바이오메드(042520): 50일선 아래 (제외) | 50일등락: 44.95%
 [192/200] 서울반도체(046890): 패턴 미완성 (제외)
 -> [★발견★] 체리부로 (Market): 7회 수축, 마지막 8.1%, 점수 70 (RS 146.6), 피벗 1,144
 [194/200] 제이아이테크(417500): 패턴 미완성 (제외)
 [195/200] 씨에스윈드(112610): 이평선 역배열 (50>150>200 미충족) (제외) | 50일등락: 44.48%
 [196/200] 동부건설(005960): 패턴 미완성 (제외)
 [197/200] 프로텍(053610): 패턴 미완성 (제외)
 [198/200] 메디포스트(078160): 50일선 아래 (제외) | 50일등락: 43.83%
 [199/200] 이수스페셜티케미컬(457190): 50일선 아래 (제외) | 50일등락: 43.57%
 [200/200] 조비(001550): 이평선 역배열 (50>150>200 미충족) (제외) | 50일등락: 43.35%

============================================================
 VCP 스캔 요약: 발견 45, 추세제외 63, 패턴제외 92, 에러 0
============================================================
[완료] 45개 PB 업로드 완료.
[2026-04-01 23:48:43.107670] 06_collect_stock_data.py 실행 중: 상세 데이터 수집 중...
[2026-04-01 23:52:48.081566] 07_calc_portfolio.py 실행 중: 수익률 및 포트폴리오 계산 중...
[2026-04-01 23:53:07.615783] 04_collect_news.py 실행 중: 네이버 뉴스 수집 중...
[2026-04-01 23:54:16.252583] 05_analyze_news.py 실행 중: AI 뉴스 감성 분석 중...
[2026-04-01 23:56:50.217710] 03_visualize_vcp.py 실행 중: VCP 분석 차트 생성 중...
