[2026-02-24 18:43:42.057786] VCP 통합 스캔 시작 (Target Date: 20260223)
[2026-02-24 18:43:42.057786] 대상 종목 선별 작업 시작...
기준 기간: 20251215 ~ 20260223 (약 50일)

[KOSPI] 데이터 수집 중...
[KOSPI] 상위 100개 선정 완료.
            종목명     등락률
티커                     
45226K  한화갤러리아우  386.67
012200     계양전기  373.16
006800   미래에셋증권  207.66
452260   한화갤러리아  160.81
001510     SK증권  148.80

[KOSDAQ] 데이터 수집 중...
[KOSDAQ] 상위 100개 선정 완료.
          종목명     등락률
티커                   
065170   비엘팜텍  710.43
221800  유투바이오  385.29
043260   성호전자  353.87
187660  현대ADM  350.84
032820   우리기술  318.54

총 200개 선정 종목에 대해 VCP 스캔 진행 중...
 -> [발견] 한화갤러리아우 (KOSPI): 9진동, 마지막 9.7%, 점수 80 (Jump 50), 피벗 11,070 (+8.3%)
 -> [발견] 미래에셋증권 (KOSPI): 5진동, 마지막 5.6%, 점수 50 (Jump 60), 피벗 28,700 (-58.0%)
 -> [발견] 한화갤러리아 (KOSPI): 9진동, 마지막 7.4%, 점수 50 (Jump 30), 피벗 2,235 (-21.2%)
 -> [발견] 대우건설 (KOSPI): 5진동, 마지막 5.0%, 점수 60 (Jump 60), 피벗 3,835 (-48.9%)
 -> [발견] 한화생명 (KOSPI): 7진동, 마지막 5.8%, 점수 50 (Jump 60), 피벗 3,385 (-43.3%)
 -> [발견] 현대지에프홀딩스 (KOSPI): 4진동, 마지막 9.6%, 점수 60 (Jump 30), 피벗 8,750 (-43.9%)
 -> [발견] 광동제약 (KOSPI): 5진동, 마지막 2.7%, 점수 60 (Jump 80), 피벗 5,850 (-47.2%)
 -> [발견] 신영증권 (KOSPI): 9진동, 마지막 7.3%, 점수 50 (Jump 30), 피벗 192,000 (-24.7%)
 -> [발견] 현대건설 (KOSPI): 6진동, 마지막 9.5%, 점수 50 (Jump 30), 피벗 109,200 (-19.4%)
 -> [발견] 한미반도체 (KOSPI): 5진동, 마지막 11.3%, 점수 30 (Jump 10), 피벗 211,000 (+3.4%)
 -> [발견] 효성티앤씨 (KOSPI): 7진동, 마지막 8.1%, 점수 70 (Jump 50), 피벗 414,500 (+7.8%)
 -> [발견] 디아이 (KOSPI): 8진동, 마지막 6.7%, 점수 50 (Jump 30), 피벗 37,200 (+5.8%)
 -> [발견] 삼성전자우 (KOSPI): 3진동, 마지막 6.8%, 점수 60 (Jump 30), 피벗 120,600 (-11.4%)
 -> [발견] 성문전자 (KOSPI): 6진동, 마지막 11.6%, 점수 60 (Jump 50), 피벗 2,045 (+12.1%)
 -> [발견] 에이플러스에셋 (KOSPI): 6진동, 마지막 4.5%, 점수 60 (Jump 60), 피벗 11,000 (-21.8%)
 -> [발견] 동부건설 (KOSPI): 5진동, 마지막 4.9%, 점수 60 (Jump 60), 피벗 5,520 (-41.3%)
 -> [발견] 팜스코 (KOSPI): 8진동, 마지막 8.4%, 점수 50 (Jump 10), 피벗 3,965 (-0.9%)
 -> [발견] 삼성전기 (KOSPI): 5진동, 마지막 6.8%, 점수 50 (Jump 30), 피벗 292,000 (-31.5%)
 -> [발견] 현대차증권 (KOSPI): 7진동, 마지막 4.6%, 점수 60 (Jump 40), 피벗 9,670 (-24.8%)
 -> [발견] 한전기술 (KOSPI): 4진동, 마지막 4.4%, 점수 70 (Jump 60), 피벗 151,700 (-6.1%)
 -> [발견] 한국항공우주 (KOSPI): 7진동, 마지막 7.5%, 점수 50 (Jump 10), 피벗 171,200 (-2.5%)
 -> [발견] DB증권 (KOSPI): 6진동, 마지막 5.8%, 점수 50 (Jump 60), 피벗 13,600 (-16.3%)
 -> [발견] 삼성생명 (KOSPI): 7진동, 마지막 4.4%, 점수 60 (Jump 60), 피벗 165,400 (-28.7%)
 -> [발견] 한화 (KOSPI): 7진동, 마지막 7.9%, 점수 50 (Jump 30), 피벗 122,900 (-1.8%)
 -> [발견] 우진플라임 (KOSPI): 6진동, 마지막 3.9%, 점수 60 (Jump 60), 피벗 1,957 (-30.9%)
 -> [발견] 화신 (KOSPI): 4진동, 마지막 9.1%, 점수 60 (Jump 30), 피벗 9,780 (-25.4%)
 -> [발견] 한올바이오파마 (KOSPI): 8진동, 마지막 12.5%, 점수 50 (Jump 30), 피벗 52,000 (-14.9%)
 -> [발견] LSELECTRIC (KOSPI): 8진동, 마지막 7.1%, 점수 70 (Jump 30), 피벗 539,000 (-25.4%)
 -> [발견] DB (KOSPI): 9진동, 마지막 8.6%, 점수 50 (Jump 30), 피벗 1,832 (-16.7%)
 -> [발견] 유투바이오 (KOSDAQ): 6진동, 마지막 10.2%, 점수 30 (Jump 30), 피벗 4,990 (-79.8%)
 -> [발견] 현대ADM (KOSDAQ): 6진동, 마지막 11.2%, 점수 30 (Jump 30), 피벗 3,380 (-72.0%)
 -> [발견] 우리기술 (KOSDAQ): 5진동, 마지막 10.1%, 점수 30 (Jump 30), 피벗 4,045 (-76.1%)
 -> [발견] 스피어 (KOSDAQ): 6진동, 마지막 11.3%, 점수 30 (Jump 30), 피벗 19,250 (-57.8%)
 -> [발견] DXVX (KOSDAQ): 9진동, 마지막 9.3%, 점수 70 (Jump 50), 피벗 4,090 (-19.2%)
 -> [발견] 에이치엠넥스 (KOSDAQ): 7진동, 마지막 9.9%, 점수 50 (Jump 30), 피벗 1,798 (-20.1%)
 -> [발견] 큐라클 (KOSDAQ): 9진동, 마지막 5.2%, 점수 50 (Jump 60), 피벗 12,780 (-21.0%)
 -> [발견] DSC인베스트먼트 (KOSDAQ): 7진동, 마지막 9.5%, 점수 50 (Jump 30), 피벗 7,920 (-57.2%)
 -> [발견] 휴림로봇 (KOSDAQ): 9진동, 마지막 4.6%, 점수 90 (Jump 80), 피벗 14,670 (-0.3%)
 -> [발견] 제주반도체 (KOSDAQ): 9진동, 마지막 5.7%, 점수 50 (Jump 60), 피벗 47,300 (+4.8%)
 -> [발견] RF머트리얼즈 (KOSDAQ): 6진동, 마지막 11.5%, 점수 30 (Jump 30), 피벗 25,550 (-44.8%)
 -> [발견] 미래에셋벤처투자 (KOSDAQ): 6진동, 마지막 11.5%, 점수 30 (Jump 30), 피벗 25,300 (+7.4%)
 -> [발견] 선익시스템 (KOSDAQ): 5진동, 마지막 10.5%, 점수 30 (Jump 30), 피벗 64,800 (-45.7%)
 -> [발견] 제이에스링크 (KOSDAQ): 8진동, 마지막 7.7%, 점수 50 (Jump 30), 피벗 31,050 (-16.8%)
 -> [발견] 덕산하이메탈 (KOSDAQ): 10진동, 마지막 12.4%, 점수 30 (Jump 10), 피벗 11,900 (-9.5%)
 -> [발견] 삼보모터스 (KOSDAQ): 8진동, 마지막 13.7%, 점수 50 (Jump 50), 피벗 8,300 (-0.6%)
 -> [발견] 엑시콘 (KOSDAQ): 7진동, 마지막 5.6%, 점수 50 (Jump 60), 피벗 28,350 (-8.2%)
 -> [발견] 알톤 (KOSDAQ): 7진동, 마지막 13.8%, 점수 60 (Jump 50), 피벗 3,145 (+16.1%)
 -> [발견] 케어젠 (KOSDAQ): 8진동, 마지막 8.6%, 점수 50 (Jump 30), 피벗 126,000 (-13.3%)
 -> [발견] 아주IB투자 (KOSDAQ): 6진동, 마지막 9.3%, 점수 80 (Jump 50), 피벗 5,110 (+4.3%)
 -> [발견] 삼양엔씨켐 (KOSDAQ): 4진동, 마지막 14.7%, 점수 40 (Jump 30), 피벗 14,425 (-30.8%)
 -> [발견] 저스템 (KOSDAQ): 7진동, 마지막 12.9%, 점수 60 (Jump 50), 피벗 7,500 (+11.1%)
 -> [발견] 기가비스 (KOSDAQ): 4진동, 마지막 11.8%, 점수 40 (Jump 30), 피벗 65,100 (+3.3%)
 -> [발견] 에스앤에스텍 (KOSDAQ): 6진동, 마지막 5.7%, 점수 70 (Jump 80), 피벗 93,700 (+5.6%)
 -> [발견] 테스 (KOSDAQ): 7진동, 마지막 11.1%, 점수 30 (Jump 30), 피벗 72,200 (+3.9%)
 -> [발견] 와토스코리아 (KOSDAQ): 8진동, 마지막 6.0%, 점수 50 (Jump 30), 피벗 7,000 (-36.6%)
 -> [발견] 원익IPS (KOSDAQ): 5진동, 마지막 8.8%, 점수 50 (Jump 30), 피벗 80,400 (-29.4%)
 -> [발견] RFHIC (KOSDAQ): 7진동, 마지막 9.0%, 점수 50 (Jump 30), 피벗 50,600 (-14.2%)
 -> [발견] 웹스 (KOSDAQ): 8진동, 마지막 13.7%, 점수 30 (Jump 10), 피벗 2,890 (-2.4%)
 -> [발견] 흥구석유 (KOSDAQ): 7진동, 마지막 14.6%, 점수 30 (Jump 30), 피벗 15,390 (-29.6%)
 -> [발견] 피에스케이 (KOSDAQ): 7진동, 마지막 12.7%, 점수 30 (Jump 10), 피벗 61,500 (+8.8%)
 -> [발견] 코아시아씨엠 (KOSDAQ): 8진동, 마지막 10.5%, 점수 30 (Jump 30), 피벗 1,056 (-25.5%)

[완료] 61개 VCP 후보 종목 추출 완료.
결과 파일: E:\Downloads\Antigravity Project\ClosingSHIN\Scripts\results\vcp_report_20260223.csv

[2026-02-24 18:44:16.210807] 후속 데이터 수집 스크립트 자동 실행 (Target: 61개)
Command: E:\Downloads\Antigravity Project\ClosingSHIN\venv\Scripts\pythonw.exe E:\Downloads\Antigravity Project\ClosingSHIN\Scripts\06_collect_stock_data.py --date 20260223 --parent
[2026-02-24 18:47:50.573915] 후속 데이터 수집 및 병합 완료.

[2026-02-24 18:47:50.574916] 뉴스 데이터 수집 스크립트 실행...
Target Date (Anchor): 2026-02-23 23:59:59+09:00
Reading target list from E:\Downloads\Antigravity Project\ClosingSHIN\Scripts\results\vcp_report_20260223.csv...
Output will be saved to E:\Downloads\Antigravity Project\ClosingSHIN\Scripts\results\news_report_20260223.csv
Fetching news for 휴림로봇 (090710)...
  -> Found 4 valid articles. Selected top 3.
Fetching news for 한화갤러리아우 (45226K)...
  -> Found 6 valid articles. Selected top 3.
Fetching news for 아주IB투자 (027360)...
  -> Found 12 valid articles. Selected top 3.
Fetching news for 에스앤에스텍 (101490)...
  -> Found 13 valid articles. Selected top 3.
Fetching news for DXVX (180400)...
  -> Found 9 valid articles. Selected top 3.
Fetching news for LSELECTRIC (010120)...
  -> Found 1 valid articles. Selected top 1.
Fetching news for 효성티앤씨 (298020)...
  -> Found 0 valid articles. Selected top 0.
Fetching news for 한전기술 (052690)...
  -> Found 0 valid articles. Selected top 0.
Fetching news for 에이플러스에셋 (244920)...
  -> Found 11 valid articles. Selected top 3.
Fetching news for 알톤 (123750)...
  -> Found 4 valid articles. Selected top 3.
Fetching news for 우진플라임 (049800)...
  -> Found 10 valid articles. Selected top 3.
Fetching news for 삼성생명 (032830)...
  -> Found 0 valid articles. Selected top 0.
Fetching news for 현대차증권 (001500)...
  -> Found 0 valid articles. Selected top 0.
Fetching news for 동부건설 (005960)...
  -> Found 0 valid articles. Selected top 0.
Fetching news for 화신 (010690)...
  -> Found 14 valid articles. Selected top 3.
Fetching news for 성문전자 (014910)...
  -> Found 9 valid articles. Selected top 3.
Fetching news for 현대지에프홀딩스 (005440)...
  -> Found 12 valid articles. Selected top 3.
Fetching news for 대우건설 (047040)...
  -> Found 0 valid articles. Selected top 0.
Fetching news for 광동제약 (009290)...
  -> Found 0 valid articles. Selected top 0.
Fetching news for 저스템 (417840)...
  -> Found 8 valid articles. Selected top 3.
Fetching news for 삼성전자우 (005935)...
  -> Found 0 valid articles. Selected top 0.
Fetching news for 에이치엠넥스 (036170)...
  -> Found 11 valid articles. Selected top 3.
Fetching news for 한화갤러리아 (452260)...
  -> Found 0 valid articles. Selected top 0.
Fetching news for 케어젠 (214370)...
  -> Found 0 valid articles. Selected top 0.
Fetching news for 삼성전기 (009150)...
  -> Found 0 valid articles. Selected top 0.
Fetching news for 엑시콘 (092870)...
  -> Found 7 valid articles. Selected top 3.
Fetching news for 삼보모터스 (053700)...
  -> Found 16 valid articles. Selected top 3.
Fetching news for 한화생명 (088350)...
  -> Found 0 valid articles. Selected top 0.
Fetching news for 제이에스링크 (127120)...
  -> Found 17 valid articles. Selected top 3.
Fetching news for 와토스코리아 (079000)...
  -> Found 16 valid articles. Selected top 3.
Fetching news for 원익IPS (240810)...
  -> Found 8 valid articles. Selected top 3.
Fetching news for 제주반도체 (080220)...
  -> Found 0 valid articles. Selected top 0.
Fetching news for DSC인베스트먼트 (241520)...
  -> Found 10 valid articles. Selected top 3.
Fetching news for 한국항공우주 (047810)...
  -> Found 0 valid articles. Selected top 0.
Fetching news for 디아이 (003160)...
  -> Found 14 valid articles. Selected top 3.
Fetching news for 팜스코 (036580)...
  -> Found 7 valid articles. Selected top 3.
Fetching news for RFHIC (218410)...
  -> Found 16 valid articles. Selected top 3.
Fetching news for 미래에셋증권 (006800)...
  -> Found 0 valid articles. Selected top 0.
Fetching news for DB (012030)...
  -> Found 0 valid articles. Selected top 0.
Fetching news for 신영증권 (001720)...
  -> Found 0 valid articles. Selected top 0.
Fetching news for 한올바이오파마 (009420)...
  -> Found 15 valid articles. Selected top 3.
Fetching news for 현대건설 (000720)...
  -> Found 0 valid articles. Selected top 0.
Fetching news for 한화 (000880)...
  -> Found 0 valid articles. Selected top 0.
Fetching news for DB증권 (016610)...
  -> Found 0 valid articles. Selected top 0.
Fetching news for 큐라클 (365270)...
  -> Found 12 valid articles. Selected top 3.
Fetching news for 기가비스 (420770)...
  -> Found 8 valid articles. Selected top 3.
Fetching news for 삼양엔씨켐 (482630)...
  -> Found 7 valid articles. Selected top 3.
Fetching news for 웹스 (196700)...
  -> Found 7 valid articles. Selected top 3.
Fetching news for 흥구석유 (024060)...
  -> Found 10 valid articles. Selected top 3.
Fetching news for 테스 (095610)...
  -> Found 4 valid articles. Selected top 3.
Fetching news for 피에스케이 (319660)...
  -> Found 3 valid articles. Selected top 3.
Fetching news for 현대ADM (187660)...
  -> Found 0 valid articles. Selected top 0.
Fetching news for 덕산하이메탈 (077360)...
  -> Found 14 valid articles. Selected top 3.
Fetching news for 선익시스템 (171090)...
  -> Found 10 valid articles. Selected top 3.
Fetching news for 미래에셋벤처투자 (100790)...
  -> Found 12 valid articles. Selected top 3.
Fetching news for RF머트리얼즈 (327260)...
  -> Found 14 valid articles. Selected top 3.
Fetching news for 스피어 (347700)...
  -> Found 0 valid articles. Selected top 0.
Fetching news for 우리기술 (032820)...
  -> Found 0 valid articles. Selected top 0.
Fetching news for 유투바이오 (221800)...
  -> Found 13 valid articles. Selected top 3.
Fetching news for 한미반도체 (042700)...
  -> Found 0 valid articles. Selected top 0.
Fetching news for 코아시아씨엠 (196450)...
  -> Found 6 valid articles. Selected top 3.
Saving 109 news items to E:\Downloads\Antigravity Project\ClosingSHIN\Scripts\results\news_report_20260223.csv...
Done.


[2026-02-24 18:48:06.500836] AI 뉴스 분석 스크립트 실행...
Reading news from E:\Downloads\Antigravity Project\ClosingSHIN\Scripts\results\news_report_20260223.csv...
Output will be saved to E:\Downloads\Antigravity Project\ClosingSHIN\Scripts\results\news_analysis_20260223.csv
Analyzing 109 articles...
[1/109] Analyzing 휴림로봇 - 자동차부품 관련주, '밝고 화창' 에이치엠넥스·영흥·태...
[2/109] Analyzing 휴림로봇 - 코스닥 '하락'...현대바이오 · 우리기술 · 휴림로봇...
[3/109] Analyzing 휴림로봇 - 휴림로봇 주가, 2월 23일 14,720원 3.01% ...
[4/109] Analyzing 한화갤러리아우 - 거래소, SGC에너지·다원넥스뷰 투자경고종목 지정...
[5/109] Analyzing 한화갤러리아우 - [상대강도과열 종목] 흥국화재 다원넥스뷰 퍼스텍 SK증...
[6/109] Analyzing 한화갤러리아우 - [이격도과열 종목] 광동제약 미래에셋생명 보성파워텍 한...
[7/109] Analyzing 아주IB투자 - '최대 3831억 상장 시총 도전' 아이엠바이오로직스 ...
[8/109] Analyzing 아주IB투자 - 케이뱅크, 청약 증거금 9.8조 확보…내달 5일 코스피...
[9/109] Analyzing 아주IB투자 - [헬로이슈토크]전남·광주 교육통합, 미래교육의 전환점 ...
[10/109] Analyzing 에스앤에스텍 - '몸값-체력' 괴리…매출·이익 증가율은 10% 안팎...
[11/109] Analyzing 에스앤에스텍 - ‘금융·원전·반도체’ K증시 이끈다…신고가 속출 랠리 ...
[12/109] Analyzing 에스앤에스텍 - 코스닥 외국인, 알테오젠·보로노이 싹쓸이 매수…주도주 ...
[13/109] Analyzing DXVX - 대웅제약의 야망 '1품 1조'… K-신약으로 글로벌 심...
[14/109] Analyzing DXVX - 비타500의 기적 넘어 '2조 클럽' 정조준… 광동제약...
[15/109] Analyzing DXVX - DXVX, '한국형 ARPA-H' 2단계 최종 선정…m...
[16/109] Analyzing LSELECTRIC - 슈퍼사이클 업은 전기株, 폭발적인 수주에 '불기둥'...
[17/109] Analyzing 에이플러스에셋 - 더존비즈온 ,공개매수 돌입…올해 첫 성공 사례될까...
[18/109] Analyzing 에이플러스에셋 - [주간 보험 이슈] 보험사에도 행동주의 펀드 목소리…얼...
[19/109] Analyzing 에이플러스에셋 - 인카금융·영진에셋, 1월 매출 증가율 '최고'...
[20/109] Analyzing 알톤 - 800회 충전에도 '안심' 전기자전거...
[21/109] Analyzing 알톤 - 잡초에 주목한 괴짜 식물학자 "칭찬만으론 배가 고픕니다...
[22/109] Analyzing 알톤 - ‘실적 씽씽’ 삼천리·알톤…전기자전거 앞세워 수익성 개...
[23/109] Analyzing 우진플라임 - [민선 9기 인천시장의 숙제] '정무적 리더십'이 규제...
[24/109] Analyzing 우진플라임 - (주)우진플라임, 현대자동차(주)와 ‘클린폼’ 기술 검...
[25/109] Analyzing 우진플라임 - 기계 상장기업 브랜드평판 2월 빅데이터 분석... 1위...
[26/109] Analyzing 화신 - KBI메탈·태양금속 주가 가속페달… 글로벌 완성차 공급...
[27/109] Analyzing 화신 - 자동차부품 관련주, '밝고 화창' 에이치엠넥스·영흥·태...
[28/109] Analyzing 화신 - 이젠 '맨유 금쪽이' 아니다… '승부욕의 화신'이 된 ...
[29/109] Analyzing 성문전자 - 2월 20일 주식시장 주요공시...
[30/109] Analyzing 성문전자 - 전기차 부활 신호탄?... 글로벌에스엠·휴맥스, 충전 ...
[31/109] Analyzing 성문전자 - 전기차 관련주, '봄날의 햇살' 글로벌에스엠·휴맥스·삼...
[32/109] Analyzing 현대지에프홀딩스 - [상대강도과열 종목] 대형주와 우선주 동반 급등…시장 ...
[33/109] Analyzing 현대지에프홀딩스 - [이격도과열 종목] 보험·증권·건설·바이오 일제히 급등...
[34/109] Analyzing 현대지에프홀딩스 - 현대그린푸드, 주주환원 확대에도 PBR 1배 달성 아직...
[35/109] Analyzing 저스템 - 저스템, 지난해 매출 483억원...창사이래 최대...
[36/109] Analyzing 저스템 - ‘삼성·SK·마이크론 마음 사로잡은 이 기업’…저스템,...
[37/109] Analyzing 저스템 - 저스템, 작년 매출 전년比 24.7% 증가 '역대 최대...
[38/109] Analyzing 에이치엠넥스 - [오늘의 코스닥 · 2월 23일] 금일 상승주 TOP ...
[39/109] Analyzing 에이치엠넥스 - [상한가 종목] 미래에셋생명-삼화콘덴서 이어 현대바이오...
[40/109] Analyzing 에이치엠넥스 - [이격도과열 종목] 보험·증권·건설·바이오 일제히 급등...
[41/109] Analyzing 엑시콘 - AI 반도체 필수 장비 다원넥스뷰, 초미세 패키징 시장...
[42/109] Analyzing 엑시콘 - 엔비디아도 주목한 기술력… 한미반도체, '하이브리드 본...
[43/109] Analyzing 엑시콘 - 반도체 장비 관련주, '봄꽃만개' 엔투텍·유니테스트·테...
[44/109] Analyzing 삼보모터스 - KBI메탈·태양금속 주가 가속페달… 글로벌 완성차 공급...
[45/109] Analyzing 삼보모터스 - 자동차부품 관련주, '밝고 화창' 에이치엠넥스·영흥·태...
[46/109] Analyzing 삼보모터스 - 코스피 5천900선 처음 넘었다…차익 매물에 상승폭 축...
[47/109] Analyzing 제이에스링크 - 카카오 42억 베팅…SKT도 집중 매수...
[48/109] Analyzing 제이에스링크 - 10억 넘는 자산가들 계좌 봤더니…조용히 쓸어담은 종목...
[49/109] Analyzing 제이에스링크 - [상대강도과열 종목] 대형주와 우선주 동반 급등…시장 ...
[50/109] Analyzing 와토스코리아 - [공시속보] 와토스코리아, 소수계좌 거래집중 지정→투자...
[51/109] Analyzing 와토스코리아 - [브랜드평판] 2026년 2월 건축제품 상장기업 빅데이...
[52/109] Analyzing 와토스코리아 - 건축제품 상장기업 2026년 2월 브랜드평판...금강공...
[53/109] Analyzing 원익IPS - '한국이 또 1위?' 전세계 깜짝…몸값 폭등에 '130...
[54/109] Analyzing 원익IPS - 반도체 소부장 질주…'1조 클럽' 34개...
[55/109] Analyzing 원익IPS - 특수가스·증착장비…K반도체 뿌리 소부장 기술 한눈에...
[56/109] Analyzing DSC인베스트먼트 - [공시속보] DSC인베스트먼트, 투자경고종목 지정예고→...
[57/109] Analyzing DSC인베스트먼트 - [상대강도과열 종목] 대형주와 우선주 동반 급등…시장 ...
[58/109] Analyzing DSC인베스트먼트 - [이격도과열 종목] 보험·증권·건설·바이오 일제히 급등...
[59/109] Analyzing 디아이 - [더벨][Company Watch] DI동일, ESS·...
[60/109] Analyzing 디아이 - AI 반도체 필수 장비 다원넥스뷰, 초미세 패키징 시장...
[61/109] Analyzing 디아이 - DB하이텍·LX세미콘 동반 상승… 대형 팹리스 및 파운...
[62/109] Analyzing 팜스코 - "발효공학이 살린 수익성"...이지바이오, 고부가가치 ...
[63/109] Analyzing 팜스코 - 사료부터 고기까지 한입에... 팜스토리, 축산 수직계열...
[64/109] Analyzing 팜스코 - [데이터 뉴스룸] 식품업체 50곳, 재고자산 늘 때 매...
[65/109] Analyzing RFHIC - “목표주가 37만→49만 원”…SK 순매수 1위 [주식...
[66/109] Analyzing RFHIC - 코스닥 '하락'...현대바이오 · 우리기술 · 휴림로봇...
[67/109] Analyzing RFHIC - 광섬유부터 케이블까지 한 번에... 대한광통신, 국내 ...
[68/109] Analyzing 한올바이오파마 - '셀트리온 신약 파트너' 카이진 "누적 기술 이전 규모...
[69/109] Analyzing 한올바이오파마 - 제약업체 관련주, '봄날의 햇살' 엔지켐생명과학·광동제...
[70/109] Analyzing 한올바이오파마 - 보합세 들어선 제약지수, 대웅제약ㆍ한올바이오파마 두 자...
[71/109] Analyzing 큐라클 - [공시속보] 큐라클, 투자주의종목 지정→15일간 주가 ...
[72/109] Analyzing 큐라클 - "암 세포만 골라 잡는다"... 박셀바이오, 'Vax-...
[73/109] Analyzing 큐라클 - 큐라클, API 품고 신약 결실까지 시간벌기?...
[74/109] Analyzing 기가비스 - 코스닥 기관, 코나아이 올릭스 실리콘투 알테오젠 담고 ...
[75/109] Analyzing 기가비스 - 제이앤티씨, 스마트폰 넘어 자동차·반도체 유리까지 '싹...
[76/109] Analyzing 기가비스 - AI 반도체 필수 장비 다원넥스뷰, 초미세 패키징 시장...
[77/109] Analyzing 삼양엔씨켐 - 마이크로 솔더볼 점유율 70%... 덕산하이메탈 '독주...
[78/109] Analyzing 삼양엔씨켐 - 주간 코스닥 외국인, 2차전지·로봇 집중 매수…대전환 ...
[79/109] Analyzing 삼양엔씨켐 - [상대강도과열 종목] 흥국화재 다원넥스뷰 퍼스텍 SK증...
[80/109] Analyzing 웹스 - KBI메탈·태양금속 주가 가속페달… 글로벌 완성차 공급...
[81/109] Analyzing 웹스 - 자동차부품 관련주, '밝고 화창' 에이치엠넥스·영흥·태...
[82/109] Analyzing 웹스 - 웹스, 지난해 영업이익 59억…전년比 91%↑...
[83/109] Analyzing 흥구석유 - 유가 뛰자 정유주 동반 랠리...
[84/109] Analyzing 흥구석유 - [이격도과열 종목] 보험·증권·건설·바이오 일제히 급등...
[85/109] Analyzing 흥구석유 - [주식마감] 상법 개정안 통과에 '보험주' 미래에셋생명...
[86/109] Analyzing 테스 - '1조 클럽' 새내기, 초고온·고압 견디는 기술력 무장...
[87/109] Analyzing 테스 - '한국이 또 1위?' 전세계 깜짝…몸값 폭등에 '130...
[88/109] Analyzing 테스 - “반도체 수율 혁신 앞장”…세계 최고 학회 가는 K스타...
[89/109] Analyzing 피에스케이 - PSK홀딩스 차녀 박연경 사내이사 선임...
[90/109] Analyzing 피에스케이 - [애프터마켓 브리핑] 삼성전자·SK하이닉스, 반도체 관...
[91/109] Analyzing 피에스케이 - 코스닥 '하락'...현대바이오 · 우리기술 · 휴림로봇...
[92/109] Analyzing 덕산하이메탈 - 코스닥 기관, 코나아이 올릭스 실리콘투 알테오젠 담고 ...
[93/109] Analyzing 덕산하이메탈 - [필승매매 승부사] 코스닥150 편입 가능성↑, 패시브...
[94/109] Analyzing 덕산하이메탈 - [김종효의 잠금해제] 아모레퍼시픽, 관세로 기회 잡았다...
[95/109] Analyzing 선익시스템 - 오늘의 메모[2월 24일]...
[96/109] Analyzing 선익시스템 - [공시속보] 선익시스템, 투자주의종목 지정예고→주가 급...
[97/109] Analyzing 선익시스템 - 강재규 상무, 선익시스템 주식 1000주 매도...
[98/109] Analyzing 미래에셋벤처투자 - 피지컬AI 유망주 ‘리얼월드’, 美 본사 이전 선택한 ...
[99/109] Analyzing 미래에셋벤처투자 - 지투지바이오, 750억원 규모 전환사채 발행 결정...
[100/109] Analyzing 미래에셋벤처투자 - 빅테크 줄세운 업스테이지, 5월 상장 예심 청구…하반기...
[101/109] Analyzing RF머트리얼즈 - [52주] 최고가 172개, 최저가 39개...코스피 ...
[102/109] Analyzing RF머트리얼즈 - 5G 넘어 6G로... RF머트리얼즈, 차세대 화합물 ...
[103/109] Analyzing RF머트리얼즈 - 풍력에너지 관련주, '룰루라라 콧노래' 우리기술·태웅·...
[104/109] Analyzing 유투바이오 - 거래소, 유투바이오에 현저한 시황변동 조회공시 요구...
[105/109] Analyzing 유투바이오 - [오늘의 코스닥 · 2월 23일] 금일 상승주 TOP ...
[106/109] Analyzing 유투바이오 - [상한가 종목] 미래에셋생명-삼화콘덴서 이어 현대바이오...
[107/109] Analyzing 코아시아씨엠 - [이격도과열 종목] 보험·증권·건설·바이오 일제히 급등...
[108/109] Analyzing 코아시아씨엠 - 해성옵틱스, 차세대 액츄에이터 개발 박차… 글로벌 카메...
[109/109] Analyzing 코아시아씨엠 - [52주] 최고가 172개, 최저가 39개...코스피 ...
Saving 109 analyzed items to E:\Downloads\Antigravity Project\ClosingSHIN\Scripts\results\news_analysis_20260223.csv...
Done.

[2026-02-24 18:53:29.249193] 모든 분석 및 데이터 생성 완료.
