[2026-03-13 19:03:53.579448] VCP 통합 스캔 시작 (Target Date: 20260311)
[2026-03-13 19:03:53.580963] 대상 종목 선별 작업 시작...
Phase 1 조회 기간: 20251231 ~ 20260311 (50+20일)
필터링: ETF/스팩/우선주 제외 | pykrx 순차 고속 조회

[KOSPI] 종목 목록 수집 중 (KIND)...
[KOSPI] 841개 중 810개 스캔 대상 선정
  [KOSPI] 수집 중... (50/810)
  [KOSPI] 수집 중... (100/810)
  [KOSPI] 수집 중... (150/810)
  [KOSPI] 수집 중... (200/810)
  [KOSPI] 수집 중... (250/810)
  [KOSPI] 수집 중... (300/810)
  [KOSPI] 수집 중... (350/810)
  [KOSPI] 수집 중... (400/810)
  [KOSPI] 수집 중... (450/810)
  [KOSPI] 수집 중... (500/810)
  [KOSPI] 수집 중... (550/810)
  [KOSPI] 수집 중... (600/810)
  [KOSPI] 수집 중... (650/810)
  [KOSPI] 수집 중... (700/810)
  [KOSPI] 수집 중... (750/810)
  [KOSPI] 수집 중... (800/810)
  [KOSPI] 수집 중... (810/810)
[KOSPI] 상위 100개 선정 완료. (평균 등락률: 62.83%)

[KOSDAQ] 종목 목록 수집 중 (KIND)...
[KOSDAQ] 1817개 중 1728개 스캔 대상 선정
  [KOSDAQ] 수집 중... (50/1728)
  [KOSDAQ] 수집 중... (100/1728)
  [KOSDAQ] 수집 중... (150/1728)
  [KOSDAQ] 수집 중... (200/1728)
  [KOSDAQ] 수집 중... (250/1728)
  [KOSDAQ] 수집 중... (300/1728)
  [KOSDAQ] 수집 중... (350/1728)
  [KOSDAQ] 수집 중... (400/1728)
  [KOSDAQ] 수집 중... (450/1728)
  [KOSDAQ] 수집 중... (500/1728)
  [KOSDAQ] 수집 중... (550/1728)
  [KOSDAQ] 수집 중... (600/1728)
  [KOSDAQ] 수집 중... (650/1728)
  [KOSDAQ] 수집 중... (700/1728)
  [KOSDAQ] 수집 중... (750/1728)
  [KOSDAQ] 수집 중... (800/1728)
  [KOSDAQ] 수집 중... (850/1728)
  [KOSDAQ] 수집 중... (900/1728)
  [KOSDAQ] 수집 중... (950/1728)
  [KOSDAQ] 수집 중... (1000/1728)
  [KOSDAQ] 수집 중... (1050/1728)
  [KOSDAQ] 수집 중... (1100/1728)
  [KOSDAQ] 수집 중... (1150/1728)
  [KOSDAQ] 수집 중... (1200/1728)
  [KOSDAQ] 수집 중... (1250/1728)
  [KOSDAQ] 수집 중... (1300/1728)
  [KOSDAQ] 수집 중... (1350/1728)
  [KOSDAQ] 수집 중... (1400/1728)
  [KOSDAQ] 수집 중... (1450/1728)
  [KOSDAQ] 수집 중... (1500/1728)
  [KOSDAQ] 수집 중... (1550/1728)
  [KOSDAQ] 수집 중... (1600/1728)
  [KOSDAQ] 수집 중... (1650/1728)
  [KOSDAQ] 수집 중... (1700/1728)
  [KOSDAQ] 수집 중... (1728/1728)
[KOSDAQ] 상위 100개 선정 완료. (평균 등락률: 136.63%)

총 200개 선정 종목에 대해 VCP 스캔 진행 중...
[Phase 2 캐시] 200개 종목 1년치 조회 중...
  캐시 완료: 50/200
  캐시 완료: 100/200
  캐시 완료: 150/200
  캐시 완료: 200/200
[Phase 2 캐시] 완료 - 200개 캐시됨
 -> [발견] 한화시스템 (KOSPI): 8진동, 마지막 5.1%, 점수 40 (Jump 60), 피벗 116,500 (-21.1%)
 -> [발견] 한미반도체 (KOSPI): 5진동, 마지막 11.3%, 점수 40 (Jump 30), 피벗 211,000 (-32.5%)
 -> [발견] 퍼스텍 (KOSPI): 8진동, 마지막 5.6%, 점수 40 (Jump 60), 피벗 4,840 (-36.9%)
 -> [발견] HD현대에너지솔루션 (KOSPI): 7진동, 마지막 13.2%, 점수 20 (Jump 10), 피벗 89,600 (-14.7%)
 -> [발견] HD현대 (KOSPI): 5진동, 마지막 12.2%, 점수 20 (Jump 30), 피벗 298,000 (+7.2%)
 -> [발견] 한화에어로스페이스 (KOSPI): 9진동, 마지막 3.9%, 점수 50 (Jump 60), 피벗 1,242,000 (-11.9%)
 -> [발견] 에이치엠넥스 (KOSDAQ): 7진동, 마지막 9.9%, 점수 40 (Jump 30), 피벗 1,798 (-59.5%)
 -> [발견] RF머트리얼즈 (KOSDAQ): 6진동, 마지막 11.5%, 점수 20 (Jump 30), 피벗 25,550 (-61.6%)
 -> [발견] RFHIC (KOSDAQ): 8진동, 마지막 10.1%, 점수 20 (Jump 10), 피벗 63,200 (-29.5%)
 -> [발견] 기가비스 (KOSDAQ): 4진동, 마지막 11.8%, 점수 40 (Jump 30), 피벗 65,100 (-15.9%)
 -> [발견] 누리플렉스 (KOSDAQ): 6진동, 마지막 15.0%, 점수 20 (Jump 10), 피벗 9,410 (+3.9%)
 -> [발견] 셀레믹스 (KOSDAQ): 6진동, 마지막 10.5%, 점수 40 (Jump 50), 피벗 5,140 (-15.6%)
 -> [발견] 주성엔지니어링 (KOSDAQ): 5진동, 마지막 11.6%, 점수 20 (Jump 30), 피벗 34,950 (-47.8%)
 -> [발견] 흥구석유 (KOSDAQ): 7진동, 마지막 14.6%, 점수 20 (Jump 30), 피벗 15,390 (-39.6%)
 -> [발견] 제이에스링크 (KOSDAQ): 8진동, 마지막 7.7%, 점수 40 (Jump 30), 피벗 31,050 (-15.7%)
 -> [발견] 피에스케이홀딩스 (KOSDAQ): 7진동, 마지막 12.7%, 점수 20 (Jump 30), 피벗 90,600 (-13.2%)
 -> [발견] GRT (KOSDAQ): 7진동, 마지막 10.5%, 점수 20 (Jump 30), 피벗 3,895 (-45.3%)
 -> [발견] 오이솔루션 (KOSDAQ): 7진동, 마지막 5.5%, 점수 40 (Jump 60), 피벗 16,980 (-44.6%)
 -> [발견] 중앙에너비스 (KOSDAQ): 9진동, 마지막 11.9%, 점수 20 (Jump 10), 피벗 32,800 (+13.5%)

[완료] 19개 VCP 후보 종목 추출 완료.
결과 파일: E:\Downloads\Antigravity Project\ClosingSHIN\Scripts\results\vcp_report_20260311.csv

[2026-03-13 19:10:26.630943] 후속 데이터 수집 스크립트 자동 실행 (Target: 19개)
Command: E:\Downloads\Antigravity Project\ClosingSHIN\venv\Scripts\pythonw.exe E:\Downloads\Antigravity Project\ClosingSHIN\Scripts\06_collect_stock_data.py --date 20260311 --parent
[2026-03-13 19:15:44.169914] 후속 데이터 수집 및 병합 완료.

[2026-03-13 19:15:44.172433] 뉴스 데이터 수집 스크립트 실행...
None

[2026-03-13 19:15:49.107441] AI 뉴스 분석 스크립트 실행...
None

[2026-03-13 19:16:50.681151] VCP 차트 생성 스크립트 실행...
None
[2026-03-13 19:17:34.063758] 모든 분석 및 데이터 생성 완료.
