[2026-04-01 23:29:01.074105] 자동 시장 데이터 동기화 체크 중...
[2026-04-01 23:35:36.197746] 동기화 확인 완료.
[2026-04-01 23:35:36.197746] VCP 통합 스캔 시작    # [0] 대상 선정 (Phase 1)
[2026-04-01 23:35:36.203820] 대상 종목 선별 작업 시작 (Batch 모드)...
  선정 기간: 20260115 ~ 20260330 (약 50거래일 기준)
[2026-04-01 23:35:36.231775] Naver Finance에서 종목 리스트 수집 중...
  Market 0 has 49 pages.
  Market 1 has 37 pages.
[PB Utils] Successfully fetched 4246 tickers from Naver Finance.
[2026-04-01 23:35:57.564372] 대상 선별 완료. (Batch 모드로 26분 -> 수 초로 단축)
[2026-04-01 23:35:57.591702] 스캔 대상 200개 상세 데이터 로딩 시작...
  - [10/200] 008600 046970 900270 032820 192410 065170 000250 187660 047040 221800 로딩 완료
  - [20/200] 412350 331920 036170 242040 038500 129920 001510 005090 046120 327260 로딩 완료
  - [30/200] 027360 040160 043260 347700 131030 092220 475150 010170 089230 290550 로딩 완료
  - [40/200] 048410 049080 360350 138080 100790 019210 052020 0120G0 054620 003000 로딩 완료
  - [50/200] 440110 095340 322000 064850 357580 230240 289080 076610 001515 224060 로딩 완료
  - [60/200] 020400 388790 218410 393890 027040 078600 007120 127120 069540 088280 로딩 완료
  - [70/200] 006800 321550 225430 291650 085910 106190 131970 036930 088130 474610 로딩 완료
  - [80/200] 376900 357880 319660 241520 382800 024850 084870 123330 085620 171090 로딩 완료
  - [90/200] 131290 265740 323350 032500 082920 001820 037230 090470 050890 031980 로딩 완료
  - [100/200] 365270 003280 402490 080580 033160 100590 222080 082270 077360 425420 로딩 완료
  - [110/200] 196450 347770 138490 189300 001290 160980 420770 073490 052860 012630 로딩 완료
  - [120/200] 010820 289930 238090 004440 290660 000210 355150 053690 120110 098120 로딩 완료
  - [130/200] 263750 123750 200710 161000 264450 003030 083650 900290 092600 017900 로딩 완료
  - [140/200] 044490 272110 130660 005440 375500 011930 241770 417500 222420 004060 로딩 완료
  - [150/200] 095910 083640 353200 137950 950160 310210 065770 033790 086820 020000 로딩 완료
  - [160/200] 115440 056090 389030 109070 007340 010060 092870 065440 039560 297570 로딩 완료
  - [170/200] 004960 226590 00680K 425040 355690 340440 143540 037350 078160 296640 로딩 완료
  - [180/200] 054090 217730 104480 042520 006200 053950 234340 078070 086520 024800 로딩 완료
  - [190/200] 089980 290720 057050 065530 039310 015260 178320 112610 089970 005680 로딩 완료
  - [200/200] 006920 417010 058470 003240 380540 038530 005960 476830 187870 215790 로딩 완료
[2026-04-01 23:36:23.729571] 상세 데이터 로딩 완료. (총 200개 캐싱됨)
 [1/200] 윌비스(008600): 이평선 역배열 (50>150>200 미충족) (제외) | 50일등락: 806.57%
 [2/200] 우리로(046970): 패턴 미완성 (제외)
 [3/200] 헝셩그룹(900270): 패턴 미완성 (제외)
 [4/200] 우리기술(032820): 패턴 미완성 (제외)
 [5/200] 오늘이엔엠(192410): 이평선 역배열 (50>150>200 미충족) (제외) | 50일등락: 404.3%
 [6/200] 비엘팜텍(065170): 50일선 아래 (제외) | 50일등락: 397.64%
 [7/200] 삼천당제약(000250): 패턴 미완성 (제외)
 [8/200] 페니트리움바이오(187660): 패턴 미완성 (제외)
 [9/200] 대우건설(047040): 패턴 미완성 (제외)
 [10/200] 유투바이오(221800): 패턴 미완성 (제외)
 [11/200] 레이저쎌(412350): 이평선 역배열 (50>150>200 미충족) (제외) | 50일등락: 328.57%
 -> [★발견★] 셀레믹스 (Market): 5회 수축, 마지막 10.5%, 점수 20 (RS 359.2), 피벗 5,140
 -> [★발견★] 에이치엠넥스 (Market): 7회 수축, 마지막 10.2%, 점수 40 (RS 671.0), 피벗 5,480
 [14/200] 나무기술(242040): 패턴 미완성 (제외)
 [15/200] 삼표시멘트(038500): 패턴 미완성 (제외)
 [16/200] 대성하이텍(129920): 패턴 미완성 (제외)
 [17/200] SK증권(001510): 패턴 미완성 (제외)
 [18/200] SGC에너지(005090): 패턴 미완성 (제외)
 [19/200] 오르비텍(046120): 패턴 미완성 (제외)
 [20/200] RF머트리얼즈(327260): 패턴 미완성 (제외)
 [21/200] 아주IB투자(027360): 패턴 미완성 (제외)
 -> [★발견★] 누리플렉스 (Market): 7회 수축, 마지막 5.6%, 점수 60 (RS 281.7), 피벗 10,500
 [23/200] 성호전자(043260): 패턴 미완성 (제외)
 [24/200] 스피어(347700): 패턴 미완성 (제외)
 [25/200] 옵투스제약(131030): 패턴 미완성 (제외)
 -> [★발견★] KEC (Market): 9회 수축, 마지막 12.9%, 점수 20 (RS 251.2), 피벗 1,521
 -> [★발견★] SK이터닉스 (Market): 7회 수축, 마지막 13.5%, 점수 20 (RS 288.1), 피벗 59,900
 [28/200] 대한광통신(010170): 1차 조정폭 과다 (제외)
 [29/200] THE E&M(089230): 패턴 미완성 (제외)
 [30/200] 디케이티(290550): 패턴 미완성 (제외)
 [31/200] 현대바이오(048410): 패턴 미완성 (제외)
 -> [★발견★] 기가레인 (Market): 7회 수축, 마지막 5.3%, 점수 40 (RS 269.7), 피벗 524
 [33/200] 코셈(360350): 이평선 역배열 (50>150>200 미충족) (제외) | 50일등락: 148.74%
 [34/200] 오이솔루션(138080): 패턴 미완성 (제외)
 [35/200] 미래에셋벤처투자(100790): 패턴 미완성 (제외)
 [36/200] 와이지-원(019210): 패턴 미완성 (제외)
 [37/200] 에스티큐브(052020): 패턴 미완성 (제외)
 [38/200] 삼양바이오팜(0120G0): 데이터 부족 (200일 미만) (제외) | 50일등락: 140.64%
 [39/200] APS(054620): 이평선 역배열 (50>150>200 미충족) (제외) | 50일등락: 138.65%
 [40/200] 부광약품(003000): 패턴 미완성 (제외)
 [41/200] 파두(440110): 패턴 미완성 (제외)
 [42/200] ISC(095340): 패턴 미완성 (제외)
 -> [★발견★] HD현대에너지솔루션 (Market): 7회 수축, 마지막 9.6%, 점수 40 (RS 308.5), 피벗 136,300
 [44/200] 에프앤가이드(064850): 패턴 미완성 (제외)
 [45/200] 아모센스(357580): 패턴 미완성 (제외)
 [46/200] 에치에프알(230240): 이평선 역배열 (50>150>200 미충족) (제외) | 50일등락: 125.18%
 -> [★발견★] SV인베스트먼트 (Market): 5회 수축, 마지막 12.8%, 점수 20 (RS 259.4), 피벗 3,660
 [48/200] 해성옵틱스(076610): 패턴 미완성 (제외)
 [49/200] SK증권우(001515): 패턴 미완성 (제외)
 [50/200] 더코디(224060): 패턴 미완성 (제외)
 -> [★발견★] 대동금속 (Market): 7회 수축, 마지막 5.9%, 점수 40 (RS 201.0), 피벗 6,830
 [52/200] 라이콤(388790): 패턴 미완성 (제외)
 [53/200] RFHIC(218410): 패턴 미완성 (제외)
 -> [★발견★] 더블유씨피 (Market): 7회 수축, 마지막 13.0%, 점수 20 (RS 190.7), 피벗 15,100
 [55/200] 서울전자통신(027040): 이평선 역배열 (50>150>200 미충족) (제외) | 50일등락: 111.44%
 -> [★발견★] 대주전자재료 (Market): 6회 수축, 마지막 10.8%, 점수 40 (RS 173.9), 피벗 118,800
 [57/200] 미래아이앤지(007120): 패턴 미완성 (제외)
 [58/200] 제이에스링크(127120): 패턴 미완성 (제외)
 [59/200] 빛과전자(069540): 이평선 역배열 (50>150>200 미충족) (제외) | 50일등락: 107.27%
 [60/200] 쏘닉스(088280): 이평선 역배열 (50>150>200 미충족) (제외) | 50일등락: 105.03%
 -> [★발견★] 미래에셋증권 (Market): 6회 수축, 마지막 14.1%, 점수 50 (RS 354.9), 피벗 71,091
 [62/200] 티움바이오(321550): 패턴 미완성 (제외)
 [63/200] 케이엠제약(225430): 이평선 역배열 (50>150>200 미충족) (제외) | 50일등락: 101.53%
 [64/200] 압타머사이언스(291650): 이평선 역배열 (50>150>200 미충족) (제외) | 50일등락: 100.53%
 [65/200] 네오티스(085910): 패턴 미완성 (제외)
 [66/200] 하이텍팜(106190): 패턴 미완성 (제외)
 [67/200] 두산테스나(131970): 패턴 미완성 (제외)
 -> [★발견★] 주성엔지니어링 (Market): 5회 수축, 마지막 12.9%, 점수 20 (RS 206.2), 피벗 70,000
 [69/200] 동아엘텍(088130): 50일선 아래 (제외) | 50일등락: 96.71%
 [70/200] RF시스템즈(474610): 패턴 미완성 (제외)
 -> [★발견★] 로킷헬스케어 (Market): 8회 수축, 마지막 7.7%, 점수 40 (RS 0), 피벗 130,400
 [72/200] SKAI(357880): 이평선 역배열 (50>150>200 미충족) (제외) | 50일등락: 94.7%
 -> [★발견★] 피에스케이 (Market): 9회 수축, 마지막 7.6%, 점수 60 (RS 301.0), 피벗 86,400
 [74/200] DSC인베스트먼트(241520): 패턴 미완성 (제외)
 [75/200] 지앤비에스 에코(382800): 이평선 역배열 (50>150>200 미충족) (제외) | 50일등락: 92.8%
 [76/200] HLB이노베이션(024850): 패턴 미완성 (제외)
 [77/200] TBH글로벌(084870): 패턴 미완성 (제외)
 [78/200] 제닉(123330): 이평선 역배열 (50>150>200 미충족) (제외) | 50일등락: 91.27%
 -> [★발견★] 미래에셋생명 (Market): 7회 수축, 마지막 14.7%, 점수 20 (RS 249.4), 피벗 18,280
 [80/200] 선익시스템(171090): 50일선 아래 (제외) | 50일등락: 88.57%
 -> [★발견★] 티에스이 (Market): 7회 수축, 마지막 11.6%, 점수 50 (RS 224.4), 피벗 124,800
 -> [★발견★] 엔에프씨 (Market): 11회 수축, 마지막 10.8%, 점수 50 (RS 192.6), 피벗 9,000
 [83/200] 다원넥스뷰(323350): 50일선 아래 (제외) | 50일등락: 87.91%
 [84/200] 케이엠더블유(032500): 패턴 미완성 (제외)
 [85/200] 비츠로셀(082920): 패턴 미완성 (제외)
 -> [★발견★] 삼화콘덴서 (Market): 6회 수축, 마지막 13.0%, 점수 40 (RS 182.7), 피벗 61,500
 [87/200] 한국팩키지(037230): 이평선 역배열 (50>150>200 미충족) (제외) | 50일등락: 86.24%
 -> [★발견★] 제이스텍 (Market): 5회 수축, 마지막 12.5%, 점수 40 (RS 207.9), 피벗 9,950
 [89/200] 쏠리드(050890): 패턴 미완성 (제외)
 -> [★발견★] 피에스케이홀딩스 (Market): 8회 수축, 마지막 12.2%, 점수 50 (RS 227.9), 피벗 111,400
 [91/200] 큐라클(365270): 패턴 미완성 (제외)
 [92/200] 흥아해운(003280): 패턴 미완성 (제외)
 [93/200] 그린리소스(402490): 패턴 미완성 (제외)
 [94/200] 오킨스전자(080580): 패턴 미완성 (제외)
 -> [★발견★] 엠케이전자 (Market): 9회 수축, 마지막 13.7%, 점수 20 (RS 189.7), 피벗 18,070
 -> [★발견★] 머큐리 (Market): 11회 수축, 마지막 14.9%, 점수 20 (RS 175.5), 피벗 5,180
 [97/200] 씨아이에스(222080): 50일선 아래 (제외) | 50일등락: 78.62%
 [98/200] 젬백스(082270): 200일선 아래 (제외) | 50일등락: 78.42%
 [99/200] 덕산하이메탈(077360): 50일선 아래 (제외) | 50일등락: 77.42%
 -> [★발견★] 티에프이 (Market): 8회 수축, 마지막 6.7%, 점수 40 (RS 217.9), 피벗 59,500
 [101/200] 코아시아씨엠(196450): 패턴 미완성 (제외)
 [102/200] 핌스(347770): 이평선 역배열 (50>150>200 미충족) (제외) | 50일등락: 75.98%
 -> [★발견★] 코오롱ENP (Market): 8회 수축, 마지막 8.3%, 점수 40 (RS 207.6), 피벗 13,800
 [104/200] 인텔리안테크(189300): 패턴 미완성 (제외)
 [105/200] 상상인증권(001290): 패턴 미완성 (제외)
 -> [★발견★] 싸이맥스 (Market): 7회 수축, 마지막 13.2%, 점수 20 (RS 182.9), 피벗 23,050
 -> [★발견★] 기가비스 (Market): 6회 수축, 마지막 11.1%, 점수 40 (RS 243.4), 피벗 78,700
 [108/200] 이노와이어리스(073490): 패턴 미완성 (제외)
 -> [★발견★] 아이앤씨 (Market): 9회 수축, 마지막 7.2%, 점수 60 (RS 208.4), 피벗 3,550
 [110/200] HDC(012630): 이평선 역배열 (50>150>200 미충족) (제외) | 50일등락: 72.16%
 [111/200] 퍼스텍(010820): 패턴 미완성 (제외)
 [112/200] 웨이비스(289930): 패턴 미완성 (제외)
 [113/200] 앤디포스(238090): 이평선 역배열 (50>150>200 미충족) (제외) | 50일등락: 71.04%
 [114/200] 삼일씨엔에스(004440): 패턴 미완성 (제외)
 [115/200] 네오펙트(290660): 이평선 역배열 (50>150>200 미충족) (제외) | 50일등락: 70.57%
 [116/200] DL(000210): 이평선 역배열 (50>150>200 미충족) (제외) | 50일등락: 70.3%
 [117/200] 코스텍시스(355150): 패턴 미완성 (제외)
 -> [★발견★] 한미글로벌 (Market): 7회 수축, 마지막 8.3%, 점수 40 (RS 164.8), 피벗 27,200
 -> [★발견★] 코오롱인더 (Market): 6회 수축, 마지막 11.3%, 점수 20 (RS 202.0), 피벗 75,000
 [120/200] 마이크로컨텍솔(098120): 패턴 미완성 (제외)
 [121/200] 펄어비스(263750): 패턴 미완성 (제외)
 -> [★발견★] 알톤 (Market): 6회 수축, 마지막 6.4%, 점수 40 (RS 193.2), 피벗 2,405
 -> [★발견★] 에이디테크놀로지 (Market): 6회 수축, 마지막 4.9%, 점수 50 (RS 232.4), 피벗 48,800
 [124/200] 애경케미칼(161000): 이평선 역배열 (50>150>200 미충족) (제외) | 50일등락: 68.79%
 -> [★발견★] 유비쿼스 (Market): 7회 수축, 마지막 12.5%, 점수 20 (RS 178.9), 피벗 15,160
 [126/200] 세아제강지주(003030): 이평선 역배열 (50>150>200 미충족) (제외) | 50일등락: 68.34%
 -> [★발견★] 비에이치아이 (Market): 7회 수축, 마지막 13.4%, 점수 50 (RS 252.7), 피벗 109,500
 [128/200] GRT(900290): 패턴 미완성 (제외)
 [129/200] 앤씨앤(092600): 이평선 역배열 (50>150>200 미충족) (제외) | 50일등락: 67.95%
 [130/200] 광전자(017900): 이평선 역배열 (50>150>200 미충족) (제외) | 50일등락: 67.47%
 [131/200] 태웅(044490): 이평선 역배열 (50>150>200 미충족) (제외) | 50일등락: 67.2%
 -> [★발견★] 케이엔제이 (Market): 7회 수축, 마지막 11.6%, 점수 50 (RS 171.0), 피벗 38,900
 [133/200] 한전산업(130660): 50일선 아래 (제외) | 50일등락: 66.15%
 -> [★발견★] 현대지에프홀딩스 (Market): 5회 수축, 마지막 10.0%, 점수 50 (RS 183.4), 피벗 15,630
 [135/200] DL이앤씨(375500): 이평선 역배열 (50>150>200 미충족) (제외) | 50일등락: 65.75%
 [136/200] 신성이엔지(011930): 패턴 미완성 (제외)
 -> [★발견★] 메카로 (Market): 7회 수축, 마지막 9.5%, 점수 40 (RS 248.7), 피벗 29,850
 [138/200] 제이아이테크(417500): 패턴 미완성 (제외)
 [139/200] 쎄노텍(222420): 패턴 미완성 (제외)
 [140/200] SG세계물산(004060): 패턴 미완성 (제외)
 [141/200] 에스에너지(095910): 이평선 역배열 (50>150>200 미충족) (제외) | 50일등락: 64.08%
 [142/200] 인콘(083640): 이평선 역배열 (50>150>200 미충족) (제외) | 50일등락: 63.52%
 -> [★발견★] 대덕전자 (Market): 9회 수축, 마지막 9.7%, 점수 40 (RS 320.0), 피벗 66,700
 [144/200] 제이씨케미칼(137950): 이평선 역배열 (50>150>200 미충족) (제외) | 50일등락: 63.11%
 [145/200] 코오롱티슈진(950160): 패턴 미완성 (제외)
 [146/200] 보로노이(310210): 패턴 미완성 (제외)
 [147/200] CS(065770): 이평선 역배열 (50>150>200 미충족) (제외) | 50일등락: 61.78%
 [148/200] 피노(033790): 패턴 미완성 (제외)
 [149/200] 바이오솔루션(086820): 이평선 역배열 (50>150>200 미충족) (제외) | 50일등락: 61.29%
 [150/200] 한섬(020000): 패턴 미완성 (제외)
 -> [★발견★] 우리넷 (Market): 8회 수축, 마지막 14.0%, 점수 20 (RS 169.0), 피벗 7,340
 [152/200] 시지메드텍(056090): 패턴 미완성 (제외)
 [153/200] 지니너스(389030): 패턴 미완성 (제외)
 [154/200] 주성코퍼레이션(109070): 이평선 역배열 (50>150>200 미충족) (제외) | 50일등락: 60.29%
 [155/200] DN오토모티브(007340): 패턴 미완성 (제외)
 -> [★발견★] OCI홀딩스 (Market): 7회 수축, 마지막 12.5%, 점수 20 (RS 200.9), 피벗 203,000
 [157/200] 엑시콘(092870): 50일선 아래 (제외) | 50일등락: 59.81%
 [158/200] 이루온(065440): 이평선 역배열 (50>150>200 미충족) (제외) | 50일등락: 59.73%
 -> [★발견★] 다산네트웍스 (Market): 10회 수축, 마지막 7.0%, 점수 40 (RS 165.1), 피벗 4,525
 [160/200] 알로이스(297570): 패턴 미완성 (제외)
 [161/200] 한신공영(004960): 패턴 미완성 (제외)
 [162/200] 엠디바이스(226590): 1차 조정폭 과다 (제외)
 -> [★발견★] 미래에셋증권2우B (Market): 9회 수축, 마지막 11.7%, 점수 50 (RS 249.4), 피벗 21,900
 [164/200] 티이엠씨(425040): 패턴 미완성 (제외)
 [165/200] 에이텀(355690): 이평선 역배열 (50>150>200 미충족) (제외) | 50일등락: 58.1%
 [166/200] 세림B&G(340440): 이평선 역배열 (50>150>200 미충족) (제외) | 50일등락: 58.07%
 -> [★발견★] 영우디에스피 (Market): 7회 수축, 마지막 14.0%, 점수 20 (RS 188.0), 피벗 1,299
 [168/200] 성도이엔지(037350): 패턴 미완성 (제외)
 [169/200] 메디포스트(078160): 패턴 미완성 (제외)
 [170/200] 이노룰스(296640): 이평선 역배열 (50>150>200 미충족) (제외) | 50일등락: 56.68%
 [171/200] 삼진엘앤디(054090): 이평선 역배열 (50>150>200 미충족) (제외) | 50일등락: 56.65%
 [172/200] 강스템바이오텍(217730): 패턴 미완성 (제외)
 [173/200] 티케이케미칼(104480): 이평선 역배열 (50>150>200 미충족) (제외) | 50일등락: 56.37%
 [174/200] 한스바이오메드(042520): 50일선 아래 (제외) | 50일등락: 55.91%
 [175/200] 한국전자홀딩스(006200): 이평선 역배열 (50>150>200 미충족) (제외) | 50일등락: 55.75%
 [176/200] 경남제약(053950): 패턴 미완성 (제외)
 [177/200] 헥토파이낸셜(234340): 50일선 아래 (제외) | 50일등락: 55.03%
 [178/200] 유비쿼스홀딩스(078070): 패턴 미완성 (제외)
 [179/200] 에코프로(086520): 50일선 아래 (제외) | 50일등락: 54.91%
 [180/200] 유성티엔에스(024800): 이평선 역배열 (50>150>200 미충족) (제외) | 50일등락: 54.86%
 -> [★발견★] 상아프론테크 (Market): 7회 수축, 마지막 9.4%, 점수 40 (RS 136.6), 피벗 26,050
 [182/200] 푸드나무(290720): 이평선 역배열 (50>150>200 미충족) (제외) | 50일등락: 54.71%
 -> [★발견★] 현대홈쇼핑 (Market): 8회 수축, 마지막 3.9%, 점수 80 (RS 149.5), 피벗 84,200
 -> [★발견★] 와이어블 (Market): 7회 수축, 마지막 2.3%, 점수 50 (RS 146.2), 피벗 1,438
 [185/200] 세중(039310): 이평선 역배열 (50>150>200 미충족) (제외) | 50일등락: 53.5%
 [186/200] 에이엔피(015260): 패턴 미완성 (제외)
 [187/200] 서진시스템(178320): 패턴 미완성 (제외)
 [188/200] 씨에스윈드(112610): 이평선 역배열 (50>150>200 미충족) (제외) | 50일등락: 52.97%
 [189/200] 브이엠(089970): 패턴 미완성 (제외)
 [190/200] 삼영전자(005680): 이평선 역배열 (50>150>200 미충족) (제외) | 50일등락: 52.47%
 [191/200] 모헨즈(006920): 패턴 미완성 (제외)
 [192/200] 나노팀(417010): 50일선 아래 (제외) | 50일등락: 52.05%
 [193/200] 리노공업(058470): 패턴 미완성 (제외)
 [194/200] 태광산업(003240): 이평선 역배열 (50>150>200 미충족) (제외) | 50일등락: 51.74%
 [195/200] 옵티코어(380540): 패턴 미완성 (제외)
 [196/200] 케이바이오(038530): 이평선 역배열 (50>150>200 미충족) (제외) | 50일등락: 51.56%
 [197/200] 동부건설(005960): 패턴 미완성 (제외)
 [198/200] 알지노믹스(476830): 데이터 부족 (200일 미만) (제외) | 50일등락: 51.28%
 [199/200] 디바이스(187870): 패턴 미완성 (제외)
 [200/200] 이노인스트루먼트(215790): 이평선 역배열 (50>150>200 미충족) (제외) | 50일등락: 51.04%

============================================================
 VCP 스캔 요약: 발견 46, 추세제외 62, 패턴제외 92, 에러 0
============================================================
[완료] 46개 PB 업로드 완료.
[2026-04-01 23:36:25.741629] 06_collect_stock_data.py 실행 중: 상세 데이터 수집 중...
[2026-04-01 23:40:49.539359] 07_calc_portfolio.py 실행 중: 수익률 및 포트폴리오 계산 중...
[2026-04-01 23:41:08.764388] 04_collect_news.py 실행 중: 네이버 뉴스 수집 중...
[2026-04-01 23:42:45.961991] 05_analyze_news.py 실행 중: AI 뉴스 감성 분석 중...
[2026-04-01 23:45:11.899153] 03_visualize_vcp.py 실행 중: VCP 분석 차트 생성 중...
