[2026-02-18 18:12:14.197151] VCP 통합 스캔 시작 (Target Date: 20260202)
[2026-02-18 18:12:14.197151] 대상 종목 선별 작업 시작...
기준 기간: 20251124 ~ 20260202 (약 50일)

[KOSPI] 데이터 수집 중...
[KOSPI] 상위 30개 선정 완료.
            종목명     등락률
티커                     
012200     계양전기  474.10
45226K  한화갤러리아우  381.64
0120G0   삼양바이오팜  283.66
000650     천일고속  258.43
084670     동양고속  248.79

[KOSDAQ] 데이터 수집 중...
[KOSDAQ] 상위 30개 선정 완료.
           종목명     등락률
티커                    
043260    성호전자  737.81
065170    비엘팜텍  480.91
318060     그래피  378.30
321370     센서뷰  320.67
306040  에스제이그룹  314.12

총 60개 선정 종목에 대해 VCP 스캔 진행 중...
 -> [발견] 이수스페셜티케미컬 (KOSPI): 5진동, 마지막 7.4%, 점수 50 (Jump 30), 피벗 62,100 (-40.1%)
 -> [발견] 미래에셋증권 (KOSPI): 6진동, 마지막 5.6%, 점수 50 (Jump 60), 피벗 28,700 (-28.3%)
 -> [발견] 코리아써키트2우B (KOSPI): 5진동, 마지막 5.8%, 점수 50 (Jump 60), 피벗 9,760 (-33.5%)
 -> [발견] 경인양행 (KOSPI): 9진동, 마지막 10.0%, 점수 50 (Jump 50), 피벗 5,000 (+6.4%)
 -> [발견] 현대건설 (KOSPI): 7진동, 마지막 9.5%, 점수 70 (Jump 50), 피벗 109,200 (+10.5%)
 -> [발견] DB하이텍 (KOSPI): 7진동, 마지막 4.7%, 점수 60 (Jump 60), 피벗 75,200 (-27.0%)
 -> [발견] 켄코아에어로스페이스 (KOSDAQ): 4진동, 마지막 9.7%, 점수 60 (Jump 30), 피벗 21,900 (-20.2%)

[완료] 7개 VCP 후보 종목 추출 완료.
결과 파일: E:\Downloads\Antigravity Project\ClosingSHIN\Scripts\results\vcp_report_20260202.csv

[2026-02-18 18:12:30.413317] 후속 데이터 수집 스크립트 자동 실행 (Target: 7개)
Command: E:\Downloads\Antigravity Project\ClosingSHIN\venv\Scripts\pythonw.exe E:\Downloads\Antigravity Project\ClosingSHIN\Scripts\06_collect_stock_data.py --date 20260202 --parent
[2026-02-18 18:13:14.386830] 후속 데이터 수집 및 병합 완료.

[2026-02-18 18:13:14.388368] 뉴스 데이터 수집 스크립트 실행...

[2026-02-18 18:13:16.582897] AI 뉴스 분석 스크립트 실행...
[2026-02-18 18:13:43.455094] 모든 분석 및 데이터 생성 완료.
