[2026-03-05 23:01:21.682029] VCP 통합 스캔 시작 (Target Date: 20260305)
[2026-03-05 23:01:21.682655] 대상 종목 선별 작업 시작...
Phase 1 조회 기간: 20251225 ~ 20260305 (50+20일)
필터링: ETF/스팩/우선주 제외 | pykrx 순차 고속 조회

[KOSPI] 종목 목록 수집 중...
[KOSPI] 841개 중 31개 제외 -> 810개 스캔 대상
  [KOSPI] 100/810 완료 (99개 유효)
  [KOSPI] 200/810 완료 (199개 유효)
  [KOSPI] 300/810 완료 (299개 유효)
  [KOSPI] 400/810 완료 (399개 유효)
  [KOSPI] 500/810 완료 (499개 유효)
  [KOSPI] 600/810 완료 (599개 유효)
  [KOSPI] 700/810 완료 (699개 유효)
  [KOSPI] 800/810 완료 (799개 유효)
  [KOSPI] 810/810 완료 (809개 유효)
[KOSPI] 상위 100개 선정 완료.
        종목명     등락률
735  미래에셋증권  184.72
76    한화시스템  175.69
625    SK증권  170.65
309   한미반도체  137.56
365    대우건설  130.81

[KOSDAQ] 종목 목록 수집 중...
[KOSDAQ] 1815개 중 89개 제외 -> 1726개 스캔 대상
  [KOSDAQ] 100/1726 완료 (100개 유효)
  [KOSDAQ] 200/1726 완료 (200개 유효)
  [KOSDAQ] 300/1726 완료 (300개 유효)
  [KOSDAQ] 400/1726 완료 (400개 유효)
  [KOSDAQ] 500/1726 완료 (500개 유효)
  [KOSDAQ] 600/1726 완료 (600개 유효)
  [KOSDAQ] 700/1726 완료 (700개 유효)
  [KOSDAQ] 800/1726 완료 (800개 유효)
  [KOSDAQ] 900/1726 완료 (900개 유효)
  [KOSDAQ] 1000/1726 완료 (1000개 유효)
  [KOSDAQ] 1100/1726 완료 (1100개 유효)
  [KOSDAQ] 1200/1726 완료 (1200개 유효)
  [KOSDAQ] 1300/1726 완료 (1300개 유효)
  [KOSDAQ] 1400/1726 완료 (1400개 유효)
  [KOSDAQ] 1500/1726 완료 (1500개 유효)
  [KOSDAQ] 1600/1726 완료 (1600개 유효)
  [KOSDAQ] 1700/1726 완료 (1700개 유효)
  [KOSDAQ] 1726/1726 완료 (1726개 유효)
[KOSDAQ] 상위 100개 선정 완료.
        종목명     등락률
196   유투바이오  506.14
1328   비엘팜텍  457.62
379   현대ADM  452.21
1515   우리기술  356.12
1408   성호전자  293.63

총 200개 선정 종목에 대해 VCP 스캔 진행 중...
[Phase 2 캐시] 200개 종목 1년치 조회 중...
  캐시 완료: 50/200
  캐시 완료: 100/200
  캐시 완료: 150/200
  캐시 완료: 200/200
[Phase 2 캐시] 완료 - 200개 캐시됨
 -> [발견] 미래에셋증권 (KOSPI): 5진동, 마지막 5.6%, 점수 40 (Jump 60), 피벗 28,700 (-56.0%)
 -> [발견] 한화시스템 (KOSPI): 8진동, 마지막 5.1%, 점수 40 (Jump 60), 피벗 116,500 (-22.8%)
 -> [발견] 한미반도체 (KOSPI): 5진동, 마지막 11.3%, 점수 20 (Jump 10), 피벗 211,000 (-33.0%)
 -> [발견] 대우건설 (KOSPI): 4진동, 마지막 5.0%, 점수 70 (Jump 60), 피벗 3,835 (-55.1%)
 -> [발견] 현대건설 (KOSPI): 6진동, 마지막 9.5%, 점수 40 (Jump 30), 피벗 109,200 (-24.2%)
 -> [발견] 퍼스텍 (KOSPI): 9진동, 마지막 5.6%, 점수 40 (Jump 60), 피벗 4,840 (-37.3%)
 -> [발견] S-Oil (KOSPI): 6진동, 마지막 8.3%, 점수 40 (Jump 10), 피벗 120,000 (-10.9%)
 -> [발견] 한국항공우주 (KOSPI): 7진동, 마지막 7.5%, 점수 40 (Jump 10), 피벗 171,200 (-4.4%)
 -> [발견] 한전기술 (KOSPI): 4진동, 마지막 12.4%, 점수 60 (Jump 50), 피벗 151,700 (+3.8%)
 -> [발견] HD현대에너지솔루션 (KOSPI): 7진동, 마지막 13.2%, 점수 20 (Jump 10), 피벗 89,600 (-0.6%)
 -> [발견] 한화에어로스페이스 (KOSPI): 9진동, 마지막 3.9%, 점수 50 (Jump 60), 피벗 1,242,000 (-10.1%)
 -> [발견] 한화 (KOSPI): 7진동, 마지막 7.9%, 점수 40 (Jump 30), 피벗 122,900 (-3.8%)
 -> [발견] 화신 (KOSPI): 4진동, 마지막 9.1%, 점수 60 (Jump 30), 피벗 9,780 (-26.0%)
 -> [발견] 삼성전기 (KOSPI): 5진동, 마지막 6.8%, 점수 40 (Jump 30), 피벗 292,000 (-27.3%)
 -> [발견] 엘에스일렉트릭 (KOSPI): 8진동, 마지막 7.1%, 점수 40 (Jump 10), 피벗 539,000 (-23.1%)
 -> [발견] 일진전기 (KOSPI): 4진동, 마지막 6.5%, 점수 60 (Jump 30), 피벗 63,500 (-21.6%)
 -> [발견] 대원전선 (KOSPI): 10진동, 마지막 7.0%, 점수 40 (Jump 30), 피벗 3,830 (-29.5%)
 -> [발견] HD현대 (KOSPI): 6진동, 마지막 12.2%, 점수 20 (Jump 30), 피벗 298,000 (+8.4%)
 -> [발견] 팬오션 (KOSPI): 7진동, 마지막 6.9%, 점수 40 (Jump 30), 피벗 5,530 (-2.3%)
 -> [발견] 삼성SDI (KOSPI): 5진동, 마지막 11.5%, 점수 20 (Jump 30), 피벗 396,500 (+1.0%)
 -> [발견] 두산 (KOSPI): 5진동, 마지막 12.5%, 점수 20 (Jump 30), 피벗 946,000 (-11.8%)
 -> [발견] 삼성E&A (KOSPI): 8진동, 마지막 4.2%, 점수 50 (Jump 40), 피벗 32,150 (-3.0%)
 -> [발견] 코오롱ENP (KOSPI): 7진동, 마지막 9.8%, 점수 40 (Jump 10), 피벗 11,850 (+3.0%)
 -> [발견] 유투바이오 (KOSDAQ): 6진동, 마지막 10.2%, 점수 20 (Jump 30), 피벗 4,990 (-79.0%)
 -> [발견] 현대ADM (KOSDAQ): 6진동, 마지막 11.2%, 점수 20 (Jump 30), 피벗 3,380 (-75.4%)
 -> [발견] 에이치엠넥스 (KOSDAQ): 7진동, 마지막 9.9%, 점수 40 (Jump 30), 피벗 1,798 (-41.0%)
 -> [발견] 흥구석유 (KOSDAQ): 7진동, 마지막 14.6%, 점수 20 (Jump 30), 피벗 15,390 (-52.9%)
 -> [발견] 주성엔지니어링 (KOSDAQ): 5진동, 마지막 11.6%, 점수 20 (Jump 30), 피벗 34,950 (-47.7%)
 -> [발견] 피에스케이홀딩스 (KOSDAQ): 7진동, 마지막 12.7%, 점수 20 (Jump 30), 피벗 90,600 (-17.0%)
 -> [발견] 누리플렉스 (KOSDAQ): 6진동, 마지막 15.0%, 점수 20 (Jump 10), 피벗 9,410 (+6.9%)
 -> [발견] 큐라클 (KOSDAQ): 9진동, 마지막 5.2%, 점수 40 (Jump 60), 피벗 12,780 (-22.2%)
 -> [발견] 기가비스 (KOSDAQ): 4진동, 마지막 11.8%, 점수 40 (Jump 30), 피벗 65,100 (-8.7%)
 -> [발견] 에프앤가이드 (KOSDAQ): 7진동, 마지막 3.9%, 점수 50 (Jump 60), 피벗 9,050 (-51.9%)
 -> [발견] RF머트리얼즈 (KOSDAQ): 6진동, 마지막 11.5%, 점수 20 (Jump 30), 피벗 25,550 (-47.5%)
 -> [발견] RFHIC (KOSDAQ): 8진동, 마지막 10.1%, 점수 20 (Jump 10), 피벗 63,200 (-6.0%)
 -> [발견] GRT (KOSDAQ): 7진동, 마지막 10.5%, 점수 20 (Jump 30), 피벗 3,895 (-35.5%)
 -> [발견] 제이에스링크 (KOSDAQ): 8진동, 마지막 7.7%, 점수 40 (Jump 30), 피벗 31,050 (-13.9%)
 -> [발견] 유진테크 (KOSDAQ): 6진동, 마지막 13.1%, 점수 20 (Jump 30), 피벗 111,000 (-23.4%)
 -> [발견] 서진시스템 (KOSDAQ): 5진동, 마지막 11.0%, 점수 20 (Jump 30), 피벗 39,950 (-14.0%)
 -> [발견] 피에스케이 (KOSDAQ): 7진동, 마지막 12.7%, 점수 20 (Jump 10), 피벗 61,500 (-5.8%)
 -> [발견] 코데즈컴바인 (KOSDAQ): 8진동, 마지막 6.8%, 점수 40 (Jump 30), 피벗 3,080 (-36.0%)
 -> [발견] 레인보우로보틱스 (KOSDAQ): 7진동, 마지막 13.4%, 점수 20 (Jump 10), 피벗 760,000 (-9.2%)
 -> [발견] 성도이엔지 (KOSDAQ): 7진동, 마지막 7.0%, 점수 40 (Jump 30), 피벗 7,420 (-31.3%)
 -> [발견] 티씨케이 (KOSDAQ): 6진동, 마지막 9.7%, 점수 40 (Jump 30), 피벗 221,000 (-9.8%)
 -> [발견] 프로텍 (KOSDAQ): 7진동, 마지막 5.0%, 점수 50 (Jump 60), 피벗 37,200 (-33.0%)

[완료] 45개 VCP 후보 종목 추출 완료.
결과 파일: E:\Downloads\Antigravity Project\ClosingSHIN\Scripts\results\vcp_report_20260305.csv

[2026-03-05 23:02:53.937832] 후속 데이터 수집 스크립트 자동 실행 (Target: 45개)
Command: E:\Downloads\Antigravity Project\ClosingSHIN\venv\Scripts\pythonw.exe E:\Downloads\Antigravity Project\ClosingSHIN\Scripts\06_collect_stock_data.py --date 20260305 --parent
[2026-03-05 23:12:32.119675] 후속 데이터 수집 및 병합 완료.
[오류] 데이터 수집 스크립트 실행 중 예외 발생: name 'parent' is not defined

[2026-03-05 23:12:32.121191] 뉴스 데이터 수집 스크립트 실행...
None

[2026-03-05 23:12:40.131861] AI 뉴스 분석 스크립트 실행...
None

[2026-03-05 23:15:03.897195] VCP 차트 생성 스크립트 실행...
None
[2026-03-05 23:16:42.150341] 모든 분석 및 데이터 생성 완료.
[오류] 추가 스크립트 실행 중 예외 발생: name 'parent' is not defined
