[2026-04-23 17:07:39.778948] 자동 시장 데이터 동기화 체크 중...
[2026-04-23 17:07:56.233817] 동기화 확인 완료.
[2026-04-23 17:07:56.233817] VCP 통합 스캔 시작    # [0] 대상 선정 (Phase 1)
[2026-04-23 17:07:56.279910] 대상 종목 선별 작업 시작 (Batch 모드)...
  선정 기간: 20260206 ~ 20260409 (약 50거래일 기준)
[2026-04-23 17:07:56.291203] Naver Finance에서 종목 리스트 수집 중...
  Market 0 has 49 pages.
  Market 1 has 37 pages.
[PB Utils] Successfully fetched 4256 tickers from Naver Finance.
[2026-04-23 17:08:10.758798] 투자자보호 종목(관리/정지/경보) 225개 수집 완료.
[2026-04-23 17:08:11.787729] 대상 선별 완료. (Batch 모드로 26분 -> 수 초로 단축)
[2026-04-23 17:08:11.803166] 스캔 대상 200개 상세 데이터 로딩 시작...
  - [10/200] 192410 900270 017900 215790 046970 187660 049080 010170 047040 221800 로딩 완료
  - [20/200] 331920 069540 065440 412350 065770 475150 036170 357880 088280 138080 로딩 완료
  - [30/200] 100590 032820 238090 242040 360350 046120 010820 082920 375500 079550 로딩 완료
  - [40/200] 089230 027040 065530 327260 054620 129920 092600 322000 033160 388790 로딩 완료
  - [50/200] 043260 085910 052020 092220 056360 001820 003000 393890 218410 006360 로딩 완료
  - [60/200] 109080 321550 402490 027360 003280 005090 035460 085620 376900 084870 로딩 완료
  - [70/200] 006110 003030 290550 000720 288980 179530 291650 040160 37550L 008350 로딩 완료
  - [80/200] 033790 017550 062970 095340 355150 009155 112610 073540 086450 078600 로딩 완료
  - [90/200] 058110 120110 080520 007120 230240 028050 066970 046890 044490 023160 로딩 완료
  - [100/200] 064850 053690 347770 042600 089970 321260 160980 229000 217730 000210 로딩 완료
  - [110/200] 382800 000150 092790 241520 290720 115440 241770 007810 275630 078070 로딩 완료
  - [120/200] 001250 084850 100090 310870 050890 109070 006920 319660 088800 389030 로딩 완료
  - [130/200] 006340 015260 048410 340440 001290 031980 353200 086820 105330 090470 로딩 완료
  - [140/200] 066360 018000 011070 900290 127710 046210 226590 042700 072950 476830 로딩 완료
  - [150/200] 474610 005960 037350 084990 106190 091580 053260 001230 200710 033130 로딩 완료
  - [160/200] 356860 011930 041520 066310 012510 37550K 452300 278470 080580 052860 로딩 완료
  - [170/200] 425040 131970 187870 137950 006800 285800 012630 290520 024740 022220 로딩 완료
  - [180/200] 093370 127120 448900 098120 095270 234690 204610 100840 024840 289080 로딩 완료
  - [190/200] 049430 196450 005810 096350 063760 089150 420770 310210 307180 417200 로딩 완료
  - [200/200] 004960 363250 054090 039740 037440 225530 405000 005010 475580 031310 로딩 완료
[2026-04-23 17:08:26.421207] 상세 데이터 로딩 완료. (총 200개 캐싱됨)
 [1/200] 오늘이엔엠(192410): 이평선 역배열 (50>150>200 미충족) (제외) | 50일등락: 827.77%
 [2/200] 헝셩그룹(900270): 패턴 미완성 (제외)
 [3/200] 광전자(017900): 패턴 미완성 (제외)
 -> [★발견★] 이노인스트루먼트 (Market): 6회 수축, 마지막 14.9%, 점수 20 (RS 552.0), 피벗 422
 [5/200] 우리로(046970): 패턴 미완성 (제외)
 [6/200] 페니트리움바이오(187660): 패턴 미완성 (제외)
 -> [★발견★] 기가레인 (Market): 6회 수축, 마지막 5.3%, 점수 40 (RS 463.5), 피벗 524
 [8/200] 대한광통신(010170): 1차 조정폭 과다 (제외)
 [9/200] 대우건설(047040): 패턴 미완성 (제외)
 [10/200] 유투바이오(221800): 패턴 미완성 (제외)
 -> [★발견★] 셀레믹스 (Market): 4회 수축, 마지막 10.5%, 점수 70 (RS 515.9), 피벗 5,140
 [12/200] 빛과전자(069540): 이평선 역배열 (50>150>200 미충족) (제외) | 50일등락: 242.11%
 [13/200] 이루온(065440): 이평선 역배열 (50>150>200 미충족) (제외) | 50일등락: 217.38%
 -> [★발견★] 레이저쎌 (Market): 4회 수축, 마지막 8.6%, 점수 60 (RS 368.0), 피벗 7,660
 [15/200] CS(065770): 이평선 역배열 (50>150>200 미충족) (제외) | 50일등락: 200.0%
 -> [★발견★] SK이터닉스 (Market): 6회 수축, 마지막 13.5%, 점수 20 (RS 304.1), 피벗 59,900
 [17/200] 에이치엠넥스(036170): 패턴 미완성 (제외)
 [18/200] SKAI(357880): 이평선 역배열 (50>150>200 미충족) (제외) | 50일등락: 170.18%
 [19/200] 쏘닉스(088280): 이평선 역배열 (50>150>200 미충족) (제외) | 50일등락: 147.24%
 [20/200] 오이솔루션(138080): 패턴 미완성 (제외)
 [21/200] 머큐리(100590): 패턴 미완성 (제외)
 [22/200] 우리기술(032820): 패턴 미완성 (제외)
 [23/200] 앤디포스(238090): 이평선 역배열 (50>150>200 미충족) (제외) | 50일등락: 127.98%
 [24/200] 나무기술(242040): 패턴 미완성 (제외)
 [25/200] 코셈(360350): 이평선 역배열 (50>150>200 미충족) (제외) | 50일등락: 118.42%
 [26/200] 오르비텍(046120): 패턴 미완성 (제외)
 [27/200] 퍼스텍(010820): 패턴 미완성 (제외)
 [28/200] 비츠로셀(082920): 패턴 미완성 (제외)
 [29/200] DL이앤씨(375500): 이평선 역배열 (50>150>200 미충족) (제외) | 50일등락: 109.32%
 [30/200] LIG디펜스앤에어로스페이스(079550): 이평선 역배열 (50>150>200 미충족) (제외) | 50일등락: 107.73%
 [31/200] THE E&M(089230): 패턴 미완성 (제외)
 [32/200] 서울전자통신(027040): 이평선 역배열 (50>150>200 미충족) (제외) | 50일등락: 106.13%
 -> [★발견★] 와이어블 (Market): 7회 수축, 마지막 2.3%, 점수 50 (RS 201.5), 피벗 1,438
 [34/200] RF머트리얼즈(327260): 패턴 미완성 (제외)
 [35/200] APS(054620): 패턴 미완성 (제외)
 [36/200] 대성하이텍(129920): 패턴 미완성 (제외)
 [37/200] 앤씨앤(092600): 이평선 역배열 (50>150>200 미충족) (제외) | 50일등락: 96.03%
 -> [★발견★] HD현대에너지솔루션 (Market): 7회 수축, 마지막 9.6%, 점수 40 (RS 400.2), 피벗 136,300
 [39/200] 엠케이전자(033160): 패턴 미완성 (제외)
 [40/200] 라이콤(388790): 패턴 미완성 (제외)
 [41/200] 성호전자(043260): 패턴 미완성 (제외)
 -> [★발견★] 네오티스 (Market): 8회 수축, 마지막 10.9%, 점수 40 (RS 481.6), 피벗 23,800
 [43/200] 에스티큐브(052020): 패턴 미완성 (제외)
 [44/200] KEC(092220): 패턴 미완성 (제외)
 [45/200] 코위버(056360): 패턴 미완성 (제외)
 [46/200] 삼화콘덴서(001820): 패턴 미완성 (제외)
 [47/200] 부광약품(003000): 패턴 미완성 (제외)
 -> [★발견★] 더블유씨피 (Market): 7회 수축, 마지막 13.0%, 점수 20 (RS 241.5), 피벗 15,100
 -> [★발견★] RFHIC (Market): 8회 수축, 마지막 12.1%, 점수 40 (RS 335.0), 피벗 94,200
 [50/200] GS건설(006360): 패턴 미완성 (제외)
 [51/200] 옵티시스(109080): 이평선 역배열 (50>150>200 미충족) (제외) | 50일등락: 85.83%
 [52/200] 티움바이오(321550): 패턴 미완성 (제외)
 [53/200] 그린리소스(402490): 패턴 미완성 (제외)
 -> [★발견★] 아주IB투자 (Market): 7회 수축, 마지막 8.1%, 점수 70 (RS 331.2), 피벗 9,370
 [55/200] 흥아해운(003280): 패턴 미완성 (제외)
 [56/200] SGC에너지(005090): 패턴 미완성 (제외)
 [57/200] 기산텔레콤(035460): 이평선 역배열 (50>150>200 미충족) (제외) | 50일등락: 79.65%
 -> [★발견★] 미래에셋생명 (Market): 8회 수축, 마지막 10.0%, 점수 70 (RS 233.6), 피벗 17,910
 [59/200] 로킷헬스케어(376900): 패턴 미완성 (제외)
 -> [★발견★] TBH글로벌 (Market): 6회 수축, 마지막 13.3%, 점수 50 (RS 169.2), 피벗 2,365
 [61/200] 삼아알미늄(006110): 패턴 미완성 (제외)
 [62/200] 세아제강지주(003030): 이평선 역배열 (50>150>200 미충족) (제외) | 50일등락: 74.73%
 [63/200] 디케이티(290550): 패턴 미완성 (제외)
 [64/200] 현대건설(000720): 패턴 미완성 (제외)
 [65/200] 모아데이타(288980): 이평선 역배열 (50>150>200 미충족) (제외) | 50일등락: 72.05%
 [66/200] 애드바이오텍(179530): 이평선 역배열 (50>150>200 미충족) (제외) | 50일등락: 71.9%
 [67/200] 압타머사이언스(291650): 이평선 역배열 (50>150>200 미충족) (제외) | 50일등락: 70.23%
 [68/200] 누리플렉스(040160): 패턴 미완성 (제외)
 -> [★발견★] DL이앤씨2우(전환) (Market): 8회 수축, 마지막 12.3%, 점수 20 (RS 187.9), 피벗 45,600
 [70/200] 남선알미늄(008350): 패턴 미완성 (제외)
 [71/200] 피노(033790): 패턴 미완성 (제외)
 [72/200] 수산세보틱스(017550): 이평선 역배열 (50>150>200 미충족) (제외) | 50일등락: 66.2%
 [73/200] 한국첨단소재(062970): 이평선 역배열 (50>150>200 미충족) (제외) | 50일등락: 66.07%
 -> [★발견★] ISC (Market): 6회 수축, 마지막 10.6%, 점수 20 (RS 365.2), 피벗 264,000
 -> [★발견★] 코스텍시스 (Market): 6회 수축, 마지막 13.9%, 점수 40 (RS 203.7), 피벗 24,100
 [76/200] 삼성전기우(009155): 패턴 미완성 (제외)
 [77/200] 씨에스윈드(112610): 이평선 역배열 (50>150>200 미충족) (제외) | 50일등락: 63.72%
 -> [★발견★] 에프알텍 (Market): 9회 수축, 마지막 6.5%, 점수 40 (RS 173.8), 피벗 2,705
 [79/200] 동국제약(086450): 패턴 미완성 (제외)
 [80/200] 대주전자재료(078600): 패턴 미완성 (제외)
 [81/200] 멕아이씨에스(058110): 이평선 역배열 (50>150>200 미충족) (제외) | 50일등락: 62.58%
 -> [★발견★] 코오롱인더 (Market): 6회 수축, 마지막 11.3%, 점수 40 (RS 237.5), 피벗 75,000
 [83/200] 오디텍(080520): 이평선 역배열 (50>150>200 미충족) (제외) | 50일등락: 62.17%
 [84/200] 미래아이앤지(007120): 패턴 미완성 (제외)
 [85/200] 에치에프알(230240): 이평선 역배열 (50>150>200 미충족) (제외) | 50일등락: 61.29%
 -> [★발견★] 삼성E&A (Market): 8회 수축, 마지막 8.5%, 점수 40 (RS 218.5), 피벗 35,950
 [87/200] 엘앤에프(066970): 패턴 미완성 (제외)
 [88/200] 서울반도체(046890): 패턴 미완성 (제외)
 [89/200] 태웅(044490): 이평선 역배열 (50>150>200 미충족) (제외) | 50일등락: 60.56%
 -> [★발견★] 태광 (Market): 8회 수축, 마지막 4.7%, 점수 50 (RS 197.1), 피벗 35,850
 -> [★발견★] 에프앤가이드 (Market): 8회 수축, 마지막 14.0%, 점수 40 (RS 262.4), 피벗 21,400
 -> [★발견★] 한미글로벌 (Market): 6회 수축, 마지막 8.3%, 점수 40 (RS 172.2), 피벗 27,200
 [93/200] 핌스(347770): 이평선 역배열 (50>150>200 미충족) (제외) | 50일등락: 59.6%
 [94/200] 새로닉스(042600): 패턴 미완성 (제외)
 [95/200] 브이엠(089970): 패턴 미완성 (제외)
 [96/200] 프로이천(321260): 이평선 역배열 (50>150>200 미충족) (제외) | 50일등락: 58.54%
 -> [★발견★] 싸이맥스 (Market): 6회 수축, 마지막 13.2%, 점수 40 (RS 200.8), 피벗 23,050
 [98/200] 젠큐릭스(229000): 50일선 아래 (제외) | 50일등락: 57.7%
 -> [★발견★] 강스템바이오텍 (Market): 9회 수축, 마지막 14.6%, 점수 40 (RS 185.7), 피벗 3,585
 [100/200] DL(000210): 이평선 역배열 (50>150>200 미충족) (제외) | 50일등락: 57.54%
 [101/200] 지앤비에스 에코(382800): 이평선 역배열 (50>150>200 미충족) (제외) | 50일등락: 56.83%
 [102/200] 두산(000150): 패턴 미완성 (제외)
 [103/200] 넥스틸(092790): 이평선 역배열 (50>150>200 미충족) (제외) | 50일등락: 56.27%
 [104/200] DSC인베스트먼트(241520): 50일선 아래 (제외) | 50일등락: 55.36%
 -> [★발견★] 푸드나무 (Market): 7회 수축, 마지막 7.6%, 점수 60 (RS 163.1), 피벗 3,270
 [106/200] 우리넷(115440): 패턴 미완성 (제외)
 -> [★발견★] 메카로 (Market): 7회 수축, 마지막 10.5%, 점수 50 (RS 232.0), 피벗 39,900
 [108/200] 코리아써키트(007810): 패턴 미완성 (제외)
 [109/200] 에스에스알(275630): 이평선 역배열 (50>150>200 미충족) (제외) | 50일등락: 53.18%
 -> [★발견★] 유비쿼스홀딩스 (Market): 6회 수축, 마지막 14.3%, 점수 20 (RS 159.7), 피벗 16,960
 [111/200] GS글로벌(001250): 이평선 역배열 (50>150>200 미충족) (제외) | 50일등락: 52.31%
 [112/200] 아이티엠반도체(084850): 이평선 역배열 (50>150>200 미충족) (제외) | 50일등락: 52.25%
 [113/200] SK오션플랜트(100090): 이평선 역배열 (50>150>200 미충족) (제외) | 50일등락: 52.05%
 [114/200] 디와이씨(310870): 이평선 역배열 (50>150>200 미충족) (제외) | 50일등락: 51.95%
 [115/200] 쏠리드(050890): 패턴 미완성 (제외)
 -> [★발견★] 주성코퍼레이션 (Market): 6회 수축, 마지막 11.1%, 점수 40 (RS 136.2), 피벗 1,357
 [117/200] 모헨즈(006920): 패턴 미완성 (제외)
 [118/200] 피에스케이(319660): 패턴 미완성 (제외)
 [119/200] 에이스테크(088800): 패턴 미완성 (제외)
 [120/200] 지니너스(389030): 패턴 미완성 (제외)
 [121/200] 대원전선(006340): 패턴 미완성 (제외)
 [122/200] 에이엔피(015260): 패턴 미완성 (제외)
 [123/200] 현대바이오(048410): 패턴 미완성 (제외)
 [124/200] 세림B&G(340440): 이평선 역배열 (50>150>200 미충족) (제외) | 50일등락: 48.96%
 [125/200] 상상인증권(001290): 패턴 미완성 (제외)
 [126/200] 피에스케이홀딩스(031980): 패턴 미완성 (제외)
 [127/200] 대덕전자(353200): 패턴 미완성 (제외)
 [128/200] 바이오솔루션(086820): 패턴 미완성 (제외)
 [129/200] 케이엔더블유(105330): 패턴 미완성 (제외)
 [130/200] 제이스텍(090470): 패턴 미완성 (제외)
 -> [★발견★] 체리부로 (Market): 8회 수축, 마지막 5.6%, 점수 70 (RS 144.0), 피벗 1,179
 [132/200] 유니슨(018000): 이평선 역배열 (50>150>200 미충족) (제외) | 50일등락: 46.86%
 [133/200] LG이노텍(011070): 패턴 미완성 (제외)
 [134/200] GRT(900290): 패턴 미완성 (제외)
 -> [★발견★] 아시아경제 (Market): 8회 수축, 마지막 10.0%, 점수 40 (RS 145.6), 피벗 1,782
 [136/200] HLB파나진(046210): 이평선 역배열 (50>150>200 미충족) (제외) | 50일등락: 46.47%
 [137/200] 엠디바이스(226590): 1차 조정폭 과다 (제외)
 [138/200] 한미반도체(042700): 패턴 미완성 (제외)
 [139/200] 빛샘전자(072950): 패턴 미완성 (제외)
 [140/200] 알지노믹스(476830): 데이터 부족 (200일 미만) (제외) | 50일등락: 45.45%
 [141/200] RF시스템즈(474610): 패턴 미완성 (제외)
 [142/200] 동부건설(005960): 패턴 미완성 (제외)
 [143/200] 성도이엔지(037350): 패턴 미완성 (제외)
 [144/200] 헬릭스미스(084990): 패턴 미완성 (제외)
 [145/200] 하이텍팜(106190): 패턴 미완성 (제외)
 [146/200] 상신이디피(091580): 패턴 미완성 (제외)
 [147/200] 금강철강(053260): 이평선 역배열 (50>150>200 미충족) (제외) | 50일등락: 44.53%
 [148/200] 동국홀딩스(001230): 이평선 역배열 (50>150>200 미충족) (제외) | 50일등락: 44.33%
 [149/200] 에이디테크놀로지(200710): 패턴 미완성 (제외)
 [150/200] 디지틀조선(033130): 패턴 미완성 (제외)
 [151/200] 티엘비(356860): 패턴 미완성 (제외)
 [152/200] 신성이엔지(011930): 패턴 미완성 (제외)
 [153/200] 이엘씨(041520): 이평선 역배열 (50>150>200 미충족) (제외) | 50일등락: 43.19%
 [154/200] 큐에스아이(066310): 패턴 미완성 (제외)
 [155/200] 더존비즈온(012510): 패턴 미완성 (제외)
 [156/200] DL이앤씨우(37550K): 이평선 역배열 (50>150>200 미충족) (제외) | 50일등락: 42.76%
 [157/200] 캡스톤파트너스(452300): 이평선 역배열 (50>150>200 미충족) (제외) | 50일등락: 42.62%
 -> [★발견★] 에이피알 (Market): 9회 수축, 마지막 7.7%, 점수 60 (RS 249.1), 피벗 344,500
 [159/200] 오킨스전자(080580): 패턴 미완성 (제외)
 -> [★발견★] 아이앤씨 (Market): 8회 수축, 마지막 7.2%, 점수 40 (RS 192.5), 피벗 3,550
 [161/200] 티이엠씨(425040): 패턴 미완성 (제외)
 [162/200] 두산테스나(131970): 패턴 미완성 (제외)
 [163/200] 디바이스(187870): 패턴 미완성 (제외)
 [164/200] 제이씨케미칼(137950): 이평선 역배열 (50>150>200 미충족) (제외) | 50일등락: 41.69%
 -> [★발견★] 미래에셋증권 (Market): 6회 수축, 마지막 14.1%, 점수 50 (RS 370.1), 피벗 71,091
 [166/200] 진영(285800): 이평선 역배열 (50>150>200 미충족) (제외) | 50일등락: 41.63%
 [167/200] HDC(012630): 이평선 역배열 (50>150>200 미충족) (제외) | 50일등락: 41.33%
 [168/200] 신도기연(290520): 패턴 미완성 (제외)
 [169/200] 한일단조(024740): 패턴 미완성 (제외)
 [170/200] 티케이지애강(022220): 이평선 역배열 (50>150>200 미충족) (제외) | 50일등락: 41.01%
 [171/200] 후성(093370): 패턴 미완성 (제외)
 [172/200] 제이에스링크(127120): 패턴 미완성 (제외)
 [173/200] 한국피아이엠(448900): 50일선 아래 (제외) | 50일등락: 40.51%
 -> [★발견★] 마이크로컨텍솔 (Market): 7회 수축, 마지막 8.7%, 점수 70 (RS 175.0), 피벗 29,350
 [175/200] 웨이브일렉트로(095270): 이평선 역배열 (50>150>200 미충족) (제외) | 50일등락: 39.93%
 -> [★발견★] 녹십자웰빙 (Market): 8회 수축, 마지막 12.3%, 점수 20 (RS 143.3), 피벗 14,680
 [177/200] 티쓰리(204610): 이평선 역배열 (50>150>200 미충족) (제외) | 50일등락: 39.6%
 [178/200] SNT에너지(100840): 이평선 역배열 (50>150>200 미충족) (제외) | 50일등락: 39.59%
 [179/200] KBI메탈(024840): 이평선 역배열 (50>150>200 미충족) (제외) | 50일등락: 39.32%
 [180/200] SV인베스트먼트(289080): 패턴 미완성 (제외)
 -> [★발견★] 코메론 (Market): 7회 수축, 마지막 8.9%, 점수 40 (RS 193.8), 피벗 23,150
 [182/200] 코아시아씨엠(196450): 패턴 미완성 (제외)
 [183/200] 풍산홀딩스(005810): 이평선 역배열 (50>150>200 미충족) (제외) | 50일등락: 38.44%
 [184/200] 대창솔루션(096350): 패턴 미완성 (제외)
 [185/200] 이엘피(063760): 패턴 미완성 (제외)
 [186/200] 케이씨티(089150): 이평선 역배열 (50>150>200 미충족) (제외) | 50일등락: 38.01%
 -> [★발견★] 기가비스 (Market): 6회 수축, 마지막 9.6%, 점수 40 (RS 270.1), 피벗 86,800
 [188/200] 보로노이(310210): 패턴 미완성 (제외)
 [189/200] 아이엘(307180): 50일선 아래 (제외) | 50일등락: 37.77%
 [190/200] LS머트리얼즈(417200): 패턴 미완성 (제외)
 [191/200] 한신공영(004960): 패턴 미완성 (제외)
 [192/200] 진시스템(363250): 이평선 역배열 (50>150>200 미충족) (제외) | 50일등락: 37.21%
 [193/200] 삼진엘앤디(054090): 이평선 역배열 (50>150>200 미충족) (제외) | 50일등락: 37.07%
 [194/200] 한국정보공학(039740): 패턴 미완성 (제외)
 [195/200] 희림(037440): 이평선 역배열 (50>150>200 미충족) (제외) | 50일등락: 36.71%
 [196/200] HC보광산업(225530): 이평선 역배열 (50>150>200 미충족) (제외) | 50일등락: 36.46%
 [197/200] 플라즈맵(405000): 200일선 아래 (제외) | 50일등락: 36.16%
 [198/200] 휴스틸(005010): 이평선 역배열 (50>150>200 미충족) (제외) | 50일등락: 36.16%
 [199/200] 에이럭스(475580): 이평선 역배열 (50>150>200 미충족) (제외) | 50일등락: 36.02%
 [200/200] 아이즈비전(031310): 이평선 역배열 (50>150>200 미충족) (제외) | 50일등락: 35.76%

============================================================
 VCP 스캔 요약: 발견 37, 추세제외 66, 패턴제외 97, 에러 0
============================================================
[완료] 37개 PB 업로드 완료.
[2026-04-23 17:08:27.980461] 06_collect_stock_data.py 실행 중: 상세 데이터 수집 중...
[2026-04-23 17:12:13.379293] 07_calc_portfolio.py 실행 중: 수익률 및 포트폴리오 계산 중...
[2026-04-23 17:12:29.620423] 04_collect_news.py 실행 중: 네이버 뉴스 수집 중...
[2026-04-23 17:13:16.683983] 05_analyze_news.py 실행 중: AI 뉴스 감성 분석 중...
[2026-04-23 17:14:21.018480] 03_visualize_vcp.py 실행 중: VCP 분석 차트 생성 중...
