[2026-03-26 16:53:28.118330] 자동 시장 데이터 동기화 체크 중...
[2026-03-26 16:53:53.819562] 동기화 확인 완료.
[2026-03-26 16:53:53.819562] VCP 통합 스캔 시작    # [0] 대상 선정 (Phase 1)
[2026-03-26 16:53:53.846198] 대상 종목 선별 작업 시작 (Batch 모드)...
  선정 기간: 20260109 ~ 20260323 (약 50거래일 기준)
[2026-03-26 16:53:53.868706] Naver Finance에서 종목 리스트 수집 중...
  Market 0 has 49 pages.
  Market 1 has 37 pages.
[PB Utils] Successfully fetched 4237 tickers from Naver Finance.
[2026-03-26 16:54:19.174064] 대상 선별 완료. (Batch 모드로 26분 -> 수 초로 단축)
[2026-03-26 16:54:19.204902] 스캔 대상 200개 상세 데이터 로딩 시작...
  - [10/200] 008600 065170 032820 900270 187660 242040 047040 192410 221800 412350 로딩 완료
  - [20/200] 000250 043260 001510 036170 038500 046120 331920 290550 048410 357580 로딩 완료
  - [30/200] 005090 357880 040160 327260 440110 475150 089230 046970 360350 234340 로딩 완료
  - [40/200] 322000 092220 001515 054620 076610 226590 006800 129920 291650 003280 로딩 완료
  - [50/200] 347700 019210 007120 393890 010170 024850 189860 095340 036930 031980 로딩 완료
  - [60/200] 088130 420770 131030 095910 224060 078600 138080 365270 131970 027360 로딩 완료
  - [70/200] 064850 000720 217590 171090 027040 069540 323350 131290 044490 090470 로딩 완료
  - [80/200] 289080 0120G0 452260 001290 218410 265740 261780 130660 042520 077360 로딩 완료
  - [90/200] 083650 230240 033160 032500 010060 001820 353200 127120 106190 319660 로딩 완료
  - [100/200] 900290 000210 005440 376900 011930 080580 098070 290660 348340 241520 로딩 완료
  - [110/200] 417200 000440 321370 196450 085910 009830 321550 347770 090710 380540 로딩 완료
  - [120/200] 012210 456040 289930 222080 178320 056090 272110 012630 092870 010820 로딩 완료
  - [130/200] 056080 085620 010120 238090 037350 006360 004960 005960 058470 096350 로딩 완료
  - [140/200] 050890 330860 042700 101000 00680K 290720 474610 298020 457990 024800 로딩 완료
  - [150/200] 355690 052690 046890 109070 323280 003000 078020 020000 0093A0 296640 로딩 완료
  - [160/200] 417500 138490 084870 189300 024060 489790 039310 005680 402490 003030 로딩 완료
  - [170/200] 089970 083640 126340 003240 120110 101490 318060 219550 272210 355150 로딩 완료
  - [180/200] 375500 009150 098120 011700 052020 006920 112610 039560 073490 396300 로딩 완료
  - [190/200] 086520 006340 053690 047050 425420 124500 089980 123750 023160 104480 로딩 완료
  - [200/200] 005940 065440 200710 064760 088350 019010 004060 187870 240810 057050 로딩 완료
[2026-03-26 16:54:47.340630] 상세 데이터 로딩 완료. (총 200개 캐싱됨)
 [1/200] 윌비스(008600): 이평선 역배열 (50>150>200 미충족) (제외) | 50일등락: 756.21%
 [2/200] 비엘팜텍(065170): 패턴 미완성 (제외)
 [3/200] 우리기술(032820): 패턴 미완성 (제외)
 [4/200] 헝셩그룹(900270): 이평선 역배열 (50>150>200 미충족) (제외) | 50일등락: 541.8%
 [5/200] 페니트리움바이오(187660): 패턴 미완성 (제외)
 [6/200] 나무기술(242040): 패턴 미완성 (제외)
 [7/200] 대우건설(047040): 패턴 미완성 (제외)
 [8/200] 오늘이엔엠(192410): 이평선 역배열 (50>150>200 미충족) (제외) | 50일등락: 332.27%
 [9/200] 유투바이오(221800): 패턴 미완성 (제외)
 [10/200] 레이저쎌(412350): 이평선 역배열 (50>150>200 미충족) (제외) | 50일등락: 311.04%
 [11/200] 삼천당제약(000250): 패턴 미완성 (제외)
 [12/200] 성호전자(043260): 패턴 미완성 (제외)
 [13/200] SK증권(001510): 패턴 미완성 (제외)
 -> [★발견★] 에이치엠넥스 (Market): 7회 수축, 마지막 10.2%, 점수 20 (RS 553.5), 피벗 5,480
 [15/200] 삼표시멘트(038500): 패턴 미완성 (제외)
 [16/200] 오르비텍(046120): 패턴 미완성 (제외)
 -> [★발견★] 셀레믹스 (Market): 5회 수축, 마지막 10.5%, 점수 20 (RS 275.3), 피벗 5,140
 [18/200] 디케이티(290550): 패턴 미완성 (제외)
 [19/200] 현대바이오(048410): 패턴 미완성 (제외)
 [20/200] 아모센스(357580): 패턴 미완성 (제외)
 [21/200] SGC에너지(005090): 패턴 미완성 (제외)
 [22/200] SKAI(357880): 이평선 역배열 (50>150>200 미충족) (제외) | 50일등락: 171.06%
 -> [★발견★] 누리플렉스 (Market): 6회 수축, 마지막 15.0%, 점수 40 (RS 276.5), 피벗 9,410
 -> [★발견★] RF머트리얼즈 (Market): 6회 수축, 마지막 11.5%, 점수 20 (RS 644.9), 피벗 25,550
 [25/200] 파두(440110): 패턴 미완성 (제외)
 [26/200] SK이터닉스(475150): 패턴 미완성 (제외)
 [27/200] THE E&M(089230): 패턴 미완성 (제외)
 [28/200] 우리로(046970): 패턴 미완성 (제외)
 [29/200] 코셈(360350): 이평선 역배열 (50>150>200 미충족) (제외) | 50일등락: 152.99%
 -> [★발견★] 헥토파이낸셜 (Market): 7회 수축, 마지막 7.2%, 점수 60 (RS 283.6), 피벗 40,300
 -> [★발견★] HD현대에너지솔루션 (Market): 6회 수축, 마지막 13.2%, 점수 20 (RS 314.3), 피벗 89,600
 -> [★발견★] KEC (Market): 9회 수축, 마지막 12.9%, 점수 20 (RS 232.6), 피벗 1,521
 [33/200] SK증권우(001515): 패턴 미완성 (제외)
 [34/200] APS(054620): 이평선 역배열 (50>150>200 미충족) (제외) | 50일등락: 135.54%
 [35/200] 해성옵틱스(076610): 패턴 미완성 (제외)
 [36/200] 엠디바이스(226590): 1차 조정폭 과다 (제외)
 -> [★발견★] 미래에셋증권 (Market): 6회 수축, 마지막 12.9%, 점수 50 (RS 367.7), 피벗 71,091
 [38/200] 대성하이텍(129920): 이평선 역배열 (50>150>200 미충족) (제외) | 50일등락: 129.24%
 [39/200] 압타머사이언스(291650): 이평선 역배열 (50>150>200 미충족) (제외) | 50일등락: 128.98%
 [40/200] 흥아해운(003280): 이평선 역배열 (50>150>200 미충족) (제외) | 50일등락: 126.14%
 [41/200] 스피어(347700): 패턴 미완성 (제외)
 [42/200] 와이지-원(019210): 패턴 미완성 (제외)
 [43/200] 미래아이앤지(007120): 패턴 미완성 (제외)
 [44/200] 더블유씨피(393890): 패턴 미완성 (제외)
 [45/200] 대한광통신(010170): 1차 조정폭 과다 (제외)
 [46/200] HLB이노베이션(024850): 패턴 미완성 (제외)
 [47/200] 서전기전(189860): 이평선 역배열 (50>150>200 미충족) (제외) | 50일등락: 117.99%
 [48/200] ISC(095340): 패턴 미완성 (제외)
 -> [★발견★] 주성엔지니어링 (Market): 5회 수축, 마지막 12.9%, 점수 20 (RS 245.4), 피벗 70,000
 -> [★발견★] 피에스케이홀딩스 (Market): 7회 수축, 마지막 12.8%, 점수 40 (RS 269.3), 피벗 117,300
 [51/200] 동아엘텍(088130): 패턴 미완성 (제외)
 -> [★발견★] 기가비스 (Market): 5회 수축, 마지막 9.4%, 점수 60 (RS 237.9), 피벗 77,400
 [53/200] 옵투스제약(131030): 패턴 미완성 (제외)
 [54/200] 에스에너지(095910): 이평선 역배열 (50>150>200 미충족) (제외) | 50일등락: 111.1%
 [55/200] 더코디(224060): 패턴 미완성 (제외)
 -> [★발견★] 대주전자재료 (Market): 6회 수축, 마지막 10.8%, 점수 20 (RS 167.7), 피벗 118,800
 [57/200] 오이솔루션(138080): 패턴 미완성 (제외)
 -> [★발견★] 큐라클 (Market): 9회 수축, 마지막 13.7%, 점수 40 (RS 285.7), 피벗 19,710
 [59/200] 두산테스나(131970): 패턴 미완성 (제외)
 [60/200] 아주IB투자(027360): 패턴 미완성 (제외)
 [61/200] 에프앤가이드(064850): 패턴 미완성 (제외)
 [62/200] 현대건설(000720): 패턴 미완성 (제외)
 [63/200] 티엠씨(217590): 데이터 부족 (200일 미만) (제외) | 50일등락: 101.66%
 [64/200] 선익시스템(171090): 패턴 미완성 (제외)
 [65/200] 서울전자통신(027040): 이평선 역배열 (50>150>200 미충족) (제외) | 50일등락: 99.0%
 [66/200] 빛과전자(069540): 이평선 역배열 (50>150>200 미충족) (제외) | 50일등락: 98.53%
 [67/200] 다원넥스뷰(323350): 패턴 미완성 (제외)
 [68/200] 티에스이(131290): 패턴 미완성 (제외)
 [69/200] 태웅(044490): 이평선 역배열 (50>150>200 미충족) (제외) | 50일등락: 96.28%
 [70/200] 제이스텍(090470): 패턴 미완성 (제외)
 -> [★발견★] SV인베스트먼트 (Market): 7회 수축, 마지막 12.8%, 점수 50 (RS 195.8), 피벗 3,660
 [72/200] 삼양바이오팜(0120G0): 데이터 부족 (200일 미만) (제외) | 50일등락: 95.05%
 [73/200] 한화갤러리아(452260): 패턴 미완성 (제외)
 [74/200] 상상인증권(001290): 패턴 미완성 (제외)
 [75/200] RFHIC(218410): 패턴 미완성 (제외)
 -> [★발견★] 엔에프씨 (Market): 10회 수축, 마지막 13.7%, 점수 40 (RS 215.0), 피벗 9,400
 [77/200] 차백신연구소(261780): 이평선 역배열 (50>150>200 미충족) (제외) | 50일등락: 93.78%
 [78/200] 한전산업(130660): 패턴 미완성 (제외)
 [79/200] 한스바이오메드(042520): 패턴 미완성 (제외)
 [80/200] 덕산하이메탈(077360): 패턴 미완성 (제외)
 [81/200] 비에이치아이(083650): 패턴 미완성 (제외)
 [82/200] 에치에프알(230240): 이평선 역배열 (50>150>200 미충족) (제외) | 50일등락: 91.97%
 [83/200] 엠케이전자(033160): 패턴 미완성 (제외)
 [84/200] 케이엠더블유(032500): 패턴 미완성 (제외)
 [85/200] OCI홀딩스(010060): 패턴 미완성 (제외)
 [86/200] 삼화콘덴서(001820): 패턴 미완성 (제외)
 -> [★발견★] 대덕전자 (Market): 9회 수축, 마지막 9.7%, 점수 40 (RS 324.9), 피벗 66,700
 [88/200] 제이에스링크(127120): 패턴 미완성 (제외)
 [89/200] 하이텍팜(106190): 패턴 미완성 (제외)
 [90/200] 피에스케이(319660): 패턴 미완성 (제외)
 [91/200] GRT(900290): 패턴 미완성 (제외)
 [92/200] DL(000210): 이평선 역배열 (50>150>200 미충족) (제외) | 50일등락: 85.65%
 [93/200] 현대지에프홀딩스(005440): 패턴 미완성 (제외)
 [94/200] 로킷헬스케어(376900): 패턴 미완성 (제외)
 [95/200] 신성이엔지(011930): 패턴 미완성 (제외)
 [96/200] 오킨스전자(080580): 패턴 미완성 (제외)
 [97/200] 한텍(098070): 이평선 역배열 (50>150>200 미충족) (제외) | 50일등락: 81.6%
 [98/200] 네오펙트(290660): 이평선 역배열 (50>150>200 미충족) (제외) | 50일등락: 81.57%
 [99/200] 뉴로메카(348340): 50일선 아래 (제외) | 50일등락: 81.37%
 [100/200] DSC인베스트먼트(241520): 패턴 미완성 (제외)
 [101/200] LS머트리얼즈(417200): 패턴 미완성 (제외)
 [102/200] 중앙에너비스(000440): 패턴 미완성 (제외)
 [103/200] 센서뷰(321370): 패턴 미완성 (제외)
 [104/200] 코아시아씨엠(196450): 패턴 미완성 (제외)
 [105/200] 네오티스(085910): 패턴 미완성 (제외)
 [106/200] 한화솔루션(009830): 이평선 역배열 (50>150>200 미충족) (제외) | 50일등락: 78.16%
 [107/200] 티움바이오(321550): 패턴 미완성 (제외)
 [108/200] 핌스(347770): 이평선 역배열 (50>150>200 미충족) (제외) | 50일등락: 77.65%
 [109/200] 휴림로봇(090710): 패턴 미완성 (제외)
 [110/200] 옵티코어(380540): 패턴 미완성 (제외)
 [111/200] 삼미금속(012210): 패턴 미완성 (제외)
 [112/200] OCI(456040): 패턴 미완성 (제외)
 [113/200] 웨이비스(289930): 패턴 미완성 (제외)
 [114/200] 씨아이에스(222080): 패턴 미완성 (제외)
 [115/200] 서진시스템(178320): 패턴 미완성 (제외)
 [116/200] 시지메드텍(056090): 패턴 미완성 (제외)
 [117/200] 케이엔제이(272110): 패턴 미완성 (제외)
 [118/200] HDC(012630): 이평선 역배열 (50>150>200 미충족) (제외) | 50일등락: 74.17%
 [119/200] 엑시콘(092870): 패턴 미완성 (제외)
 [120/200] 퍼스텍(010820): 패턴 미완성 (제외)
 [121/200] 유진로봇(056080): 50일선 아래 (제외) | 50일등락: 73.53%
 [122/200] 미래에셋생명(085620): 패턴 미완성 (제외)
 [123/200] LS ELECTRIC(010120): 패턴 미완성 (제외)
 [124/200] 앤디포스(238090): 이평선 역배열 (50>150>200 미충족) (제외) | 50일등락: 72.56%
 [125/200] 성도이엔지(037350): 패턴 미완성 (제외)
 [126/200] GS건설(006360): 이평선 역배열 (50>150>200 미충족) (제외) | 50일등락: 70.59%
 [127/200] 한신공영(004960): 패턴 미완성 (제외)
 [128/200] 동부건설(005960): 패턴 미완성 (제외)
 [129/200] 리노공업(058470): 패턴 미완성 (제외)
 [130/200] 대창솔루션(096350): 패턴 미완성 (제외)
 [131/200] 쏠리드(050890): 패턴 미완성 (제외)
 [132/200] 네패스아크(330860): 패턴 미완성 (제외)
 -> [★발견★] 한미반도체 (Market): 6회 수축, 마지막 10.9%, 점수 50 (RS 301.9), 피벗 333,500
 [134/200] KS인더스트리(101000): 200일선 아래 (제외) | 50일등락: 66.96%
 -> [★발견★] 미래에셋증권2우B (Market): 9회 수축, 마지막 10.7%, 점수 40 (RS 268.1), 피벗 21,900
 [136/200] 푸드나무(290720): 이평선 역배열 (50>150>200 미충족) (제외) | 50일등락: 66.75%
 [137/200] RF시스템즈(474610): 패턴 미완성 (제외)
 [138/200] 효성티앤씨(298020): 패턴 미완성 (제외)
 [139/200] PLUS 태양광&ESS(457990): 패턴 미완성 (제외)
 [140/200] 유성티엔에스(024800): 이평선 역배열 (50>150>200 미충족) (제외) | 50일등락: 65.95%
 [141/200] 에이텀(355690): 이평선 역배열 (50>150>200 미충족) (제외) | 50일등락: 65.44%
 -> [★발견★] 한전기술 (Market): 6회 수축, 마지막 9.3%, 점수 60 (RS 186.5), 피벗 177,700
 [143/200] 서울반도체(046890): 패턴 미완성 (제외)
 [144/200] 주성코퍼레이션(109070): 이평선 역배열 (50>150>200 미충족) (제외) | 50일등락: 65.09%
 [145/200] 태성(323280): 50일선 아래 (제외) | 50일등락: 64.74%
 [146/200] 부광약품(003000): 패턴 미완성 (제외)
 [147/200] LS증권(078020): 패턴 미완성 (제외)
 -> [★발견★] 한섬 (Market): 8회 수축, 마지막 2.7%, 점수 70 (RS 155.7), 피벗 24,200
 [149/200] RISE AI반도체TOP10(0093A0): 데이터 부족 (200일 미만) (제외) | 50일등락: 64.31%
 [150/200] 이노룰스(296640): 이평선 역배열 (50>150>200 미충족) (제외) | 50일등락: 64.31%
 [151/200] 제이아이테크(417500): 이평선 역배열 (50>150>200 미충족) (제외) | 50일등락: 64.25%
 -> [★발견★] 코오롱ENP (Market): 8회 수축, 마지막 8.3%, 점수 70 (RS 178.1), 피벗 13,800
 [153/200] TBH글로벌(084870): 패턴 미완성 (제외)
 [154/200] 인텔리안테크(189300): 패턴 미완성 (제외)
 [155/200] 흥구석유(024060): 패턴 미완성 (제외)
 [156/200] 한화비전(489790): 패턴 미완성 (제외)
 [157/200] 세중(039310): 이평선 역배열 (50>150>200 미충족) (제외) | 50일등락: 63.58%
 [158/200] 삼영전자(005680): 이평선 역배열 (50>150>200 미충족) (제외) | 50일등락: 63.4%
 -> [★발견★] 그린리소스 (Market): 7회 수축, 마지막 6.6%, 점수 40 (RS 180.5), 피벗 10,010
 [160/200] 세아제강지주(003030): 이평선 역배열 (50>150>200 미충족) (제외) | 50일등락: 63.31%
 -> [★발견★] 브이엠 (Market): 7회 수축, 마지막 10.8%, 점수 20 (RS 298.1), 피벗 43,400
 [162/200] 인콘(083640): 이평선 역배열 (50>150>200 미충족) (제외) | 50일등락: 63.27%
 [163/200] 비나텍(126340): 패턴 미완성 (제외)
 [164/200] 태광산업(003240): 이평선 역배열 (50>150>200 미충족) (제외) | 50일등락: 62.88%
 -> [★발견★] 코오롱인더 (Market): 6회 수축, 마지막 11.3%, 점수 40 (RS 176.5), 피벗 75,000
 [166/200] 에스앤에스텍(101490): 패턴 미완성 (제외)
 [167/200] 그래피(318060): 데이터 부족 (200일 미만) (제외) | 50일등락: 61.83%
 [168/200] 디와이디(219550): 200일선 아래 (제외) | 50일등락: 61.52%
 [169/200] 한화시스템(272210): 패턴 미완성 (제외)
 [170/200] 코스텍시스(355150): 패턴 미완성 (제외)
 [171/200] DL이앤씨(375500): 이평선 역배열 (50>150>200 미충족) (제외) | 50일등락: 61.07%
 [172/200] 삼성전기(009150): 패턴 미완성 (제외)
 [173/200] 마이크로컨텍솔(098120): 패턴 미완성 (제외)
 [174/200] 한신기계(011700): 이평선 역배열 (50>150>200 미충족) (제외) | 50일등락: 59.74%
 [175/200] 에스티큐브(052020): 패턴 미완성 (제외)
 [176/200] 모헨즈(006920): 패턴 미완성 (제외)
 [177/200] 씨에스윈드(112610): 이평선 역배열 (50>150>200 미충족) (제외) | 50일등락: 59.45%
 -> [★발견★] 다산네트웍스 (Market): 10회 수축, 마지막 7.0%, 점수 40 (RS 158.0), 피벗 4,525
 [179/200] 이노와이어리스(073490): 패턴 미완성 (제외)
 [180/200] 세아메카닉스(396300): 50일선 아래 (제외) | 50일등락: 58.7%
 [181/200] 에코프로(086520): 50일선 아래 (제외) | 50일등락: 58.64%
 [182/200] 대원전선(006340): 패턴 미완성 (제외)
 [183/200] 한미글로벌(053690): 이평선 역배열 (50>150>200 미충족) (제외) | 50일등락: 58.37%
 -> [★발견★] 포스코인터내셔널 (Market): 6회 수축, 마지막 9.9%, 점수 40 (RS 146.7), 피벗 79,500
 -> [★발견★] 티에프이 (Market): 8회 수축, 마지막 6.7%, 점수 40 (RS 211.1), 피벗 59,500
 [186/200] 아이티센글로벌(124500): 패턴 미완성 (제외)
 [187/200] 상아프론테크(089980): 패턴 미완성 (제외)
 -> [★발견★] 알톤 (Market): 6회 수축, 마지막 6.4%, 점수 70 (RS 153.3), 피벗 2,405
 -> [★발견★] 태광 (Market): 8회 수축, 마지막 11.0%, 점수 20 (RS 146.7), 피벗 32,200
 [190/200] 티케이케미칼(104480): 패턴 미완성 (제외)
 [191/200] NH투자증권(005940): 패턴 미완성 (제외)
 [192/200] 이루온(065440): 이평선 역배열 (50>150>200 미충족) (제외) | 50일등락: 56.32%
 -> [★발견★] 에이디테크놀로지 (Market): 6회 수축, 마지막 4.9%, 점수 50 (RS 231.5), 피벗 48,800
 [194/200] 티씨케이(064760): 패턴 미완성 (제외)
 [195/200] 한화생명(088350): 패턴 미완성 (제외)
 [196/200] 베뉴지(019010): 패턴 미완성 (제외)
 [197/200] SG세계물산(004060): 패턴 미완성 (제외)
 [198/200] 디바이스(187870): 패턴 미완성 (제외)
 [199/200] 원익IPS(240810): 패턴 미완성 (제외)
 [200/200] 현대홈쇼핑(057050): 패턴 미완성 (제외)

============================================================
 VCP 스캔 요약: 발견 30, 추세제외 52, 패턴제외 118, 에러 0
============================================================
[완료] 30개 PB 업로드 완료.
[2026-03-26 16:54:49.329609] 06_collect_stock_data.py 실행 중...
[2026-03-26 16:58:53.569322] 04_collect_news.py 실행 중...
[2026-03-26 17:00:03.855041] 05_analyze_news.py 실행 중...
[2026-03-26 17:02:26.325227] 03_visualize_vcp.py 실행 중...
