[2026-04-23 17:42:21.939894] 자동 시장 데이터 동기화 체크 중...
[2026-04-23 17:42:36.978947] 동기화 확인 완료.
[2026-04-23 17:42:36.978947] VCP 통합 스캔 시작    # [0] 대상 선정 (Phase 1)
[2026-04-23 17:42:37.030396] 대상 종목 선별 작업 시작 (Batch 모드)...
  선정 기간: 20260206 ~ 20260414 (약 50거래일 기준)
[2026-04-23 17:42:37.040109] Naver Finance에서 종목 리스트 수집 중...
  Market 0 has 49 pages.
  Market 1 has 37 pages.
[PB Utils] Successfully fetched 4256 tickers from Naver Finance.
[2026-04-23 17:42:49.691848] 투자자보호 종목(관리/정지/경보) 225개 수집 완료.
[2026-04-23 17:42:50.804889] 대상 선별 완료. (Batch 모드로 26분 -> 수 초로 단축)
[2026-04-23 17:42:50.818226] 스캔 대상 200개 상세 데이터 로딩 시작...
  - [10/200] 192410 046970 017900 215790 010170 900270 069540 187660 049080 047040 로딩 완료
  - [20/200] 036170 331920 221800 027040 065770 412350 388790 073540 072950 035460 로딩 완료
  - [30/200] 065440 100590 088280 109070 475150 357880 138080 327260 360350 010820 로딩 완료
  - [40/200] 043260 056360 115440 033160 027360 008350 238090 088800 217590 095270 로딩 완료
  - [50/200] 089230 082920 065530 109080 129920 032820 046120 375500 079550 242040 로딩 완료
  - [60/200] 217730 218410 402490 001820 003000 006110 085910 382800 376900 006360 로딩 완료
  - [70/200] 064850 009155 389030 085620 040160 474610 052020 230240 003280 290550 로딩 완료
  - [80/200] 322000 092600 005090 340440 058110 007120 092220 084850 153460 288980 로딩 완료
  - [90/200] 050890 017550 37550L 078070 054620 241520 291650 429270 393890 232830 로딩 완료
  - [100/200] 084870 290720 285800 321260 089970 003030 006920 347770 011930 098120 로딩 완료
  - [110/200] 179530 321550 053690 007810 023160 226590 452300 105330 000720 000150 로딩 완료
  - [120/200] 080520 066310 120110 355150 044490 241770 078600 028050 038680 127120 로딩 완료
  - [130/200] 037350 090470 148250 092790 131970 160980 228670 187870 229000 080580 로딩 완료
  - [140/200] 041520 368770 011070 114810 432720 001290 066360 031310 046210 086820 로딩 완료
  - [150/200] 900290 031980 084990 062970 006340 018470 032500 476830 024740 417200 로딩 완료
  - [160/200] 046890 106190 140430 204610 066970 053260 000210 131030 112610 006800 로딩 완료
  - [170/200] 078890 420770 200710 019210 278470 033790 289080 353200 452280 127710 로딩 완료
  - [180/200] 425420 038060 052860 131290 037230 001230 178320 086450 319660 004100 로딩 완료
  - [190/200] 405000 015260 37550K 448900 089150 141000 310870 073490 060260 017960 로딩 완료
  - [200/200] 042600 042700 005960 355690 026940 083450 389020 275630 024840 061040 로딩 완료
[2026-04-23 17:43:04.803124] 상세 데이터 로딩 완료. (총 200개 캐싱됨)
 [1/200] 오늘이엔엠(192410): 이평선 역배열 (50>150>200 미충족) (제외) | 50일등락: 846.45%
 [2/200] 우리로(046970): 패턴 미완성 (제외)
 [3/200] 광전자(017900): 패턴 미완성 (제외)
 -> [★발견★] 이노인스트루먼트 (Market): 6회 수축, 마지막 14.9%, 점수 20 (RS 687.0), 피벗 422
 [5/200] 대한광통신(010170): 1차 조정폭 과다 (제외)
 [6/200] 헝셩그룹(900270): 패턴 미완성 (제외)
 [7/200] 빛과전자(069540): 패턴 미완성 (제외)
 [8/200] 페니트리움바이오(187660): 패턴 미완성 (제외)
 [9/200] 기가레인(049080): 패턴 미완성 (제외)
 [10/200] 대우건설(047040): 패턴 미완성 (제외)
 [11/200] 에이치엠넥스(036170): 패턴 미완성 (제외)
 -> [★발견★] 셀레믹스 (Market): 4회 수축, 마지막 10.5%, 점수 70 (RS 606.6), 피벗 5,140
 [13/200] 유투바이오(221800): 50일선 아래 (제외) | 50일등락: 283.71%
 [14/200] 서울전자통신(027040): 이평선 역배열 (50>150>200 미충족) (제외) | 50일등락: 256.13%
 [15/200] CS(065770): 이평선 역배열 (50>150>200 미충족) (제외) | 50일등락: 239.26%
 [16/200] 레이저쎌(412350): 패턴 미완성 (제외)
 [17/200] 라이콤(388790): 패턴 미완성 (제외)
 -> [★발견★] 에프알텍 (Market): 9회 수축, 마지막 6.5%, 점수 40 (RS 340.7), 피벗 2,705
 [19/200] 빛샘전자(072950): 패턴 미완성 (제외)
 [20/200] 기산텔레콤(035460): 패턴 미완성 (제외)
 -> [★발견★] 이루온 (Market): 7회 수축, 마지막 13.8%, 점수 20 (RS 285.3), 피벗 2,435
 [22/200] 머큐리(100590): 패턴 미완성 (제외)
 [23/200] 쏘닉스(088280): 이평선 역배열 (50>150>200 미충족) (제외) | 50일등락: 193.97%
 -> [★발견★] 주성코퍼레이션 (Market): 6회 수축, 마지막 11.1%, 점수 20 (RS 263.4), 피벗 1,357
 [25/200] SK이터닉스(475150): 패턴 미완성 (제외)
 [26/200] SKAI(357880): 이평선 역배열 (50>150>200 미충족) (제외) | 50일등락: 178.39%
 -> [★발견★] 오이솔루션 (Market): 8회 수축, 마지막 10.9%, 점수 20 (RS 379.4), 피벗 44,150
 [28/200] RF머트리얼즈(327260): 패턴 미완성 (제외)
 [29/200] 코셈(360350): 패턴 미완성 (제외)
 [30/200] 퍼스텍(010820): 패턴 미완성 (제외)
 [31/200] 성호전자(043260): 패턴 미완성 (제외)
 [32/200] 코위버(056360): 패턴 미완성 (제외)
 [33/200] 우리넷(115440): 패턴 미완성 (제외)
 [34/200] 엠케이전자(033160): 패턴 미완성 (제외)
 -> [★발견★] 아주IB투자 (Market): 7회 수축, 마지막 9.3%, 점수 60 (RS 442.7), 피벗 9,370
 [36/200] 남선알미늄(008350): 패턴 미완성 (제외)
 -> [★발견★] 앤디포스 (Market): 6회 수축, 마지막 5.3%, 점수 60 (RS 199.0), 피벗 3,770
 [38/200] 에이스테크(088800): 패턴 미완성 (제외)
 [39/200] 티엠씨(217590): 데이터 부족 (200일 미만) (제외) | 50일등락: 130.23%
 -> [★발견★] 웨이브일렉트로 (Market): 8회 수축, 마지막 13.7%, 점수 20 (RS 201.0), 피벗 5,400
 [41/200] THE E&M(089230): 패턴 미완성 (제외)
 [42/200] 비츠로셀(082920): 패턴 미완성 (제외)
 -> [★발견★] 와이어블 (Market): 7회 수축, 마지막 2.3%, 점수 50 (RS 223.2), 피벗 1,438
 [44/200] 옵티시스(109080): 이평선 역배열 (50>150>200 미충족) (제외) | 50일등락: 123.11%
 [45/200] 대성하이텍(129920): 패턴 미완성 (제외)
 [46/200] 우리기술(032820): 패턴 미완성 (제외)
 [47/200] 오르비텍(046120): 패턴 미완성 (제외)
 [48/200] DL이앤씨(375500): 패턴 미완성 (제외)
 [49/200] LIG디펜스앤에어로스페이스(079550): 이평선 역배열 (50>150>200 미충족) (제외) | 50일등락: 118.74%
 [50/200] 나무기술(242040): 패턴 미완성 (제외)
 -> [★발견★] 강스템바이오텍 (Market): 9회 수축, 마지막 14.6%, 점수 20 (RS 250.3), 피벗 3,585
 -> [★발견★] RFHIC (Market): 8회 수축, 마지막 12.1%, 점수 20 (RS 380.6), 피벗 94,200
 [53/200] 그린리소스(402490): 패턴 미완성 (제외)
 [54/200] 삼화콘덴서(001820): 패턴 미완성 (제외)
 [55/200] 부광약품(003000): 패턴 미완성 (제외)
 [56/200] 삼아알미늄(006110): 패턴 미완성 (제외)
 -> [★발견★] 네오티스 (Market): 7회 수축, 마지막 10.9%, 점수 40 (RS 467.8), 피벗 23,800
 [58/200] 지앤비에스 에코(382800): 이평선 역배열 (50>150>200 미충족) (제외) | 50일등락: 98.96%
 [59/200] 로킷헬스케어(376900): 패턴 미완성 (제외)
 [60/200] GS건설(006360): 패턴 미완성 (제외)
 -> [★발견★] 에프앤가이드 (Market): 7회 수축, 마지막 14.0%, 점수 20 (RS 328.6), 피벗 21,400
 [62/200] 삼성전기우(009155): 패턴 미완성 (제외)
 [63/200] 지니너스(389030): 패턴 미완성 (제외)
 -> [★발견★] 미래에셋생명 (Market): 8회 수축, 마지막 10.0%, 점수 70 (RS 249.2), 피벗 17,910
 [65/200] 누리플렉스(040160): 패턴 미완성 (제외)
 [66/200] RF시스템즈(474610): 패턴 미완성 (제외)
 [67/200] 에스티큐브(052020): 패턴 미완성 (제외)
 [68/200] 에치에프알(230240): 패턴 미완성 (제외)
 [69/200] 흥아해운(003280): 패턴 미완성 (제외)
 [70/200] 디케이티(290550): 패턴 미완성 (제외)
 [71/200] HD현대에너지솔루션(322000): 패턴 미완성 (제외)
 [72/200] 앤씨앤(092600): 이평선 역배열 (50>150>200 미충족) (제외) | 50일등락: 85.21%
 [73/200] SGC에너지(005090): 패턴 미완성 (제외)
 [74/200] 세림B&G(340440): 이평선 역배열 (50>150>200 미충족) (제외) | 50일등락: 84.25%
 [75/200] 멕아이씨에스(058110): 이평선 역배열 (50>150>200 미충족) (제외) | 50일등락: 84.12%
 [76/200] 미래아이앤지(007120): 패턴 미완성 (제외)
 [77/200] KEC(092220): 패턴 미완성 (제외)
 [78/200] 아이티엠반도체(084850): 이평선 역배열 (50>150>200 미충족) (제외) | 50일등락: 81.08%
 [79/200] 네이블(153460): 이평선 역배열 (50>150>200 미충족) (제외) | 50일등락: 80.5%
 [80/200] 모아데이타(288980): 이평선 역배열 (50>150>200 미충족) (제외) | 50일등락: 80.0%
 [81/200] 쏠리드(050890): 패턴 미완성 (제외)
 [82/200] 수산세보틱스(017550): 이평선 역배열 (50>150>200 미충족) (제외) | 50일등락: 78.33%
 -> [★발견★] DL이앤씨2우(전환) (Market): 8회 수축, 마지막 12.3%, 점수 20 (RS 197.7), 피벗 45,600
 -> [★발견★] 유비쿼스홀딩스 (Market): 6회 수축, 마지막 14.3%, 점수 20 (RS 187.3), 피벗 16,960
 [85/200] APS(054620): 패턴 미완성 (제외)
 -> [★발견★] DSC인베스트먼트 (Market): 7회 수축, 마지막 14.9%, 점수 50 (RS 231.1), 피벗 14,960
 [87/200] 압타머사이언스(291650): 이평선 역배열 (50>150>200 미충족) (제외) | 50일등락: 76.06%
 [88/200] 시지트로닉스(429270): 이평선 역배열 (50>150>200 미충족) (제외) | 50일등락: 75.54%
 -> [★발견★] 더블유씨피 (Market): 6회 수축, 마지막 13.0%, 점수 20 (RS 223.7), 피벗 15,100
 [90/200] 아이티센피엔에스(232830): 이평선 역배열 (50>150>200 미충족) (제외) | 50일등락: 72.89%
 -> [★발견★] TBH글로벌 (Market): 6회 수축, 마지막 13.3%, 점수 50 (RS 164.6), 피벗 2,365
 -> [★발견★] 푸드나무 (Market): 6회 수축, 마지막 7.6%, 점수 40 (RS 183.7), 피벗 3,270
 [93/200] 진영(285800): 이평선 역배열 (50>150>200 미충족) (제외) | 50일등락: 71.95%
 [94/200] 프로이천(321260): 이평선 역배열 (50>150>200 미충족) (제외) | 50일등락: 71.31%
 [95/200] 브이엠(089970): 패턴 미완성 (제외)
 [96/200] 세아제강지주(003030): 이평선 역배열 (50>150>200 미충족) (제외) | 50일등락: 70.33%
 [97/200] 모헨즈(006920): 패턴 미완성 (제외)
 [98/200] 핌스(347770): 이평선 역배열 (50>150>200 미충족) (제외) | 50일등락: 70.1%
 [99/200] 신성이엔지(011930): 패턴 미완성 (제외)
 -> [★발견★] 마이크로컨텍솔 (Market): 7회 수축, 마지막 8.7%, 점수 60 (RS 218.4), 피벗 29,350
 [101/200] 애드바이오텍(179530): 이평선 역배열 (50>150>200 미충족) (제외) | 50일등락: 69.24%
 [102/200] 티움바이오(321550): 패턴 미완성 (제외)
 -> [★발견★] 한미글로벌 (Market): 5회 수축, 마지막 8.3%, 점수 40 (RS 176.5), 피벗 27,200
 [104/200] 코리아써키트(007810): 패턴 미완성 (제외)
 -> [★발견★] 태광 (Market): 7회 수축, 마지막 4.7%, 점수 50 (RS 189.9), 피벗 35,850
 [106/200] 엠디바이스(226590): 1차 조정폭 과다 (제외)
 [107/200] 캡스톤파트너스(452300): 이평선 역배열 (50>150>200 미충족) (제외) | 50일등락: 67.21%
 [108/200] 케이엔더블유(105330): 패턴 미완성 (제외)
 [109/200] 현대건설(000720): 패턴 미완성 (제외)
 [110/200] 두산(000150): 패턴 미완성 (제외)
 [111/200] 오디텍(080520): 이평선 역배열 (50>150>200 미충족) (제외) | 50일등락: 65.46%
 [112/200] 큐에스아이(066310): 패턴 미완성 (제외)
 -> [★발견★] 코오롱인더 (Market): 5회 수축, 마지막 11.3%, 점수 40 (RS 239.4), 피벗 75,000
 [114/200] 코스텍시스(355150): 패턴 미완성 (제외)
 [115/200] 태웅(044490): 이평선 역배열 (50>150>200 미충족) (제외) | 50일등락: 63.91%
 -> [★발견★] 메카로 (Market): 7회 수축, 마지막 10.5%, 점수 50 (RS 233.8), 피벗 39,900
 [117/200] 대주전자재료(078600): 패턴 미완성 (제외)
 -> [★발견★] 삼성E&A (Market): 7회 수축, 마지막 8.5%, 점수 40 (RS 217.5), 피벗 35,950
 [119/200] 에스넷(038680): 이평선 역배열 (50>150>200 미충족) (제외) | 50일등락: 62.6%
 [120/200] 제이에스링크(127120): 패턴 미완성 (제외)
 [121/200] 성도이엔지(037350): 패턴 미완성 (제외)
 [122/200] 제이스텍(090470): 패턴 미완성 (제외)
 [123/200] 알엔투테크놀로지(148250): 200일선 아래 (제외) | 50일등락: 61.33%
 [124/200] 넥스틸(092790): 이평선 역배열 (50>150>200 미충족) (제외) | 50일등락: 61.19%
 [125/200] 두산테스나(131970): 패턴 미완성 (제외)
 -> [★발견★] 싸이맥스 (Market): 6회 수축, 마지막 13.2%, 점수 40 (RS 204.9), 피벗 23,050
 [127/200] 레이(228670): 이평선 역배열 (50>150>200 미충족) (제외) | 50일등락: 60.44%
 [128/200] 디바이스(187870): 패턴 미완성 (제외)
 [129/200] 젠큐릭스(229000): 50일선 아래 (제외) | 50일등락: 60.2%
 [130/200] 오킨스전자(080580): 패턴 미완성 (제외)
 [131/200] 이엘씨(041520): 이평선 역배열 (50>150>200 미충족) (제외) | 50일등락: 59.72%
 -> [★발견★] 파이버프로 (Market): 10회 수축, 마지막 14.2%, 점수 20 (RS 294.2), 피벗 23,550
 [133/200] LG이노텍(011070): 패턴 미완성 (제외)
 [134/200] 한솔아이원스(114810): 패턴 미완성 (제외)
 [135/200] 퀄리타스반도체(432720): 이평선 역배열 (50>150>200 미충족) (제외) | 50일등락: 57.96%
 [136/200] 상상인증권(001290): 패턴 미완성 (제외)
 -> [★발견★] 체리부로 (Market): 8회 수축, 마지막 5.6%, 점수 70 (RS 154.1), 피벗 1,179
 [138/200] 아이즈비전(031310): 이평선 역배열 (50>150>200 미충족) (제외) | 50일등락: 56.95%
 [139/200] HLB파나진(046210): 이평선 역배열 (50>150>200 미충족) (제외) | 50일등락: 56.52%
 [140/200] 바이오솔루션(086820): 패턴 미완성 (제외)
 [141/200] GRT(900290): 패턴 미완성 (제외)
 [142/200] 피에스케이홀딩스(031980): 패턴 미완성 (제외)
 [143/200] 헬릭스미스(084990): 패턴 미완성 (제외)
 [144/200] 한국첨단소재(062970): 이평선 역배열 (50>150>200 미충족) (제외) | 50일등락: 55.09%
 [145/200] 대원전선(006340): 패턴 미완성 (제외)
 [146/200] 조일알미늄(018470): 이평선 역배열 (50>150>200 미충족) (제외) | 50일등락: 54.72%
 [147/200] 케이엠더블유(032500): 패턴 미완성 (제외)
 [148/200] 알지노믹스(476830): 데이터 부족 (200일 미만) (제외) | 50일등락: 54.47%
 [149/200] 한일단조(024740): 패턴 미완성 (제외)
 -> [★발견★] LS머트리얼즈 (Market): 9회 수축, 마지막 9.0%, 점수 60 (RS 197.3), 피벗 20,900
 [151/200] 서울반도체(046890): 패턴 미완성 (제외)
 [152/200] 하이텍팜(106190): 패턴 미완성 (제외)
 [153/200] 카티스(140430): 이평선 역배열 (50>150>200 미충족) (제외) | 50일등락: 52.49%
 [154/200] 티쓰리(204610): 이평선 역배열 (50>150>200 미충족) (제외) | 50일등락: 52.39%
 [155/200] 엘앤에프(066970): 패턴 미완성 (제외)
 [156/200] 금강철강(053260): 이평선 역배열 (50>150>200 미충족) (제외) | 50일등락: 52.24%
 [157/200] DL(000210): 이평선 역배열 (50>150>200 미충족) (제외) | 50일등락: 51.97%
 [158/200] 옵투스제약(131030): 패턴 미완성 (제외)
 [159/200] 씨에스윈드(112610): 패턴 미완성 (제외)
 -> [★발견★] 미래에셋증권 (Market): 6회 수축, 마지막 14.1%, 점수 40 (RS 397.9), 피벗 71,091
 [161/200] 가온그룹(078890): 패턴 미완성 (제외)
 -> [★발견★] 기가비스 (Market): 6회 수축, 마지막 9.6%, 점수 40 (RS 286.1), 피벗 86,800
 [163/200] 에이디테크놀로지(200710): 패턴 미완성 (제외)
 [164/200] 와이지-원(019210): 패턴 미완성 (제외)
 -> [★발견★] 에이피알 (Market): 9회 수축, 마지막 7.7%, 점수 40 (RS 271.0), 피벗 344,500
 [166/200] 피노(033790): 패턴 미완성 (제외)
 [167/200] SV인베스트먼트(289080): 패턴 미완성 (제외)
 [168/200] 대덕전자(353200): 패턴 미완성 (제외)
 [169/200] 한선엔지니어링(452280): 패턴 미완성 (제외)
 [170/200] 아시아경제(127710): 패턴 미완성 (제외)
 [171/200] 티에프이(425420): 패턴 미완성 (제외)
 [172/200] 루멘스(038060): 이평선 역배열 (50>150>200 미충족) (제외) | 50일등락: 50.0%
 [173/200] 아이앤씨(052860): 패턴 미완성 (제외)
 [174/200] 티에스이(131290): 패턴 미완성 (제외)
 [175/200] 한국팩키지(037230): 이평선 역배열 (50>150>200 미충족) (제외) | 50일등락: 49.26%
 [176/200] 동국홀딩스(001230): 이평선 역배열 (50>150>200 미충족) (제외) | 50일등락: 48.06%
 -> [★발견★] 서진시스템 (Market): 6회 수축, 마지막 14.6%, 점수 40 (RS 216.6), 피벗 49,200
 [178/200] 동국제약(086450): 패턴 미완성 (제외)
 [179/200] 피에스케이(319660): 패턴 미완성 (제외)
 [180/200] 태양금속(004100): 이평선 역배열 (50>150>200 미충족) (제외) | 50일등락: 47.25%
 [181/200] 플라즈맵(405000): 이평선 역배열 (50>150>200 미충족) (제외) | 50일등락: 47.23%
 [182/200] 에이엔피(015260): 패턴 미완성 (제외)
 -> [★발견★] DL이앤씨우 (Market): 6회 수축, 마지막 12.0%, 점수 20 (RS 167.0), 피벗 30,800
 [184/200] 한국피아이엠(448900): 50일선 아래 (제외) | 50일등락: 46.3%
 [185/200] 케이씨티(089150): 이평선 역배열 (50>150>200 미충족) (제외) | 50일등락: 46.13%
 [186/200] 비아트론(141000): 이평선 역배열 (50>150>200 미충족) (제외) | 50일등락: 45.71%
 [187/200] 디와이씨(310870): 이평선 역배열 (50>150>200 미충족) (제외) | 50일등락: 45.69%
 -> [★발견★] LIG아큐버 (Market): 10회 수축, 마지막 9.4%, 점수 40 (RS 216.4), 피벗 44,500
 [189/200] 뉴보텍(060260): 이평선 역배열 (50>150>200 미충족) (제외) | 50일등락: 45.59%
 [190/200] 한국카본(017960): 패턴 미완성 (제외)
 [191/200] 새로닉스(042600): 패턴 미완성 (제외)
 [192/200] 한미반도체(042700): 패턴 미완성 (제외)
 [193/200] 동부건설(005960): 패턴 미완성 (제외)
 [194/200] 에이텀(355690): 이평선 역배열 (50>150>200 미충족) (제외) | 50일등락: 44.53%
 [195/200] 부국철강(026940): 이평선 역배열 (50>150>200 미충족) (제외) | 50일등락: 44.36%
 [196/200] GST(083450): 패턴 미완성 (제외)
 [197/200] 자람테크놀로지(389020): 이평선 역배열 (50>150>200 미충족) (제외) | 50일등락: 44.14%
 [198/200] 에스에스알(275630): 이평선 역배열 (50>150>200 미충족) (제외) | 50일등락: 44.1%
 [199/200] KBI메탈(024840): 이평선 역배열 (50>150>200 미충족) (제외) | 50일등락: 43.93%
 [200/200] 알에프텍(061040): 이평선 역배열 (50>150>200 미충족) (제외) | 50일등락: 43.87%

============================================================
 VCP 스캔 요약: 발견 37, 추세제외 60, 패턴제외 103, 에러 0
============================================================
[완료] 37개 PB 업로드 완료.
[2026-04-23 17:43:06.023807] 06_collect_stock_data.py 실행 중: 상세 데이터 수집 중...
[2026-04-23 17:46:39.154070] 07_calc_portfolio.py 실행 중: 수익률 및 포트폴리오 계산 중...
[2026-04-23 17:46:55.663096] 04_collect_news.py 실행 중: 네이버 뉴스 수집 중...
[2026-04-23 17:47:35.500908] 05_analyze_news.py 실행 중: AI 뉴스 감성 분석 중...
[2026-04-23 17:48:46.018076] 03_visualize_vcp.py 실행 중: VCP 분석 차트 생성 중...
