[2026-03-04 16:07:01.110477] VCP 통합 스캔 시작 (Target Date: 20260304)
[2026-03-04 16:07:01.110477] 대상 종목 선별 작업 시작...
Phase 1 조회 기간: 20251224 ~ 20260304 (50+20일)
필터링: ETF/스팩/우선주 제외 | pykrx 순차 고속 조회

[KOSPI] 종목 목록 수집 중...
[KOSPI] 840개 중 31개 제외 -> 809개 스캔 대상
  [KOSPI] 100/809 완료 (100개 유효)
  [KOSPI] 200/809 완료 (200개 유효)
  [KOSPI] 300/809 완료 (300개 유효)
  [KOSPI] 400/809 완료 (400개 유효)
  [KOSPI] 500/809 완료 (500개 유효)
  [KOSPI] 600/809 완료 (600개 유효)
  [KOSPI] 700/809 완료 (700개 유효)
  [KOSPI] 800/809 완료 (800개 유효)
  [KOSPI] 809/809 완료 (809개 유효)
[KOSPI] 상위 100개 선정 완료.
        종목명     등락률
735  미래에셋증권  144.06
625    SK증권  129.52
309   한미반도체  107.87
76    한화시스템  106.04
365    대우건설   98.95

[KOSDAQ] 종목 목록 수집 중...
[KOSDAQ] 1816개 중 90개 제외 -> 1726개 스캔 대상
  [KOSDAQ] 100/1726 완료 (100개 유효)
  [KOSDAQ] 200/1726 완료 (200개 유효)
  [KOSDAQ] 300/1726 완료 (300개 유효)
  [KOSDAQ] 400/1726 완료 (400개 유효)
  [KOSDAQ] 500/1726 완료 (500개 유효)
  [KOSDAQ] 600/1726 완료 (600개 유효)
  [KOSDAQ] 700/1726 완료 (700개 유효)
  [KOSDAQ] 800/1726 완료 (800개 유효)
  [KOSDAQ] 900/1726 완료 (900개 유효)
  [KOSDAQ] 1000/1726 완료 (1000개 유효)
  [KOSDAQ] 1100/1726 완료 (1100개 유효)
  [KOSDAQ] 1200/1726 완료 (1200개 유효)
  [KOSDAQ] 1300/1726 완료 (1300개 유효)
  [KOSDAQ] 1400/1726 완료 (1400개 유효)
  [KOSDAQ] 1500/1726 완료 (1500개 유효)
  [KOSDAQ] 1600/1726 완료 (1600개 유효)
  [KOSDAQ] 1700/1726 완료 (1700개 유효)
  [KOSDAQ] 1726/1726 완료 (1726개 유효)
[KOSDAQ] 상위 100개 선정 완료.
         종목명     등락률
1328    비엘팜텍  446.10
196    유투바이오  417.20
379    현대ADM  323.20
1515    우리기술  244.40
1559  에이치엠넥스  230.98

총 200개 선정 종목에 대해 VCP 스캔 진행 중...
[Phase 2 캐시] 200개 종목 1년치 조회 중...
  캐시 완료: 50/200
  캐시 완료: 100/200
  캐시 완료: 150/200
  캐시 완료: 200/200
[Phase 2 캐시] 완료 - 200개 캐시됨
 -> [발견] 미래에셋증권 (KOSPI): 5진동, 마지막 5.6%, 점수 40 (Jump 60), 피벗 28,700 (-49.2%)
 -> [발견] 한미반도체 (KOSPI): 5진동, 마지막 11.3%, 점수 20 (Jump 10), 피벗 211,000 (-18.5%)
 -> [발견] 한화시스템 (KOSPI): 8진동, 마지막 5.1%, 점수 40 (Jump 60), 피벗 116,500 (+0.4%)
 -> [발견] 대우건설 (KOSPI): 4진동, 마지막 5.0%, 점수 70 (Jump 60), 피벗 3,835 (-49.2%)
 -> [발견] 한화갤러리아 (KOSPI): 9진동, 마지막 7.4%, 점수 60 (Jump 50), 피벗 2,235 (-14.9%)
 -> [발견] 현대건설 (KOSPI): 6진동, 마지막 9.5%, 점수 40 (Jump 30), 피벗 109,200 (-13.9%)
 -> [발견] 퍼스텍 (KOSPI): 9진동, 마지막 5.6%, 점수 40 (Jump 60), 피벗 4,840 (-27.9%)
 -> [발견] S-Oil (KOSPI): 6진동, 마지막 8.3%, 점수 40 (Jump 10), 피벗 120,000 (-5.1%)
 -> [발견] 한화에어로스페이스 (KOSPI): 9진동, 마지막 3.9%, 점수 50 (Jump 60), 피벗 1,242,000 (-6.1%)
 -> [발견] 한전기술 (KOSPI): 4진동, 마지막 12.4%, 점수 40 (Jump 30), 피벗 151,700 (+14.2%)
 -> [발견] 삼성전기 (KOSPI): 5진동, 마지막 6.8%, 점수 40 (Jump 30), 피벗 292,000 (-19.4%)
 -> [발견] 한국항공우주 (KOSPI): 7진동, 마지막 7.5%, 점수 40 (Jump 10), 피벗 171,200 (+8.0%)
 -> [발견] 화신 (KOSPI): 4진동, 마지막 9.1%, 점수 60 (Jump 30), 피벗 9,780 (-15.3%)
 -> [발견] 한화 (KOSPI): 7진동, 마지막 7.9%, 점수 40 (Jump 30), 피벗 122,900 (+8.5%)
 -> [발견] HD현대 (KOSPI): 5진동, 마지막 14.1%, 점수 20 (Jump 30), 피벗 259,500 (-0.8%)
 -> [발견] 엘에스일렉트릭 (KOSPI): 8진동, 마지막 7.1%, 점수 40 (Jump 10), 피벗 539,000 (-13.9%)
 -> [발견] 일진전기 (KOSPI): 4진동, 마지막 6.5%, 점수 60 (Jump 30), 피벗 63,500 (-12.3%)
 -> [발견] 대원전선 (KOSPI): 10진동, 마지막 7.0%, 점수 40 (Jump 30), 피벗 3,830 (-23.4%)
 -> [발견] HD현대에너지솔루션 (KOSPI): 7진동, 마지막 13.2%, 점수 20 (Jump 10), 피벗 89,600 (+15.2%)
 -> [발견] 팬오션 (KOSPI): 7진동, 마지막 6.9%, 점수 40 (Jump 30), 피벗 5,530 (+7.4%)
 -> [발견] 코오롱ENP (KOSPI): 7진동, 마지막 9.8%, 점수 40 (Jump 10), 피벗 11,850 (+10.8%)
 -> [발견] 삼성SDI (KOSPI): 5진동, 마지막 11.5%, 점수 20 (Jump 30), 피벗 396,500 (+13.0%)
 -> [발견] 삼성E&A (KOSPI): 8진동, 마지막 4.2%, 점수 50 (Jump 40), 피벗 32,150 (+4.0%)
 -> [발견] 화승코퍼레이션 (KOSPI): 5진동, 마지막 4.8%, 점수 50 (Jump 40), 피벗 2,710 (-2.2%)
 -> [발견] 유투바이오 (KOSDAQ): 6진동, 마지막 10.2%, 점수 20 (Jump 30), 피벗 4,990 (-77.9%)
 -> [발견] 현대ADM (KOSDAQ): 6진동, 마지막 11.2%, 점수 20 (Jump 30), 피벗 3,380 (-68.0%)
 -> [발견] 우리기술 (KOSDAQ): 4진동, 마지막 10.1%, 점수 60 (Jump 50), 피벗 4,045 (-68.3%)
 -> [발견] 에이치엠넥스 (KOSDAQ): 7진동, 마지막 9.9%, 점수 40 (Jump 30), 피벗 1,798 (-36.0%)
 -> [발견] 흥구석유 (KOSDAQ): 7진동, 마지막 14.6%, 점수 20 (Jump 30), 피벗 15,390 (-48.2%)
 -> [발견] 기가비스 (KOSDAQ): 4진동, 마지막 11.8%, 점수 40 (Jump 30), 피벗 65,100 (+0.6%)
 -> [발견] 누리플렉스 (KOSDAQ): 6진동, 마지막 15.0%, 점수 20 (Jump 10), 피벗 9,410 (+17.6%)
 -> [발견] 큐라클 (KOSDAQ): 9진동, 마지막 5.2%, 점수 40 (Jump 60), 피벗 12,780 (-10.1%)
 -> [발견] 피에스케이홀딩스 (KOSDAQ): 7진동, 마지막 12.7%, 점수 20 (Jump 30), 피벗 90,600 (+0.9%)
 -> [발견] 주성엔지니어링 (KOSDAQ): 5진동, 마지막 11.6%, 점수 20 (Jump 30), 피벗 34,950 (-35.0%)
 -> [발견] 에프앤가이드 (KOSDAQ): 7진동, 마지막 3.9%, 점수 50 (Jump 60), 피벗 9,050 (-46.9%)
 -> [발견] 제이에스링크 (KOSDAQ): 8진동, 마지막 7.7%, 점수 40 (Jump 30), 피벗 31,050 (-2.8%)
 -> [발견] GRT (KOSDAQ): 8진동, 마지막 10.5%, 점수 20 (Jump 30), 피벗 3,895 (-28.7%)
 -> [발견] RF머트리얼즈 (KOSDAQ): 6진동, 마지막 11.5%, 점수 20 (Jump 30), 피벗 25,550 (-39.6%)
 -> [발견] RFHIC (KOSDAQ): 8진동, 마지막 10.1%, 점수 20 (Jump 10), 피벗 63,200 (+10.9%)
 -> [발견] 유진테크 (KOSDAQ): 6진동, 마지막 13.1%, 점수 20 (Jump 30), 피벗 111,000 (-5.8%)
 -> [발견] 코데즈컴바인 (KOSDAQ): 8진동, 마지막 6.8%, 점수 40 (Jump 30), 피벗 3,080 (-30.3%)
 -> [발견] 피에스케이 (KOSDAQ): 7진동, 마지막 12.7%, 점수 20 (Jump 10), 피벗 61,500 (+13.1%)
 -> [발견] 성도이엔지 (KOSDAQ): 7진동, 마지막 7.0%, 점수 40 (Jump 30), 피벗 7,420 (-25.2%)
 -> [발견] 레인보우로보틱스 (KOSDAQ): 7진동, 마지막 13.4%, 점수 20 (Jump 10), 피벗 760,000 (+8.0%)

[완료] 44개 VCP 후보 종목 추출 완료.
결과 파일: E:\Downloads\Antigravity Project\ClosingSHIN\Scripts\results\vcp_report_20260304.csv

[2026-03-04 16:08:30.536244] 후속 데이터 수집 스크립트 자동 실행 (Target: 44개)
Command: E:\Downloads\Antigravity Project\ClosingSHIN\venv\Scripts\pythonw.exe E:\Downloads\Antigravity Project\ClosingSHIN\Scripts\06_collect_stock_data.py --date 20260304 --parent
[2026-03-04 16:17:38.579005] 후속 데이터 수집 및 병합 완료.

[2026-03-04 16:17:38.580005] 뉴스 데이터 수집 스크립트 실행...
Target Date (Anchor): 2026-03-04 23:59:59+09:00
Reading target list from E:\Downloads\Antigravity Project\ClosingSHIN\Scripts\results\vcp_report_20260304.csv...
Output will be saved to E:\Downloads\Antigravity Project\ClosingSHIN\Scripts\results\news_report_20260304.csv
Fetching news for 대우건설 (047040) [Rank 1, Max 3]...
  -> Found 18 valid articles. Selected top 3.
Fetching news for 일진전기 (103590) [Rank 2, Max 3]...
  -> Found 15 valid articles. Selected top 3.
Fetching news for 한화갤러리아 (452260) [Rank 3, Max 3]...
  -> Found 16 valid articles. Selected top 3.
Fetching news for 우리기술 (032820) [Rank 4, Max 3]...
  -> Found 19 valid articles. Selected top 3.
Fetching news for 화신 (010690) [Rank 5, Max 3]...
  -> Found 15 valid articles. Selected top 3.
Fetching news for 에프앤가이드 (064850) [Rank 6, Max 3]...
  -> Found 20 valid articles. Selected top 3.
Fetching news for 화승코퍼레이션 (013520) [Rank 7, Max 3]...
  -> Found 19 valid articles. Selected top 3.
Fetching news for 삼성E&A (028050) [Rank 8, Max 3]...
  -> Found 18 valid articles. Selected top 3.
Fetching news for 한화에어로스페이스 (012450) [Rank 9, Max 3]...
  -> Found 18 valid articles. Selected top 3.
Fetching news for 팬오션 (028670) [Rank 10, Max 3]...
  -> Found 20 valid articles. Selected top 3.
Fetching news for 큐라클 (365270) [Rank 11, Max 1]...
  -> Found 13 valid articles. Selected top 1.
Fetching news for 기가비스 (420770) [Rank 12, Max 1]...
  -> Found 11 valid articles. Selected top 1.
Fetching news for 에이치엠넥스 (036170) [Rank 13, Max 1]...
  -> Found 12 valid articles. Selected top 1.
Fetching news for 제이에스링크 (127120) [Rank 14, Max 1]...
  -> Found 12 valid articles. Selected top 1.
Fetching news for 코데즈컴바인 (047770) [Rank 15, Max 1]...
  -> Found 11 valid articles. Selected top 1.
Fetching news for 성도이엔지 (037350) [Rank 16, Max 1]...
  -> Found 18 valid articles. Selected top 1.
Fetching news for 코오롱ENP (138490) [Rank 17, Max 1]...
  -> Found 11 valid articles. Selected top 1.
Fetching news for 미래에셋증권 (006800) [Rank 18, Max 1]...
  -> Found 20 valid articles. Selected top 1.
Fetching news for 한전기술 (052690) [Rank 19, Max 1]...
  -> Found 8 valid articles. Selected top 1.
Fetching news for S-Oil (010950) [Rank 20, Max 1]...
  -> Found 16 valid articles. Selected top 1.
Fetching news for 엘에스일렉트릭 (010120) [Rank 21, Max 1]...
  -> Found 11 valid articles. Selected top 1.
Fetching news for 한화시스템 (272210) [Rank 22, Max 1]...
  -> Found 20 valid articles. Selected top 1.
Fetching news for 현대건설 (000720) [Rank 23, Max 1]...
  -> Found 19 valid articles. Selected top 1.
Fetching news for 한화 (000880) [Rank 24, Max 1]...
  -> Found 20 valid articles. Selected top 1.
Fetching news for 한국항공우주 (047810) [Rank 25, Max 1]...
  -> Found 15 valid articles. Selected top 1.
Fetching news for 삼성전기 (009150) [Rank 26, Max 1]...
  -> Found 18 valid articles. Selected top 1.
Fetching news for 대원전선 (006340) [Rank 27, Max 1]...
  -> Found 19 valid articles. Selected top 1.
Fetching news for 퍼스텍 (010820) [Rank 28, Max 1]...
  -> Found 18 valid articles. Selected top 1.
Fetching news for 피에스케이 (319660) [Rank 29, Max 1]...
  -> Found 16 valid articles. Selected top 1.
Fetching news for 유진테크 (084370) [Rank 30, Max 1]...
  -> Found 19 valid articles. Selected top 1.
Skipping news collection for RFHIC (Rank 31 > 30)
Skipping news collection for RF머트리얼즈 (Rank 32 > 30)
Skipping news collection for GRT (Rank 33 > 30)
Skipping news collection for HD현대에너지솔루션 (Rank 34 > 30)
Skipping news collection for 주성엔지니어링 (Rank 35 > 30)
Skipping news collection for 피에스케이홀딩스 (Rank 36 > 30)
Skipping news collection for 누리플렉스 (Rank 37 > 30)
Skipping news collection for 흥구석유 (Rank 38 > 30)
Skipping news collection for 현대ADM (Rank 39 > 30)
Skipping news collection for 유투바이오 (Rank 40 > 30)
Skipping news collection for HD현대 (Rank 41 > 30)
Skipping news collection for 한미반도체 (Rank 42 > 30)
Skipping news collection for 삼성SDI (Rank 43 > 30)
Skipping news collection for 레인보우로보틱스 (Rank 44 > 30)
Saving 50 news items to E:\Downloads\Antigravity Project\ClosingSHIN\Scripts\results\news_report_20260304.csv...
Done.


[2026-03-04 16:17:46.963898] AI 뉴스 분석 스크립트 실행...
Reading news from E:\Downloads\Antigravity Project\ClosingSHIN\Scripts\results\news_report_20260304.csv...
Output will be saved to E:\Downloads\Antigravity Project\ClosingSHIN\Scripts\results\news_analysis_20260304.csv
Analyzing 50 articles...
[1/50] Analyzing 대우건설 - 중동 리스크에 건설사 '비상 모드'…공사중단에 철수 시...
[2/50] Analyzing 대우건설 - 국내 증시 변동성 확대…공매도 높은 이 종목 경고등...
[3/50] Analyzing 대우건설 - [단독]명일동 땅꺼짐 유가족, 결국 고소장 제출···“...
[4/50] Analyzing 일진전기 - "방사능 걱정 없는 멸균"... 이비테크, 전자가속기 ...
[5/50] Analyzing 일진전기 - [진단_전기장비업계 ⑥제룡전기] 담합 고발·한전 입찰 ...
[6/50] Analyzing 일진전기 - [주요공시] 3월 4일 오전...
[7/50] Analyzing 한화갤러리아 - [서울데이터랩]금일 코스피 거래량 1위 흥아해운 거래대...
[8/50] Analyzing 한화갤러리아 - 개정 상법 시행 앞둔 기업…주총서 경영권 방어막 도입 ...
[9/50] Analyzing 한화갤러리아 - [재계 조명] 재계의 상속자들 21 - 한화 그룹 차남...
[10/50] Analyzing 우리기술 - 서울시립대, 1904명 신입생 입학식 성료…'동문가족 ...
[11/50] Analyzing 우리기술 - [과학산책] AGI 시대 생존을 위한 산업 DX 역량...
[12/50] Analyzing 우리기술 - 건물 에너지 관리의 기준을 만드는 기업 – 제이와이이엔...
[13/50] Analyzing 화신 - 김준수, 붉은 광기로 객석 홀렸다…'칼로막베스'가 그린...
[14/50] Analyzing 화신 - 전기차 시대에도 끄떡없다… 오스템, 고부가가치 샤시로 ...
[15/50] Analyzing 화신 - [공시] 화신, 보통주 1주당 170원 현금배당 결정...
[16/50] Analyzing 에프앤가이드 - 바닥인 줄 알고 풀베팅했는데…"나 떨고 있니?" 개미들...
[17/50] Analyzing 에프앤가이드 - "목표가 비해 너무 싸다"…파마리서치·코웨이 관심...
[18/50] Analyzing 에프앤가이드 - 조정장 손실 줄이고 상승장 합류…2세대 커버드콜 인기 ...
[19/50] Analyzing 화승코퍼레이션 - 전기차 시대에도 끄떡없다… 오스템, 고부가가치 샤시로 ...
[20/50] Analyzing 화승코퍼레이션 - 영원무역·한세실업 OEM 강자들도 수출 전선 이상에 주...
[21/50] Analyzing 화승코퍼레이션 - 제60회 납세자의 날 모범납세자 포상명단...
[22/50] Analyzing 삼성E&A - 밸류업 성과 1위 '삼성E&A'...상하위권 양극화 심...
[23/50] Analyzing 삼성E&A - [2026 밸류업] ① 삼성E&A_ ESG 혁신·전향적...
[24/50] Analyzing 삼성E&A - 중동 리스크에 건설사 '비상 모드'…공사중단에 철수 시...
[25/50] Analyzing 한화에어로스페이스 - 이란 사태에 국내 증시 10% 넘게 ‘와르르’…코스피 ...
[26/50] Analyzing 한화에어로스페이스 - 위기는 기회…美·이란 전쟁 방산·해운 수혜 기대감...
[27/50] Analyzing 한화에어로스페이스 - 중동 전쟁 공포에 코스피 12%대 급락…장중 최대 낙폭...
[28/50] Analyzing 팬오션 - 수혜주가 없다…증시 패닉에 방산·해운주도 결국 '털썩'...
[29/50] Analyzing 팬오션 - "중동 쇼크 때마다 '이 종목' 불기둥"...투자 피난...
[30/50] Analyzing 팬오션 - 미국-이스라엘 갈등…방산·해운주 4일 연속 하락세, 한...
[31/50] Analyzing 큐라클 - [BIO게시판] 공장가동·특허출원·해외협력… 업계, 사...
[32/50] Analyzing 기가비스 - "반도체 깎는 칼 지킨다"… 그린리소스, 초고밀도 코팅...
[33/50] Analyzing 에이치엠넥스 - [서울데이터랩]금일 코스닥 거래량 1위 빅텍 거래대금 ...
[34/50] Analyzing 제이에스링크 - 오늘의 증시 일정(3월 4일)...
[35/50] Analyzing 코데즈컴바인 - [특징주] "美, 북한과 대화에 열려 있다"…남북경협주...
[36/50] Analyzing 성도이엔지 - 성도이엔지, 삼전·하닉 반도체 증설 수혜 기대에 급등...
[37/50] Analyzing 코오롱ENP - 코오롱글로벌, 이사회 새얼굴 대거 배치...체질 개선 ...
[38/50] Analyzing 미래에셋증권 - [단독]‘거래시간 연장’ 거래소 증권업계 의견 듣는다…...
[39/50] Analyzing 한전기술 - 나주 강소연구개발특구 올해 '2단계 특화발전' 본격 착...
[40/50] Analyzing S-Oil - 코스피 12% 폭락…9·11 테러 때보다 더 떨어졌다...
[41/50] Analyzing 엘에스일렉트릭 - 73년 만에 새 교명 제주 '한림항공우주고' 첫 입학식...
[42/50] Analyzing 한화시스템 - 위기는 기회…美·이란 전쟁 방산·해운 수혜 기대감...
[43/50] Analyzing 현대건설 - 중동 리스크에 건설사 '비상 모드'…공사중단에 철수 시...
[44/50] Analyzing 한화 - 코스피 급락하자 “설명할 시간 없어, 당장 내려!”…달...
[45/50] Analyzing 한국항공우주 - 미국–이란 전쟁, 원유 공급불안 직격탄맞은 한국 산업지...
[46/50] Analyzing 삼성전기 - 솔루엠, 에너지·ICT 솔루션 기업 전환…기업 가치 재...
[47/50] Analyzing 대원전선 - [공매도 브리핑] 3월 4일 거래대금 3,074억…삼성...
[48/50] Analyzing 퍼스텍 - 미-이란 충돌에 군비 경쟁 가속화…방산주로 쏠린 투심...
[49/50] Analyzing 피에스케이 - 이틀간 '12조' 던진 외국인…조용히 사들인 종목은 [...
[50/50] Analyzing 유진테크 - "삼전·닉스보다 더 올랐네"…올 들어 '150%' 급등...
Saving 50 analyzed items to E:\Downloads\Antigravity Project\ClosingSHIN\Scripts\results\news_analysis_20260304.csv...
Done.


[2026-03-04 16:20:07.282267] VCP 차트 생성 스크립트 실행...
Exception in thread Thread-5 (_readerthread):
Traceback (most recent call last):
  File "C:\Users\JUN\AppData\Local\Programs\Python\Python311\Lib\threading.py", line 1045, in _bootstrap_inner
    self.run()
  File "C:\Users\JUN\AppData\Local\Programs\Python\Python311\Lib\threading.py", line 982, in run
    self._target(*self._args, **self._kwargs)
  File "C:\Users\JUN\AppData\Local\Programs\Python\Python311\Lib\subprocess.py", line 1599, in _readerthread
    buffer.append(fh.read())
                  ^^^^^^^^^
  File "<frozen codecs>", line 322, in decode
UnicodeDecodeError: 'utf-8' codec can't decode byte 0xc2 in position 33: invalid continuation byte
None
[2026-03-04 16:21:44.274246] 모든 분석 및 데이터 생성 완료.
