[2026-03-26 16:53:40.406053] 자동 시장 데이터 동기화 체크 중...
[2026-03-26 16:53:44.114519] 동기화 확인 완료.
[2026-03-26 16:53:44.114519] VCP 통합 스캔 시작    # [0] 대상 선정 (Phase 1)
[2026-03-26 16:53:44.123036] 대상 종목 선별 작업 시작 (Batch 모드)...
  선정 기간: 20260109 ~ 20260324 (약 50거래일 기준)
[2026-03-26 16:53:44.152283] Naver Finance에서 종목 리스트 수집 중...
  Market 0 has 49 pages.
  Market 1 has 37 pages.
[PB Utils] Successfully fetched 4237 tickers from Naver Finance.
[2026-03-26 16:54:09.207279] 대상 선별 완료. (Batch 모드로 26분 -> 수 초로 단축)
[2026-03-26 16:54:09.242498] 스캔 대상 200개 상세 데이터 로딩 시작...
  - [10/200] 008600 065170 032820 900270 187660 242040 192410 047040 412350 221800 로딩 완료
  - [20/200] 036170 043260 000250 001510 038500 046970 331920 046120 001515 076610 로딩 완료
  - [30/200] 005090 290550 048410 129920 040160 440110 357580 327260 360350 092220 로딩 완료
  - [40/200] 357880 475150 010170 054620 019210 089230 291650 290660 036930 322000 로딩 완료
  - [50/200] 347700 006800 138080 226590 224060 024850 095340 088130 393890 003280 로딩 완료
  - [60/200] 007120 365270 131030 420770 033160 0120G0 027360 261780 131970 064850 로딩 완료
  - [70/200] 031980 289080 452260 085910 189860 127120 218410 000720 090470 095910 로딩 완료
  - [80/200] 027040 171090 078600 321550 230240 032500 178320 234340 003000 131290 로딩 완료
  - [90/200] 042520 077360 001820 130660 348340 001290 265740 323350 319660 241520 로딩 완료
  - [100/200] 100590 376900 353200 200710 289930 083650 196450 069540 106190 050890 로딩 완료
  - [110/200] 056090 005440 080580 092870 222080 240810 120110 044490 138490 056080 로딩 완료
  - [120/200] 900290 272110 456040 020000 380540 101000 321370 010060 217590 189300 로딩 완료
  - [130/200] 012210 089970 474610 101490 011930 052020 066310 009830 088280 298020 로딩 완료
  - [140/200] 058470 010120 085620 090710 010820 296640 219550 489790 086520 0093A0 로딩 완료
  - [150/200] 084870 124500 042700 123750 00680K 347770 073490 078020 083640 290720 로딩 완료
  - [160/200] 024800 012630 417200 272210 204610 000440 355690 046890 005960 099320 로딩 완료
  - [170/200] 448900 009150 004060 396300 238090 003030 037350 003240 006920 000210 로딩 완료
  - [180/200] 457990 160980 318060 065440 355150 039310 052690 082920 005680 098120 로딩 완료
  - [190/200] 252990 382800 098070 425420 323280 004960 127710 123330 089980 015260 로딩 완료
  - [200/200] 330860 005940 011700 388790 432470 088350 019540 007340 024060 363250 로딩 완료
[2026-03-26 16:54:39.518637] 상세 데이터 로딩 완료. (총 200개 캐싱됨)
 [1/200] 윌비스(008600): 이평선 역배열 (50>150>200 미충족) (제외) | 50일등락: 756.21%
 [2/200] 비엘팜텍(065170): 패턴 미완성 (제외)
 [3/200] 우리기술(032820): 패턴 미완성 (제외)
 [4/200] 헝셩그룹(900270): 이평선 역배열 (50>150>200 미충족) (제외) | 50일등락: 519.05%
 [5/200] 페니트리움바이오(187660): 패턴 미완성 (제외)
 [6/200] 나무기술(242040): 패턴 미완성 (제외)
 [7/200] 오늘이엔엠(192410): 이평선 역배열 (50>150>200 미충족) (제외) | 50일등락: 339.98%
 [8/200] 대우건설(047040): 패턴 미완성 (제외)
 [9/200] 레이저쎌(412350): 이평선 역배열 (50>150>200 미충족) (제외) | 50일등락: 330.42%
 [10/200] 유투바이오(221800): 패턴 미완성 (제외)
 -> [★발견★] 에이치엠넥스 (Market): 7회 수축, 마지막 10.2%, 점수 40 (RS 625.5), 피벗 5,480
 [12/200] 성호전자(043260): 패턴 미완성 (제외)
 [13/200] 삼천당제약(000250): 패턴 미완성 (제외)
 [14/200] SK증권(001510): 패턴 미완성 (제외)
 [15/200] 삼표시멘트(038500): 패턴 미완성 (제외)
 [16/200] 우리로(046970): 패턴 미완성 (제외)
 -> [★발견★] 셀레믹스 (Market): 5회 수축, 마지막 10.5%, 점수 20 (RS 301.7), 피벗 5,140
 [18/200] 오르비텍(046120): 패턴 미완성 (제외)
 [19/200] SK증권우(001515): 패턴 미완성 (제외)
 [20/200] 해성옵틱스(076610): 패턴 미완성 (제외)
 [21/200] SGC에너지(005090): 패턴 미완성 (제외)
 [22/200] 디케이티(290550): 패턴 미완성 (제외)
 [23/200] 현대바이오(048410): 패턴 미완성 (제외)
 [24/200] 대성하이텍(129920): 패턴 미완성 (제외)
 -> [★발견★] 누리플렉스 (Market): 6회 수축, 마지막 15.0%, 점수 40 (RS 283.0), 피벗 9,410
 [26/200] 파두(440110): 패턴 미완성 (제외)
 [27/200] 아모센스(357580): 패턴 미완성 (제외)
 -> [★발견★] RF머트리얼즈 (Market): 6회 수축, 마지막 11.5%, 점수 20 (RS 613.7), 피벗 25,550
 [29/200] 코셈(360350): 이평선 역배열 (50>150>200 미충족) (제외) | 50일등락: 162.02%
 -> [★발견★] KEC (Market): 9회 수축, 마지막 12.9%, 점수 20 (RS 241.4), 피벗 1,521
 [31/200] SKAI(357880): 이평선 역배열 (50>150>200 미충족) (제외) | 50일등락: 153.05%
 [32/200] SK이터닉스(475150): 패턴 미완성 (제외)
 [33/200] 대한광통신(010170): 1차 조정폭 과다 (제외)
 [34/200] APS(054620): 이평선 역배열 (50>150>200 미충족) (제외) | 50일등락: 145.89%
 [35/200] 와이지-원(019210): 패턴 미완성 (제외)
 [36/200] THE E&M(089230): 패턴 미완성 (제외)
 [37/200] 압타머사이언스(291650): 이평선 역배열 (50>150>200 미충족) (제외) | 50일등락: 136.6%
 [38/200] 네오펙트(290660): 이평선 역배열 (50>150>200 미충족) (제외) | 50일등락: 136.0%
 -> [★발견★] 주성엔지니어링 (Market): 5회 수축, 마지막 12.9%, 점수 20 (RS 262.6), 피벗 70,000
 -> [★발견★] HD현대에너지솔루션 (Market): 6회 수축, 마지막 13.2%, 점수 20 (RS 280.4), 피벗 89,600
 [41/200] 스피어(347700): 패턴 미완성 (제외)
 -> [★발견★] 미래에셋증권 (Market): 6회 수축, 마지막 14.1%, 점수 50 (RS 365.9), 피벗 71,091
 [43/200] 오이솔루션(138080): 패턴 미완성 (제외)
 [44/200] 엠디바이스(226590): 1차 조정폭 과다 (제외)
 [45/200] 더코디(224060): 패턴 미완성 (제외)
 [46/200] HLB이노베이션(024850): 패턴 미완성 (제외)
 [47/200] ISC(095340): 패턴 미완성 (제외)
 [48/200] 동아엘텍(088130): 패턴 미완성 (제외)
 [49/200] 더블유씨피(393890): 패턴 미완성 (제외)
 [50/200] 흥아해운(003280): 이평선 역배열 (50>150>200 미충족) (제외) | 50일등락: 115.53%
 [51/200] 미래아이앤지(007120): 패턴 미완성 (제외)
 -> [★발견★] 큐라클 (Market): 9회 수축, 마지막 13.7%, 점수 40 (RS 290.0), 피벗 19,710
 [53/200] 옵투스제약(131030): 패턴 미완성 (제외)
 -> [★발견★] 기가비스 (Market): 5회 수축, 마지막 9.6%, 점수 60 (RS 233.7), 피벗 77,400
 [55/200] 엠케이전자(033160): 패턴 미완성 (제외)
 [56/200] 삼양바이오팜(0120G0): 데이터 부족 (200일 미만) (제외) | 50일등락: 108.95%
 [57/200] 아주IB투자(027360): 패턴 미완성 (제외)
 [58/200] 차백신연구소(261780): 이평선 역배열 (50>150>200 미충족) (제외) | 50일등락: 108.41%
 [59/200] 두산테스나(131970): 패턴 미완성 (제외)
 [60/200] 에프앤가이드(064850): 패턴 미완성 (제외)
 -> [★발견★] 피에스케이홀딩스 (Market): 7회 수축, 마지막 13.5%, 점수 40 (RS 254.4), 피벗 117,300
 -> [★발견★] SV인베스트먼트 (Market): 7회 수축, 마지막 12.8%, 점수 50 (RS 198.8), 피벗 3,660
 [63/200] 한화갤러리아(452260): 패턴 미완성 (제외)
 [64/200] 네오티스(085910): 패턴 미완성 (제외)
 [65/200] 서전기전(189860): 이평선 역배열 (50>150>200 미충족) (제외) | 50일등락: 102.44%
 [66/200] 제이에스링크(127120): 패턴 미완성 (제외)
 [67/200] RFHIC(218410): 패턴 미완성 (제외)
 [68/200] 현대건설(000720): 패턴 미완성 (제외)
 [69/200] 제이스텍(090470): 패턴 미완성 (제외)
 [70/200] 에스에너지(095910): 이평선 역배열 (50>150>200 미충족) (제외) | 50일등락: 97.69%
 [71/200] 서울전자통신(027040): 이평선 역배열 (50>150>200 미충족) (제외) | 50일등락: 97.5%
 [72/200] 선익시스템(171090): 패턴 미완성 (제외)
 -> [★발견★] 대주전자재료 (Market): 6회 수축, 마지막 10.8%, 점수 20 (RS 160.9), 피벗 118,800
 [74/200] 티움바이오(321550): 패턴 미완성 (제외)
 [75/200] 에치에프알(230240): 이평선 역배열 (50>150>200 미충족) (제외) | 50일등락: 95.28%
 [76/200] 케이엠더블유(032500): 패턴 미완성 (제외)
 [77/200] 서진시스템(178320): 패턴 미완성 (제외)
 [78/200] 헥토파이낸셜(234340): 패턴 미완성 (제외)
 [79/200] 부광약품(003000): 패턴 미완성 (제외)
 [80/200] 티에스이(131290): 패턴 미완성 (제외)
 [81/200] 한스바이오메드(042520): 패턴 미완성 (제외)
 [82/200] 덕산하이메탈(077360): 패턴 미완성 (제외)
 [83/200] 삼화콘덴서(001820): 패턴 미완성 (제외)
 [84/200] 한전산업(130660): 패턴 미완성 (제외)
 [85/200] 뉴로메카(348340): 50일선 아래 (제외) | 50일등락: 90.68%
 [86/200] 상상인증권(001290): 패턴 미완성 (제외)
 -> [★발견★] 엔에프씨 (Market): 10회 수축, 마지막 13.7%, 점수 50 (RS 208.8), 피벗 9,400
 [88/200] 다원넥스뷰(323350): 패턴 미완성 (제외)
 [89/200] 피에스케이(319660): 패턴 미완성 (제외)
 [90/200] DSC인베스트먼트(241520): 패턴 미완성 (제외)
 -> [★발견★] 머큐리 (Market): 11회 수축, 마지막 14.9%, 점수 20 (RS 179.7), 피벗 5,180
 [92/200] 로킷헬스케어(376900): 패턴 미완성 (제외)
 -> [★발견★] 대덕전자 (Market): 9회 수축, 마지막 9.7%, 점수 40 (RS 311.2), 피벗 66,700
 -> [★발견★] 에이디테크놀로지 (Market): 6회 수축, 마지막 4.9%, 점수 50 (RS 268.4), 피벗 48,800
 [95/200] 웨이비스(289930): 패턴 미완성 (제외)
 [96/200] 비에이치아이(083650): 패턴 미완성 (제외)
 [97/200] 코아시아씨엠(196450): 패턴 미완성 (제외)
 [98/200] 빛과전자(069540): 이평선 역배열 (50>150>200 미충족) (제외) | 50일등락: 82.83%
 [99/200] 하이텍팜(106190): 패턴 미완성 (제외)
 [100/200] 쏠리드(050890): 패턴 미완성 (제외)
 [101/200] 시지메드텍(056090): 패턴 미완성 (제외)
 [102/200] 현대지에프홀딩스(005440): 패턴 미완성 (제외)
 [103/200] 오킨스전자(080580): 패턴 미완성 (제외)
 [104/200] 엑시콘(092870): 패턴 미완성 (제외)
 [105/200] 씨아이에스(222080): 패턴 미완성 (제외)
 [106/200] 원익IPS(240810): 패턴 미완성 (제외)
 -> [★발견★] 코오롱인더 (Market): 6회 수축, 마지막 11.3%, 점수 40 (RS 190.7), 피벗 75,000
 [108/200] 태웅(044490): 이평선 역배열 (50>150>200 미충족) (제외) | 50일등락: 78.4%
 -> [★발견★] 코오롱ENP (Market): 8회 수축, 마지막 8.3%, 점수 70 (RS 188.7), 피벗 13,800
 [110/200] 유진로봇(056080): 50일선 아래 (제외) | 50일등락: 77.78%
 [111/200] GRT(900290): 패턴 미완성 (제외)
 -> [★발견★] 케이엔제이 (Market): 7회 수축, 마지막 11.2%, 점수 40 (RS 178.3), 피벗 38,900
 [113/200] OCI(456040): 패턴 미완성 (제외)
 -> [★발견★] 한섬 (Market): 8회 수축, 마지막 2.7%, 점수 70 (RS 162.9), 피벗 24,200
 [115/200] 옵티코어(380540): 패턴 미완성 (제외)
 [116/200] KS인더스트리(101000): 200일선 아래 (제외) | 50일등락: 75.32%
 [117/200] 센서뷰(321370): 패턴 미완성 (제외)
 [118/200] OCI홀딩스(010060): 패턴 미완성 (제외)
 [119/200] 티엠씨(217590): 데이터 부족 (200일 미만) (제외) | 50일등락: 74.6%
 [120/200] 인텔리안테크(189300): 패턴 미완성 (제외)
 [121/200] 삼미금속(012210): 패턴 미완성 (제외)
 -> [★발견★] 브이엠 (Market): 7회 수축, 마지막 10.8%, 점수 40 (RS 304.4), 피벗 43,400
 [123/200] RF시스템즈(474610): 패턴 미완성 (제외)
 [124/200] 에스앤에스텍(101490): 패턴 미완성 (제외)
 [125/200] 신성이엔지(011930): 패턴 미완성 (제외)
 [126/200] 에스티큐브(052020): 패턴 미완성 (제외)
 [127/200] 큐에스아이(066310): 이평선 역배열 (50>150>200 미충족) (제외) | 50일등락: 72.51%
 [128/200] 한화솔루션(009830): 이평선 역배열 (50>150>200 미충족) (제외) | 50일등락: 72.41%
 [129/200] 쏘닉스(088280): 이평선 역배열 (50>150>200 미충족) (제외) | 50일등락: 71.27%
 [130/200] 효성티앤씨(298020): 패턴 미완성 (제외)
 [131/200] 리노공업(058470): 패턴 미완성 (제외)
 [132/200] LS ELECTRIC(010120): 패턴 미완성 (제외)
 [133/200] 미래에셋생명(085620): 패턴 미완성 (제외)
 [134/200] 휴림로봇(090710): 패턴 미완성 (제외)
 [135/200] 퍼스텍(010820): 패턴 미완성 (제외)
 [136/200] 이노룰스(296640): 이평선 역배열 (50>150>200 미충족) (제외) | 50일등락: 69.85%
 [137/200] 디와이디(219550): 이평선 역배열 (50>150>200 미충족) (제외) | 50일등락: 69.49%
 [138/200] 한화비전(489790): 패턴 미완성 (제외)
 [139/200] 에코프로(086520): 패턴 미완성 (제외)
 [140/200] RISE AI반도체TOP10(0093A0): 데이터 부족 (200일 미만) (제외) | 50일등락: 69.04%
 [141/200] TBH글로벌(084870): 패턴 미완성 (제외)
 [142/200] 아이티센글로벌(124500): 패턴 미완성 (제외)
 -> [★발견★] 한미반도체 (Market): 6회 수축, 마지막 11.1%, 점수 50 (RS 299.5), 피벗 333,500
 -> [★발견★] 알톤 (Market): 6회 수축, 마지막 6.4%, 점수 70 (RS 164.1), 피벗 2,405
 -> [★발견★] 미래에셋증권2우B (Market): 9회 수축, 마지막 10.7%, 점수 40 (RS 268.3), 피벗 21,900
 [146/200] 핌스(347770): 이평선 역배열 (50>150>200 미충족) (제외) | 50일등락: 67.13%
 [147/200] 이노와이어리스(073490): 패턴 미완성 (제외)
 [148/200] LS증권(078020): 패턴 미완성 (제외)
 [149/200] 인콘(083640): 이평선 역배열 (50>150>200 미충족) (제외) | 50일등락: 66.53%
 [150/200] 푸드나무(290720): 이평선 역배열 (50>150>200 미충족) (제외) | 50일등락: 66.24%
 [151/200] 유성티엔에스(024800): 이평선 역배열 (50>150>200 미충족) (제외) | 50일등락: 66.17%
 [152/200] HDC(012630): 이평선 역배열 (50>150>200 미충족) (제외) | 50일등락: 66.04%
 [153/200] LS머트리얼즈(417200): 패턴 미완성 (제외)
 [154/200] 한화시스템(272210): 패턴 미완성 (제외)
 [155/200] 티쓰리(204610): 이평선 역배열 (50>150>200 미충족) (제외) | 50일등락: 65.51%
 [156/200] 중앙에너비스(000440): 패턴 미완성 (제외)
 [157/200] 에이텀(355690): 이평선 역배열 (50>150>200 미충족) (제외) | 50일등락: 65.11%
 [158/200] 서울반도체(046890): 패턴 미완성 (제외)
 [159/200] 동부건설(005960): 패턴 미완성 (제외)
 [160/200] 쎄트렉아이(099320): 패턴 미완성 (제외)
 [161/200] 한국피아이엠(448900): 패턴 미완성 (제외)
 [162/200] 삼성전기(009150): 패턴 미완성 (제외)
 [163/200] SG세계물산(004060): 패턴 미완성 (제외)
 [164/200] 세아메카닉스(396300): 50일선 아래 (제외) | 50일등락: 64.13%
 [165/200] 앤디포스(238090): 이평선 역배열 (50>150>200 미충족) (제외) | 50일등락: 64.13%
 [166/200] 세아제강지주(003030): 이평선 역배열 (50>150>200 미충족) (제외) | 50일등락: 64.01%
 [167/200] 성도이엔지(037350): 패턴 미완성 (제외)
 [168/200] 태광산업(003240): 이평선 역배열 (50>150>200 미충족) (제외) | 50일등락: 63.57%
 [169/200] 모헨즈(006920): 패턴 미완성 (제외)
 [170/200] DL(000210): 이평선 역배열 (50>150>200 미충족) (제외) | 50일등락: 63.27%
 [171/200] PLUS 태양광&ESS(457990): 패턴 미완성 (제외)
 -> [★발견★] 싸이맥스 (Market): 7회 수축, 마지막 13.2%, 점수 20 (RS 179.0), 피벗 23,050
 [173/200] 그래피(318060): 데이터 부족 (200일 미만) (제외) | 50일등락: 62.39%
 [174/200] 이루온(065440): 이평선 역배열 (50>150>200 미충족) (제외) | 50일등락: 62.31%
 [175/200] 코스텍시스(355150): 패턴 미완성 (제외)
 [176/200] 세중(039310): 이평선 역배열 (50>150>200 미충족) (제외) | 50일등락: 62.09%
 -> [★발견★] 한전기술 (Market): 6회 수축, 마지막 11.2%, 점수 40 (RS 182.7), 피벗 177,700
 [178/200] 비츠로셀(082920): 패턴 미완성 (제외)
 [179/200] 삼영전자(005680): 이평선 역배열 (50>150>200 미충족) (제외) | 50일등락: 61.53%
 [180/200] 마이크로컨텍솔(098120): 패턴 미완성 (제외)
 [181/200] 샘씨엔에스(252990): 패턴 미완성 (제외)
 [182/200] 지앤비에스 에코(382800): 이평선 역배열 (50>150>200 미충족) (제외) | 50일등락: 60.51%
 [183/200] 한텍(098070): 이평선 역배열 (50>150>200 미충족) (제외) | 50일등락: 60.48%
 -> [★발견★] 티에프이 (Market): 8회 수축, 마지막 6.7%, 점수 40 (RS 206.0), 피벗 59,500
 [185/200] 태성(323280): 50일선 아래 (제외) | 50일등락: 59.74%
 [186/200] 한신공영(004960): 패턴 미완성 (제외)
 [187/200] 아시아경제(127710): 이평선 역배열 (50>150>200 미충족) (제외) | 50일등락: 59.0%
 [188/200] 제닉(123330): 이평선 역배열 (50>150>200 미충족) (제외) | 50일등락: 58.83%
 -> [★발견★] 상아프론테크 (Market): 7회 수축, 마지막 9.0%, 점수 40 (RS 137.8), 피벗 26,050
 [190/200] 에이엔피(015260): 패턴 미완성 (제외)
 [191/200] 네패스아크(330860): 패턴 미완성 (제외)
 [192/200] NH투자증권(005940): 패턴 미완성 (제외)
 [193/200] 한신기계(011700): 이평선 역배열 (50>150>200 미충족) (제외) | 50일등락: 57.59%
 [194/200] 라이콤(388790): 패턴 미완성 (제외)
 [195/200] 케이엔에스(432470): 50일선 아래 (제외) | 50일등락: 57.36%
 [196/200] 한화생명(088350): 패턴 미완성 (제외)
 [197/200] 일지테크(019540): 패턴 미완성 (제외)
 [198/200] DN오토모티브(007340): 패턴 미완성 (제외)
 [199/200] 흥구석유(024060): 패턴 미완성 (제외)
 [200/200] 진시스템(363250): 이평선 역배열 (50>150>200 미충족) (제외) | 50일등락: 56.4%

============================================================
 VCP 스캔 요약: 발견 29, 추세제외 52, 패턴제외 119, 에러 0
============================================================
[완료] 29개 PB 업로드 완료.
[2026-03-26 16:54:41.641632] 06_collect_stock_data.py 실행 중...
[2026-03-26 16:57:45.234503] 04_collect_news.py 실행 중...
[2026-03-26 16:58:41.564768] 05_analyze_news.py 실행 중...
[2026-03-26 17:00:54.043728] 03_visualize_vcp.py 실행 중...
