[2026-02-27 12:15:17.561906] VCP 통합 스캔 시작 (Target Date: 20260226)
[2026-02-27 12:15:17.562885] 대상 종목 선별 작업 시작...
기준 기간: 20251218 ~ 20260226 (약 50일)

[KOSPI] 데이터 수집 중...
[KOSPI] 상위 100개 선정 완료.
            종목명     등락률
티커                     
012200     계양전기  425.48
45226K  한화갤러리아우  276.47
006800   미래에셋증권  259.90
001510     SK증권  232.82
047040     대우건설  170.89

[KOSDAQ] 데이터 수집 중...
[KOSDAQ] 상위 100개 선정 완료.
          종목명     등락률
티커                   
065170   비엘팜텍  704.77
187660  현대ADM  643.82
476830  알지노믹스  531.11
221800  유투바이오  472.49
032820   우리기술  346.90

총 200개 선정 종목에 대해 VCP 스캔 진행 중...
 -> [발견] 한화갤러리아우 (KOSPI): 9진동, 마지막 9.7%, 점수 70 (Jump 50), 피벗 11,070 (+8.1%)
 -> [발견] 미래에셋증권 (KOSPI): 5진동, 마지막 5.6%, 점수 40 (Jump 60), 피벗 28,700 (-61.0%)
 -> [발견] 대우건설 (KOSPI): 5진동, 마지막 5.0%, 점수 50 (Jump 60), 피벗 3,835 (-61.8%)
 -> [발견] 미래에셋증권우 (KOSPI): 11진동, 마지막 14.4%, 점수 40 (Jump 50), 피벗 27,800 (+10.3%)
 -> [발견] 한미반도체 (KOSPI): 5진동, 마지막 11.3%, 점수 20 (Jump 10), 피벗 211,000 (-23.4%)
 -> [발견] 현대건설 (KOSPI): 6진동, 마지막 9.5%, 점수 40 (Jump 30), 피벗 109,200 (-32.6%)
 -> [발견] 미래에셋증권2우B (KOSPI): 8진동, 마지막 9.3%, 점수 40 (Jump 10), 피벗 22,700 (+3.6%)
 -> [발견] 한화갤러리아 (KOSPI): 9진동, 마지막 7.4%, 점수 40 (Jump 30), 피벗 2,235 (-29.2%)
 -> [발견] 현대약품 (KOSPI): 8진동, 마지막 10.7%, 점수 50 (Jump 50), 피벗 14,340 (+11.9%)
 -> [발견] 현대지에프홀딩스 (KOSPI): 4진동, 마지막 9.6%, 점수 60 (Jump 30), 피벗 8,750 (-47.3%)
 -> [발견] 자화전자 (KOSPI): 7진동, 마지막 8.9%, 점수 40 (Jump 30), 피벗 44,250 (+4.2%)
 -> [발견] 현대오토에버 (KOSPI): 7진동, 마지막 5.2%, 점수 40 (Jump 60), 피벗 456,000 (-9.7%)
 -> [발견] 한전기술 (KOSPI): 4진동, 마지막 4.4%, 점수 70 (Jump 60), 피벗 151,700 (-10.8%)
 -> [발견] 퍼스텍 (KOSPI): 9진동, 마지막 5.6%, 점수 40 (Jump 60), 피벗 4,840 (-30.7%)
 -> [발견] 디아이 (KOSPI): 8진동, 마지막 6.7%, 점수 60 (Jump 50), 피벗 37,200 (+1.6%)
 -> [발견] 삼성전기 (KOSPI): 5진동, 마지막 6.8%, 점수 40 (Jump 30), 피벗 292,000 (-37.4%)
 -> [발견] 효성티앤씨 (KOSPI): 7진동, 마지막 8.8%, 점수 40 (Jump 30), 피벗 414,500 (-0.8%)
 -> [발견] 삼성전자우 (KOSPI): 3진동, 마지막 6.8%, 점수 60 (Jump 30), 피벗 120,600 (-18.9%)
 -> [발견] 한국항공우주 (KOSPI): 7진동, 마지막 7.5%, 점수 60 (Jump 30), 피벗 171,200 (-6.9%)
 -> [발견] 한화 (KOSPI): 7진동, 마지막 7.9%, 점수 40 (Jump 30), 피벗 122,900 (-11.7%)
 -> [발견] LSELECTRIC (KOSPI): 8진동, 마지막 7.1%, 점수 40 (Jump 10), 피벗 539,000 (-32.9%)
 -> [발견] 신영증권 (KOSPI): 8진동, 마지막 7.3%, 점수 40 (Jump 30), 피벗 192,000 (-17.6%)
 -> [발견] 대원전선 (KOSPI): 10진동, 마지막 7.0%, 점수 40 (Jump 30), 피벗 3,830 (-40.2%)
 -> [발견] 화신 (KOSPI): 4진동, 마지막 9.1%, 점수 60 (Jump 30), 피벗 9,780 (-29.9%)
 -> [발견] KCC (KOSPI): 7진동, 마지막 3.8%, 점수 50 (Jump 60), 피벗 446,500 (-34.3%)
 -> [발견] 일진전기 (KOSPI): 4진동, 마지막 6.5%, 점수 60 (Jump 30), 피벗 63,500 (-28.6%)
 -> [발견] 한화생명 (KOSPI): 7진동, 마지막 5.8%, 점수 40 (Jump 60), 피벗 3,385 (-34.0%)
 -> [발견] 동부건설 (KOSPI): 5진동, 마지막 4.9%, 점수 50 (Jump 60), 피벗 5,520 (-40.6%)
 -> [발견] 팜스코 (KOSPI): 9진동, 마지막 5.3%, 점수 70 (Jump 80), 피벗 4,115 (+5.7%)
 -> [발견] 광동제약 (KOSPI): 5진동, 마지막 2.7%, 점수 50 (Jump 80), 피벗 5,850 (-38.7%)
 -> [발견] 삼성생명 (KOSPI): 7진동, 마지막 4.4%, 점수 50 (Jump 60), 피벗 165,400 (-30.8%)
 -> [발견] SK텔레콤 (KOSPI): 9진동, 마지막 7.4%, 점수 40 (Jump 30), 피벗 86,500 (+5.1%)
 -> [발견] 삼성EA (KOSPI): 8진동, 마지막 4.2%, 점수 50 (Jump 40), 피벗 32,150 (-17.5%)
 -> [발견] DB증권 (KOSPI): 6진동, 마지막 5.8%, 점수 40 (Jump 60), 피벗 13,600 (-16.0%)
 -> [발견] 에이플러스에셋 (KOSPI): 6진동, 마지막 4.5%, 점수 70 (Jump 80), 피벗 11,000 (-23.8%)
 -> [발견] 삼성SDI (KOSPI): 5진동, 마지막 10.2%, 점수 20 (Jump 30), 피벗 396,500 (-11.7%)
 -> [발견] 카카오페이 (KOSPI): 8진동, 마지막 10.1%, 점수 20 (Jump 30), 피벗 68,600 (+0.4%)
 -> [발견] 현대ADM (KOSDAQ): 6진동, 마지막 11.2%, 점수 20 (Jump 30), 피벗 3,380 (-81.9%)
 -> [발견] 유투바이오 (KOSDAQ): 6진동, 마지막 10.2%, 점수 20 (Jump 30), 피벗 4,990 (-81.4%)
 -> [발견] 우리기술 (KOSDAQ): 5진동, 마지막 10.1%, 점수 20 (Jump 30), 피벗 4,045 (-75.6%)
 -> [발견] 스피어 (KOSDAQ): 6진동, 마지막 11.3%, 점수 20 (Jump 30), 피벗 19,250 (-54.5%)
 -> [발견] 에이치엠넥스 (KOSDAQ): 7진동, 마지막 9.9%, 점수 40 (Jump 30), 피벗 1,798 (-30.7%)
 -> [발견] DXVX (KOSDAQ): 8진동, 마지막 9.3%, 점수 70 (Jump 50), 피벗 4,090 (-15.2%)
 -> [발견] 다원넥스뷰 (KOSDAQ): 8진동, 마지막 13.1%, 점수 20 (Jump 30), 피벗 9,700 (-34.5%)
 -> [발견] 큐라클 (KOSDAQ): 9진동, 마지막 5.2%, 점수 40 (Jump 60), 피벗 12,780 (-26.8%)
 -> [발견] 휴림로봇 (KOSDAQ): 8진동, 마지막 4.6%, 점수 80 (Jump 80), 피벗 14,670 (-2.5%)
 -> [발견] DSC인베스트먼트 (KOSDAQ): 7진동, 마지막 9.5%, 점수 40 (Jump 30), 피벗 7,920 (-55.6%)
 -> [발견] 에프앤가이드 (KOSDAQ): 7진동, 마지막 3.9%, 점수 50 (Jump 60), 피벗 9,050 (-59.4%)
 -> [발견] 선익시스템 (KOSDAQ): 5진동, 마지막 10.5%, 점수 20 (Jump 30), 피벗 64,800 (-50.1%)
 -> [발견] 기가비스 (KOSDAQ): 4진동, 마지막 11.8%, 점수 40 (Jump 30), 피벗 65,100 (-7.8%)
 -> [발견] 엑시콘 (KOSDAQ): 7진동, 마지막 5.6%, 점수 40 (Jump 60), 피벗 28,350 (-14.7%)
 -> [발견] 제이에스링크 (KOSDAQ): 8진동, 마지막 7.7%, 점수 40 (Jump 30), 피벗 31,050 (-15.4%)
 -> [발견] 덕산하이메탈 (KOSDAQ): 10진동, 마지막 12.4%, 점수 20 (Jump 10), 피벗 11,900 (-5.8%)
 -> [발견] 케어젠 (KOSDAQ): 8진동, 마지막 8.6%, 점수 40 (Jump 30), 피벗 126,000 (-9.7%)
 -> [발견] 삼보모터스 (KOSDAQ): 8진동, 마지막 13.7%, 점수 40 (Jump 50), 피벗 8,300 (+0.7%)
 -> [발견] 저스템 (KOSDAQ): 7진동, 마지막 12.9%, 점수 20 (Jump 30), 피벗 7,500 (-2.0%)
 -> [발견] SFA반도체 (KOSDAQ): 8진동, 마지막 12.1%, 점수 20 (Jump 10), 피벗 7,840 (-6.0%)
 -> [발견] 에스앤에스텍 (KOSDAQ): 6진동, 마지막 6.4%, 점수 60 (Jump 50), 피벗 93,700 (+0.2%)
 -> [발견] 피에스케이 (KOSDAQ): 7진동, 마지막 12.7%, 점수 20 (Jump 10), 피벗 61,500 (-6.0%)
 -> [발견] 삼양엔씨켐 (KOSDAQ): 4진동, 마지막 14.7%, 점수 60 (Jump 50), 피벗 14,425 (-27.0%)
 -> [발견] RF머트리얼즈 (KOSDAQ): 6진동, 마지막 11.5%, 점수 20 (Jump 30), 피벗 25,550 (-39.5%)
 -> [발견] 펨트론 (KOSDAQ): 8진동, 마지막 9.0%, 점수 40 (Jump 30), 피벗 18,950 (-39.9%)
 -> [발견] 레인보우로보틱스 (KOSDAQ): 7진동, 마지막 13.4%, 점수 40 (Jump 30), 피벗 760,000 (-13.6%)
 -> [발견] 네오셈 (KOSDAQ): 7진동, 마지막 14.6%, 점수 20 (Jump 10), 피벗 18,770 (+1.6%)
 -> [발견] 풍원정밀 (KOSDAQ): 8진동, 마지막 5.6%, 점수 40 (Jump 60), 피벗 14,600 (-17.4%)
 -> [발견] 테스 (KOSDAQ): 7진동, 마지막 11.1%, 점수 20 (Jump 30), 피벗 72,200 (-4.5%)
 -> [발견] 씨아이에스 (KOSDAQ): 6진동, 마지막 5.6%, 점수 40 (Jump 60), 피벗 6,990 (-49.4%)
 -> [발견] 제노코 (KOSDAQ): 8진동, 마지막 10.7%, 점수 40 (Jump 30), 피벗 31,700 (+12.0%)
 -> [발견] 와토스코리아 (KOSDAQ): 8진동, 마지막 6.0%, 점수 40 (Jump 30), 피벗 7,000 (-37.6%)
 -> [발견] 유진테크 (KOSDAQ): 6진동, 마지막 13.1%, 점수 20 (Jump 30), 피벗 111,000 (-19.4%)
 -> [발견] NHN벅스 (KOSDAQ): 10진동, 마지막 13.8%, 점수 40 (Jump 50), 피벗 6,290 (+16.1%)
 -> [발견] 프로텍 (KOSDAQ): 7진동, 마지막 5.0%, 점수 50 (Jump 60), 피벗 37,200 (-39.0%)
 -> [발견] 코아시아씨엠 (KOSDAQ): 7진동, 마지막 10.5%, 점수 40 (Jump 50), 피벗 1,056 (-26.7%)

[완료] 73개 VCP 후보 종목 추출 완료.
결과 파일: E:\Downloads\Antigravity Project\ClosingSHIN\Scripts\results\vcp_report_20260226.csv

[2026-02-27 12:15:51.072799] 후속 데이터 수집 스크립트 자동 실행 (Target: 73개)
Command: E:\Downloads\Antigravity Project\ClosingSHIN\venv\Scripts\pythonw.exe E:\Downloads\Antigravity Project\ClosingSHIN\Scripts\06_collect_stock_data.py --date 20260226 --parent
[2026-02-27 12:19:51.805355] 후속 데이터 수집 및 병합 완료.

[2026-02-27 12:19:51.805721] 뉴스 데이터 수집 스크립트 실행...
Target Date (Anchor): 2026-02-26 23:59:59+09:00
Reading target list from E:\Downloads\Antigravity Project\ClosingSHIN\Scripts\results\vcp_report_20260226.csv...
Output will be saved to E:\Downloads\Antigravity Project\ClosingSHIN\Scripts\results\news_report_20260226.csv
Fetching news for 휴림로봇 (090710)...
  -> Found 11 valid articles. Selected top 3.
Fetching news for 한화갤러리아우 (45226K)...
  -> Found 11 valid articles. Selected top 3.
Fetching news for 한전기술 (052690)...
  -> Found 9 valid articles. Selected top 3.
Fetching news for 에이플러스에셋 (244920)...
  -> Found 5 valid articles. Selected top 3.
Fetching news for 팜스코 (036580)...
  -> Found 8 valid articles. Selected top 3.
Fetching news for DXVX (180400)...
  -> Found 10 valid articles. Selected top 3.
Fetching news for 에스앤에스텍 (101490)...
  -> Found 17 valid articles. Selected top 3.
Fetching news for 화신 (010690)...
  -> Found 14 valid articles. Selected top 3.
Fetching news for 한국항공우주 (047810)...
  -> Found 0 valid articles. Selected top 0.
Fetching news for 삼성전자우 (005935)...
  -> Found 0 valid articles. Selected top 0.
Fetching news for 삼양엔씨켐 (482630)...
  -> Found 10 valid articles. Selected top 3.
Fetching news for 디아이 (003160)...
  -> Found 17 valid articles. Selected top 3.
Fetching news for 일진전기 (103590)...
  -> Found 13 valid articles. Selected top 3.
Fetching news for 현대지에프홀딩스 (005440)...
  -> Found 10 valid articles. Selected top 3.
Fetching news for 프로텍 (053610)...
  -> Found 15 valid articles. Selected top 3.
Fetching news for KCC (002380)...
  -> Found 10 valid articles. Selected top 3.
Fetching news for 대우건설 (047040)...
  -> Found 0 valid articles. Selected top 0.
Fetching news for 동부건설 (005960)...
  -> Found 15 valid articles. Selected top 3.
Fetching news for 현대약품 (004310)...
  -> Found 6 valid articles. Selected top 3.
Fetching news for 삼성EA (028050)...
  -> Found 3 valid articles. Selected top 3.
Fetching news for 에프앤가이드 (064850)...
  -> Found 14 valid articles. Selected top 3.
Fetching news for 삼성생명 (032830)...
  -> Found 0 valid articles. Selected top 0.
Fetching news for 광동제약 (009290)...
  -> Found 7 valid articles. Selected top 3.
Fetching news for 제노코 (361390)...
  -> Found 12 valid articles. Selected top 3.
Fetching news for DSC인베스트먼트 (241520)...
  -> Found 14 valid articles. Selected top 3.
Fetching news for 큐라클 (365270)...
  -> Found 16 valid articles. Selected top 3.
Fetching news for NHN벅스 (104200)...
  -> Found 2 valid articles. Selected top 2.
Fetching news for 엑시콘 (092870)...
  -> Found 8 valid articles. Selected top 3.
Fetching news for 기가비스 (420770)...
  -> Found 12 valid articles. Selected top 3.
Fetching news for 씨아이에스 (222080)...
  -> Found 18 valid articles. Selected top 3.
Fetching news for 제이에스링크 (127120)...
  -> Found 18 valid articles. Selected top 3.
Fetching news for 케어젠 (214370)...
  -> Found 0 valid articles. Selected top 0.
Fetching news for 에이치엠넥스 (036170)...
  -> Found 19 valid articles. Selected top 3.
Fetching news for 펨트론 (168360)...
  -> Found 16 valid articles. Selected top 3.
Fetching news for 와토스코리아 (079000)...
  -> Found 14 valid articles. Selected top 3.
Fetching news for 레인보우로보틱스 (277810)...
  -> Found 0 valid articles. Selected top 0.
Fetching news for 풍원정밀 (371950)...
  -> Found 11 valid articles. Selected top 3.
Fetching news for 삼보모터스 (053700)...
  -> Found 19 valid articles. Selected top 3.
Fetching news for 코아시아씨엠 (196450)...
  -> Found 9 valid articles. Selected top 3.
Fetching news for 대원전선 (006340)...
  -> Found 7 valid articles. Selected top 3.
Fetching news for 한화생명 (088350)...
  -> Found 2 valid articles. Selected top 2.
Fetching news for 삼성전기 (009150)...
  -> Found 5 valid articles. Selected top 3.
Fetching news for 효성티앤씨 (298020)...
  -> Found 6 valid articles. Selected top 3.
Fetching news for 자화전자 (033240)...
  -> Found 15 valid articles. Selected top 3.
Fetching news for 한화 (000880)...
  -> Found 0 valid articles. Selected top 0.
Fetching news for LSELECTRIC (010120)...
  -> Found 20 valid articles. Selected top 3.
Fetching news for 한화갤러리아 (452260)...
  -> Found 18 valid articles. Selected top 3.
Fetching news for 신영증권 (001720)...
  -> Found 9 valid articles. Selected top 3.
Fetching news for 퍼스텍 (010820)...
  -> Found 18 valid articles. Selected top 3.
Fetching news for 현대오토에버 (307950)...
  -> Found 10 valid articles. Selected top 3.
Fetching news for 미래에셋증권2우B (00680K)...
  -> Found 14 valid articles. Selected top 3.
Fetching news for SK텔레콤 (017670)...
  -> Found 0 valid articles. Selected top 0.
Fetching news for DB증권 (016610)...
  -> Found 0 valid articles. Selected top 0.
Fetching news for 현대건설 (000720)...
  -> Found 0 valid articles. Selected top 0.
Fetching news for 미래에셋증권 (006800)...
  -> Found 0 valid articles. Selected top 0.
Fetching news for 미래에셋증권우 (006805)...
  -> Found 17 valid articles. Selected top 3.
Fetching news for 테스 (095610)...
  -> Found 0 valid articles. Selected top 0.
Fetching news for 유진테크 (084370)...
  -> Found 17 valid articles. Selected top 3.
Fetching news for 한미반도체 (042700)...
  -> Found 0 valid articles. Selected top 0.
Fetching news for 네오셈 (253590)...
  -> Found 12 valid articles. Selected top 3.
Fetching news for 우리기술 (032820)...
  -> Found 0 valid articles. Selected top 0.
Fetching news for SFA반도체 (036540)...
  -> Found 12 valid articles. Selected top 3.
Fetching news for RF머트리얼즈 (327260)...
  -> Found 16 valid articles. Selected top 3.
Fetching news for 피에스케이 (319660)...
  -> Found 15 valid articles. Selected top 3.
Fetching news for 스피어 (347700)...
  -> Found 7 valid articles. Selected top 3.
Fetching news for 저스템 (417840)...
  -> Found 8 valid articles. Selected top 3.
Fetching news for 덕산하이메탈 (077360)...
  -> Found 16 valid articles. Selected top 3.
Fetching news for 선익시스템 (171090)...
  -> Found 13 valid articles. Selected top 3.
Fetching news for 삼성SDI (006400)...
  -> Found 0 valid articles. Selected top 0.
Fetching news for 다원넥스뷰 (323350)...
  -> Found 10 valid articles. Selected top 3.
Fetching news for 현대ADM (187660)...
  -> Found 13 valid articles. Selected top 3.
Fetching news for 유투바이오 (221800)...
  -> Found 17 valid articles. Selected top 3.
Fetching news for 카카오페이 (377300)...
  -> Found 0 valid articles. Selected top 0.
Saving 169 news items to E:\Downloads\Antigravity Project\ClosingSHIN\Scripts\results\news_report_20260226.csv...
Done.


[2026-02-27 12:20:10.537730] AI 뉴스 분석 스크립트 실행...
Reading news from E:\Downloads\Antigravity Project\ClosingSHIN\Scripts\results\news_report_20260226.csv...
Output will be saved to E:\Downloads\Antigravity Project\ClosingSHIN\Scripts\results\news_analysis_20260226.csv
Analyzing 169 articles...
[1/169] Analyzing 휴림로봇 - [공시속보] 휴림로봇, 투자경고종목 해제→투자주의종목 ...
[2/169] Analyzing 휴림로봇 - [주식마감] 유럽 제약사와 5조원대 계약에 삼천당제약 ...
[3/169] Analyzing 휴림로봇 - 코스닥 '급등'...제주반도체 · 에코프로 · 삼천당제...
[4/169] Analyzing 한화갤러리아우 - [특징주] 카카오, '6만 카카오' 탈환… 외인·기관 ...
[5/169] Analyzing 한화갤러리아우 - [주식마감] 현대차 강세에 계양전기 상한가... 참엔지...
[6/169] Analyzing 한화갤러리아우 - [이격도과열 종목] 경남제약·엠에스오토텍· 얼라인드 떡...
[7/169] Analyzing 한전기술 - [코스피 지수선물 옵션] 한미반도체·LS ELECTRI...
[8/169] Analyzing 한전기술 - [리스트] MVP 상위 20선...엔에프씨, 티에프이 ...
[9/169] Analyzing 한전기술 - 반도체 이어 ‘증권·원전·방산·이차전지’ 랠리⋯순환매로...
[10/169] Analyzing 에이플러스에셋 - [52주] 최고가 81개, 최저가 28개... 코스피 ...
[11/169] Analyzing 에이플러스에셋 - 더존비즈온 ,공개매수 돌입…올해 첫 성공 사례될까...
[12/169] Analyzing 에이플러스에셋 - [주간 보험 이슈] 보험사에도 행동주의 펀드 목소리…얼...
[13/169] Analyzing 팜스코 - 농기계조합, 스마트농업 진출·KIEMSTA 총력...
[14/169] Analyzing 팜스코 - 팜스코 최대주주 하림지주, 팜스코 주식등의 수 변동 없...
[15/169] Analyzing 팜스코 - "발효공학이 살린 수익성"...이지바이오, 고부가가치 ...
[16/169] Analyzing DXVX - 임종윤의 지분 매각… DXVX 재무 안정화 위한 노력...
[17/169] Analyzing DXVX - '4자 연합' 균열 조짐' 한미약품, 신동국 이사회로 ...
[18/169] Analyzing DXVX - [한미약품 내홍②] 대주주 신동국 회장의 지분 확대 속...
[19/169] Analyzing 에스앤에스텍 - '몸값-체력' 괴리…매출·이익 증가율은 10% 안팎...
[20/169] Analyzing 에스앤에스텍 - ‘금융·원전·반도체’ K증시 이끈다…신고가 속출 랠리 ...
[21/169] Analyzing 에스앤에스텍 - 반도체 재료·부품 관련주, '덩실덩실' KEC·제이아이...
[22/169] Analyzing 화신 - 청년 인재 키우고 해외 취업 돕는 산업인력공단 [진짜 ...
[23/169] Analyzing 화신 - SNK '아랑전설 시티 오브 더 울브스' 시즌 2 캐릭...
[24/169] Analyzing 화신 - 한승민 대경바스컴 대표 '조달청장상' 수상...
[25/169] Analyzing 삼양엔씨켐 - 반도체 재료·부품 관련주, '덩실덩실' KEC·제이아이...
[26/169] Analyzing 삼양엔씨켐 - 반도체 진공 기술이 핵심…엔투텍, 장비 국산화로 '승부...
[27/169] Analyzing 삼양엔씨켐 - 글로벌 자동차사도 러브콜... KEC, 전장용 반도체 ...
[28/169] Analyzing 디아이 - 반도체ETF에 연일 뭉칫돈 … 삼전·하이닉스 시총 2천...
[29/169] Analyzing 디아이 - 시스템반도체 관련주, '룰루랄라 콧노래' 엠디바이스·한...
[30/169] Analyzing 디아이 - [질문에 답하다] 네이버·카카오 AI는 정말 생활을 바...
[31/169] Analyzing 일진전기 - [특징주 & 리포트] 'LS일렉 등 전력기기주 강세' ...
[32/169] Analyzing 일진전기 - [특징주] AI데이터센터 정책 기대에 전력기기주 급등…...
[33/169] Analyzing 일진전기 - [특징주] 일진전기, AI 데이터센터 지원 본격화 기대...
[34/169] Analyzing 현대지에프홀딩스 - 유통家 오너들 배당금 '껑충'... 신동빈 297억∙정...
[35/169] Analyzing 현대지에프홀딩스 - 밸류업 가속 유통家, 빅3 오너 배당금도 '껑충'...
[36/169] Analyzing 현대지에프홀딩스 - 자사주 1년 내 소각 의무화…유통업계, '자사주 소각·...
[37/169] Analyzing 프로텍 - 성장금융, 400억 K-방산펀드 GP에 한화운용 낙점...
[38/169] Analyzing 프로텍 - 국민의힘 충북도당, 공천관리위원회 12명 구성…외부 인...
[39/169] Analyzing 프로텍 - 외국산 독점 깬 '계측 장비 국산화' 신화…오로스테크,...
[40/169] Analyzing KCC - 경쟁사 지분 사들이자 … 요동치는 주가...
[41/169] Analyzing KCC - 아우디 코리아, KCC 오토그룹 신규 공식 딜러사 선정...
[42/169] Analyzing KCC - 국회 본회의, 野주도 ‘법왜곡죄’ 의결...‘재판소원제...
[43/169] Analyzing 동부건설 - 가덕도신공항 부지공사, 대우건설 컨소 수의계약 공기 1...
[44/169] Analyzing 동부건설 - [공시속보] 동부건설, 15일간 주가 76.95% 급등...
[45/169] Analyzing 동부건설 - 가덕도신공항 부지 조성 떠안을 대우건설, 잘 해낼 수 ...
[46/169] Analyzing 현대약품 - 신풍제약, 자사주 77만여주 소각·296억 원 규모 현...
[47/169] Analyzing 현대약품 - [HIT알공] 신풍제약, 현대약품 주식 296억원 규모...
[48/169] Analyzing 현대약품 - [주요공시] 2월 26일 오후...
[49/169] Analyzing 삼성EA - 삼성E&A, 24억달러짜리 대규모 해외 화공플랜트 수주...
[50/169] Analyzing 삼성EA - 현대차증권 "삼성SDI, 보유지분 가치 현실화 기대.....
[51/169] Analyzing 삼성EA - [단독]삼성E&A, 아제르바이잔 국영 SOCAR와 MO...
[52/169] Analyzing 에프앤가이드 - '국내주식 자동매도' 중단한 국민연금 … 삼전닉스 평가...
[53/169] Analyzing 에프앤가이드 - 에프앤가이드 지수추종 ETF 순자산 50조로...
[54/169] Analyzing 에프앤가이드 - 삼성·SK그룹 시총 비중 61%…반도체 투톱 랠리에 ‘...
[55/169] Analyzing 광동제약 - [인사] 광동제약...
[56/169] Analyzing 광동제약 - 광동제약 인사...
[57/169] Analyzing 광동제약 - 광동제약, 이승재 생산본부장 선임… "품질 경쟁력 강화...
[58/169] Analyzing 제노코 - "스페이스X가 연 민간 우주시장...국내 기업에도 기회...
[59/169] Analyzing 제노코 - 제노코, 매출 596억 달성… 한국항공우주와 시너지 본...
[60/169] Analyzing 제노코 - 탑재체부터 지상국 S/W까지 싹쓸이…우주 강국 이끄는 ...
[61/169] Analyzing DSC인베스트먼트 - 진에딧, 브리즈바이오로 사명 변경…360억 프리IPO ...
[62/169] Analyzing DSC인베스트먼트 - 두나무, 기업 가치 상승에 국내외 영역 확장 나서-업계...
[63/169] Analyzing DSC인베스트먼트 - DSC인베스트먼트 주가, 2월 26일 17,850원 1...
[64/169] Analyzing 큐라클 - 오늘의 메모[2월 25일]...
[65/169] Analyzing 큐라클 - [52주] 최고가 81개, 최저가 28개... 코스피 ...
[66/169] Analyzing 큐라클 - [이격도과열 종목] 경남제약·엠에스오토텍· 얼라인드 떡...
[67/169] Analyzing NHN벅스 - K-영상의 마법사 M83, 설립 6년 만에 글로벌 'V...
[68/169] Analyzing NHN벅스 - '손안의 결제'가 효자네… 다날·KG모빌리언스 동반 상...
[69/169] Analyzing 엑시콘 - 외국산 독점 깬 '계측 장비 국산화' 신화…오로스테크,...
[70/169] Analyzing 엑시콘 - 반도체 진공 기술이 핵심…엔투텍, 장비 국산화로 '승부...
[71/169] Analyzing 엑시콘 - 반도체 장비 관련주, '함박웃음' 에이치엠넥스·저스템·...
[72/169] Analyzing 기가비스 - 외국산 독점 깬 '계측 장비 국산화' 신화…오로스테크,...
[73/169] Analyzing 기가비스 - 반도체 진공 기술이 핵심…엔투텍, 장비 국산화로 '승부...
[74/169] Analyzing 기가비스 - [52주] 최고가 98개, 최저가 11개... 코스피 ...
[75/169] Analyzing 씨아이에스 - "AI시대 신시장 선점하라"…세계로 뛰는 혁신기술 군단...
[76/169] Analyzing 씨아이에스 - 전극공정 장비 제조 24년 노하우…하이브리드 건조로 '...
[77/169] Analyzing 씨아이에스 - 씨아이에스, 전극 공정 국산화 주역…'건식·전고체 배터...
[78/169] Analyzing 제이에스링크 - 카카오 42억 베팅…SKT도 집중 매수...
[79/169] Analyzing 제이에스링크 - 10억 넘는 자산가들 계좌 봤더니…조용히 쓸어담은 종목...
[80/169] Analyzing 제이에스링크 - "항생제 내성균 꼼짝마"…인트론바이오, 박테리오파지 기...
[81/169] Analyzing 에이치엠넥스 - 외국산 독점 깬 '계측 장비 국산화' 신화…오로스테크,...
[82/169] Analyzing 에이치엠넥스 - 세계 최초 실리콘렌즈의 힘…아이엘, 자동차 램프 수직계...
[83/169] Analyzing 에이치엠넥스 - 서울반도체·바이오시스 주가 떡상랠리... 디스플레이 업...
[84/169] Analyzing 펨트론 - [상한가 종목] 상상인증권-삼천당제약 이어 인트론바이오...
[85/169] Analyzing 펨트론 - [공시속보] 펨트론, 15일간 급등 소수계좌 매수 과다...
[86/169] Analyzing 펨트론 - [주식마감] 유럽 제약사와 5조원대 계약에 삼천당제약 ...
[87/169] Analyzing 와토스코리아 - [공시속보] 와토스코리아, 투자경고종목 지정예고→주가 ...
[88/169] Analyzing 와토스코리아 - [이격도과열 종목] 경남제약·엠에스오토텍· 얼라인드 떡...
[89/169] Analyzing 와토스코리아 - 와토스코리아, 제조부터 A/S까지 일관 체계 구축......
[90/169] Analyzing 풍원정밀 - 세계 최초 실리콘렌즈의 힘…아이엘, 자동차 램프 수직계...
[91/169] Analyzing 풍원정밀 - "카피 제품은 발 못 붙인다"... 서울반도체, 철벽 ...
[92/169] Analyzing 풍원정밀 - "바닥 다졌다"…예선테크, 특허 쏟아지는 'FSPM' ...
[93/169] Analyzing 삼보모터스 - 전기차 관련주, '덩실덩실' 엠에스오토텍·계양전기·모베...
[94/169] Analyzing 삼보모터스 - 수소차 관련주, '웃음꽃' 지아이텍·유일에너테크·뉴인텍...
[95/169] Analyzing 삼보모터스 - 자율주행차 관련주, '맑고 쾌청' KG모빌리티·슈어소프...
[96/169] Analyzing 코아시아씨엠 - 스마트폰 렌즈의 '심장' 잡았다…재영솔루텍, 독보적 구...
[97/169] Analyzing 코아시아씨엠 - [공시속보] 코아시아씨엠, 소수계좌 집중 매수→투자주의...
[98/169] Analyzing 코아시아씨엠 - LK삼양, 광학 기술 기반 화재 감지 솔루션 시장 공략...
[99/169] Analyzing 대원전선 - [주식마감] 유럽 제약사와 5조원대 계약에 삼천당제약 ...
[100/169] Analyzing 대원전선 - [이격도과열 종목] 인트론바이오 젠큐릭스 상상인증권 삼...
[101/169] Analyzing 대원전선 - 대원전선 주가, 26일 장중 6,440원 4.04% 상...
[102/169] Analyzing 한화생명 - 베트남 호치민에 최고사양 'K-PC방' 떴다...농심 ...
[103/169] Analyzing 한화생명 - [주식마감] 유럽 제약사와 5조원대 계약에 삼천당제약 ...
[104/169] Analyzing 삼성전기 - 박영선·문무일·백준호 등 연사…서강대 ‘공감의 시대’ ...
[105/169] Analyzing 삼성전기 - 글래스돔, 글로벌 규제 대응 통합 탄소관리 플랫폼 정식...
[106/169] Analyzing 삼성전기 - 삼성전기 부산사업장 장관상…대·중소기업 상생협력 우수...
[107/169] Analyzing 효성티앤씨 - 글래스돔, 글로벌 규제 대응 통합 탄소관리 플랫폼 정식...
[108/169] Analyzing 효성티앤씨 - 효성티앤씨, 이창황·유영환 각자 대표 내정...
[109/169] Analyzing 효성티앤씨 - [주총] 효성티앤씨, 각자대표 체제 전환..섬유·무역 ...
[110/169] Analyzing 자화전자 - 옵티코어·코셋 급등... 통신장비 하락장 속 광통신株 ...
[111/169] Analyzing 자화전자 - 2월 25일 주식시장 주요공시...
[112/169] Analyzing 자화전자 - [주요공시] 2월 25일 오후...
[113/169] Analyzing LSELECTRIC - 반도체·자동차 쌍끌이 장세…코스피도 6300 뚫었다 [...
[114/169] Analyzing LSELECTRIC - KOSPI 200 Closing Price List-1...
[115/169] Analyzing LSELECTRIC - 코스피 6300선도 넘었다… 삼성전자·SK하이닉스 7%...
[116/169] Analyzing 한화갤러리아 - “샤넬신발 팔던 곳이네”…명품관 진출한 무신사, 압구정...
[117/169] Analyzing 한화갤러리아 - 한화갤러리아, 명품 브랜드 이탈 움직임에 ‘비상’…광교...
[118/169] Analyzing 한화갤러리아 - 방산 날고 금융 멈칫…한화 김동관·김동원, 엇갈린 성적...
[119/169] Analyzing 신영증권 - 3차 상법 개정안 통과…압박 커진 기업들 자사주 소각 ...
[120/169] Analyzing 신영증권 - [2월26일 인사종합] 국무조정실·국무총리비서실 외...
[121/169] Analyzing 신영증권 - [업앤다운]증권주 상승…한화투자증권↑·한국금융지주↓...
[122/169] Analyzing 퍼스텍 - 美, 이란 압박에…한화에어로 급등...
[123/169] Analyzing 퍼스텍 - 탑재체부터 지상국 S/W까지 싹쓸이…우주 강국 이끄는 ...
[124/169] Analyzing 퍼스텍 - 방위산업·전쟁·테러 관련주, '봄날의 햇살' 그린광학카...
[125/169] Analyzing 현대오토에버 - [기업공시] 현대오토에버, HLB생명과학, DB금융투자...
[126/169] Analyzing 현대오토에버 - NH-Amundi자산운용, 'HANARO K휴머노이드테...
[127/169] Analyzing 현대오토에버 - [오늘의 주목주] '피지컬 AI 재부각' 현대모비스 주...
[128/169] Analyzing 미래에셋증권2우B - 현대차 사면 바보?…벚꽃 필 때마다 싹쓸이하는 '이 주...
[129/169] Analyzing 미래에셋증권2우B - “증권株 지금 담아도 안 늦었나요?”…신고가 행진 시장...
[130/169] Analyzing 미래에셋증권2우B - 증권주 너도나도 신고가 … 과열 주의보...
[131/169] Analyzing 미래에셋증권우 - 현대차 사면 바보?…벚꽃 필 때마다 싹쓸이하는 '이 주...
[132/169] Analyzing 미래에셋증권우 - [코스피 6000] 개인·ETF가 쏘아 올린 '육천피'...
[133/169] Analyzing 미래에셋증권우 - ['클릭' 증시] 코스피 6300 돌파..삼·하·현 3...
[134/169] Analyzing 유진테크 - [마켓인]"투자 수익률 1400%"...한국성장금융, ...
[135/169] Analyzing 유진테크 - 삼성전자 SK하이닉스 클린룸 확대 반갑다, 세보엠이씨 ...
[136/169] Analyzing 유진테크 - 유진테크 주주 삼성자산운용, 유진테크 주식등의 수 11...
[137/169] Analyzing 네오셈 - 코스피 6000 시대 개막…반도체, 자동차株가 이끌었다...
[138/169] Analyzing 네오셈 - 코스닥 외국인, '2차전지·로봇·반도체' 집중 매수…에...
[139/169] Analyzing 네오셈 - 외국산 독점 깬 '계측 장비 국산화' 신화…오로스테크,...
[140/169] Analyzing SFA반도체 - 반도체·자동차 쌍끌이 장세…코스피도 6300 뚫었다 [...
[141/169] Analyzing SFA반도체 - [주식마감] 유럽 제약사와 5조원대 계약에 삼천당제약 ...
[142/169] Analyzing SFA반도체 - 시스템반도체 관련주, '룰루랄라 콧노래' 엠디바이스·한...
[143/169] Analyzing RF머트리얼즈 - 통신장비 관련주, '맑고 화창' 에치에프알·기가레인·서...
[144/169] Analyzing RF머트리얼즈 - 탑재체부터 지상국 S/W까지 싹쓸이…우주 강국 이끄는 ...
[145/169] Analyzing RF머트리얼즈 - 방위산업·전쟁·테러 관련주, '봄날의 햇살' 그린광학카...
[146/169] Analyzing 피에스케이 - 'AI 슈퍼사이클' 올라탄 K증시 … 반도체·소부장 질...
[147/169] Analyzing 피에스케이 - "엔비디아 고맙다" 21만 전자·109만닉스…한미반도체...
[148/169] Analyzing 피에스케이 - 시스템반도체 관련주, '룰루랄라 콧노래' 엠디바이스·한...
[149/169] Analyzing 스피어 - [기획②]'유럽 기술이전 무대서 존재감'..대전형 혁신...
[150/169] Analyzing 스피어 - 송파구, 석촌호수 정월대보름 행사…내달 3일 개최...
[151/169] Analyzing 스피어 - 드리보 디자인, 모바일 RPG 사파이어 스피어 정식 출...
[152/169] Analyzing 저스템 - 저스템, LG전자 OLED 공정 장비 수주...
[153/169] Analyzing 저스템 - 기업공시 [2월 25일]...
[154/169] Analyzing 저스템 - 외국산 독점 깬 '계측 장비 국산화' 신화…오로스테크,...
[155/169] Analyzing 덕산하이메탈 - 반도체 재료·부품 관련주, '덩실덩실' KEC·제이아이...
[156/169] Analyzing 덕산하이메탈 - 코스닥 기관, 삼천당제약·알테오젠 담았다…바이오에 다시...
[157/169] Analyzing 덕산하이메탈 - 반도체 진공 기술이 핵심…엔투텍, 장비 국산화로 '승부...
[158/169] Analyzing 선익시스템 - "AI시대 신시장 선점하라"…세계로 뛰는 혁신기술 군단...
[159/169] Analyzing 선익시스템 - 선익시스템, 고정밀 OLED 제조 기술 일본 독점 깼다...
[160/169] Analyzing 선익시스템 - 기업공시 [2월 25일]...
[161/169] Analyzing 다원넥스뷰 - 외국산 독점 깬 '계측 장비 국산화' 신화…오로스테크,...
[162/169] Analyzing 다원넥스뷰 - 반도체 진공 기술이 핵심…엔투텍, 장비 국산화로 '승부...
[163/169] Analyzing 다원넥스뷰 - 올해 코스피 100% 이상 상승 종목 11개...코스닥...
[164/169] Analyzing 현대ADM - [주식마감] 유럽 제약사와 5조원대 계약에 삼천당제약 ...
[165/169] Analyzing 현대ADM - [상대강도과열 종목] 삼성전자·LG이노텍도 과열권 진입...
[166/169] Analyzing 현대ADM - [주식] 삼천당제약, GLP-1 유럽 11개국 라이선스...
[167/169] Analyzing 유투바이오 - [주식마감] 유럽 제약사와 5조원대 계약에 삼천당제약 ...
[168/169] Analyzing 유투바이오 - [이격도과열 종목] 인트론바이오 젠큐릭스 상상인증권 삼...
[169/169] Analyzing 유투바이오 - 유투바이오 주가, 26일 장중 31,800원 22.56...
Saving 169 analyzed items to E:\Downloads\Antigravity Project\ClosingSHIN\Scripts\results\news_analysis_20260226.csv...
Done.


[2026-02-27 12:27:43.661148] VCP 차트 생성 스크립트 실행...
Exception in thread Thread-5 (_readerthread):
Traceback (most recent call last):
  File "C:\Users\JUN\AppData\Local\Programs\Python\Python311\Lib\threading.py", line 1045, in _bootstrap_inner
    self.run()
  File "C:\Users\JUN\AppData\Local\Programs\Python\Python311\Lib\threading.py", line 982, in run
    self._target(*self._args, **self._kwargs)
  File "C:\Users\JUN\AppData\Local\Programs\Python\Python311\Lib\subprocess.py", line 1599, in _readerthread
    buffer.append(fh.read())
                  ^^^^^^^^^
  File "<frozen codecs>", line 322, in decode
UnicodeDecodeError: 'utf-8' codec can't decode byte 0xc2 in position 33: invalid continuation byte
None
[2026-02-27 12:30:18.299593] 모든 분석 및 데이터 생성 완료.
