[2026-04-23 17:16:04.227874] 자동 시장 데이터 동기화 체크 중...
[2026-04-23 17:16:20.580957] 동기화 확인 완료.
[2026-04-23 17:16:20.580957] VCP 통합 스캔 시작    # [0] 대상 선정 (Phase 1)
[2026-04-23 17:16:20.613718] 대상 종목 선별 작업 시작 (Batch 모드)...
  선정 기간: 20260206 ~ 20260410 (약 50거래일 기준)
[2026-04-23 17:16:20.622774] Naver Finance에서 종목 리스트 수집 중...
  Market 0 has 49 pages.
  Market 1 has 37 pages.
[PB Utils] Successfully fetched 4256 tickers from Naver Finance.
[2026-04-23 17:16:35.744330] 투자자보호 종목(관리/정지/경보) 225개 수집 완료.
[2026-04-23 17:16:36.894944] 대상 선별 완료. (Batch 모드로 26분 -> 수 초로 단축)
[2026-04-23 17:16:36.910211] 스캔 대상 200개 상세 데이터 로딩 시작...
  - [10/200] 192410 900270 215790 010170 017900 046970 187660 049080 047040 221800 로딩 완료
  - [20/200] 069540 331920 065770 412350 036170 065440 475150 100590 357880 138080 로딩 완료
  - [30/200] 327260 010820 088280 035460 388790 360350 082920 238090 065530 032820 로딩 완료
  - [40/200] 046120 242040 079550 027040 129920 375500 043260 089230 033160 056360 로딩 완료
  - [50/200] 109080 092600 001820 085910 322000 218410 005090 006110 006360 088800 로딩 완료
  - [60/200] 393890 052020 003280 073540 092220 072950 054620 003000 064850 230240 로딩 완료
  - [70/200] 382800 290550 085620 402490 009155 050890 095270 027360 084850 321550 로딩 완료
  - [80/200] 291650 217730 033790 058110 040160 115440 376900 023160 37550L 078600 로딩 완료
  - [90/200] 053690 179530 084870 011930 008350 017550 003030 109070 288980 089970 로딩 완료
  - [100/200] 000720 007120 347770 241520 290720 066970 011070 112610 062970 229000 로딩 완료
  - [110/200] 042600 217590 028050 321260 241770 044490 355150 120110 095340 429270 로딩 완료
  - [120/200] 452300 041520 080520 037350 078070 160980 000150 340440 105330 006340 로딩 완료
  - [130/200] 066360 031980 278470 092790 187870 090470 100090 353200 046890 000210 로딩 완료
  - [140/200] 275630 006920 900290 007810 474610 005880 368770 015260 086820 053260 로딩 완료
  - [150/200] 389030 084990 100840 001290 001250 310870 066310 031310 046210 127710 로딩 완료
  - [160/200] 153460 039560 319660 226590 37550K 086450 476830 098120 048410 032500 로딩 완료
  - [170/200] 420770 127120 042700 005960 018000 213420 091580 363250 060260 200710 로딩 완료
  - [180/200] 095910 131970 024740 052860 001230 106190 033130 012630 204610 024840 로딩 완료
  - [190/200] 012510 196450 004960 425040 285800 232830 004100 022220 448900 289080 로딩 완료
  - [200/200] 290520 064290 310210 417200 096350 049430 089150 011560 065450 383930 로딩 완료
[2026-04-23 17:16:52.586222] 상세 데이터 로딩 완료. (총 200개 캐싱됨)
 [1/200] 오늘이엔엠(192410): 이평선 역배열 (50>150>200 미충족) (제외) | 50일등락: 867.62%
 [2/200] 헝셩그룹(900270): 패턴 미완성 (제외)
 -> [★발견★] 이노인스트루먼트 (Market): 6회 수축, 마지막 14.9%, 점수 20 (RS 594.3), 피벗 422
 [4/200] 대한광통신(010170): 1차 조정폭 과다 (제외)
 [5/200] 광전자(017900): 패턴 미완성 (제외)
 [6/200] 우리로(046970): 패턴 미완성 (제외)
 [7/200] 페니트리움바이오(187660): 패턴 미완성 (제외)
 -> [★발견★] 기가레인 (Market): 6회 수축, 마지막 5.3%, 점수 40 (RS 477.2), 피벗 524
 [9/200] 대우건설(047040): 패턴 미완성 (제외)
 [10/200] 유투바이오(221800): 패턴 미완성 (제외)
 [11/200] 빛과전자(069540): 패턴 미완성 (제외)
 -> [★발견★] 셀레믹스 (Market): 4회 수축, 마지막 10.5%, 점수 70 (RS 549.1), 피벗 5,140
 [13/200] CS(065770): 이평선 역배열 (50>150>200 미충족) (제외) | 50일등락: 219.63%
 -> [★발견★] 레이저쎌 (Market): 4회 수축, 마지막 8.6%, 점수 80 (RS 375.3), 피벗 7,660
 [15/200] 에이치엠넥스(036170): 패턴 미완성 (제외)
 -> [★발견★] 이루온 (Market): 7회 수축, 마지막 13.8%, 점수 20 (RS 294.8), 피벗 2,435
 [17/200] SK이터닉스(475150): 패턴 미완성 (제외)
 [18/200] 머큐리(100590): 패턴 미완성 (제외)
 [19/200] SKAI(357880): 이평선 역배열 (50>150>200 미충족) (제외) | 50일등락: 158.89%
 [20/200] 오이솔루션(138080): 패턴 미완성 (제외)
 [21/200] RF머트리얼즈(327260): 패턴 미완성 (제외)
 [22/200] 퍼스텍(010820): 패턴 미완성 (제외)
 [23/200] 쏘닉스(088280): 이평선 역배열 (50>150>200 미충족) (제외) | 50일등락: 147.24%
 [24/200] 기산텔레콤(035460): 이평선 역배열 (50>150>200 미충족) (제외) | 50일등락: 133.42%
 [25/200] 라이콤(388790): 패턴 미완성 (제외)
 [26/200] 코셈(360350): 이평선 역배열 (50>150>200 미충족) (제외) | 50일등락: 131.58%
 [27/200] 비츠로셀(082920): 패턴 미완성 (제외)
 [28/200] 앤디포스(238090): 이평선 역배열 (50>150>200 미충족) (제외) | 50일등락: 127.36%
 -> [★발견★] 와이어블 (Market): 7회 수축, 마지막 2.3%, 점수 50 (RS 222.6), 피벗 1,438
 [30/200] 우리기술(032820): 패턴 미완성 (제외)
 [31/200] 오르비텍(046120): 패턴 미완성 (제외)
 [32/200] 나무기술(242040): 패턴 미완성 (제외)
 [33/200] LIG디펜스앤에어로스페이스(079550): 이평선 역배열 (50>150>200 미충족) (제외) | 50일등락: 115.69%
 [34/200] 서울전자통신(027040): 이평선 역배열 (50>150>200 미충족) (제외) | 50일등락: 110.85%
 [35/200] 대성하이텍(129920): 패턴 미완성 (제외)
 [36/200] DL이앤씨(375500): 이평선 역배열 (50>150>200 미충족) (제외) | 50일등락: 109.77%
 [37/200] 성호전자(043260): 패턴 미완성 (제외)
 [38/200] THE E&M(089230): 패턴 미완성 (제외)
 [39/200] 엠케이전자(033160): 패턴 미완성 (제외)
 [40/200] 코위버(056360): 패턴 미완성 (제외)
 [41/200] 옵티시스(109080): 이평선 역배열 (50>150>200 미충족) (제외) | 50일등락: 105.46%
 [42/200] 앤씨앤(092600): 이평선 역배열 (50>150>200 미충족) (제외) | 50일등락: 105.34%
 [43/200] 삼화콘덴서(001820): 패턴 미완성 (제외)
 -> [★발견★] 네오티스 (Market): 8회 수축, 마지막 10.9%, 점수 40 (RS 495.4), 피벗 23,800
 [45/200] HD현대에너지솔루션(322000): 패턴 미완성 (제외)
 -> [★발견★] RFHIC (Market): 8회 수축, 마지막 12.1%, 점수 40 (RS 363.0), 피벗 94,200
 [47/200] SGC에너지(005090): 패턴 미완성 (제외)
 [48/200] 삼아알미늄(006110): 패턴 미완성 (제외)
 [49/200] GS건설(006360): 패턴 미완성 (제외)
 [50/200] 에이스테크(088800): 패턴 미완성 (제외)
 -> [★발견★] 더블유씨피 (Market): 7회 수축, 마지막 13.0%, 점수 20 (RS 251.8), 피벗 15,100
 [52/200] 에스티큐브(052020): 패턴 미완성 (제외)
 [53/200] 흥아해운(003280): 패턴 미완성 (제외)
 -> [★발견★] 에프알텍 (Market): 9회 수축, 마지막 6.5%, 점수 40 (RS 201.8), 피벗 2,705
 [55/200] KEC(092220): 패턴 미완성 (제외)
 [56/200] 빛샘전자(072950): 패턴 미완성 (제외)
 [57/200] APS(054620): 패턴 미완성 (제외)
 [58/200] 부광약품(003000): 패턴 미완성 (제외)
 -> [★발견★] 에프앤가이드 (Market): 7회 수축, 마지막 14.0%, 점수 20 (RS 312.2), 피벗 21,400
 [60/200] 에치에프알(230240): 이평선 역배열 (50>150>200 미충족) (제외) | 50일등락: 85.17%
 [61/200] 지앤비에스 에코(382800): 이평선 역배열 (50>150>200 미충족) (제외) | 50일등락: 84.4%
 [62/200] 디케이티(290550): 패턴 미완성 (제외)
 -> [★발견★] 미래에셋생명 (Market): 8회 수축, 마지막 10.0%, 점수 70 (RS 238.0), 피벗 17,910
 [64/200] 그린리소스(402490): 패턴 미완성 (제외)
 [65/200] 삼성전기우(009155): 패턴 미완성 (제외)
 [66/200] 쏠리드(050890): 패턴 미완성 (제외)
 [67/200] 웨이브일렉트로(095270): 이평선 역배열 (50>150>200 미충족) (제외) | 50일등락: 81.84%
 -> [★발견★] 아주IB투자 (Market): 7회 수축, 마지막 9.3%, 점수 70 (RS 335.0), 피벗 9,370
 [69/200] 아이티엠반도체(084850): 이평선 역배열 (50>150>200 미충족) (제외) | 50일등락: 80.68%
 [70/200] 티움바이오(321550): 패턴 미완성 (제외)
 [71/200] 압타머사이언스(291650): 이평선 역배열 (50>150>200 미충족) (제외) | 50일등락: 79.15%
 -> [★발견★] 강스템바이오텍 (Market): 9회 수축, 마지막 14.6%, 점수 20 (RS 203.1), 피벗 3,585
 [73/200] 피노(033790): 패턴 미완성 (제외)
 [74/200] 멕아이씨에스(058110): 이평선 역배열 (50>150>200 미충족) (제외) | 50일등락: 75.67%
 [75/200] 누리플렉스(040160): 패턴 미완성 (제외)
 [76/200] 우리넷(115440): 패턴 미완성 (제외)
 [77/200] 로킷헬스케어(376900): 패턴 미완성 (제외)
 -> [★발견★] 태광 (Market): 8회 수축, 마지막 4.7%, 점수 50 (RS 209.6), 피벗 35,850
 -> [★발견★] DL이앤씨2우(전환) (Market): 8회 수축, 마지막 12.3%, 점수 20 (RS 192.7), 피벗 45,600
 [80/200] 대주전자재료(078600): 패턴 미완성 (제외)
 -> [★발견★] 한미글로벌 (Market): 6회 수축, 마지막 8.3%, 점수 40 (RS 187.3), 피벗 27,200
 [82/200] 애드바이오텍(179530): 이평선 역배열 (50>150>200 미충족) (제외) | 50일등락: 72.5%
 -> [★발견★] TBH글로벌 (Market): 6회 수축, 마지막 13.3%, 점수 50 (RS 165.5), 피벗 2,365
 [84/200] 신성이엔지(011930): 패턴 미완성 (제외)
 [85/200] 남선알미늄(008350): 패턴 미완성 (제외)
 [86/200] 수산세보틱스(017550): 이평선 역배열 (50>150>200 미충족) (제외) | 50일등락: 70.99%
 [87/200] 세아제강지주(003030): 이평선 역배열 (50>150>200 미충족) (제외) | 50일등락: 69.96%
 -> [★발견★] 주성코퍼레이션 (Market): 6회 수축, 마지막 11.1%, 점수 20 (RS 151.9), 피벗 1,357
 [89/200] 모아데이타(288980): 이평선 역배열 (50>150>200 미충족) (제외) | 50일등락: 68.94%
 [90/200] 브이엠(089970): 패턴 미완성 (제외)
 [91/200] 현대건설(000720): 패턴 미완성 (제외)
 [92/200] 미래아이앤지(007120): 패턴 미완성 (제외)
 [93/200] 핌스(347770): 이평선 역배열 (50>150>200 미충족) (제외) | 50일등락: 67.43%
 -> [★발견★] DSC인베스트먼트 (Market): 7회 수축, 마지막 14.9%, 점수 50 (RS 220.7), 피벗 14,960
 -> [★발견★] 푸드나무 (Market): 6회 수축, 마지막 7.6%, 점수 40 (RS 177.0), 피벗 3,270
 [96/200] 엘앤에프(066970): 패턴 미완성 (제외)
 [97/200] LG이노텍(011070): 패턴 미완성 (제외)
 [98/200] 씨에스윈드(112610): 이평선 역배열 (50>150>200 미충족) (제외) | 50일등락: 62.52%
 [99/200] 한국첨단소재(062970): 이평선 역배열 (50>150>200 미충족) (제외) | 50일등락: 61.88%
 [100/200] 젠큐릭스(229000): 50일선 아래 (제외) | 50일등락: 61.76%
 [101/200] 새로닉스(042600): 패턴 미완성 (제외)
 [102/200] 티엠씨(217590): 데이터 부족 (200일 미만) (제외) | 50일등락: 60.8%
 -> [★발견★] 삼성E&A (Market): 8회 수축, 마지막 8.5%, 점수 40 (RS 219.1), 피벗 35,950
 [104/200] 프로이천(321260): 이평선 역배열 (50>150>200 미충족) (제외) | 50일등락: 60.57%
 -> [★발견★] 메카로 (Market): 7회 수축, 마지막 10.5%, 점수 50 (RS 240.2), 피벗 39,900
 [106/200] 태웅(044490): 이평선 역배열 (50>150>200 미충족) (제외) | 50일등락: 58.45%
 [107/200] 코스텍시스(355150): 패턴 미완성 (제외)
 -> [★발견★] 코오롱인더 (Market): 5회 수축, 마지막 11.3%, 점수 40 (RS 232.8), 피벗 75,000
 -> [★발견★] ISC (Market): 6회 수축, 마지막 10.6%, 점수 20 (RS 337.1), 피벗 264,000
 [110/200] 시지트로닉스(429270): 이평선 역배열 (50>150>200 미충족) (제외) | 50일등락: 57.3%
 [111/200] 캡스톤파트너스(452300): 이평선 역배열 (50>150>200 미충족) (제외) | 50일등락: 57.21%
 [112/200] 이엘씨(041520): 이평선 역배열 (50>150>200 미충족) (제외) | 50일등락: 56.66%
 [113/200] 오디텍(080520): 이평선 역배열 (50>150>200 미충족) (제외) | 50일등락: 56.58%
 [114/200] 성도이엔지(037350): 패턴 미완성 (제외)
 -> [★발견★] 유비쿼스홀딩스 (Market): 6회 수축, 마지막 14.3%, 점수 20 (RS 163.7), 피벗 16,960
 -> [★발견★] 싸이맥스 (Market): 6회 수축, 마지막 13.2%, 점수 40 (RS 198.4), 피벗 23,050
 [117/200] 두산(000150): 패턴 미완성 (제외)
 [118/200] 세림B&G(340440): 이평선 역배열 (50>150>200 미충족) (제외) | 50일등락: 54.53%
 [119/200] 케이엔더블유(105330): 패턴 미완성 (제외)
 [120/200] 대원전선(006340): 패턴 미완성 (제외)
 -> [★발견★] 체리부로 (Market): 8회 수축, 마지막 5.6%, 점수 70 (RS 151.0), 피벗 1,179
 [122/200] 피에스케이홀딩스(031980): 패턴 미완성 (제외)
 -> [★발견★] 에이피알 (Market): 9회 수축, 마지막 7.7%, 점수 40 (RS 278.2), 피벗 344,500
 [124/200] 넥스틸(092790): 이평선 역배열 (50>150>200 미충족) (제외) | 50일등락: 53.2%
 [125/200] 디바이스(187870): 패턴 미완성 (제외)
 [126/200] 제이스텍(090470): 패턴 미완성 (제외)
 [127/200] SK오션플랜트(100090): 이평선 역배열 (50>150>200 미충족) (제외) | 50일등락: 52.64%
 [128/200] 대덕전자(353200): 패턴 미완성 (제외)
 [129/200] 서울반도체(046890): 패턴 미완성 (제외)
 [130/200] DL(000210): 이평선 역배열 (50>150>200 미충족) (제외) | 50일등락: 52.2%
 [131/200] 에스에스알(275630): 이평선 역배열 (50>150>200 미충족) (제외) | 50일등락: 52.09%
 [132/200] 모헨즈(006920): 패턴 미완성 (제외)
 [133/200] GRT(900290): 패턴 미완성 (제외)
 [134/200] 코리아써키트(007810): 패턴 미완성 (제외)
 [135/200] RF시스템즈(474610): 패턴 미완성 (제외)
 -> [★발견★] 대한해운 (Market): 7회 수축, 마지막 7.2%, 점수 40 (RS 183.5), 피벗 2,435
 -> [★발견★] 파이버프로 (Market): 10회 수축, 마지막 14.2%, 점수 40 (RS 281.6), 피벗 23,550
 [138/200] 에이엔피(015260): 패턴 미완성 (제외)
 [139/200] 바이오솔루션(086820): 패턴 미완성 (제외)
 [140/200] 금강철강(053260): 이평선 역배열 (50>150>200 미충족) (제외) | 50일등락: 50.25%
 [141/200] 지니너스(389030): 패턴 미완성 (제외)
 [142/200] 헬릭스미스(084990): 패턴 미완성 (제외)
 -> [★발견★] SNT에너지 (Market): 8회 수축, 마지막 13.5%, 점수 20 (RS 161.2), 피벗 54,200
 [144/200] 상상인증권(001290): 패턴 미완성 (제외)
 [145/200] GS글로벌(001250): 이평선 역배열 (50>150>200 미충족) (제외) | 50일등락: 49.58%
 [146/200] 디와이씨(310870): 이평선 역배열 (50>150>200 미충족) (제외) | 50일등락: 49.15%
 [147/200] 큐에스아이(066310): 패턴 미완성 (제외)
 [148/200] 아이즈비전(031310): 이평선 역배열 (50>150>200 미충족) (제외) | 50일등락: 48.34%
 [149/200] HLB파나진(046210): 이평선 역배열 (50>150>200 미충족) (제외) | 50일등락: 48.29%
 -> [★발견★] 아시아경제 (Market): 8회 수축, 마지막 10.0%, 점수 40 (RS 148.9), 피벗 1,782
 [151/200] 네이블(153460): 이평선 역배열 (50>150>200 미충족) (제외) | 50일등락: 47.88%
 [152/200] 다산네트웍스(039560): 패턴 미완성 (제외)
 [153/200] 피에스케이(319660): 패턴 미완성 (제외)
 [154/200] 엠디바이스(226590): 1차 조정폭 과다 (제외)
 -> [★발견★] DL이앤씨우 (Market): 6회 수축, 마지막 12.0%, 점수 20 (RS 166.9), 피벗 30,800
 [156/200] 동국제약(086450): 패턴 미완성 (제외)
 [157/200] 알지노믹스(476830): 데이터 부족 (200일 미만) (제외) | 50일등락: 46.69%
 -> [★발견★] 마이크로컨텍솔 (Market): 7회 수축, 마지막 8.7%, 점수 70 (RS 188.0), 피벗 29,350
 [159/200] 현대바이오(048410): 패턴 미완성 (제외)
 [160/200] 케이엠더블유(032500): 패턴 미완성 (제외)
 -> [★발견★] 기가비스 (Market): 6회 수축, 마지막 9.6%, 점수 40 (RS 276.4), 피벗 86,800
 [162/200] 제이에스링크(127120): 패턴 미완성 (제외)
 [163/200] 한미반도체(042700): 패턴 미완성 (제외)
 [164/200] 동부건설(005960): 패턴 미완성 (제외)
 [165/200] 유니슨(018000): 이평선 역배열 (50>150>200 미충족) (제외) | 50일등락: 45.58%
 [166/200] 덕산네오룩스(213420): 패턴 미완성 (제외)
 [167/200] 상신이디피(091580): 패턴 미완성 (제외)
 [168/200] 진시스템(363250): 이평선 역배열 (50>150>200 미충족) (제외) | 50일등락: 45.32%
 [169/200] 뉴보텍(060260): 이평선 역배열 (50>150>200 미충족) (제외) | 50일등락: 45.3%
 [170/200] 에이디테크놀로지(200710): 패턴 미완성 (제외)
 [171/200] 에스에너지(095910): 이평선 역배열 (50>150>200 미충족) (제외) | 50일등락: 45.09%
 [172/200] 두산테스나(131970): 패턴 미완성 (제외)
 [173/200] 한일단조(024740): 패턴 미완성 (제외)
 [174/200] 아이앤씨(052860): 패턴 미완성 (제외)
 [175/200] 동국홀딩스(001230): 이평선 역배열 (50>150>200 미충족) (제외) | 50일등락: 44.33%
 [176/200] 하이텍팜(106190): 패턴 미완성 (제외)
 [177/200] 디지틀조선(033130): 패턴 미완성 (제외)
 [178/200] HDC(012630): 이평선 역배열 (50>150>200 미충족) (제외) | 50일등락: 43.94%
 [179/200] 티쓰리(204610): 이평선 역배열 (50>150>200 미충족) (제외) | 50일등락: 43.49%
 [180/200] KBI메탈(024840): 이평선 역배열 (50>150>200 미충족) (제외) | 50일등락: 42.77%
 [181/200] 더존비즈온(012510): 패턴 미완성 (제외)
 [182/200] 코아시아씨엠(196450): 패턴 미완성 (제외)
 [183/200] 한신공영(004960): 패턴 미완성 (제외)
 [184/200] 티이엠씨(425040): 패턴 미완성 (제외)
 [185/200] 진영(285800): 이평선 역배열 (50>150>200 미충족) (제외) | 50일등락: 41.97%
 [186/200] 아이티센피엔에스(232830): 이평선 역배열 (50>150>200 미충족) (제외) | 50일등락: 41.79%
 [187/200] 태양금속(004100): 이평선 역배열 (50>150>200 미충족) (제외) | 50일등락: 41.74%
 [188/200] 티케이지애강(022220): 이평선 역배열 (50>150>200 미충족) (제외) | 50일등락: 41.17%
 [189/200] 한국피아이엠(448900): 50일선 아래 (제외) | 50일등락: 41.0%
 [190/200] SV인베스트먼트(289080): 패턴 미완성 (제외)
 [191/200] 신도기연(290520): 패턴 미완성 (제외)
 [192/200] 인텍플러스(064290): 패턴 미완성 (제외)
 [193/200] 보로노이(310210): 패턴 미완성 (제외)
 -> [★발견★] LS머트리얼즈 (Market): 9회 수축, 마지막 9.0%, 점수 70 (RS 179.7), 피벗 20,900
 [195/200] 대창솔루션(096350): 패턴 미완성 (제외)
 -> [★발견★] 코메론 (Market): 7회 수축, 마지막 8.9%, 점수 40 (RS 197.2), 피벗 23,150
 [197/200] 케이씨티(089150): 이평선 역배열 (50>150>200 미충족) (제외) | 50일등락: 40.22%
 [198/200] 세보엠이씨(011560): 패턴 미완성 (제외)
 [199/200] 빅텍(065450): 이평선 역배열 (50>150>200 미충족) (제외) | 50일등락: 39.79%
 [200/200] 디티앤씨알오(383930): 이평선 역배열 (50>150>200 미충족) (제외) | 50일등락: 39.66%

============================================================
 VCP 스캔 요약: 발견 38, 추세제외 61, 패턴제외 101, 에러 0
============================================================
[완료] 38개 PB 업로드 완료.
[2026-04-23 17:16:53.996741] 06_collect_stock_data.py 실행 중: 상세 데이터 수집 중...
[2026-04-23 17:20:39.427425] 07_calc_portfolio.py 실행 중: 수익률 및 포트폴리오 계산 중...
[2026-04-23 17:20:55.823520] 04_collect_news.py 실행 중: 네이버 뉴스 수집 중...
[2026-04-23 17:21:27.613871] 05_analyze_news.py 실행 중: AI 뉴스 감성 분석 중...
[2026-04-23 17:21:59.554672] 03_visualize_vcp.py 실행 중: VCP 분석 차트 생성 중...
