[2026-02-25 16:48:33.143794] VCP 통합 스캔 시작 (Target Date: 20260225)
[2026-02-25 16:48:33.144351] 대상 종목 선별 작업 시작...
기준 기간: 20251217 ~ 20260225 (약 50일)

[KOSPI] 데이터 수집 중...
[KOSPI] 상위 100개 선정 완료.
            종목명     등락률
티커                     
012200     계양전기  491.99
45226K  한화갤러리아우  410.74
006800   미래에셋증권  240.65
452260   한화갤러리아  197.30
001510     SK증권  179.29

[KOSDAQ] 데이터 수집 중...
[KOSDAQ] 상위 100개 선정 완료.
          종목명     등락률
티커                   
065170   비엘팜텍  741.70
187660  현대ADM  514.51
221800  유투바이오  444.60
032820   우리기술  359.73
043260   성호전자  352.17

총 200개 선정 종목에 대해 VCP 스캔 진행 중...
 -> [발견] 계양전기 (KOSPI): 8진동, 마지막 17.2%, 점수 80 (Jump 50), 피벗 8,510 (-7.2%)
 -> [발견] 한화갤러리아우 (KOSPI): 9진동, 마지막 9.7%, 점수 90 (Jump 50), 피벗 11,070 (+3.5%)
 -> [발견] 미래에셋증권 (KOSPI): 5진동, 마지막 5.6%, 점수 70 (Jump 60), 피벗 28,700 (-60.6%)
 -> [발견] 한화갤러리아 (KOSPI): 9진동, 마지막 7.4%, 점수 70 (Jump 30), 피벗 2,235 (-32.3%)
 -> [발견] 대우건설 (KOSPI): 5진동, 마지막 5.0%, 점수 70 (Jump 60), 피벗 3,835 (-56.2%)
 -> [발견] 한전산업 (KOSPI): 5진동, 마지막 12.2%, 점수 60 (Jump 10), 피벗 14,750 (-41.2%)
 -> [발견] 현대건설 (KOSPI): 6진동, 마지막 9.5%, 점수 70 (Jump 30), 피벗 109,200 (-29.6%)
 -> [발견] 현대지에프홀딩스 (KOSPI): 4진동, 마지막 9.6%, 점수 70 (Jump 30), 피벗 8,750 (-52.0%)
 -> [발견] 퍼스텍 (KOSPI): 9진동, 마지막 5.6%, 점수 70 (Jump 60), 피벗 4,840 (-33.1%)
 -> [발견] 성문전자 (KOSPI): 6진동, 마지막 11.6%, 점수 80 (Jump 50), 피벗 2,045 (-0.5%)
 -> [발견] 현대약품 (KOSPI): 8진동, 마지막 8.6%, 점수 100 (Jump 50), 피벗 14,340 (+9.4%)
 -> [발견] 디아이 (KOSPI): 8진동, 마지막 6.7%, 점수 90 (Jump 50), 피벗 37,200 (+3.3%)
 -> [발견] 한미반도체 (KOSPI): 5진동, 마지막 11.3%, 점수 80 (Jump 30), 피벗 211,000 (-1.6%)
 -> [발견] 삼성전기 (KOSPI): 5진동, 마지막 6.8%, 점수 70 (Jump 30), 피벗 292,000 (-37.2%)
 -> [발견] 한전기술 (KOSPI): 4진동, 마지막 4.4%, 점수 70 (Jump 60), 피벗 151,700 (-9.8%)
 -> [발견] 삼화콘덴서 (KOSPI): 7진동, 마지막 15.1%, 점수 60 (Jump 10), 피벗 33,400 (-41.6%)
 -> [발견] 효성티앤씨 (KOSPI): 7진동, 마지막 8.8%, 점수 70 (Jump 30), 피벗 414,500 (+0.0%)
 -> [발견] 삼성전자우 (KOSPI): 3진동, 마지막 6.8%, 점수 70 (Jump 30), 피벗 120,600 (-15.2%)
 -> [발견] 한화 (KOSPI): 7진동, 마지막 7.9%, 점수 70 (Jump 30), 피벗 122,900 (-11.7%)
 -> [발견] 현대오토에버 (KOSPI): 7진동, 마지막 5.2%, 점수 90 (Jump 80), 피벗 456,000 (-7.9%)
 -> [발견] 한국항공우주 (KOSPI): 7진동, 마지막 7.5%, 점수 90 (Jump 30), 피벗 171,200 (-6.2%)
 -> [발견] 한화생명 (KOSPI): 7진동, 마지막 5.8%, 점수 70 (Jump 60), 피벗 3,385 (-34.6%)
 -> [발견] 흥국화재 (KOSPI): 7진동, 마지막 2.3%, 점수 70 (Jump 80), 피벗 3,505 (-40.9%)
 -> [발견] 동부건설 (KOSPI): 5진동, 마지막 4.9%, 점수 70 (Jump 60), 피벗 5,520 (-41.4%)
 -> [발견] 신영증권 (KOSPI): 8진동, 마지막 7.3%, 점수 70 (Jump 30), 피벗 192,000 (-17.6%)
 -> [발견] 화신 (KOSPI): 4진동, 마지막 9.1%, 점수 70 (Jump 30), 피벗 9,780 (-29.2%)
 -> [발견] 삼성생명 (KOSPI): 7진동, 마지막 4.4%, 점수 70 (Jump 60), 피벗 165,400 (-32.8%)
 -> [발견] DYP (KOSPI): 7진동, 마지막 7.8%, 점수 90 (Jump 50), 피벗 5,420 (+0.4%)
 -> [발견] 팜스코 (KOSPI): 8진동, 마지막 8.4%, 점수 90 (Jump 30), 피벗 3,965 (-0.5%)
 -> [발견] 현대차증권 (KOSPI): 7진동, 마지막 4.6%, 점수 70 (Jump 40), 피벗 9,670 (-25.0%)
 -> [발견] KCC (KOSPI): 7진동, 마지막 3.8%, 점수 70 (Jump 60), 피벗 446,500 (-33.9%)
 -> [발견] 삼화페인트 (KOSPI): 6진동, 마지막 23.7%, 점수 45 (Jump 10), 피벗 12,350 (+31.1%)
 -> [발견] LSELECTRIC (KOSPI): 8진동, 마지막 7.1%, 점수 90 (Jump 30), 피벗 539,000 (-28.4%)
 -> [발견] 에이플러스에셋 (KOSPI): 6진동, 마지막 4.5%, 점수 90 (Jump 80), 피벗 11,000 (-25.0%)
 -> [발견] 광동제약 (KOSPI): 5진동, 마지막 2.7%, 점수 70 (Jump 80), 피벗 5,850 (-38.4%)
 -> [발견] 고려아연 (KOSPI): 6진동, 마지막 16.2%, 점수 80 (Jump 50), 피벗 1,959,000 (-7.4%)
 -> [발견] 대원전선 (KOSPI): 10진동, 마지막 7.0%, 점수 70 (Jump 30), 피벗 3,830 (-38.1%)
 -> [발견] SK텔레콤 (KOSPI): 9진동, 마지막 7.4%, 점수 70 (Jump 30), 피벗 86,500 (+6.8%)
 -> [발견] 삼성EA (KOSPI): 8진동, 마지막 4.2%, 점수 70 (Jump 40), 피벗 32,150 (-14.6%)
 -> [발견] 롯데쇼핑 (KOSPI): 6진동, 마지막 4.8%, 점수 70 (Jump 60), 피벗 115,200 (+2.7%)
 -> [발견] 일진전기 (KOSPI): 4진동, 마지막 6.5%, 점수 70 (Jump 30), 피벗 63,500 (-24.9%)
 -> [발견] DB증권 (KOSPI): 6진동, 마지막 5.8%, 점수 70 (Jump 60), 피벗 13,600 (-13.9%)
 -> [발견] HD현대 (KOSPI): 5진동, 마지막 14.1%, 점수 60 (Jump 30), 피벗 259,500 (-12.9%)
 -> [발견] 현대ADM (KOSDAQ): 6진동, 마지막 11.2%, 점수 60 (Jump 30), 피벗 3,380 (-78.4%)
 -> [발견] 유투바이오 (KOSDAQ): 6진동, 마지막 10.2%, 점수 60 (Jump 30), 피벗 4,990 (-80.8%)
 -> [발견] 우리기술 (KOSDAQ): 5진동, 마지막 10.1%, 점수 60 (Jump 30), 피벗 4,045 (-76.5%)
 -> [발견] 스피어 (KOSDAQ): 6진동, 마지막 11.3%, 점수 60 (Jump 30), 피벗 19,250 (-55.3%)
 -> [발견] 나무기술 (KOSDAQ): 8진동, 마지막 8.1%, 점수 70 (Jump 10), 피벗 3,930 (-17.4%)
 -> [발견] 에이치엠넥스 (KOSDAQ): 7진동, 마지막 9.9%, 점수 70 (Jump 30), 피벗 1,798 (-33.4%)
 -> [발견] 현대무벡스 (KOSDAQ): 5진동, 마지막 22.5%, 점수 75 (Jump 50), 피벗 34,700 (-2.4%)
 -> [발견] DXVX (KOSDAQ): 9진동, 마지막 9.3%, 점수 100 (Jump 50), 피벗 4,090 (-17.5%)
 -> [발견] 다원넥스뷰 (KOSDAQ): 8진동, 마지막 13.1%, 점수 60 (Jump 30), 피벗 9,700 (-37.6%)
 -> [발견] 큐라클 (KOSDAQ): 9진동, 마지막 5.2%, 점수 70 (Jump 60), 피벗 12,780 (-28.6%)
 -> [발견] 뉴로메카 (KOSDAQ): 9진동, 마지막 22.3%, 점수 75 (Jump 50), 피벗 98,000 (+14.6%)
 -> [발견] 휴림로봇 (KOSDAQ): 8진동, 마지막 4.6%, 점수 100 (Jump 80), 피벗 14,670 (-3.7%)
 -> [발견] 메디아나 (KOSDAQ): 8진동, 마지막 16.4%, 점수 90 (Jump 50), 피벗 28,650 (+19.6%)
 -> [발견] DSC인베스트먼트 (KOSDAQ): 7진동, 마지막 9.5%, 점수 70 (Jump 30), 피벗 7,920 (-54.8%)
 -> [발견] 레이저쎌 (KOSDAQ): 5진동, 마지막 20.4%, 점수 45 (Jump 30), 피벗 5,210 (+7.4%)
 -> [발견] 선익시스템 (KOSDAQ): 5진동, 마지막 10.5%, 점수 60 (Jump 30), 피벗 64,800 (-49.0%)
 -> [발견] 아이티센글로벌 (KOSDAQ): 8진동, 마지막 15.5%, 점수 90 (Jump 50), 피벗 53,800 (-2.2%)
 -> [발견] 덕산하이메탈 (KOSDAQ): 10진동, 마지막 12.4%, 점수 60 (Jump 10), 피벗 11,900 (-9.9%)
 -> [발견] 젠큐릭스 (KOSDAQ): 7진동, 마지막 14.1%, 점수 60 (Jump 30), 피벗 1,860 (-46.4%)
 -> [발견] 저스템 (KOSDAQ): 7진동, 마지막 12.9%, 점수 60 (Jump 30), 피벗 7,500 (-2.0%)
 -> [발견] 제이에스링크 (KOSDAQ): 8진동, 마지막 7.7%, 점수 70 (Jump 30), 피벗 31,050 (-17.9%)
 -> [발견] 엑시콘 (KOSDAQ): 7진동, 마지막 5.6%, 점수 70 (Jump 60), 피벗 28,350 (-9.3%)
 -> [발견] 미래에셋벤처투자 (KOSDAQ): 6진동, 마지막 13.0%, 점수 80 (Jump 50), 피벗 25,300 (+15.0%)
 -> [발견] RF머트리얼즈 (KOSDAQ): 6진동, 마지막 11.5%, 점수 60 (Jump 30), 피벗 25,550 (-39.7%)
 -> [발견] 기가비스 (KOSDAQ): 4진동, 마지막 11.8%, 점수 60 (Jump 30), 피벗 65,100 (-0.8%)
 -> [발견] 삼보모터스 (KOSDAQ): 8진동, 마지막 13.7%, 점수 80 (Jump 50), 피벗 8,300 (-0.2%)
 -> [발견] 서울바이오시스 (KOSDAQ): 8진동, 마지막 5.5%, 점수 70 (Jump 60), 피벗 2,655 (-48.8%)
 -> [발견] 엑스플러스 (KOSDAQ): 7진동, 마지막 13.2%, 점수 60 (Jump 30), 피벗 645 (-36.3%)
 -> [발견] 케어젠 (KOSDAQ): 8진동, 마지막 8.6%, 점수 70 (Jump 30), 피벗 126,000 (-6.3%)
 -> [발견] 옵티코어 (KOSDAQ): 7진동, 마지막 21.7%, 점수 65 (Jump 50), 피벗 4,030 (+1.8%)
 -> [발견] 알톤 (KOSDAQ): 6진동, 마지막 14.8%, 점수 90 (Jump 50), 피벗 3,145 (+17.4%)
 -> [발견] 피에스케이 (KOSDAQ): 7진동, 마지막 12.7%, 점수 60 (Jump 10), 피벗 61,500 (+1.5%)
 -> [발견] 와토스코리아 (KOSDAQ): 8진동, 마지막 6.0%, 점수 70 (Jump 30), 피벗 7,000 (-42.6%)
 -> [발견] LK삼양 (KOSDAQ): 8진동, 마지막 15.6%, 점수 80 (Jump 30), 피벗 2,685 (+8.5%)
 -> [발견] 풍원정밀 (KOSDAQ): 8진동, 마지막 5.6%, 점수 70 (Jump 60), 피벗 14,600 (-20.0%)
 -> [발견] 삼양엔씨켐 (KOSDAQ): 4진동, 마지막 14.7%, 점수 60 (Jump 30), 피벗 14,425 (-24.9%)
 -> [발견] 주성엔지니어링 (KOSDAQ): 5진동, 마지막 11.6%, 점수 60 (Jump 30), 피벗 34,950 (-33.4%)
 -> [발견] 씨아이에스 (KOSDAQ): 6진동, 마지막 5.6%, 점수 70 (Jump 60), 피벗 6,990 (-51.4%)
 -> [발견] 서울반도체 (KOSDAQ): 7진동, 마지막 8.6%, 점수 70 (Jump 30), 피벗 7,790 (-37.0%)
 -> [발견] 에스앤에스텍 (KOSDAQ): 6진동, 마지막 6.4%, 점수 90 (Jump 50), 피벗 93,700 (+6.8%)
 -> [발견] 제노코 (KOSDAQ): 8진동, 마지막 10.7%, 점수 80 (Jump 30), 피벗 31,700 (+10.3%)
 -> [발견] NHN벅스 (KOSDAQ): 9진동, 마지막 21.8%, 점수 65 (Jump 50), 피벗 6,660 (+21.3%)
 -> [발견] 코아시아씨엠 (KOSDAQ): 7진동, 마지막 10.5%, 점수 60 (Jump 30), 피벗 1,056 (-28.9%)
 -> [발견] 테스 (KOSDAQ): 7진동, 마지막 11.1%, 점수 60 (Jump 30), 피벗 72,200 (+3.3%)
 -> [발견] 에프앤가이드 (KOSDAQ): 7진동, 마지막 3.9%, 점수 70 (Jump 60), 피벗 9,050 (-47.3%)
 -> [발견] 네오셈 (KOSDAQ): 7진동, 마지막 14.6%, 점수 60 (Jump 10), 피벗 18,770 (+5.2%)
 -> [발견] 모비스 (KOSDAQ): 8진동, 마지막 8.3%, 점수 90 (Jump 50), 피벗 5,930 (+6.5%)

[완료] 90개 VCP 후보 종목 추출 완료.
결과 파일: E:\Downloads\Antigravity Project\ClosingSHIN\Scripts\results\vcp_report_20260225.csv

[2026-02-25 16:49:10.627713] 후속 데이터 수집 스크립트 자동 실행 (Target: 90개)
Command: E:\Downloads\Antigravity Project\ClosingSHIN\venv\Scripts\pythonw.exe E:\Downloads\Antigravity Project\ClosingSHIN\Scripts\06_collect_stock_data.py --date 20260225 --parent
[2026-02-25 16:54:27.117667] 후속 데이터 수집 및 병합 완료.

[2026-02-25 16:54:27.118884] 뉴스 데이터 수집 스크립트 실행...
Target Date (Anchor): 2026-02-25 23:59:59+09:00
Reading target list from E:\Downloads\Antigravity Project\ClosingSHIN\Scripts\results\vcp_report_20260225.csv...
Output will be saved to E:\Downloads\Antigravity Project\ClosingSHIN\Scripts\results\news_report_20260225.csv
Fetching news for 현대약품 (004310)...
  -> Found 7 valid articles. Selected top 3.
Fetching news for DXVX (180400)...
  -> Found 13 valid articles. Selected top 3.
Fetching news for 휴림로봇 (090710)...
  -> Found 17 valid articles. Selected top 3.
Fetching news for DYP (092780)...
  -> Found 7 valid articles. Selected top 3.
Fetching news for 현대오토에버 (307950)...
  -> Found 20 valid articles. Selected top 3.
Fetching news for 팜스코 (036580)...
  -> Found 6 valid articles. Selected top 3.
Fetching news for LSELECTRIC (010120)...
  -> Found 13 valid articles. Selected top 3.
Fetching news for 에이플러스에셋 (244920)...
  -> Found 12 valid articles. Selected top 3.
Fetching news for 한화갤러리아우 (45226K)...
  -> Found 10 valid articles. Selected top 3.
Fetching news for 디아이 (003160)...
  -> Found 17 valid articles. Selected top 3.
Fetching news for 모비스 (250060)...
  -> Found 18 valid articles. Selected top 3.
Fetching news for 메디아나 (041920)...
  -> Found 14 valid articles. Selected top 3.
Fetching news for 아이티센글로벌 (124500)...
  -> Found 8 valid articles. Selected top 3.
Fetching news for 알톤 (123750)...
  -> Found 3 valid articles. Selected top 3.
Fetching news for 에스앤에스텍 (101490)...
  -> Found 16 valid articles. Selected top 3.
Fetching news for 한국항공우주 (047810)...
  -> Found 16 valid articles. Selected top 3.
Fetching news for 미래에셋벤처투자 (100790)...
  -> Found 17 valid articles. Selected top 3.
Fetching news for 삼보모터스 (053700)...
  -> Found 18 valid articles. Selected top 3.
Fetching news for 고려아연 (010130)...
  -> Found 10 valid articles. Selected top 3.
Fetching news for LK삼양 (225190)...
  -> Found 11 valid articles. Selected top 3.
Fetching news for 제노코 (361390)...
  -> Found 14 valid articles. Selected top 3.
Fetching news for 계양전기 (012200)...
  -> Found 18 valid articles. Selected top 3.
Fetching news for 한미반도체 (042700)...
  -> Found 18 valid articles. Selected top 3.
Fetching news for 성문전자 (014910)...
  -> Found 12 valid articles. Selected top 3.
Fetching news for 현대무벡스 (319400)...
  -> Found 12 valid articles. Selected top 3.
Fetching news for 뉴로메카 (348340)...
  -> Found 20 valid articles. Selected top 3.
Fetching news for 흥국화재 (000540)...
  -> Found 14 valid articles. Selected top 3.
Fetching news for 현대지에프홀딩스 (005440)...
  -> Found 20 valid articles. Selected top 3.
Fetching news for 삼성전기 (009150)...
  -> Found 20 valid articles. Selected top 3.
Fetching news for 큐라클 (365270)...
  -> Found 17 valid articles. Selected top 3.
Fetching news for 동부건설 (005960)...
  -> Found 11 valid articles. Selected top 3.
Fetching news for 퍼스텍 (010820)...
  -> Found 20 valid articles. Selected top 3.
Fetching news for 제이에스링크 (127120)...
  -> Found 20 valid articles. Selected top 3.
Fetching news for 엑시콘 (092870)...
  -> Found 10 valid articles. Selected top 3.
Fetching news for 현대건설 (000720)...
  -> Found 20 valid articles. Selected top 3.
Fetching news for 나무기술 (242040)...
  -> Found 15 valid articles. Selected top 3.
Fetching news for 서울바이오시스 (092190)...
  -> Found 19 valid articles. Selected top 3.
Fetching news for 케어젠 (214370)...
  -> Found 19 valid articles. Selected top 3.
Fetching news for 와토스코리아 (079000)...
  -> Found 16 valid articles. Selected top 3.
Fetching news for 대우건설 (047040)...
  -> Found 15 valid articles. Selected top 3.
Fetching news for 풍원정밀 (371950)...
  -> Found 11 valid articles. Selected top 3.
Fetching news for 씨아이에스 (222080)...
  -> Found 15 valid articles. Selected top 3.
Fetching news for 서울반도체 (046890)...
  -> Found 15 valid articles. Selected top 3.
Fetching news for 한화갤러리아 (452260)...
  -> Found 17 valid articles. Selected top 3.
Fetching news for 미래에셋증권 (006800)...
  -> Found 18 valid articles. Selected top 3.
Fetching news for 에프앤가이드 (064850)...
  -> Found 19 valid articles. Selected top 3.
Fetching news for 에이치엠넥스 (036170)...
  -> Found 20 valid articles. Selected top 3.
Fetching news for DSC인베스트먼트 (241520)...
  -> Found 14 valid articles. Selected top 3.
Fetching news for 효성티앤씨 (298020)...
  -> Found 15 valid articles. Selected top 3.
Fetching news for 삼성EA (028050)...
  -> Found 0 valid articles. Selected top 0.
Fetching news for 삼성전자우 (005935)...
  -> Found 19 valid articles. Selected top 3.
Fetching news for KCC (002380)...
  -> Found 13 valid articles. Selected top 3.
Fetching news for 한전기술 (052690)...
  -> Found 19 valid articles. Selected top 3.
Fetching news for 광동제약 (009290)...
  -> Found 12 valid articles. Selected top 3.
Fetching news for 현대차증권 (001500)...
  -> Found 19 valid articles. Selected top 3.
Fetching news for 대원전선 (006340)...
  -> Found 17 valid articles. Selected top 3.
Fetching news for SK텔레콤 (017670)...
  -> Found 12 valid articles. Selected top 3.
Fetching news for 한화 (000880)...
  -> Found 19 valid articles. Selected top 3.
Fetching news for 한화생명 (088350)...
  -> Found 17 valid articles. Selected top 3.
Fetching news for 삼성생명 (032830)...
  -> Found 20 valid articles. Selected top 3.
Fetching news for 화신 (010690)...
  -> Found 18 valid articles. Selected top 3.
Fetching news for 롯데쇼핑 (023530)...
  -> Found 15 valid articles. Selected top 3.
Fetching news for 일진전기 (103590)...
  -> Found 9 valid articles. Selected top 3.
Fetching news for DB증권 (016610)...
  -> Found 17 valid articles. Selected top 3.
Fetching news for 신영증권 (001720)...
  -> Found 7 valid articles. Selected top 3.
Fetching news for NHN벅스 (104200)...
  -> Found 2 valid articles. Selected top 2.
Fetching news for 옵티코어 (380540)...
  -> Found 7 valid articles. Selected top 3.
Fetching news for 피에스케이 (319660)...
  -> Found 18 valid articles. Selected top 3.
Fetching news for 주성엔지니어링 (036930)...
  -> Found 20 valid articles. Selected top 3.
Fetching news for 삼양엔씨켐 (482630)...
  -> Found 10 valid articles. Selected top 3.
Fetching news for 코아시아씨엠 (196450)...
  -> Found 8 valid articles. Selected top 3.
Fetching news for 테스 (095610)...
  -> Found 19 valid articles. Selected top 3.
Fetching news for 네오셈 (253590)...
  -> Found 5 valid articles. Selected top 3.
Fetching news for 스피어 (347700)...
  -> Found 15 valid articles. Selected top 3.
Fetching news for 한전산업 (130660)...
  -> Found 16 valid articles. Selected top 3.
Fetching news for 엑스플러스 (373200)...
  -> Found 19 valid articles. Selected top 3.
Fetching news for 기가비스 (420770)...
  -> Found 10 valid articles. Selected top 3.
Fetching news for RF머트리얼즈 (327260)...
  -> Found 14 valid articles. Selected top 3.
Fetching news for 삼화콘덴서 (001820)...
  -> Found 19 valid articles. Selected top 3.
Fetching news for 저스템 (417840)...
  -> Found 8 valid articles. Selected top 3.
Fetching news for 젠큐릭스 (229000)...
  -> Found 19 valid articles. Selected top 3.
Fetching news for 덕산하이메탈 (077360)...
  -> Found 18 valid articles. Selected top 3.
Fetching news for 선익시스템 (171090)...
  -> Found 15 valid articles. Selected top 3.
Fetching news for HD현대 (267250)...
  -> Found 20 valid articles. Selected top 3.
Fetching news for 현대ADM (187660)...
  -> Found 20 valid articles. Selected top 3.
Fetching news for 다원넥스뷰 (323350)...
  -> Found 17 valid articles. Selected top 3.
Fetching news for 유투바이오 (221800)...
  -> Found 19 valid articles. Selected top 3.
Fetching news for 우리기술 (032820)...
  -> Found 18 valid articles. Selected top 3.
Fetching news for 삼화페인트 (000390)...
  -> Found 5 valid articles. Selected top 3.
Fetching news for 레이저쎌 (412350)...
  -> Found 17 valid articles. Selected top 3.
Saving 266 news items to E:\Downloads\Antigravity Project\ClosingSHIN\Scripts\results\news_report_20260225.csv...
Done.


[2026-02-25 16:54:51.055426] AI 뉴스 분석 스크립트 실행...
Reading news from E:\Downloads\Antigravity Project\ClosingSHIN\Scripts\results\news_report_20260225.csv...
Output will be saved to E:\Downloads\Antigravity Project\ClosingSHIN\Scripts\results\news_analysis_20260225.csv
Analyzing 266 articles...
[1/266] Analyzing 현대약품 - 의약품 매출 83% 현대약품, 약가인하 직격탄 우려...
[2/266] Analyzing 현대약품 - [제약소식] 신약·건기식·에스테틱까지…국내 제약바이오,...
[3/266] Analyzing 현대약품 - 현대약품, 각성 더한 '미에로사이다 에너지' CU 단독...
[4/266] Analyzing DXVX - 임종윤의 지분 매각… DXVX 살리기 위한 고육지책...
[5/266] Analyzing DXVX - [더벨][한미 오너가 분쟁] 신동국, 갈등에도 4자연합...
[6/266] Analyzing DXVX - 장남 손잡은 신동국… ‘한 방에 지배력 30%’ 권력지...
[7/266] Analyzing 휴림로봇 - 휴림로봇, 50원 상승 마감…추세 지속 여부 체크...
[8/266] Analyzing 휴림로봇 - 휴림로봇 주가, 25일 장중 15,230원 0.26% ...
[9/266] Analyzing 휴림로봇 - 휴림로봇 현대무벡스 로보티즈 뉴로메카 도약...로봇 관...
[10/266] Analyzing DYP - 일진하이솔루스, Type 4 수소탱크 앞세워 북미·유럽...
[11/266] Analyzing DYP - 전통 내연기관서 전기차로… 모베이스전자, 부품 세대교체...
[12/266] Analyzing DYP - KBI메탈·태양금속 주가 가속페달… 글로벌 완성차 공급...
[13/266] Analyzing 현대오토에버 - 코스피 6000 시대 개막…반도체, 자동차株가 이끌었다...
[14/266] Analyzing 현대오토에버 - 삼성동 옛 한국감정원부지, 38층 업무·전시시설로…공공...
[15/266] Analyzing 현대오토에버 - [특징주] 기아, 12%대 급등 52주 신고가…현대차도...
[16/266] Analyzing 팜스코 - "발효공학이 살린 수익성"...이지바이오, 고부가가치 ...
[17/266] Analyzing 팜스코 - 사료부터 고기까지 한입에... 팜스토리, 축산 수직계열...
[18/266] Analyzing 팜스코 - [데이터 뉴스룸] 식품업체 50곳, 재고자산 늘 때 매...
[19/266] Analyzing LSELECTRIC - Fossil fuel-reliant Korea join...
[20/266] Analyzing LSELECTRIC - LS일렉트릭, AI로 재생에너지 발전량 예측 모델 개발...
[21/266] Analyzing LSELECTRIC - KOSPI 200 Closing Price List-2...
[22/266] Analyzing 에이플러스에셋 - [52주] 최고가 73개, 최저가 26개...지수 혼조...
[23/266] Analyzing 에이플러스에셋 - 더존비즈온 ,공개매수 돌입…올해 첫 성공 사례될까...
[24/266] Analyzing 에이플러스에셋 - [주간 보험 이슈] 보험사에도 행동주의 펀드 목소리…얼...
[25/266] Analyzing 한화갤러리아우 - [이격도과열 종목] 경남제약·엠에스오토텍· 얼라인드 떡...
[26/266] Analyzing 한화갤러리아우 - [서울데이터랩]가온전선 29.93% 상한가…실시간 상승...
[27/266] Analyzing 한화갤러리아우 - [특징주] 한화갤러리아 19% 급등…영업이익 177% ...
[28/266] Analyzing 디아이 - 신한證 “디아이, 반도체 장비 독점 공급 가능성…목표가...
[29/266] Analyzing 디아이 - HBM(고대역폭메모리) 관련주, '덩실덩실' 한화비전·...
[30/266] Analyzing 디아이 - 반도체 장비 관련주, '함박웃음' 에이치엠넥스·저스템·...
[31/266] Analyzing 모비스 - 진주 힐스테이트·창원 자이…천안 아이파크·아산탕정자이 ...
[32/266] Analyzing 모비스 - [특징주] 기아, 12%대 급등 52주 신고가…현대차도...
[33/266] Analyzing 모비스 - 대우건설, 천안 '업성 푸르지오 레이크시티' 3월 분양...
[34/266] Analyzing 메디아나 - 환자 원격관리 시장 쟁탈전…대웅 "올해 10만 병상 도...
[35/266] Analyzing 메디아나 - 글로벌 1위보다 정확… 젠큐릭스, 유방암 예후 진단 시...
[36/266] Analyzing 메디아나 - 메쥬, 'PER 50배 초과' 피어그룹서 제외...
[37/266] Analyzing 아이티센글로벌 - 아이티센엔텍, 신한銀 법무자금결제시스템 재구축사업 수주...
[38/266] Analyzing 아이티센글로벌 - [#클라우드 월드] 네이버클라우드 '프로젝트DI MOU...
[39/266] Analyzing 아이티센글로벌 - [인터뷰] 한국금거래소디지털에셋·JPYC·미쓰이물산의 ...
[40/266] Analyzing 알톤 - 800회 충전에도 '안심' 전기자전거...
[41/266] Analyzing 알톤 - 잡초에 주목한 괴짜 식물학자 "칭찬만으론 배가 고픕니다...
[42/266] Analyzing 알톤 - ‘실적 씽씽’ 삼천리·알톤…전기자전거 앞세워 수익성 개...
[43/266] Analyzing 에스앤에스텍 - '몸값-체력' 괴리…매출·이익 증가율은 10% 안팎...
[44/266] Analyzing 에스앤에스텍 - ‘금융·원전·반도체’ K증시 이끈다…신고가 속출 랠리 ...
[45/266] Analyzing 에스앤에스텍 - 코스닥 기관, 알테오젠·에이비엘바이오 매도 폭탄... ...
[46/266] Analyzing 한국항공우주 - "안보 이어 국민 안전까지"…첨단 방산 기술, 공공분야...
[47/266] Analyzing 한국항공우주 - 진주시, 미래 성장혁신벨트 조성 명품도시 기반 다진다...
[48/266] Analyzing 한국항공우주 - KAI, 드론쇼 코리아 참가…유무인 복합체계 전략 공개...
[49/266] Analyzing 미래에셋벤처투자 - '1500억 실탄' 지투지바이오…2공장 기반 글로벌 파...
[50/266] Analyzing 미래에셋벤처투자 - 출항 앞둔 '한국형 BDC'… 불장 속 '개미 마음' ...
[51/266] Analyzing 미래에셋벤처투자 - 피지컬AI 유망주 ‘리얼월드’, 美 본사 이전 선택한 ...
[52/266] Analyzing 삼보모터스 - 코스피 사상 첫 6천 돌파…환호 속 '과열' 우려도...
[53/266] Analyzing 삼보모터스 - 삼보모터스, 보통주 1주당 50원 결산 현금배당 결정...
[54/266] Analyzing 삼보모터스 - 일진하이솔루스, Type 4 수소탱크 앞세워 북미·유럽...
[55/266] Analyzing 고려아연 - MBK·영풍, 무산시킨 집행임원·액분 또 제안…"오락가...
[56/266] Analyzing 고려아연 - 고려아연 온산제련소 노사, 울주군 온산읍에 2억5천만원...
[57/266] Analyzing 고려아연 - 이제는 '코스피 6000' 시대…시가총액도 5000조 ...
[58/266] Analyzing LK삼양 - LK삼양, 광학 기술 기반 화재 감지 솔루션 시장 공략...
[59/266] Analyzing LK삼양 - [서울데이터랩]금일 코스닥 거래량 1위 오가닉티코스메틱...
[60/266] Analyzing LK삼양 - LK삼양 주가, 2월 25일 장중 2,415원 5.23...
[61/266] Analyzing 제노코 - "스페이스X가 연 민간 우주시장...국내 기업에도 기회...
[62/266] Analyzing 제노코 - "10일 내 이란 공격 여부 결정"…방산주 장 초반 강...
[63/266] Analyzing 제노코 - 제노코, 지난해 매출 596억 달성…위성·방산 수주 확...
[64/266] Analyzing 계양전기 - [오늘의 상한가] 서울반도체·모베이스전자 등...
[65/266] Analyzing 계양전기 - [서울데이터랩]참엔지니어링 30.00% 상한가 금일 증...
[66/266] Analyzing 계양전기 - [오늘의 코스피 · 2월 25일] 금일 상승주 TOP ...
[67/266] Analyzing 한미반도체 - 베시 CEO "삼성 HBM4 '하이브리드 본딩' 적용,...
[68/266] Analyzing 한미반도체 - [사설] '1조 클럽' 협력사 1년새 두 배로…'삼전닉...
[69/266] Analyzing 한미반도체 - '육천피' 불장에 공매도 대기자금 '역대 최대'…대차잔...
[70/266] Analyzing 성문전자 - [서울데이터랩]참엔지니어링 30.00% 상한가 금일 증...
[71/266] Analyzing 성문전자 - "버려지는 게 없다"... 더블유씨피, 독보적 트리밍 ...
[72/266] Analyzing 성문전자 - 세아메카닉스, 알루미늄 다이캐스팅의 힘…전기차 넘어 E...
[73/266] Analyzing 현대무벡스 - 이제는 '코스피 6000' 시대…시가총액도 5000조 ...
[74/266] Analyzing 현대무벡스 - 현대무벡스, 'AW 2026'서 AI·로봇 중심 스마트...
[75/266] Analyzing 현대무벡스 - [애프터마켓 브리핑] 현대차 그룹주 동반 상승…피지컬 ...
[76/266] Analyzing 뉴로메카 - '패낳괴' 다시 나타날까…'360조' 몰리더니 관심 폭...
[77/266] Analyzing 뉴로메카 - 뉴로메카 2거래일 상승 추세...패턴화 여부 주시...
[78/266] Analyzing 뉴로메카 - 휴림로봇 현대무벡스 로보티즈 뉴로메카 도약...로봇 관...
[79/266] Analyzing 흥국화재 - '자사주 소각·배당 기대감' 보험주, 상한가...보험사...
[80/266] Analyzing 흥국화재 - [서울데이터랩]금일 코스피 거래량 1위 서울식품 거래대...
[81/266] Analyzing 흥국화재 - 만성질환 없는 유병자 고객… 흥국화재, 보험료 10% ...
[82/266] Analyzing 현대지에프홀딩스 - 기아, 북미 전용 SUV 텔루라이드 하이브리드 가세로 ...
[83/266] Analyzing 현대지에프홀딩스 - 올해 코스피 100% 이상 상승 종목 11개...코스닥...
[84/266] Analyzing 현대지에프홀딩스 - '칠천피' 꿈 아니네?…코스피, 올 들어 40% 올랐다...
[85/266] Analyzing 삼성전기 - 코스피 6000 시대 개막…반도체, 자동차株가 이끌었다...
[86/266] Analyzing 삼성전기 - 삼성전기, ‘AI 품귀현상’ MLCC 가격 올린다...
[87/266] Analyzing 삼성전기 - 코스피 6천 시대 열렸다… 현대차, 새만금 투자 소식에...
[88/266] Analyzing 큐라클 - 오늘의 메모[2월 25일]...
[89/266] Analyzing 큐라클 - [이격도과열 종목] 경남제약·엠에스오토텍· 얼라인드 떡...
[90/266] Analyzing 큐라클 - 네오이뮨텍, T세포 증폭제 'NT-I7' 기반 면역항암...
[91/266] Analyzing 동부건설 - '10.7조' 가덕도신공항 수의계약… 대우건설 무거운 ...
[92/266] Analyzing 동부건설 - 가덕도신공항 공사 수의계약 전환…시민단체 "환영"...
[93/266] Analyzing 동부건설 - 가덕도신공항 부지조성공사, 대우건설 컨소시엄과 수의계약...
[94/266] Analyzing 퍼스텍 - 美, 이란 압박에…한화에어로 급등...
[95/266] Analyzing 퍼스텍 - "열흘 안에 결판" 트럼프 한마디에…주가 들썩이는 종목...
[96/266] Analyzing 퍼스텍 - 계양전기, 현대·기아차 공급 확대… 전장 부품 비중 키...
[97/266] Analyzing 제이에스링크 - 카카오 42억 베팅…SKT도 집중 매수...
[98/266] Analyzing 제이에스링크 - 10억 넘는 자산가들 계좌 봤더니…조용히 쓸어담은 종목...
[99/266] Analyzing 제이에스링크 - [이격도과열 종목] 경남제약·엠에스오토텍· 얼라인드 떡...
[100/266] Analyzing 엑시콘 - 반도체 장비 관련주, '함박웃음' 에이치엠넥스·저스템·...
[101/266] Analyzing 엑시콘 - 글로벌 자동차사도 러브콜... KEC, 전장용 반도체 ...
[102/266] Analyzing 엑시콘 - [이격도과열 종목] 나노엔텍·플라즈맵 상한가 직행…바이...
[103/266] Analyzing 현대건설 - 코스피 6000 시대 개막…반도체, 자동차株가 이끌었다...
[104/266] Analyzing 현대건설 - 여자배구 도로공사 타나차, 발목 '인대 파열'로 4∼6...
[105/266] Analyzing 현대건설 - 햇볕 잘 드는 창문으로 원전 1~2기분 에너지 생산…도...
[106/266] Analyzing 나무기술 - 겸재 정선 '박연폭포', 2개월간 국중박서 만난다...
[107/266] Analyzing 나무기술 - 카카오, '사이좋은 AI 포럼' 통해 AI 시민성 교육...
[108/266] Analyzing 나무기술 - 충남도, 서산 석유화학 산업 고용 안심망 구축 [힘쎈충...
[109/266] Analyzing 서울바이오시스 - [재테크] 지수는 최고치, 종목은 옥석가리기… 코스피 ...
[110/266] Analyzing 서울바이오시스 - [오늘의 상한가] 서울반도체·모베이스전자 등...
[111/266] Analyzing 서울바이오시스 - [이격도과열 종목] 경남제약·엠에스오토텍· 얼라인드 떡...
[112/266] Analyzing 케어젠 - 코스피, 사상 첫 ‘6000피’ 개막…5000피 이후 ...
[113/266] Analyzing 케어젠 - 한국증시 '육천피' 시대 열렸다 레벨업 기대…현대차 9...
[114/266] Analyzing 케어젠 - 코스피 6083.86 마감…전대미문의 6000 시대...
[115/266] Analyzing 와토스코리아 - [이격도과열 종목] 경남제약·엠에스오토텍· 얼라인드 떡...
[116/266] Analyzing 와토스코리아 - 와토스코리아, 제조부터 A/S까지 일관 체계 구축......
[117/266] Analyzing 와토스코리아 - [52주] 최고가 98개, 최저가 11개... 코스피 ...
[118/266] Analyzing 대우건설 - 코스피 6000 시대 개막…반도체, 자동차株가 이끌었다...
[119/266] Analyzing 대우건설 - 서울 흑석·노량진 뉴타운, 장위 재개발 대단지 청약 노...
[120/266] Analyzing 대우건설 - 진주 힐스테이트·창원 자이…천안 아이파크·아산탕정자이 ...
[121/266] Analyzing 풍원정밀 - "카피 제품은 발 못 붙인다"... 서울반도체, 철벽 ...
[122/266] Analyzing 풍원정밀 - "바닥 다졌다"…예선테크, 특허 쏟아지는 'FSPM' ...
[123/266] Analyzing 풍원정밀 - 경인양행·풍원정밀 동반 강세…K-소재 글로벌 시장 영토...
[124/266] Analyzing 씨아이에스 - 코스닥 외국인, 에코프로 올릭스 레인보우로보틱스 '왕성...
[125/266] Analyzing 씨아이에스 - 바이오헬스산업 유공자 과기부 표창에 이성욱·이재우...
[126/266] Analyzing 씨아이에스 - 이수스페셜티케미컬, 황화리튬 기반 설비 확대로 글로벌 ...
[127/266] Analyzing 서울반도체 - [재테크] 지수는 최고치, 종목은 옥석가리기… 코스피 ...
[128/266] Analyzing 서울반도체 - [오늘의 상한가] 서울반도체·모베이스전자 등...
[129/266] Analyzing 서울반도체 - [애프터마켓 브리핑] 현대차 그룹주 동반 상승…피지컬 ...
[130/266] Analyzing 한화갤러리아 - 한화갤러리아, 호실적 발표에 17%대 급등...
[131/266] Analyzing 한화갤러리아 - [이격도과열 종목] 경남제약·엠에스오토텍· 얼라인드 떡...
[132/266] Analyzing 한화갤러리아 - 한화갤러리아 실적 반등 … 김동선 부회장, F&B·테크...
[133/266] Analyzing 미래에셋증권 - '육천피' 불장에 공매도 대기자금 '역대 최대'…대차잔...
[134/266] Analyzing 미래에셋증권 - '신고가 경신' 삼전·하이닉스 영업익 연 300兆 '기...
[135/266] Analyzing 미래에셋증권 - 임박한 상법개정안 통과, 자사주 소각 기업 급증...
[136/266] Analyzing 에프앤가이드 - 한전 '역대급 실적' 터졌는데…"배당 늘리자 vs 안돼...
[137/266] Analyzing 에프앤가이드 - 코스피 6000 1등공신 ETF···국내주식형 수익률 ...
[138/266] Analyzing 에프앤가이드 - 달아오르는 코스피…국내증시 9황제 시대 개막...
[139/266] Analyzing 에이치엠넥스 - 서울반도체·바이오시스 주가 떡상랠리... 디스플레이 업...
[140/266] Analyzing 에이치엠넥스 - [종목+] 에이치엠넥스 4거래일 상승, '광온도센서 부...
[141/266] Analyzing 에이치엠넥스 - 올해 코스피 100% 이상 상승 종목 11개...코스닥...
[142/266] Analyzing DSC인베스트먼트 - 출항 앞둔 '한국형 BDC'… 불장 속 '개미 마음' ...
[143/266] Analyzing DSC인베스트먼트 - DSC인베스트먼트 주가, 2월 25일 장중 17,730...
[144/266] Analyzing DSC인베스트먼트 - [공시속보] DSC인베스트먼트, 투자경고종목 지정 예고...
[145/266] Analyzing 효성티앤씨 - 코스피 6000 시대 개막…반도체, 자동차株가 이끌었다...
[146/266] Analyzing 효성티앤씨 - “구조조정 나서도 ‘화학 반등’은 앞당겨지지 않아”...
[147/266] Analyzing 효성티앤씨 - [중화학노트] 한화에어로, 항공엔진 소재 ∙부품 자립 ...
[148/266] Analyzing 삼성전자우 - [특징주] 삼성전자·SK하이닉스 1%대 상승…'코스피 ...
[149/266] Analyzing 삼성전자우 - [코스피 6000] 개인·ETF가 쏘아 올린 '육천피'...
[150/266] Analyzing 삼성전자우 - 코스피 '6천피 시대'···개인 매수에 힘입어 6083...
[151/266] Analyzing KCC - 1·7호선 더블역세권…'쌍용 더 플래티넘 온수역' 최고...
[152/266] Analyzing KCC - KOSPI 200 Closing Price List-3...
[153/266] Analyzing KCC - 햇볕 잘 드는 창문으로 원전 1~2기분 에너지 생산…도...
[154/266] Analyzing 한전기술 - 대신증권 “한전기술, 원전 해외 수출 등 외형성장 기대...
[155/266] Analyzing 한전기술 - [마켓PRO] Today's Pick : "SK스퀘어,...
[156/266] Analyzing 한전기술 - [코스피 지수선물 옵션] 삼성전자·현대차 선물 급등… ...
[157/266] Analyzing 광동제약 - 제약업계, 환절기 '마시는 감기약' 출시...
[158/266] Analyzing 광동제약 - 제주삼다수, 대학생 PR 공모전…Z세대 아이디어 발굴...
[159/266] Analyzing 광동제약 - 의약품 매출 83% 현대약품, 약가인하 직격탄 우려...
[160/266] Analyzing 현대차증권 - “이젠 7000피 간다”…삼전·하닉 투톱질주에 코스피 ...
[161/266] Analyzing 현대차증권 - 달아오르는 코스피…국내증시 9황제 시대 개막...
[162/266] Analyzing 현대차증권 - 형님 다음은 아우 차례…6000피 희망 본 개미들, 여...
[163/266] Analyzing 대원전선 - 대원전선 주가, 2월 25일 장중 6,210원 4.61...
[164/266] Analyzing 대원전선 - [서울데이터랩]금일 코스피 거래량 1위 서울식품 거래대...
[165/266] Analyzing 대원전선 - 일진전기, 턴키 수주 전략 통했다… 해외 80개국 영토...
[166/266] Analyzing SK텔레콤 - SKT, '안전보건 상생협력 우수기업' 3년 연속 선정...
[167/266] Analyzing SK텔레콤 - 지겨운 070 스팸 전화, '이 버튼'만 누르면 이제 ...
[168/266] Analyzing SK텔레콤 - SK텔레콤, 세계 무대서 AI 모델 신뢰성 검증...
[169/266] Analyzing 한화 - 코스피, 사상 첫 ‘6000피’ 개막…5000피 이후 ...
[170/266] Analyzing 한화 - "안보 이어 국민 안전까지"…첨단 방산 기술, 공공분야...
[171/266] Analyzing 한화 - '명품 해설' 이대형이 본 한화, 올해 어떨까 "작년과...
[172/266] Analyzing 한화생명 - 보험업계 '예실차 쇼크'…출혈경쟁·고무줄 회계 '부메랑...
[173/266] Analyzing 한화생명 - 배당 늘고 세금 줄고…오너계 보험사 '공격적 밸류업'...
[174/266] Analyzing 한화생명 - [혁신 보험, 드라이브] 한화생명, 국내 최초 증여자산...
[175/266] Analyzing 삼성생명 - 연일 상승하며 신고가 썼던 은행·보험주…‘숨고르기’ 들...
[176/266] Analyzing 삼성생명 - 한국증시 '육천피' 시대 열렸다 레벨업 기대…현대차 9...
[177/266] Analyzing 삼성생명 - 미래에셋증권, 사상 최대 규모 주주환원…교보증권, 자립...
[178/266] Analyzing 화신 - 왕의 눈물·권력의 피비린내…'단종애사' 현대어판 출간...
[179/266] Analyzing 화신 - [이격도과열 종목] 경남제약·엠에스오토텍· 얼라인드 떡...
[180/266] Analyzing 화신 - '전 세계 흥행 1위' 매머드급 블록버스터 왔다…25일...
[181/266] Analyzing 롯데쇼핑 - "사과식초·말차 완벽조합 … 세상에 없던 혈당음료 만들...
[182/266] Analyzing 롯데쇼핑 - 뷰티 잇템 판매부터 컨설팅까지 … 3040 홈쇼핑족 '...
[183/266] Analyzing 롯데쇼핑 - 롯데벤처스, 2026 L-CAMP 프로그램 참여기업 모...
[184/266] Analyzing 일진전기 - “6700억 한전 짬짜미” 효성중공업 혐의 ‘부인’ 중...
[185/266] Analyzing 일진전기 - '6700억원대 한전 입찰담합' 첫 재판…효성중공업 "...
[186/266] Analyzing 일진전기 - 거래소 기관, 삼성전자·현대차 '집중 매수'...일진전...
[187/266] Analyzing DB증권 - [특징주] 장중 6%대 급등 심텍, 오름폭 반납후 0....
[188/266] Analyzing DB증권 - 미래에셋증권, 사상 최대 규모 주주환원…교보증권, 자립...
[189/266] Analyzing DB증권 - 1,420원대로 내려선 달러-원…갑작스런 급락 이유는...
[190/266] Analyzing 신영증권 - 임박한 상법개정안 통과, 자사주 소각 기업 급증...
[191/266] Analyzing 신영증권 - '육천피' 신기록에 '통 큰' 주주환원까지…미래에셋證,...
[192/266] Analyzing 신영증권 - 신영증권, 새 대표에 김대일 사장 선임… WM·자산배분...
[193/266] Analyzing NHN벅스 - '손안의 결제'가 효자네… 다날·KG모빌리언스 동반 상...
[194/266] Analyzing NHN벅스 - [서울데이터랩]유투바이오 29.99% 폭등 금일 증시 ...
[195/266] Analyzing 옵티코어 - 옵티코어, 'OFC2026' 참가, '선번 센싱' 광트...
[196/266] Analyzing 옵티코어 - 중국 반도체 시장 잡는다…기가레인, 우시 신공장 가동으...
[197/266] Analyzing 옵티코어 - 옵티코어 주가, 2월 23일 3,630원 12.56% ...
[198/266] Analyzing 피에스케이 - “트럼프 관세 무색” 반도체 투톱 새 역사...소부장 ...
[199/266] Analyzing 피에스케이 - 20만전자·100만닉스 끌고, 소부장 밀고…반도체주 '...
[200/266] Analyzing 피에스케이 - 코스닥 기관, 알테오젠·에이비엘바이오 매도 폭탄... ...
[201/266] Analyzing 주성엔지니어링 - "절대 못 만든다" 비웃었는데…삼성·SK 턱밑까지 쫓아...
[202/266] Analyzing 주성엔지니어링 - 특수가스·증착장비…K반도체 뿌리 소부장 기술 한눈에...
[203/266] Analyzing 주성엔지니어링 - 코스닥 외국인, 에코프로 올릭스 레인보우로보틱스 '왕성...
[204/266] Analyzing 삼양엔씨켐 - 글로벌 자동차사도 러브콜... KEC, 전장용 반도체 ...
[205/266] Analyzing 삼양엔씨켐 - 반도체 재료·부품관련주, '봄꽃만개' KEC·샘씨엔에스...
[206/266] Analyzing 삼양엔씨켐 - 경인양행·풍원정밀 동반 강세…K-소재 글로벌 시장 영토...
[207/266] Analyzing 코아시아씨엠 - LK삼양, 광학 기술 기반 화재 감지 솔루션 시장 공략...
[208/266] Analyzing 코아시아씨엠 - [공시속보] 코아시아씨엠, 투자주의종목 지정예고→급등세...
[209/266] Analyzing 코아시아씨엠 - [상대강도과열 종목] SKAI·비츠로시스 '앗~뜨거' ...
[210/266] Analyzing 테스 - 형님 다음은 아우 차례…6000피 희망 본 개미들, 여...
[211/266] Analyzing 테스 - “대기업 월급 중소기업의 2배”… 성별 격차도 1.5배...
[212/266] Analyzing 테스 - AI·바이오 특허 심사 ‘1개월’ 시대 열렸다...
[213/266] Analyzing 네오셈 - 코스피 6000 시대 개막…반도체, 자동차株가 이끌었다...
[214/266] Analyzing 네오셈 - 미래에셋증권, 사상 최대 규모 주주환원…교보증권, 자립...
[215/266] Analyzing 네오셈 - 메리츠증권, 수소 전문기업 '미코파워'에 모험자본 40...
[216/266] Analyzing 스피어 - 잡코리아, 초보 HR 리더 대상 네트워킹 행사 '흐레카...
[217/266] Analyzing 스피어 - 대전시, 스페인서 'GINI 제3회 세계혁신도시포럼' ...
[218/266] Analyzing 스피어 - 동국제약, 전립선암 치료제 '로렐린데포주' 3개월 제형...
[219/266] Analyzing 한전산업 - 삼성SDS, AI 컴퓨팅센터 해남에 건립…땅끝마을, A...
[220/266] Analyzing 한전산업 - 부산 기장에 전력반도체 소부장 클러스터…강서구엔 'ES...
[221/266] Analyzing 한전산업 - "뼈 깎는 자구책엔 파격 보상"... 정부, 대산 1호...
[222/266] Analyzing 엑스플러스 - 필리핀 세부, 컨벤션센터 2곳 개장…행사공간 6배↑ [...
[223/266] Analyzing 엑스플러스 - [통신 레이더]SKT·KT·LG U+, MWC26서 한...
[224/266] Analyzing 엑스플러스 - [잇속] SKT·KT·LGU+ 외...
[225/266] Analyzing 기가비스 - [52주] 최고가 98개, 최저가 11개... 코스피 ...
[226/266] Analyzing 기가비스 - 반도체 장비 관련주, '함박웃음' 에이치엠넥스·저스템·...
[227/266] Analyzing 기가비스 - 글로벌 자동차사도 러브콜... KEC, 전장용 반도체 ...
[228/266] Analyzing RF머트리얼즈 - 코스닥 기관, 알테오젠·에이비엘바이오 매도 폭탄... ...
[229/266] Analyzing RF머트리얼즈 - 글로벌 1위와 손잡았다…아모센스, SOFC 기판 국산화...
[230/266] Analyzing RF머트리얼즈 - [52주] 최고가 172개, 최저가 39개...코스피 ...
[231/266] Analyzing 삼화콘덴서 - [증시 인사이트] 최근 한달 새 반도체 투톱에만 자금 ...
[232/266] Analyzing 삼화콘덴서 - 코스모신소재, AI·반도체 훈풍 타고 실적 반등 가속...
[233/266] Analyzing 삼화콘덴서 - "AI 서버發 MLCC 훈풍" 코스모신소재, 고품질 이...
[234/266] Analyzing 저스템 - 기업공시 [2월 25일]...
[235/266] Analyzing 저스템 - 저스템, LG전자와 74억 규모 OLED 공정장비 공급...
[236/266] Analyzing 저스템 - 저스템, LG전자로부터 대형 프로젝트 수주...
[237/266] Analyzing 젠큐릭스 - 저평가 중소형주 주가 반등 기대…젠큐릭스·수성웹툰·대성...
[238/266] Analyzing 젠큐릭스 - [재테크] 지수는 최고치, 종목은 옥석가리기… 코스피 ...
[239/266] Analyzing 젠큐릭스 - [오늘의 상한가] 서울반도체·모베이스전자 등...
[240/266] Analyzing 덕산하이메탈 - [52주] 최고가 98개, 최저가 11개... 코스피 ...
[241/266] Analyzing 덕산하이메탈 - 글로벌 자동차사도 러브콜... KEC, 전장용 반도체 ...
[242/266] Analyzing 덕산하이메탈 - 반도체 재료·부품관련주, '봄꽃만개' KEC·샘씨엔에스...
[243/266] Analyzing 선익시스템 - 기업공시 [2월 25일]...
[244/266] Analyzing 선익시스템 - 오늘의 메모[2월 26일]...
[245/266] Analyzing 선익시스템 - IBK투자, 선익시스템 목표가 126%↑…"3세대 태양...
[246/266] Analyzing HD현대 - ‘서울의 봄’부터 ‘좀비 축구’까지...각오도 공약도 ...
[247/266] Analyzing HD현대 - R&D·고부가사업에 뉴머니...영구채 1조 전환 지원도...
[248/266] Analyzing HD현대 - 코스피, 새 이정표 세웠다…사상 첫 6080선 안착...
[249/266] Analyzing 현대ADM - '임상 본격화' 현대바이오·현대ADM 동반 '上'......
[250/266] Analyzing 현대ADM - 퇴행성 뇌질환 발병 원인 (1)...
[251/266] Analyzing 현대ADM - [하우머니] 우리 시장, 개장 후 현재 흐름 특징?...
[252/266] Analyzing 다원넥스뷰 - 올해 코스피 100% 이상 상승 종목 11개...코스닥...
[253/266] Analyzing 다원넥스뷰 - 반도체 장비 관련주, '함박웃음' 에이치엠넥스·저스템·...
[254/266] Analyzing 다원넥스뷰 - 글로벌 자동차사도 러브콜... KEC, 전장용 반도체 ...
[255/266] Analyzing 유투바이오 - [재테크] 지수는 최고치, 종목은 옥석가리기… 코스피 ...
[256/266] Analyzing 유투바이오 - [오늘의 상한가] 서울반도체·모베이스전자 등...
[257/266] Analyzing 유투바이오 - [이격도과열 종목] 경남제약·엠에스오토텍· 얼라인드 떡...
[258/266] Analyzing 우리기술 - 철도硏 창립 30주년, 고속열차 개발 산실…韓 철도 발...
[259/266] Analyzing 우리기술 - AI는 적이다! AI 빌런의 위협에 맞서는 게임들...
[260/266] Analyzing 우리기술 - '대한민국 인공지능행동계획' 확정…AI 3강 청사진 제...
[261/266] Analyzing 삼화페인트 - 휘청이는 건설 후방산업...보릿고개 끝날 날까지 '버티...
[262/266] Analyzing 삼화페인트 - [찐검승부⑮] 노루 '대중 친화 전시' vs 삼화 '미...
[263/266] Analyzing 삼화페인트 - 꽁꽁 언 건설경기에 건자재·인테리어 ‘삭풍’...
[264/266] Analyzing 레이저쎌 - [이격도과열 종목] 경남제약·엠에스오토텍· 얼라인드 떡...
[265/266] Analyzing 레이저쎌 - [서울데이터랩]‘젠큐릭스’ 29.96% 상한가…실시간 ...
[266/266] Analyzing 레이저쎌 - HBM(고대역폭메모리) 관련주, '덩실덩실' 한화비전·...
Saving 266 analyzed items to E:\Downloads\Antigravity Project\ClosingSHIN\Scripts\results\news_analysis_20260225.csv...
Done.


[2026-02-25 17:08:29.289957] VCP 차트 생성 스크립트 실행...
Exception in thread Thread-5 (_readerthread):
Traceback (most recent call last):
  File "C:\Users\JUN\AppData\Local\Programs\Python\Python311\Lib\threading.py", line 1045, in _bootstrap_inner
    self.run()
  File "C:\Users\JUN\AppData\Local\Programs\Python\Python311\Lib\threading.py", line 982, in run
    self._target(*self._args, **self._kwargs)
  File "C:\Users\JUN\AppData\Local\Programs\Python\Python311\Lib\subprocess.py", line 1599, in _readerthread
    buffer.append(fh.read())
                  ^^^^^^^^^
  File "<frozen codecs>", line 322, in decode
UnicodeDecodeError: 'utf-8' codec can't decode byte 0xc2 in position 33: invalid continuation byte
None
[2026-02-25 17:11:49.572894] 모든 분석 및 데이터 생성 완료.
