[2026-04-03 17:43:01.076721] 자동 시장 데이터 동기화 체크 중...
[2026-04-03 17:43:14.983523] 동기화 확인 완료.
[2026-04-03 17:43:14.983523] VCP 통합 스캔 시작    # [0] 대상 선정 (Phase 1)
[2026-04-03 17:43:15.028897] 대상 종목 선별 작업 시작 (Batch 모드)...
  선정 기간: 20260119 ~ 20260403 (약 50거래일 기준)
[2026-04-03 17:43:15.041457] Naver Finance에서 종목 리스트 수집 중...
  Market 0 has 49 pages.
  Market 1 has 37 pages.
[PB Utils] Successfully fetched 4247 tickers from Naver Finance.
[2026-04-03 17:43:27.557005] 대상 선별 완료. (Batch 모드로 26분 -> 수 초로 단축)
[2026-04-03 17:43:27.570429] 스캔 대상 200개 상세 데이터 로딩 시작...
  - [10/200] 008600 192410 900270 046970 065170 412350 331920 010170 187660 221800 로딩 완료
  - [20/200] 047040 049080 032820 043260 475150 322000 327260 242040 046120 129920 로딩 완료
  - [30/200] 040160 001510 230240 138080 005090 027360 360350 038500 218410 019210 로딩 완료
  - [40/200] 290550 003280 036170 001515 347700 017900 440110 000250 095340 092220 로딩 완료
  - [50/200] 048410 050890 003000 088280 474610 011930 064850 100790 095910 052020 로딩 완료
  - [60/200] 003030 357580 010820 082920 388790 215790 007120 238090 027040 010060 로딩 완료
  - [70/200] 085910 355150 323350 006800 032500 033160 033790 382800 036930 078600 로딩 완료
  - [80/200] 024850 065440 376900 100590 393890 054620 127120 001820 112610 120110 로딩 완료
  - [90/200] 088130 077360 069540 085620 289930 138490 319660 224060 065770 073490 로딩 완료
  - [100/200] 321550 241520 062970 297570 289080 131970 106190 080580 089230 020400 로딩 완료
  - [110/200] 084870 090470 291650 137950 123330 012210 083470 368770 425420 265740 로딩 완료
  - [120/200] 375500 044490 037460 001290 357880 160980 189300 065530 052710 131290 로딩 완료
  - [130/200] 058470 024060 086450 264450 200710 347770 196450 004960 171090 222080 로딩 완료
  - [140/200] 004060 052860 241770 457990 091580 018000 058110 005440 028050 056090 로딩 완료
  - [150/200] 226590 355690 049430 420770 234690 012630 098120 053690 290720 000210 로딩 완료
  - [160/200] 389260 092870 076610 161000 297090 130660 127710 425040 330860 222420 로딩 완료
  - [170/200] 065450 031980 004440 353200 900290 263750 009150 178320 079550 035460 로딩 완료
  - [180/200] 417200 007340 225430 109070 015260 296640 023160 005010 290660 00680K 로딩 완료
  - [190/200] 234340 046890 005960 073540 365270 003240 042520 019010 000440 083650 로딩 완료
  - [200/200] 100090 389030 089980 020000 024800 0093A0 402490 064290 0120G0 124500 로딩 완료
[2026-04-03 17:43:40.673401] 상세 데이터 로딩 완료. (총 200개 캐싱됨)
 [1/200] 윌비스(008600): 패턴 미완성 (제외)
 [2/200] 오늘이엔엠(192410): 이평선 역배열 (50>150>200 미충족) (제외) | 50일등락: 672.36%
 [3/200] 헝셩그룹(900270): 패턴 미완성 (제외)
 [4/200] 우리로(046970): 패턴 미완성 (제외)
 [5/200] 비엘팜텍(065170): 50일선 아래 (제외) | 50일등락: 399.15%
 -> [★발견★] 레이저쎌 (Market): 4회 수축, 마지막 8.6%, 점수 80 (RS 388.0), 피벗 7,660
 -> [★발견★] 셀레믹스 (Market): 5회 수축, 마지막 10.5%, 점수 20 (RS 446.3), 피벗 5,140
 [8/200] 대한광통신(010170): 1차 조정폭 과다 (제외)
 [9/200] 페니트리움바이오(187660): 패턴 미완성 (제외)
 [10/200] 유투바이오(221800): 패턴 미완성 (제외)
 [11/200] 대우건설(047040): 패턴 미완성 (제외)
 -> [★발견★] 기가레인 (Market): 6회 수축, 마지막 5.3%, 점수 40 (RS 404.7), 피벗 524
 [13/200] 우리기술(032820): 패턴 미완성 (제외)
 [14/200] 성호전자(043260): 패턴 미완성 (제외)
 -> [★발견★] SK이터닉스 (Market): 7회 수축, 마지막 13.5%, 점수 20 (RS 335.3), 피벗 59,900
 -> [★발견★] HD현대에너지솔루션 (Market): 7회 수축, 마지막 9.6%, 점수 40 (RS 450.1), 피벗 136,300
 [17/200] RF머트리얼즈(327260): 패턴 미완성 (제외)
 [18/200] 나무기술(242040): 패턴 미완성 (제외)
 [19/200] 오르비텍(046120): 패턴 미완성 (제외)
 [20/200] 대성하이텍(129920): 패턴 미완성 (제외)
 [21/200] 누리플렉스(040160): 패턴 미완성 (제외)
 [22/200] SK증권(001510): 패턴 미완성 (제외)
 [23/200] 에치에프알(230240): 이평선 역배열 (50>150>200 미충족) (제외) | 50일등락: 178.33%
 [24/200] 오이솔루션(138080): 패턴 미완성 (제외)
 [25/200] SGC에너지(005090): 패턴 미완성 (제외)
 [26/200] 아주IB투자(027360): 패턴 미완성 (제외)
 [27/200] 코셈(360350): 이평선 역배열 (50>150>200 미충족) (제외) | 50일등락: 169.71%
 [28/200] 삼표시멘트(038500): 패턴 미완성 (제외)
 [29/200] RFHIC(218410): 패턴 미완성 (제외)
 -> [★발견★] 와이지-원 (Market): 6회 수축, 마지막 6.4%, 점수 40 (RS 262.2), 피벗 13,150
 [31/200] 디케이티(290550): 패턴 미완성 (제외)
 [32/200] 흥아해운(003280): 패턴 미완성 (제외)
 [33/200] 에이치엠넥스(036170): 패턴 미완성 (제외)
 [34/200] SK증권우(001515): 패턴 미완성 (제외)
 [35/200] 스피어(347700): 패턴 미완성 (제외)
 [36/200] 광전자(017900): 패턴 미완성 (제외)
 [37/200] 파두(440110): 패턴 미완성 (제외)
 [38/200] 삼천당제약(000250): 50일선 아래 (제외) | 50일등락: 134.36%
 [39/200] ISC(095340): 패턴 미완성 (제외)
 -> [★발견★] KEC (Market): 7회 수축, 마지막 12.9%, 점수 20 (RS 206.9), 피벗 1,521
 [41/200] 현대바이오(048410): 패턴 미완성 (제외)
 [42/200] 쏠리드(050890): 패턴 미완성 (제외)
 [43/200] 부광약품(003000): 패턴 미완성 (제외)
 [44/200] 쏘닉스(088280): 이평선 역배열 (50>150>200 미충족) (제외) | 50일등락: 117.31%
 [45/200] RF시스템즈(474610): 패턴 미완성 (제외)
 [46/200] 신성이엔지(011930): 패턴 미완성 (제외)
 -> [★발견★] 에프앤가이드 (Market): 8회 수축, 마지막 11.8%, 점수 50 (RS 234.2), 피벗 21,400
 [48/200] 미래에셋벤처투자(100790): 패턴 미완성 (제외)
 [49/200] 에스에너지(095910): 이평선 역배열 (50>150>200 미충족) (제외) | 50일등락: 110.85%
 [50/200] 에스티큐브(052020): 패턴 미완성 (제외)
 [51/200] 세아제강지주(003030): 이평선 역배열 (50>150>200 미충족) (제외) | 50일등락: 107.89%
 [52/200] 아모센스(357580): 패턴 미완성 (제외)
 [53/200] 퍼스텍(010820): 패턴 미완성 (제외)
 [54/200] 비츠로셀(082920): 패턴 미완성 (제외)
 [55/200] 라이콤(388790): 패턴 미완성 (제외)
 [56/200] 이노인스트루먼트(215790): 이평선 역배열 (50>150>200 미충족) (제외) | 50일등락: 103.87%
 [57/200] 미래아이앤지(007120): 패턴 미완성 (제외)
 [58/200] 앤디포스(238090): 이평선 역배열 (50>150>200 미충족) (제외) | 50일등락: 103.39%
 [59/200] 서울전자통신(027040): 이평선 역배열 (50>150>200 미충족) (제외) | 50일등락: 102.83%
 -> [★발견★] OCI홀딩스 (Market): 7회 수축, 마지막 12.5%, 점수 20 (RS 252.7), 피벗 203,000
 [61/200] 네오티스(085910): 패턴 미완성 (제외)
 -> [★발견★] 코스텍시스 (Market): 7회 수축, 마지막 13.9%, 점수 20 (RS 227.9), 피벗 24,100
 [63/200] 다원넥스뷰(323350): 50일선 아래 (제외) | 50일등락: 99.46%
 -> [★발견★] 미래에셋증권 (Market): 6회 수축, 마지막 14.1%, 점수 50 (RS 353.9), 피벗 71,091
 [65/200] 케이엠더블유(032500): 패턴 미완성 (제외)
 [66/200] 엠케이전자(033160): 패턴 미완성 (제외)
 [67/200] 피노(033790): 패턴 미완성 (제외)
 [68/200] 지앤비에스 에코(382800): 이평선 역배열 (50>150>200 미충족) (제외) | 50일등락: 96.59%
 [69/200] 주성엔지니어링(036930): 패턴 미완성 (제외)
 -> [★발견★] 대주전자재료 (Market): 7회 수축, 마지막 10.9%, 점수 40 (RS 172.8), 피벗 132,500
 [71/200] HLB이노베이션(024850): 패턴 미완성 (제외)
 [72/200] 이루온(065440): 이평선 역배열 (50>150>200 미충족) (제외) | 50일등락: 94.84%
 -> [★발견★] 로킷헬스케어 (Market): 8회 수축, 마지막 7.7%, 점수 40 (RS 0), 피벗 130,400
 [74/200] 머큐리(100590): 패턴 미완성 (제외)
 -> [★발견★] 더블유씨피 (Market): 7회 수축, 마지막 13.0%, 점수 20 (RS 206.1), 피벗 15,100
 [76/200] APS(054620): 패턴 미완성 (제외)
 [77/200] 제이에스링크(127120): 패턴 미완성 (제외)
 [78/200] 삼화콘덴서(001820): 패턴 미완성 (제외)
 [79/200] 씨에스윈드(112610): 이평선 역배열 (50>150>200 미충족) (제외) | 50일등락: 92.01%
 -> [★발견★] 코오롱인더 (Market): 6회 수축, 마지막 11.3%, 점수 20 (RS 208.4), 피벗 75,000
 [81/200] 동아엘텍(088130): 50일선 아래 (제외) | 50일등락: 89.22%
 [82/200] 덕산하이메탈(077360): 50일선 아래 (제외) | 50일등락: 88.75%
 [83/200] 빛과전자(069540): 이평선 역배열 (50>150>200 미충족) (제외) | 50일등락: 87.97%
 -> [★발견★] 미래에셋생명 (Market): 8회 수축, 마지막 9.9%, 점수 70 (RS 243.8), 피벗 17,910
 [85/200] 웨이비스(289930): 패턴 미완성 (제외)
 -> [★발견★] 코오롱ENP (Market): 9회 수축, 마지막 2.5%, 점수 80 (RS 208.4), 피벗 15,380
 -> [★발견★] 피에스케이 (Market): 8회 수축, 마지막 12.0%, 점수 40 (RS 275.9), 피벗 86,400
 [88/200] 더코디(224060): 패턴 미완성 (제외)
 [89/200] CS(065770): 이평선 역배열 (50>150>200 미충족) (제외) | 50일등락: 83.91%
 [90/200] 이노와이어리스(073490): 패턴 미완성 (제외)
 [91/200] 티움바이오(321550): 패턴 미완성 (제외)
 -> [★발견★] DSC인베스트먼트 (Market): 7회 수축, 마지막 13.3%, 점수 50 (RS 205.8), 피벗 14,960
 [93/200] 한국첨단소재(062970): 이평선 역배열 (50>150>200 미충족) (제외) | 50일등락: 82.4%
 -> [★발견★] 알로이스 (Market): 6회 수축, 마지막 5.0%, 점수 60 (RS 183.0), 피벗 1,496
 [95/200] SV인베스트먼트(289080): 패턴 미완성 (제외)
 -> [★발견★] 두산테스나 (Market): 6회 수축, 마지막 12.6%, 점수 20 (RS 250.4), 피벗 108,300
 [97/200] 하이텍팜(106190): 패턴 미완성 (제외)
 [98/200] 오킨스전자(080580): 패턴 미완성 (제외)
 [99/200] THE E&M(089230): 패턴 미완성 (제외)
 -> [★발견★] 대동금속 (Market): 6회 수축, 마지막 5.9%, 점수 40 (RS 167.6), 피벗 6,830
 [101/200] TBH글로벌(084870): 패턴 미완성 (제외)
 [102/200] 제이스텍(090470): 패턴 미완성 (제외)
 [103/200] 압타머사이언스(291650): 이평선 역배열 (50>150>200 미충족) (제외) | 50일등락: 75.66%
 [104/200] 제이씨케미칼(137950): 이평선 역배열 (50>150>200 미충족) (제외) | 50일등락: 75.55%
 [105/200] 제닉(123330): 이평선 역배열 (50>150>200 미충족) (제외) | 50일등락: 74.88%
 [106/200] 삼미금속(012210): 50일선 아래 (제외) | 50일등락: 74.81%
 [107/200] 이엠앤아이(083470): 이평선 역배열 (50>150>200 미충족) (제외) | 50일등락: 74.62%
 [108/200] 파이버프로(368770): 패턴 미완성 (제외)
 [109/200] 티에프이(425420): 패턴 미완성 (제외)
 [110/200] 엔에프씨(265740): 패턴 미완성 (제외)
 [111/200] DL이앤씨(375500): 이평선 역배열 (50>150>200 미충족) (제외) | 50일등락: 72.61%
 [112/200] 태웅(044490): 이평선 역배열 (50>150>200 미충족) (제외) | 50일등락: 70.42%
 [113/200] 삼지전자(037460): 패턴 미완성 (제외)
 [114/200] 상상인증권(001290): 패턴 미완성 (제외)
 [115/200] SKAI(357880): 이평선 역배열 (50>150>200 미충족) (제외) | 50일등락: 69.21%
 -> [★발견★] 싸이맥스 (Market): 6회 수축, 마지막 13.2%, 점수 20 (RS 188.9), 피벗 23,050
 [117/200] 인텔리안테크(189300): 패턴 미완성 (제외)
 -> [★발견★] 와이어블 (Market): 7회 수축, 마지막 2.3%, 점수 50 (RS 161.4), 피벗 1,438
 [119/200] 아모텍(052710): 패턴 미완성 (제외)
 [120/200] 티에스이(131290): 패턴 미완성 (제외)
 [121/200] 리노공업(058470): 패턴 미완성 (제외)
 [122/200] 흥구석유(024060): 패턴 미완성 (제외)
 [123/200] 동국제약(086450): 패턴 미완성 (제외)
 -> [★발견★] 유비쿼스 (Market): 7회 수축, 마지막 14.7%, 점수 20 (RS 179.3), 피벗 16,860
 [125/200] 에이디테크놀로지(200710): 패턴 미완성 (제외)
 [126/200] 핌스(347770): 이평선 역배열 (50>150>200 미충족) (제외) | 50일등락: 65.3%
 [127/200] 코아시아씨엠(196450): 패턴 미완성 (제외)
 [128/200] 한신공영(004960): 패턴 미완성 (제외)
 [129/200] 선익시스템(171090): 50일선 아래 (제외) | 50일등락: 64.65%
 [130/200] 씨아이에스(222080): 50일선 아래 (제외) | 50일등락: 64.37%
 -> [★발견★] SG세계물산 (Market): 10회 수축, 마지막 4.5%, 점수 80 (RS 159.8), 피벗 535
 -> [★발견★] 아이앤씨 (Market): 8회 수축, 마지막 7.2%, 점수 40 (RS 215.7), 피벗 3,550
 -> [★발견★] 메카로 (Market): 7회 수축, 마지막 9.5%, 점수 40 (RS 250.7), 피벗 29,850
 -> [★발견★] PLUS 태양광&ESS (Market): 6회 수축, 마지막 12.6%, 점수 20 (RS 234.9), 피벗 37,310
 [135/200] 상신이디피(091580): 패턴 미완성 (제외)
 [136/200] 유니슨(018000): 이평선 역배열 (50>150>200 미충족) (제외) | 50일등락: 62.67%
 [137/200] 멕아이씨에스(058110): 이평선 역배열 (50>150>200 미충족) (제외) | 50일등락: 62.27%
 -> [★발견★] 현대지에프홀딩스 (Market): 4회 수축, 마지막 13.9%, 점수 70 (RS 182.7), 피벗 15,630
 -> [★발견★] 삼성E&A (Market): 8회 수축, 마지막 8.5%, 점수 40 (RS 172.0), 피벗 35,950
 [140/200] 시지메드텍(056090): 50일선 아래 (제외) | 50일등락: 61.56%
 [141/200] 엠디바이스(226590): 1차 조정폭 과다 (제외)
 [142/200] 에이텀(355690): 이평선 역배열 (50>150>200 미충족) (제외) | 50일등락: 61.32%
 -> [★발견★] 코메론 (Market): 7회 수축, 마지막 8.0%, 점수 40 (RS 185.1), 피벗 19,280
 -> [★발견★] 기가비스 (Market): 5회 수축, 마지막 11.1%, 점수 20 (RS 267.8), 피벗 78,700
 -> [★발견★] 녹십자웰빙 (Market): 8회 수축, 마지막 12.3%, 점수 20 (RS 159.4), 피벗 14,680
 [146/200] HDC(012630): 이평선 역배열 (50>150>200 미충족) (제외) | 50일등락: 60.74%
 [147/200] 마이크로컨텍솔(098120): 패턴 미완성 (제외)
 -> [★발견★] 한미글로벌 (Market): 6회 수축, 마지막 8.3%, 점수 40 (RS 156.4), 피벗 27,200
 [149/200] 푸드나무(290720): 이평선 역배열 (50>150>200 미충족) (제외) | 50일등락: 60.11%
 [150/200] DL(000210): 이평선 역배열 (50>150>200 미충족) (제외) | 50일등락: 59.95%
 [151/200] 대명에너지(389260): 이평선 역배열 (50>150>200 미충족) (제외) | 50일등락: 59.93%
 [152/200] 엑시콘(092870): 50일선 아래 (제외) | 50일등락: 59.84%
 [153/200] 해성옵틱스(076610): 패턴 미완성 (제외)
 [154/200] 애경케미칼(161000): 이평선 역배열 (50>150>200 미충족) (제외) | 50일등락: 59.73%
 [155/200] 씨에스베어링(297090): 이평선 역배열 (50>150>200 미충족) (제외) | 50일등락: 58.96%
 [156/200] 한전산업(130660): 50일선 아래 (제외) | 50일등락: 58.8%
 [157/200] 아시아경제(127710): 이평선 역배열 (50>150>200 미충족) (제외) | 50일등락: 58.71%
 [158/200] 티이엠씨(425040): 패턴 미완성 (제외)
 [159/200] 네패스아크(330860): 패턴 미완성 (제외)
 [160/200] 쎄노텍(222420): 50일선 아래 (제외) | 50일등락: 58.4%
 [161/200] 빅텍(065450): 이평선 역배열 (50>150>200 미충족) (제외) | 50일등락: 57.95%
 [162/200] 피에스케이홀딩스(031980): 패턴 미완성 (제외)
 [163/200] 삼일씨엔에스(004440): 패턴 미완성 (제외)
 [164/200] 대덕전자(353200): 패턴 미완성 (제외)
 [165/200] GRT(900290): 패턴 미완성 (제외)
 [166/200] 펄어비스(263750): 패턴 미완성 (제외)
 [167/200] 삼성전기(009150): 패턴 미완성 (제외)
 -> [★발견★] 서진시스템 (Market): 6회 수축, 마지막 14.6%, 점수 40 (RS 193.1), 피벗 49,200
 [169/200] LIG넥스원(079550): 이평선 역배열 (50>150>200 미충족) (제외) | 50일등락: 55.23%
 [170/200] 기산텔레콤(035460): 이평선 역배열 (50>150>200 미충족) (제외) | 50일등락: 54.67%
 [171/200] LS머트리얼즈(417200): 패턴 미완성 (제외)
 -> [★발견★] DN오토모티브 (Market): 7회 수축, 마지막 9.8%, 점수 40 (RS 161.4), 피벗 41,250
 [173/200] 케이엠제약(225430): 이평선 역배열 (50>150>200 미충족) (제외) | 50일등락: 54.04%
 -> [★발견★] 주성코퍼레이션 (Market): 6회 수축, 마지막 8.2%, 점수 60 (RS 135.5), 피벗 1,357
 [175/200] 에이엔피(015260): 패턴 미완성 (제외)
 [176/200] 이노룰스(296640): 이평선 역배열 (50>150>200 미충족) (제외) | 50일등락: 53.55%
 -> [★발견★] 태광 (Market): 8회 수축, 마지막 4.7%, 점수 50 (RS 188.8), 피벗 35,850
 [178/200] 휴스틸(005010): 이평선 역배열 (50>150>200 미충족) (제외) | 50일등락: 53.4%
 [179/200] 네오펙트(290660): 이평선 역배열 (50>150>200 미충족) (제외) | 50일등락: 53.31%
 -> [★발견★] 미래에셋증권2우B (Market): 9회 수축, 마지막 13.9%, 점수 50 (RS 254.7), 피벗 21,900
 [181/200] 헥토파이낸셜(234340): 50일선 아래 (제외) | 50일등락: 52.93%
 [182/200] 서울반도체(046890): 패턴 미완성 (제외)
 [183/200] 동부건설(005960): 패턴 미완성 (제외)
 -> [★발견★] 에프알텍 (Market): 9회 수축, 마지막 6.5%, 점수 40 (RS 159.9), 피벗 2,705
 [185/200] 큐라클(365270): 50일선 아래 (제외) | 50일등락: 52.07%
 [186/200] 태광산업(003240): 이평선 역배열 (50>150>200 미충족) (제외) | 50일등락: 51.89%
 [187/200] 한스바이오메드(042520): 50일선 아래 (제외) | 50일등락: 51.88%
 -> [★발견★] 베뉴지 (Market): 7회 수축, 마지막 7.6%, 점수 60 (RS 206.2), 피벗 4,990
 [189/200] 중앙에너비스(000440): 패턴 미완성 (제외)
 [190/200] 비에이치아이(083650): 패턴 미완성 (제외)
 [191/200] SK오션플랜트(100090): 이평선 역배열 (50>150>200 미충족) (제외) | 50일등락: 51.0%
 [192/200] 지니너스(389030): 패턴 미완성 (제외)
 [193/200] 상아프론테크(089980): 패턴 미완성 (제외)
 [194/200] 한섬(020000): 패턴 미완성 (제외)
 [195/200] 유성티엔에스(024800): 이평선 역배열 (50>150>200 미충족) (제외) | 50일등락: 50.49%
 [196/200] RISE AI반도체TOP10(0093A0): 데이터 부족 (200일 미만) (제외) | 50일등락: 50.48%
 [197/200] 그린리소스(402490): 패턴 미완성 (제외)
 [198/200] 인텍플러스(064290): 패턴 미완성 (제외)
 [199/200] 삼양바이오팜(0120G0): 데이터 부족 (200일 미만) (제외) | 50일등락: 50.28%
 [200/200] 아이티센글로벌(124500): 50일선 아래 (제외) | 50일등락: 50.16%

============================================================
 VCP 스캔 요약: 발견 42, 추세제외 61, 패턴제외 97, 에러 0
============================================================
[완료] 42개 PB 업로드 완료.
[2026-04-03 17:43:41.930479] 06_collect_stock_data.py 실행 중: 상세 데이터 수집 중...
[2026-04-03 17:47:23.056561] 07_calc_portfolio.py 실행 중: 수익률 및 포트폴리오 계산 중...
[2026-04-03 17:47:39.213610] 04_collect_news.py 실행 중: 네이버 뉴스 수집 중...
[2026-04-03 17:48:27.369242] 05_analyze_news.py 실행 중: AI 뉴스 감성 분석 중...
[2026-04-03 17:50:37.582414] 03_visualize_vcp.py 실행 중: VCP 분석 차트 생성 중...
