[2026-04-23 10:31:33.006759] 자동 시장 데이터 동기화 체크 중...
[2026-04-23 10:38:17.260296] 동기화 확인 완료.
[2026-04-23 10:38:17.260296] VCP 통합 스캔 시작    # [0] 대상 선정 (Phase 1)
[2026-04-23 10:38:17.263849] 대상 종목 선별 작업 시작 (Batch 모드)...
  선정 기간: 20260206 ~ 20260407 (약 50거래일 기준)
[2026-04-23 10:38:17.281195] Naver Finance에서 종목 리스트 수집 중...
  Market 0 has 49 pages.
  Market 1 has 37 pages.
[PB Utils] Successfully fetched 4256 tickers from Naver Finance.
[2026-04-23 10:38:31.261871] 투자자보호 종목(관리/정지/경보) 225개 수집 완료.
[2026-04-23 10:38:32.617183] 대상 선별 완료. (Batch 모드로 26분 -> 수 초로 단축)
[2026-04-23 10:38:32.630963] 스캔 대상 200개 상세 데이터 로딩 시작...
  - [10/200] 192410 900270 046970 049080 221800 010170 215790 187660 017900 412350 로딩 완료
  - [20/200] 047040 331920 065770 475150 069540 138080 036170 360350 046120 238090 로딩 완료
  - [30/200] 003280 129920 065440 032820 242040 088280 388790 357880 322000 027040 로딩 완료
  - [40/200] 327260 321550 079550 082920 043260 085910 376900 052020 003000 109080 로딩 완료
  - [50/200] 027360 393890 005090 001820 085620 218410 092220 340440 402490 230240 로딩 완료
  - [60/200] 179530 003030 084870 040160 355150 089230 008350 321260 375500 010820 로딩 완료
  - [70/200] 285800 007120 086450 291650 062970 033160 066970 290550 044490 127710 로딩 완료
  - [80/200] 065530 100590 347770 078600 112610 033790 091580 092600 137950 105330 로딩 완료
  - [90/200] 024060 011930 012205 054620 229000 050890 290720 042600 100090 217730 로딩 완료
  - [100/200] 389030 023160 452300 058110 131970 006360 028050 109070 241520 009155 로딩 완료
  - [110/200] 241770 000210 086820 000440 053690 160980 234690 018000 052860 000720 로딩 완료
  - [120/200] 095340 106190 474610 015260 288980 37550L 425040 310870 001250 046890 로딩 완료
  - [130/200] 089970 355690 032500 115440 066360 012510 296640 900290 290520 006340 로딩 완료
  - [140/200] 022220 001230 196450 090470 275630 319660 001290 204610 078070 353200 로딩 완료
  - [150/200] 056360 011070 005810 046210 120110 225530 095910 200710 382800 060260 로딩 완료
  - [160/200] 448900 031980 152550 024840 041520 127120 476830 073540 048410 289080 로딩 완료
  - [170/200] 005860 064850 475580 065450 037350 243840 012630 217590 035460 004440 로딩 완료
  - [180/200] 049430 005440 096350 088790 037230 069730 368770 420770 417200 310210 로딩 완료
  - [190/200] 053160 363250 054090 007810 010060 425420 089980 098120 039740 057050 로딩 완료
  - [200/200] 006920 265740 289930 007340 009290 066310 307180 004380 033130 297090 로딩 완료
[2026-04-23 10:38:48.460827] 상세 데이터 로딩 완료. (총 200개 캐싱됨)
 [1/200] 오늘이엔엠(192410): 이평선 역배열 (50>150>200 미충족) (제외) | 50일등락: 700.75%
 [2/200] 헝셩그룹(900270): 패턴 미완성 (제외)
 [3/200] 우리로(046970): 패턴 미완성 (제외)
 -> [★발견★] 기가레인 (Market): 6회 수축, 마지막 5.3%, 점수 40 (RS 453.1), 피벗 524
 [5/200] 유투바이오(221800): 패턴 미완성 (제외)
 [6/200] 대한광통신(010170): 1차 조정폭 과다 (제외)
 -> [★발견★] 이노인스트루먼트 (Market): 6회 수축, 마지막 14.9%, 점수 20 (RS 415.4), 피벗 422
 [8/200] 페니트리움바이오(187660): 패턴 미완성 (제외)
 [9/200] 광전자(017900): 패턴 미완성 (제외)
 -> [★발견★] 레이저쎌 (Market): 4회 수축, 마지막 8.6%, 점수 80 (RS 346.4), 피벗 7,660
 [11/200] 대우건설(047040): 패턴 미완성 (제외)
 -> [★발견★] 셀레믹스 (Market): 5회 수축, 마지막 10.5%, 점수 40 (RS 444.7), 피벗 5,140
 [13/200] CS(065770): 이평선 역배열 (50>150>200 미충족) (제외) | 50일등락: 198.16%
 -> [★발견★] SK이터닉스 (Market): 6회 수축, 마지막 13.5%, 점수 20 (RS 301.5), 피벗 59,900
 [15/200] 빛과전자(069540): 이평선 역배열 (50>150>200 미충족) (제외) | 50일등락: 156.28%
 [16/200] 오이솔루션(138080): 패턴 미완성 (제외)
 [17/200] 에이치엠넥스(036170): 패턴 미완성 (제외)
 [18/200] 코셈(360350): 이평선 역배열 (50>150>200 미충족) (제외) | 50일등락: 130.65%
 [19/200] 오르비텍(046120): 패턴 미완성 (제외)
 [20/200] 앤디포스(238090): 이평선 역배열 (50>150>200 미충족) (제외) | 50일등락: 122.99%
 [21/200] 흥아해운(003280): 패턴 미완성 (제외)
 [22/200] 대성하이텍(129920): 패턴 미완성 (제외)
 [23/200] 이루온(065440): 이평선 역배열 (50>150>200 미충족) (제외) | 50일등락: 113.48%
 [24/200] 우리기술(032820): 패턴 미완성 (제외)
 [25/200] 나무기술(242040): 패턴 미완성 (제외)
 [26/200] 쏘닉스(088280): 이평선 역배열 (50>150>200 미충족) (제외) | 50일등락: 106.03%
 [27/200] 라이콤(388790): 패턴 미완성 (제외)
 [28/200] SKAI(357880): 이평선 역배열 (50>150>200 미충족) (제외) | 50일등락: 102.46%
 -> [★발견★] HD현대에너지솔루션 (Market): 7회 수축, 마지막 9.6%, 점수 40 (RS 406.8), 피벗 136,300
 [30/200] 서울전자통신(027040): 이평선 역배열 (50>150>200 미충족) (제외) | 50일등락: 100.47%
 [31/200] RF머트리얼즈(327260): 패턴 미완성 (제외)
 [32/200] 티움바이오(321550): 패턴 미완성 (제외)
 [33/200] LIG디펜스앤에어로스페이스(079550): 이평선 역배열 (50>150>200 미충족) (제외) | 50일등락: 93.68%
 [34/200] 비츠로셀(082920): 패턴 미완성 (제외)
 [35/200] 성호전자(043260): 패턴 미완성 (제외)
 [36/200] 네오티스(085910): 패턴 미완성 (제외)
 [37/200] 로킷헬스케어(376900): 패턴 미완성 (제외)
 [38/200] 에스티큐브(052020): 패턴 미완성 (제외)
 [39/200] 부광약품(003000): 패턴 미완성 (제외)
 [40/200] 옵티시스(109080): 이평선 역배열 (50>150>200 미충족) (제외) | 50일등락: 87.22%
 [41/200] 아주IB투자(027360): 패턴 미완성 (제외)
 -> [★발견★] 더블유씨피 (Market): 7회 수축, 마지막 13.0%, 점수 20 (RS 229.9), 피벗 15,100
 [43/200] SGC에너지(005090): 패턴 미완성 (제외)
 [44/200] 삼화콘덴서(001820): 패턴 미완성 (제외)
 -> [★발견★] 미래에셋생명 (Market): 8회 수축, 마지막 9.9%, 점수 70 (RS 234.7), 피벗 17,910
 [46/200] RFHIC(218410): 패턴 미완성 (제외)
 [47/200] KEC(092220): 패턴 미완성 (제외)
 [48/200] 세림B&G(340440): 이평선 역배열 (50>150>200 미충족) (제외) | 50일등락: 77.19%
 [49/200] 그린리소스(402490): 패턴 미완성 (제외)
 [50/200] 에치에프알(230240): 이평선 역배열 (50>150>200 미충족) (제외) | 50일등락: 76.8%
 [51/200] 애드바이오텍(179530): 이평선 역배열 (50>150>200 미충족) (제외) | 50일등락: 76.35%
 [52/200] 세아제강지주(003030): 이평선 역배열 (50>150>200 미충족) (제외) | 50일등락: 75.82%
 -> [★발견★] TBH글로벌 (Market): 7회 수축, 마지막 12.5%, 점수 50 (RS 170.0), 피벗 2,365
 [54/200] 누리플렉스(040160): 패턴 미완성 (제외)
 -> [★발견★] 코스텍시스 (Market): 6회 수축, 마지막 13.9%, 점수 40 (RS 214.7), 피벗 24,100
 [56/200] THE E&M(089230): 패턴 미완성 (제외)
 [57/200] 남선알미늄(008350): 이평선 역배열 (50>150>200 미충족) (제외) | 50일등락: 69.52%
 [58/200] 프로이천(321260): 이평선 역배열 (50>150>200 미충족) (제외) | 50일등락: 68.41%
 [59/200] DL이앤씨(375500): 이평선 역배열 (50>150>200 미충족) (제외) | 50일등락: 67.81%
 [60/200] 퍼스텍(010820): 패턴 미완성 (제외)
 [61/200] 진영(285800): 이평선 역배열 (50>150>200 미충족) (제외) | 50일등락: 66.09%
 [62/200] 미래아이앤지(007120): 패턴 미완성 (제외)
 [63/200] 동국제약(086450): 패턴 미완성 (제외)
 [64/200] 압타머사이언스(291650): 이평선 역배열 (50>150>200 미충족) (제외) | 50일등락: 64.41%
 [65/200] 한국첨단소재(062970): 이평선 역배열 (50>150>200 미충족) (제외) | 50일등락: 63.47%
 [66/200] 엠케이전자(033160): 패턴 미완성 (제외)
 [67/200] 엘앤에프(066970): 패턴 미완성 (제외)
 [68/200] 디케이티(290550): 패턴 미완성 (제외)
 [69/200] 태웅(044490): 이평선 역배열 (50>150>200 미충족) (제외) | 50일등락: 60.56%
 -> [★발견★] 아시아경제 (Market): 8회 수축, 마지막 7.7%, 점수 40 (RS 157.8), 피벗 1,782
 -> [★발견★] 와이어블 (Market): 7회 수축, 마지막 2.3%, 점수 50 (RS 156.5), 피벗 1,438
 [72/200] 머큐리(100590): 패턴 미완성 (제외)
 [73/200] 핌스(347770): 이평선 역배열 (50>150>200 미충족) (제외) | 50일등락: 58.71%
 [74/200] 대주전자재료(078600): 패턴 미완성 (제외)
 [75/200] 씨에스윈드(112610): 이평선 역배열 (50>150>200 미충족) (제외) | 50일등락: 58.4%
 [76/200] 피노(033790): 패턴 미완성 (제외)
 [77/200] 상신이디피(091580): 패턴 미완성 (제외)
 [78/200] 앤씨앤(092600): 이평선 역배열 (50>150>200 미충족) (제외) | 50일등락: 57.95%
 [79/200] 제이씨케미칼(137950): 이평선 역배열 (50>150>200 미충족) (제외) | 50일등락: 56.62%
 [80/200] 케이엔더블유(105330): 패턴 미완성 (제외)
 [81/200] 흥구석유(024060): 패턴 미완성 (제외)
 [82/200] 신성이엔지(011930): 패턴 미완성 (제외)
 [83/200] 계양전기우(012205): 패턴 미완성 (제외)
 [84/200] APS(054620): 패턴 미완성 (제외)
 [85/200] 젠큐릭스(229000): 50일선 아래 (제외) | 50일등락: 54.57%
 [86/200] 쏠리드(050890): 패턴 미완성 (제외)
 [87/200] 푸드나무(290720): 이평선 역배열 (50>150>200 미충족) (제외) | 50일등락: 53.67%
 [88/200] 새로닉스(042600): 패턴 미완성 (제외)
 [89/200] SK오션플랜트(100090): 이평선 역배열 (50>150>200 미충족) (제외) | 50일등락: 53.23%
 -> [★발견★] 강스템바이오텍 (Market): 9회 수축, 마지막 14.6%, 점수 20 (RS 176.4), 피벗 3,585
 [91/200] 지니너스(389030): 패턴 미완성 (제외)
 -> [★발견★] 태광 (Market): 8회 수축, 마지막 4.7%, 점수 50 (RS 188.6), 피벗 35,850
 [93/200] 캡스톤파트너스(452300): 이평선 역배열 (50>150>200 미충족) (제외) | 50일등락: 52.3%
 [94/200] 멕아이씨에스(058110): 이평선 역배열 (50>150>200 미충족) (제외) | 50일등락: 52.21%
 -> [★발견★] 두산테스나 (Market): 6회 수축, 마지막 14.9%, 점수 40 (RS 255.4), 피벗 108,300
 [96/200] GS건설(006360): 이평선 역배열 (50>150>200 미충족) (제외) | 50일등락: 50.71%
 -> [★발견★] 삼성E&A (Market): 8회 수축, 마지막 8.5%, 점수 40 (RS 205.1), 피벗 35,950
 -> [★발견★] 주성코퍼레이션 (Market): 6회 수축, 마지막 11.1%, 점수 20 (RS 129.3), 피벗 1,357
 [99/200] DSC인베스트먼트(241520): 50일선 아래 (제외) | 50일등락: 49.94%
 [100/200] 삼성전기우(009155): 패턴 미완성 (제외)
 -> [★발견★] 메카로 (Market): 6회 수축, 마지막 9.5%, 점수 60 (RS 231.3), 피벗 29,850
 [102/200] DL(000210): 이평선 역배열 (50>150>200 미충족) (제외) | 50일등락: 49.19%
 [103/200] 바이오솔루션(086820): 패턴 미완성 (제외)
 [104/200] 중앙에너비스(000440): 패턴 미완성 (제외)
 -> [★발견★] 한미글로벌 (Market): 6회 수축, 마지막 8.3%, 점수 40 (RS 154.6), 피벗 27,200
 -> [★발견★] 싸이맥스 (Market): 6회 수축, 마지막 13.2%, 점수 20 (RS 182.2), 피벗 23,050
 -> [★발견★] 녹십자웰빙 (Market): 8회 수축, 마지막 12.3%, 점수 20 (RS 151.8), 피벗 14,680
 [108/200] 유니슨(018000): 이평선 역배열 (50>150>200 미충족) (제외) | 50일등락: 47.05%
 -> [★발견★] 아이앤씨 (Market): 8회 수축, 마지막 7.2%, 점수 40 (RS 197.4), 피벗 3,550
 [110/200] 현대건설(000720): 패턴 미완성 (제외)
 [111/200] ISC(095340): 패턴 미완성 (제외)
 [112/200] 하이텍팜(106190): 패턴 미완성 (제외)
 [113/200] RF시스템즈(474610): 패턴 미완성 (제외)
 [114/200] 에이엔피(015260): 패턴 미완성 (제외)
 [115/200] 모아데이타(288980): 이평선 역배열 (50>150>200 미충족) (제외) | 50일등락: 45.47%
 [116/200] DL이앤씨2우(전환)(37550L): 이평선 역배열 (50>150>200 미충족) (제외) | 50일등락: 45.44%
 [117/200] 티이엠씨(425040): 패턴 미완성 (제외)
 [118/200] 디와이씨(310870): 이평선 역배열 (50>150>200 미충족) (제외) | 50일등락: 45.09%
 [119/200] GS글로벌(001250): 이평선 역배열 (50>150>200 미충족) (제외) | 50일등락: 44.54%
 [120/200] 서울반도체(046890): 패턴 미완성 (제외)
 [121/200] 브이엠(089970): 패턴 미완성 (제외)
 [122/200] 에이텀(355690): 이평선 역배열 (50>150>200 미충족) (제외) | 50일등락: 44.0%
 [123/200] 케이엠더블유(032500): 패턴 미완성 (제외)
 [124/200] 우리넷(115440): 패턴 미완성 (제외)
 -> [★발견★] 체리부로 (Market): 7회 수축, 마지막 8.1%, 점수 70 (RS 139.7), 피벗 1,144
 [126/200] 더존비즈온(012510): 패턴 미완성 (제외)
 [127/200] 이노에이엑스(296640): 이평선 역배열 (50>150>200 미충족) (제외) | 50일등락: 42.28%
 [128/200] GRT(900290): 패턴 미완성 (제외)
 [129/200] 신도기연(290520): 패턴 미완성 (제외)
 [130/200] 대원전선(006340): 패턴 미완성 (제외)
 [131/200] 티케이지애강(022220): 이평선 역배열 (50>150>200 미충족) (제외) | 50일등락: 41.01%
 [132/200] 동국홀딩스(001230): 이평선 역배열 (50>150>200 미충족) (제외) | 50일등락: 40.85%
 [133/200] 코아시아씨엠(196450): 패턴 미완성 (제외)
 [134/200] 제이스텍(090470): 패턴 미완성 (제외)
 [135/200] 에스에스알(275630): 이평선 역배열 (50>150>200 미충족) (제외) | 50일등락: 40.65%
 -> [★발견★] 피에스케이 (Market): 8회 수축, 마지막 12.8%, 점수 40 (RS 278.5), 피벗 86,400
 [137/200] 상상인증권(001290): 50일선 아래 (제외) | 50일등락: 40.22%
 [138/200] 티쓰리(204610): 이평선 역배열 (50>150>200 미충족) (제외) | 50일등락: 40.16%
 -> [★발견★] 유비쿼스홀딩스 (Market): 6회 수축, 마지막 14.3%, 점수 20 (RS 145.0), 피벗 16,960
 [140/200] 대덕전자(353200): 패턴 미완성 (제외)
 [141/200] 코위버(056360): 이평선 역배열 (50>150>200 미충족) (제외) | 50일등락: 40.0%
 [142/200] LG이노텍(011070): 패턴 미완성 (제외)
 [143/200] 풍산홀딩스(005810): 이평선 역배열 (50>150>200 미충족) (제외) | 50일등락: 39.97%
 [144/200] HLB파나진(046210): 이평선 역배열 (50>150>200 미충족) (제외) | 50일등락: 39.77%
 -> [★발견★] 코오롱인더 (Market): 6회 수축, 마지막 11.3%, 점수 40 (RS 203.3), 피벗 75,000
 [146/200] HC보광산업(225530): 이평선 역배열 (50>150>200 미충족) (제외) | 50일등락: 39.58%
 [147/200] 에스에너지(095910): 이평선 역배열 (50>150>200 미충족) (제외) | 50일등락: 38.91%
 [148/200] 에이디테크놀로지(200710): 패턴 미완성 (제외)
 [149/200] 지앤비에스 에코(382800): 이평선 역배열 (50>150>200 미충족) (제외) | 50일등락: 38.88%
 [150/200] 뉴보텍(060260): 이평선 역배열 (50>150>200 미충족) (제외) | 50일등락: 38.8%
 [151/200] 한국피아이엠(448900): 50일선 아래 (제외) | 50일등락: 38.1%
 [152/200] 피에스케이홀딩스(031980): 패턴 미완성 (제외)
 [153/200] 한국ANKOR유전(152550): 이평선 역배열 (50>150>200 미충족) (제외) | 50일등락: 37.93%
 [154/200] KBI메탈(024840): 이평선 역배열 (50>150>200 미충족) (제외) | 50일등락: 37.88%
 [155/200] 이엘씨(041520): 이평선 역배열 (50>150>200 미충족) (제외) | 50일등락: 37.67%
 [156/200] 제이에스링크(127120): 패턴 미완성 (제외)
 [157/200] 알지노믹스(476830): 데이터 부족 (200일 미만) (제외) | 50일등락: 37.28%
 -> [★발견★] 에프알텍 (Market): 9회 수축, 마지막 6.5%, 점수 40 (RS 146.7), 피벗 2,705
 [159/200] 현대바이오(048410): 50일선 아래 (제외) | 50일등락: 37.13%
 [160/200] SV인베스트먼트(289080): 패턴 미완성 (제외)
 [161/200] 한일사료(005860): 이평선 역배열 (50>150>200 미충족) (제외) | 50일등락: 37.05%
 -> [★발견★] 에프앤가이드 (Market): 8회 수축, 마지막 14.0%, 점수 50 (RS 230.9), 피벗 21,400
 [163/200] 에이럭스(475580): 이평선 역배열 (50>150>200 미충족) (제외) | 50일등락: 36.78%
 [164/200] 빅텍(065450): 이평선 역배열 (50>150>200 미충족) (제외) | 50일등락: 36.69%
 [165/200] 성도이엔지(037350): 패턴 미완성 (제외)
 [166/200] 신흥에스이씨(243840): 패턴 미완성 (제외)
 [167/200] HDC(012630): 이평선 역배열 (50>150>200 미충족) (제외) | 50일등락: 36.36%
 [168/200] 티엠씨(217590): 데이터 부족 (200일 미만) (제외) | 50일등락: 35.88%
 [169/200] 기산텔레콤(035460): 이평선 역배열 (50>150>200 미충족) (제외) | 50일등락: 35.68%
 [170/200] 삼일씨엔에스(004440): 패턴 미완성 (제외)
 -> [★발견★] 코메론 (Market): 7회 수축, 마지막 8.0%, 점수 40 (RS 188.2), 피벗 19,280
 -> [★발견★] 현대지에프홀딩스 (Market): 4회 수축, 마지막 13.9%, 점수 70 (RS 184.7), 피벗 15,630
 [173/200] 대창솔루션(096350): 패턴 미완성 (제외)
 -> [★발견★] 진도 (Market): 10회 수축, 마지막 4.0%, 점수 70 (RS 139.1), 피벗 2,635
 [175/200] 한국팩키지(037230): 이평선 역배열 (50>150>200 미충족) (제외) | 50일등락: 35.05%
 [176/200] DSR제강(069730): 패턴 미완성 (제외)
 [177/200] 파이버프로(368770): 패턴 미완성 (제외)
 -> [★발견★] 기가비스 (Market): 5회 수축, 마지막 11.1%, 점수 20 (RS 260.6), 피벗 78,700
 [179/200] LS머트리얼즈(417200): 패턴 미완성 (제외)
 [180/200] 보로노이(310210): 50일선 아래 (제외) | 50일등락: 33.5%
 [181/200] 프리엠스(053160): 이평선 역배열 (50>150>200 미충족) (제외) | 50일등락: 32.7%
 [182/200] 진시스템(363250): 이평선 역배열 (50>150>200 미충족) (제외) | 50일등락: 32.64%
 [183/200] 삼진엘앤디(054090): 이평선 역배열 (50>150>200 미충족) (제외) | 50일등락: 32.48%
 [184/200] 코리아써키트(007810): 패턴 미완성 (제외)
 -> [★발견★] OCI홀딩스 (Market): 7회 수축, 마지막 12.5%, 점수 20 (RS 229.9), 피벗 203,000
 [186/200] 티에프이(425420): 패턴 미완성 (제외)
 [187/200] 상아프론테크(089980): 패턴 미완성 (제외)
 [188/200] 마이크로컨텍솔(098120): 패턴 미완성 (제외)
 [189/200] 한국정보공학(039740): 패턴 미완성 (제외)
 -> [★발견★] 현대홈쇼핑 (Market): 7회 수축, 마지막 8.9%, 점수 70 (RS 143.7), 피벗 84,200
 [191/200] 모헨즈(006920): 패턴 미완성 (제외)
 [192/200] 엔에프씨(265740): 50일선 아래 (제외) | 50일등락: 30.91%
 [193/200] 웨이비스(289930): 패턴 미완성 (제외)
 [194/200] DN오토모티브(007340): 패턴 미완성 (제외)
 [195/200] 광동제약(009290): 패턴 미완성 (제외)
 [196/200] 큐에스아이(066310): 패턴 미완성 (제외)
 [197/200] 아이엘(307180): 50일선 아래 (제외) | 50일등락: 30.57%
 [198/200] 삼익THK(004380): 패턴 미완성 (제외)
 [199/200] 디지틀조선(033130): 50일선 아래 (제외) | 50일등락: 30.47%
 [200/200] 씨에스베어링(297090): 이평선 역배열 (50>150>200 미충족) (제외) | 50일등락: 30.43%

============================================================
 VCP 스캔 요약: 발견 34, 추세제외 74, 패턴제외 92, 에러 0
============================================================
[완료] 34개 PB 업로드 완료.
[2026-04-23 10:38:49.718622] 06_collect_stock_data.py 실행 중: 상세 데이터 수집 중...
[2026-04-23 10:42:16.751812] 07_calc_portfolio.py 실행 중: 수익률 및 포트폴리오 계산 중...
[2026-04-23 10:42:32.705270] 04_collect_news.py 실행 중: 네이버 뉴스 수집 중...
[2026-04-23 10:45:24.986986] 05_analyze_news.py 실행 중: AI 뉴스 감성 분석 중...
[2026-04-23 10:47:34.918559] 03_visualize_vcp.py 실행 중: VCP 분석 차트 생성 중...
