[2026-03-26 16:08:31.958967] 자동 시장 데이터 동기화 체크 중...
[2026-03-26 16:08:35.267803] 동기화 확인 완료.
[2026-03-26 16:08:35.267803] VCP 통합 스캔 시작    # [0] 대상 선정 (Phase 1)
[2026-03-26 16:08:35.281315] 대상 종목 선별 작업 시작 (Batch 모드)...
  선정 기간: 20260109 ~ 20260323 (약 50거래일 기준)
[2026-03-26 16:08:35.304634] Naver Finance에서 종목 리스트 수집 중...
  Market 0 has 49 pages.
  Market 1 has 37 pages.
[PB Utils] Successfully fetched 4237 tickers from Naver Finance.
[2026-03-26 16:09:00.852847] 대상 선별 완료. (Batch 모드로 26분 -> 수 초로 단축)
[2026-03-26 16:09:00.882309] 스캔 대상 200개 상세 데이터 로딩 시작...
  - [10/200] 047040 001510 005090 475150 322000 092220 001515 006800 003280 007120 로딩 완료
  - [20/200] 000720 217590 0120G0 452260 001290 130660 010060 001820 353200 000210 로딩 완료
  - [30/200] 005440 011930 009830 456040 012630 010820 085620 010120 006360 004960 로딩 완료
  - [40/200] 005960 042700 00680K 298020 457990 052690 109070 003000 020000 0093A0 로딩 완료
  - [50/200] 138490 084870 489790 005680 003030 003240 120110 272210 375500 009150 로딩 완료
  - [60/200] 011700 112610 006340 053690 047050 005940 088350 004060 057050 001720 로딩 완료
  - [70/200] 002780 007340 105840 009290 003530 001230 117580 457190 001120 023530 로딩 완료
  - [80/200] 003540 033240 028050 008060 036580 35320K 001200 082640 011690 004100 로딩 완료
  - [90/200] 000390 005830 000150 001550 009155 278470 021820 37550L 006400 006805 로딩 완료
  - [100/200] 004560 214390 126720 37550K 017670 090460 001750 178920 010690 018880 로딩 완료
  - [110/200] 100840 298040 013520 015260 494220 001500 474590 034830 032830 474800 로딩 완료
  - [120/200] 003460 152550 004410 006980 005945 020150 049800 006260 013580 009835 로딩 완료
  - [130/200] 030610 006405 005930 035510 001275 003470 092780 014790 000540 005010 로딩 완료
  - [140/200] 005380 439260 039490 001270 0005G0 000670 007810 072130 011500 010130 로딩 완료
  - [150/200] 003465 002810 010660 051600 402340 012510 005750 388420 003070 100090 로딩 완료
  - [160/200] 336260 003545 000215 002990 482030 094800 088790 005850 003547 000370 로딩 완료
  - [170/200] 093050 010780 089470 498860 004090 005935 103590 442580 005880 069730 로딩 완료
  - [180/200] 006110 017940 010950 0000J0 266160 271560 001620 000725 441800 014830 로딩 완료
  - [190/200] 004690 000660 315960 000500 229640 104530 011760 078520 013870 037710 로딩 완료
  - [200/200] 001210 000070 028670 023590 002380 003925 145850 071050 025860 326240 로딩 완료
[2026-03-26 16:09:34.527690] 상세 데이터 로딩 완료. (총 200개 캐싱됨)
 [1/200] 대우건설(047040): 패턴 미완성 (제외)
 [2/200] SK증권(001510): 패턴 미완성 (제외)
 [3/200] SGC에너지(005090): 패턴 미완성 (제외)
 [4/200] SK이터닉스(475150): 패턴 미완성 (제외)
 -> [★발견★] HD현대에너지솔루션 (Market): 6회 수축, 마지막 13.2%, 점수 20 (RS 314.3), 피벗 89,600
 -> [★발견★] KEC (Market): 9회 수축, 마지막 12.9%, 점수 20 (RS 232.6), 피벗 1,521
 [7/200] SK증권우(001515): 패턴 미완성 (제외)
 -> [★발견★] 미래에셋증권 (Market): 6회 수축, 마지막 12.9%, 점수 50 (RS 367.7), 피벗 71,091
 [9/200] 흥아해운(003280): 이평선 역배열 (50>150>200 미충족) (제외) | 50일등락: 126.14%
 [10/200] 미래아이앤지(007120): 패턴 미완성 (제외)
 [11/200] 현대건설(000720): 패턴 미완성 (제외)
 [12/200] 티엠씨(217590): 데이터 부족 (200일 미만) (제외) | 50일등락: 101.66%
 [13/200] 삼양바이오팜(0120G0): 데이터 부족 (200일 미만) (제외) | 50일등락: 95.05%
 [14/200] 한화갤러리아(452260): 패턴 미완성 (제외)
 [15/200] 상상인증권(001290): 패턴 미완성 (제외)
 [16/200] 한전산업(130660): 패턴 미완성 (제외)
 [17/200] OCI홀딩스(010060): 패턴 미완성 (제외)
 [18/200] 삼화콘덴서(001820): 패턴 미완성 (제외)
 -> [★발견★] 대덕전자 (Market): 9회 수축, 마지막 9.7%, 점수 40 (RS 324.9), 피벗 66,700
 [20/200] DL(000210): 이평선 역배열 (50>150>200 미충족) (제외) | 50일등락: 85.65%
 [21/200] 현대지에프홀딩스(005440): 패턴 미완성 (제외)
 [22/200] 신성이엔지(011930): 패턴 미완성 (제외)
 [23/200] 한화솔루션(009830): 이평선 역배열 (50>150>200 미충족) (제외) | 50일등락: 78.16%
 [24/200] OCI(456040): 패턴 미완성 (제외)
 [25/200] HDC(012630): 이평선 역배열 (50>150>200 미충족) (제외) | 50일등락: 74.17%
 [26/200] 퍼스텍(010820): 패턴 미완성 (제외)
 [27/200] 미래에셋생명(085620): 패턴 미완성 (제외)
 [28/200] LS ELECTRIC(010120): 패턴 미완성 (제외)
 [29/200] GS건설(006360): 이평선 역배열 (50>150>200 미충족) (제외) | 50일등락: 70.59%
 [30/200] 한신공영(004960): 패턴 미완성 (제외)
 [31/200] 동부건설(005960): 패턴 미완성 (제외)
 -> [★발견★] 한미반도체 (Market): 6회 수축, 마지막 10.9%, 점수 50 (RS 301.9), 피벗 333,500
 -> [★발견★] 미래에셋증권2우B (Market): 9회 수축, 마지막 10.7%, 점수 40 (RS 268.1), 피벗 21,900
 [34/200] 효성티앤씨(298020): 패턴 미완성 (제외)
 [35/200] PLUS 태양광&ESS(457990): 패턴 미완성 (제외)
 -> [★발견★] 한전기술 (Market): 6회 수축, 마지막 9.3%, 점수 60 (RS 186.5), 피벗 177,700
 [37/200] 주성코퍼레이션(109070): 이평선 역배열 (50>150>200 미충족) (제외) | 50일등락: 65.09%
 [38/200] 부광약품(003000): 패턴 미완성 (제외)
 -> [★발견★] 한섬 (Market): 8회 수축, 마지막 2.7%, 점수 70 (RS 155.7), 피벗 24,200
 [40/200] RISE AI반도체TOP10(0093A0): 데이터 부족 (200일 미만) (제외) | 50일등락: 64.31%
 -> [★발견★] 코오롱ENP (Market): 8회 수축, 마지막 8.3%, 점수 70 (RS 178.1), 피벗 13,800
 [42/200] TBH글로벌(084870): 패턴 미완성 (제외)
 [43/200] 한화비전(489790): 패턴 미완성 (제외)
 [44/200] 삼영전자(005680): 이평선 역배열 (50>150>200 미충족) (제외) | 50일등락: 63.4%
 [45/200] 세아제강지주(003030): 이평선 역배열 (50>150>200 미충족) (제외) | 50일등락: 63.31%
 [46/200] 태광산업(003240): 이평선 역배열 (50>150>200 미충족) (제외) | 50일등락: 62.88%
 -> [★발견★] 코오롱인더 (Market): 6회 수축, 마지막 11.3%, 점수 40 (RS 176.5), 피벗 75,000
 [48/200] 한화시스템(272210): 패턴 미완성 (제외)
 [49/200] DL이앤씨(375500): 이평선 역배열 (50>150>200 미충족) (제외) | 50일등락: 61.07%
 [50/200] 삼성전기(009150): 패턴 미완성 (제외)
 [51/200] 한신기계(011700): 이평선 역배열 (50>150>200 미충족) (제외) | 50일등락: 59.74%
 [52/200] 씨에스윈드(112610): 이평선 역배열 (50>150>200 미충족) (제외) | 50일등락: 59.45%
 [53/200] 대원전선(006340): 패턴 미완성 (제외)
 [54/200] 한미글로벌(053690): 이평선 역배열 (50>150>200 미충족) (제외) | 50일등락: 58.37%
 -> [★발견★] 포스코인터내셔널 (Market): 6회 수축, 마지막 9.9%, 점수 40 (RS 146.7), 피벗 79,500
 [56/200] NH투자증권(005940): 패턴 미완성 (제외)
 [57/200] 한화생명(088350): 패턴 미완성 (제외)
 [58/200] SG세계물산(004060): 패턴 미완성 (제외)
 [59/200] 현대홈쇼핑(057050): 패턴 미완성 (제외)
 -> [★발견★] 신영증권 (Market): 9회 수축, 마지막 6.6%, 점수 70 (RS 167.4), 피벗 213,500
 [61/200] 진흥기업(002780): 이평선 역배열 (50>150>200 미충족) (제외) | 50일등락: 51.29%
 [62/200] DN오토모티브(007340): 패턴 미완성 (제외)
 [63/200] 우진(105840): 패턴 미완성 (제외)
 -> [★발견★] 광동제약 (Market): 6회 수축, 마지막 5.5%, 점수 70 (RS 147.1), 피벗 9,200
 [65/200] 한화투자증권(003530): 이평선 역배열 (50>150>200 미충족) (제외) | 50일등락: 49.15%
 [66/200] 동국홀딩스(001230): 이평선 역배열 (50>150>200 미충족) (제외) | 50일등락: 48.63%
 [67/200] 대성에너지(117580): 이평선 역배열 (50>150>200 미충족) (제외) | 50일등락: 48.4%
 [68/200] 이수스페셜티케미컬(457190): 50일선 아래 (제외) | 50일등락: 47.3%
 [69/200] LX인터내셔널(001120): 패턴 미완성 (제외)
 [70/200] 롯데쇼핑(023530): 패턴 미완성 (제외)
 [71/200] 대신증권(003540): 패턴 미완성 (제외)
 [72/200] 자화전자(033240): 패턴 미완성 (제외)
 [73/200] 삼성E&A(028050): 패턴 미완성 (제외)
 [74/200] 대덕(008060): 패턴 미완성 (제외)
 [75/200] 팜스코(036580): 이평선 역배열 (50>150>200 미충족) (제외) | 50일등락: 45.16%
 [76/200] 대덕전자1우(35320K): 패턴 미완성 (제외)
 [77/200] 유진투자증권(001200): 패턴 미완성 (제외)
 [78/200] 동양생명(082640): 이평선 역배열 (50>150>200 미충족) (제외) | 50일등락: 44.16%
 [79/200] 와이투솔루션(011690): 50일선 아래 (제외) | 50일등락: 44.1%
 [80/200] 태양금속(004100): 이평선 역배열 (50>150>200 미충족) (제외) | 50일등락: 43.53%
 [81/200] 삼화페인트(000390): 패턴 미완성 (제외)
 [82/200] DB손해보험(005830): 패턴 미완성 (제외)
 [83/200] 두산(000150): 패턴 미완성 (제외)
 [84/200] 조비(001550): 이평선 역배열 (50>150>200 미충족) (제외) | 50일등락: 42.08%
 [85/200] 삼성전기우(009155): 패턴 미완성 (제외)
 [86/200] 에이피알(278470): 패턴 미완성 (제외)
 -> [★발견★] 세원정공 (Market): 7회 수축, 마지막 8.1%, 점수 40 (RS 156.0), 피벗 16,940
 [88/200] DL이앤씨2우(전환)(37550L): 이평선 역배열 (50>150>200 미충족) (제외) | 50일등락: 40.93%
 [89/200] 삼성SDI(006400): 패턴 미완성 (제외)
 -> [★발견★] 미래에셋증권우 (Market): 10회 수축, 마지막 14.9%, 점수 50 (RS 263.7), 피벗 24,688
 [91/200] 현대비앤지스틸(004560): 50일선 아래 (제외) | 50일등락: 40.44%
 [92/200] 경보제약(214390): 패턴 미완성 (제외)
 [93/200] 수산인더스트리(126720): 이평선 역배열 (50>150>200 미충족) (제외) | 50일등락: 40.19%
 [94/200] DL이앤씨우(37550K): 이평선 역배열 (50>150>200 미충족) (제외) | 50일등락: 40.09%
 [95/200] SK텔레콤(017670): 패턴 미완성 (제외)
 [96/200] 비에이치(090460): 패턴 미완성 (제외)
 [97/200] 한양증권(001750): 패턴 미완성 (제외)
 [98/200] PI첨단소재(178920): 이평선 역배열 (50>150>200 미충족) (제외) | 50일등락: 39.46%
 -> [★발견★] 화신 (Market): 6회 수축, 마지막 12.0%, 점수 50 (RS 137.1), 피벗 12,910
 [100/200] 한온시스템(018880): 패턴 미완성 (제외)
 [101/200] SNT에너지(100840): 이평선 역배열 (50>150>200 미충족) (제외) | 50일등락: 37.91%
 [102/200] 효성중공업(298040): 패턴 미완성 (제외)
 -> [★발견★] 화승코퍼레이션 (Market): 7회 수축, 마지막 9.7%, 점수 70 (RS 139.4), 피벗 3,100
 [104/200] 에이엔피(015260): 패턴 미완성 (제외)
 [105/200] UNICORN SK하이닉스밸류체인액티브(494220): 패턴 미완성 (제외)
 [106/200] 현대차증권(001500): 패턴 미완성 (제외)
 [107/200] WON 반도체밸류체인액티브(474590): 패턴 미완성 (제외)
 [108/200] 한국토지신탁(034830): 패턴 미완성 (제외)
 [109/200] 삼성생명(032830): 패턴 미완성 (제외)
 -> [★발견★] KIWOOM 미국원유에너지기업 (Market): 5회 수축, 마지막 3.4%, 점수 50 (RS 145.4), 피벗 14,700
 [111/200] 유화증권(003460): 패턴 미완성 (제외)
 [112/200] 한국ANKOR유전(152550): 이평선 역배열 (50>150>200 미충족) (제외) | 50일등락: 35.38%
 [113/200] 서울식품(004410): 패턴 미완성 (제외)
 [114/200] 우성(006980): 이평선 역배열 (50>150>200 미충족) (제외) | 50일등락: 35.2%
 [115/200] NH투자증권우(005945): 패턴 미완성 (제외)
 [116/200] 롯데에너지머티리얼즈(020150): 50일선 아래 (제외) | 50일등락: 35.13%
 -> [★발견★] 우진플라임 (Market): 5회 수축, 마지막 4.3%, 점수 80 (RS 128.5), 피벗 2,560
 [118/200] LS(006260): 패턴 미완성 (제외)
 [119/200] 계룡건설(013580): 패턴 미완성 (제외)
 [120/200] 한화솔루션우(009835): 이평선 역배열 (50>150>200 미충족) (제외) | 50일등락: 34.32%
 [121/200] 교보증권(030610): 패턴 미완성 (제외)
 [122/200] 삼성SDI우(006405): 패턴 미완성 (제외)
 [123/200] 삼성전자(005930): 패턴 미완성 (제외)
 [124/200] 신세계 I&C(035510): 이평선 역배열 (50>150>200 미충족) (제외) | 50일등락: 33.84%
 -> [★발견★] 부국증권우 (Market): 6회 수축, 마지막 2.4%, 점수 50 (RS 140.3), 피벗 38,000
 [126/200] 유안타증권(003470): 패턴 미완성 (제외)
 [127/200] DYP(092780): 50일선 아래 (제외) | 50일등락: 33.23%
 [128/200] HL D&I(014790): 패턴 미완성 (제외)
 [129/200] 흥국화재(000540): 이평선 역배열 (50>150>200 미충족) (제외) | 50일등락: 32.75%
 [130/200] 휴스틸(005010): 이평선 역배열 (50>150>200 미충족) (제외) | 50일등락: 32.58%
 [131/200] 현대차(005380): 50일선 아래 (제외) | 50일등락: 32.51%
 [132/200] 대한조선(439260): 데이터 부족 (200일 미만) (제외) | 50일등락: 32.14%
 [133/200] 키움증권(039490): 패턴 미완성 (제외)
 [134/200] 부국증권(001270): 50일선 아래 (제외) | 50일등락: 31.32%
 [135/200] ITF K-AI반도체코어테크(0005G0): 패턴 미완성 (제외)
 [136/200] 영풍(000670): 패턴 미완성 (제외)
 [137/200] 코리아써키트(007810): 패턴 미완성 (제외)
 [138/200] 유엔젤(072130): 이평선 역배열 (50>150>200 미충족) (제외) | 50일등락: 30.32%
 [139/200] 한농화성(011500): 50일선 아래 (제외) | 50일등락: 30.13%
 [140/200] 고려아연(010130): 50일선 아래 (제외) | 50일등락: 30.12%
 [141/200] 유화증권우(003465): 패턴 미완성 (제외)
 [142/200] 삼영무역(002810): 패턴 미완성 (제외)
 [143/200] 화천기계(010660): 이평선 역배열 (50>150>200 미충족) (제외) | 50일등락: 29.55%
 [144/200] 한전KPS(051600): 패턴 미완성 (제외)
 [145/200] SK스퀘어(402340): 패턴 미완성 (제외)
 [146/200] 더존비즈온(012510): 패턴 미완성 (제외)
 [147/200] 대림바스(005750): 패턴 미완성 (제외)
 [148/200] RISE 비메모리반도체액티브(388420): 패턴 미완성 (제외)
 [149/200] 코오롱글로벌(003070): 이평선 역배열 (50>150>200 미충족) (제외) | 50일등락: 28.77%
 [150/200] SK오션플랜트(100090): 이평선 역배열 (50>150>200 미충족) (제외) | 50일등락: 28.64%
 [151/200] 두산퓨얼셀(336260): 패턴 미완성 (제외)
 [152/200] 대신증권우(003545): 패턴 미완성 (제외)
 [153/200] DL우(000215): 이평선 역배열 (50>150>200 미충족) (제외) | 50일등락: 28.21%
 [154/200] 금호건설(002990): 패턴 미완성 (제외)
 [155/200] KoAct 반도체&2차전지핵심소재액티브(482030): 패턴 미완성 (제외)
 -> [★발견★] 맵스리얼티 (Market): 12회 수축, 마지막 7.5%, 점수 40 (RS 142.1), 피벗 7,200
 [157/200] 진도(088790): 패턴 미완성 (제외)
 [158/200] 에스엘(005850): 패턴 미완성 (제외)
 [159/200] 대신증권2우B(003547): 패턴 미완성 (제외)
 [160/200] 한화손해보험(000370): 패턴 미완성 (제외)
 [161/200] LF(093050): 패턴 미완성 (제외)
 -> [★발견★] 아이에스동서 (Market): 7회 수축, 마지막 13.2%, 점수 20 (RS 141.5), 피벗 33,450
 [163/200] HDC현대EP(089470): 패턴 미완성 (제외)
 [164/200] RISE 코리아금융고배당(498860): 패턴 미완성 (제외)
 [165/200] 한국석유(004090): 패턴 미완성 (제외)
 [166/200] 삼성전자우(005935): 패턴 미완성 (제외)
 [167/200] 일진전기(103590): 패턴 미완성 (제외)
 [168/200] PLUS 글로벌HBM반도체(442580): 패턴 미완성 (제외)
 -> [★발견★] 대한해운 (Market): 6회 수축, 마지막 11.1%, 점수 20 (RS 123.6), 피벗 2,515
 [170/200] DSR제강(069730): 패턴 미완성 (제외)
 [171/200] 삼아알미늄(006110): 패턴 미완성 (제외)
 [172/200] E1(017940): 패턴 미완성 (제외)
 [173/200] S-Oil(010950): 패턴 미완성 (제외)
 -> [★발견★] PLUS 한화그룹주 (Market): 9회 수축, 마지막 13.5%, 점수 50 (RS 163.9), 피벗 42,570
 [175/200] RISE 고배당(266160): 패턴 미완성 (제외)
 [176/200] 오리온(271560): 이평선 역배열 (50>150>200 미충족) (제외) | 50일등락: 25.7%
 [177/200] 케이비아이동국실업(001620): 패턴 미완성 (제외)
 [178/200] 현대건설우(000725): 이평선 역배열 (50>150>200 미충족) (제외) | 50일등락: 25.67%
 [179/200] TIME Korea플러스배당액티브(441800): 패턴 미완성 (제외)
 [180/200] 유니드(014830): 이평선 역배열 (50>150>200 미충족) (제외) | 50일등락: 25.6%
 [181/200] 삼천리(004690): 이평선 역배열 (50>150>200 미충족) (제외) | 50일등락: 25.42%
 [182/200] SK하이닉스(000660): 패턴 미완성 (제외)
 [183/200] RISE 대형고배당10TR(315960): 패턴 미완성 (제외)
 [184/200] 가온전선(000500): 패턴 미완성 (제외)
 -> [★발견★] LS에코에너지 (Market): 5회 수축, 마지막 7.9%, 점수 60 (RS 122.8), 피벗 47,800
 [186/200] KIWOOM 고배당(104530): 패턴 미완성 (제외)
 [187/200] 현대코퍼레이션(011760): 이평선 역배열 (50>150>200 미충족) (제외) | 50일등락: 24.64%
 [188/200] 에이블씨엔씨(078520): 이평선 역배열 (50>150>200 미충족) (제외) | 50일등락: 24.51%
 -> [★발견★] 지엠비코리아 (Market): 7회 수축, 마지막 2.1%, 점수 80 (RS 132.6), 피벗 5,330
 [190/200] 광주신세계(037710): 패턴 미완성 (제외)
 [191/200] 금호전기(001210): 50일선 아래 (제외) | 50일등락: 24.42%
 -> [★발견★] 삼양홀딩스 (Market): 19회 수축, 마지막 3.9%, 점수 70 (RS 128.6), 피벗 72,300
 [193/200] 팬오션(028670): 50일선 아래 (제외) | 50일등락: 24.23%
 [194/200] 다우기술(023590): 50일선 아래 (제외) | 50일등락: 24.08%
 [195/200] KCC(002380): 50일선 아래 (제외) | 50일등락: 24.0%
 [196/200] 남양유업우(003925): 이평선 역배열 (50>150>200 미충족) (제외) | 50일등락: 23.94%
 [197/200] TREX 펀더멘탈 200(145850): 패턴 미완성 (제외)
 [198/200] 한국금융지주(071050): 50일선 아래 (제외) | 50일등락: 23.75%
 [199/200] 남해화학(025860): 이평선 역배열 (50>150>200 미충족) (제외) | 50일등락: 23.69%
 [200/200] RISE IT플러스(326240): 패턴 미완성 (제외)

============================================================
 VCP 스캔 요약: 발견 27, 추세제외 63, 패턴제외 110, 에러 0
============================================================
[완료] 27개 PB 업로드 완료.
[2026-03-26 16:09:36.826520] 06_collect_stock_data.py 실행 중...
[2026-03-26 16:13:10.358615] 04_collect_news.py 실행 중...
[2026-03-26 16:15:06.687362] 05_analyze_news.py 실행 중...
[2026-03-26 16:17:56.010070] 03_visualize_vcp.py 실행 중...
