[2026-03-31 03:14:42.511230] 자동 시장 데이터 동기화 체크 중...
[2026-03-31 03:21:39.107431] 동기화 확인 완료.
[2026-03-31 03:21:39.107991] VCP 통합 스캔 시작    # [0] 대상 선정 (Phase 1)
[2026-03-31 03:21:39.117307] 대상 종목 선별 작업 시작 (Batch 모드)...
  선정 기간: 20260113 ~ 20260330 (약 50거래일 기준)
[2026-03-31 03:21:39.152875] Naver Finance에서 종목 리스트 수집 중...
  Market 0 has 49 pages.
  Market 1 has 37 pages.
[PB Utils] Successfully fetched 4237 tickers from Naver Finance.
[2026-03-31 03:22:02.675749] 대상 선별 완료. (Batch 모드로 26분 -> 수 초로 단축)
[2026-03-31 03:22:02.706876] 스캔 대상 200개 상세 데이터 로딩 시작...
  - [10/200] 008600 046970 065170 900270 032820 192410 047040 221800 000250 187660 로딩 완료
  - [20/200] 412350 331920 242040 036170 038500 129920 043260 001510 005090 327260 로딩 완료
  - [30/200] 046120 089230 040160 027360 092220 475150 131030 347700 048410 290550 로딩 완료
  - [40/200] 010170 0120G0 138080 019210 360350 076610 049080 054620 003000 357580 로딩 완료
  - [50/200] 052020 440110 322000 291650 289080 100790 064850 095340 024850 224060 로딩 완료
  - [60/200] 006800 127120 230240 225430 020400 357880 007120 001515 388790 218410 로딩 완료
  - [70/200] 088280 078600 393890 131970 321550 069540 085910 027040 088130 036930 로딩 완료
  - [80/200] 106190 452260 031980 241520 319660 123750 123330 084870 420770 376900 로딩 완료
  - [90/200] 382800 001820 353200 037230 085620 171090 474610 131290 003280 032500 로딩 완료
  - [100/200] 050890 090470 365270 265740 402490 100590 033160 077360 095910 080580 로딩 완료
  - [110/200] 289930 001290 052860 347770 160980 082270 196450 005440 000210 004440 로딩 완료
  - [120/200] 323350 012630 222080 082920 238090 010820 083650 226590 010060 092600 로딩 완료
  - [130/200] 024800 003030 263750 264450 053690 011930 138490 073490 200710 161000 로딩 완료
  - [140/200] 272110 098120 290660 092870 130660 189300 375500 425420 004060 417500 로딩 완료
  - [150/200] 189860 137950 017900 355690 083640 222420 120110 900290 00680K 020000 로딩 완료
  - [160/200] 065770 044490 425040 298020 000720 363250 109070 037350 104480 355150 로딩 완료
  - [170/200] 950160 056080 086820 056090 065530 178320 007340 296640 234340 065440 로딩 완료
  - [180/200] 217730 039560 006200 010120 115440 380540 057050 041920 290720 033790 로딩 완료
  - [190/200] 297570 005680 003240 340440 078070 058470 049430 078160 0093A0 054090 로딩 완료
  - [200/200] 004960 089980 112610 053950 127710 006920 015260 002020 042520 187870 로딩 완료
[2026-03-31 03:22:28.687102] 상세 데이터 로딩 완료. (총 200개 캐싱됨)
 [1/200] 윌비스(008600): 이평선 역배열 (50>150>200 미충족) (제외) | 50일등락: 753.42%
 [2/200] 우리로(046970): 패턴 미완성 (제외)
 [3/200] 비엘팜텍(065170): 50일선 아래 (제외) | 50일등락: 493.98%
 [4/200] 헝셩그룹(900270): 패턴 미완성 (제외)
 [5/200] 우리기술(032820): 패턴 미완성 (제외)
 [6/200] 오늘이엔엠(192410): 이평선 역배열 (50>150>200 미충족) (제외) | 50일등락: 419.36%
 [7/200] 대우건설(047040): 패턴 미완성 (제외)
 [8/200] 유투바이오(221800): 패턴 미완성 (제외)
 [9/200] 삼천당제약(000250): 패턴 미완성 (제외)
 [10/200] 페니트리움바이오(187660): 패턴 미완성 (제외)
 [11/200] 레이저쎌(412350): 이평선 역배열 (50>150>200 미충족) (제외) | 50일등락: 325.86%
 -> [★발견★] 셀레믹스 (Market): 5회 수축, 마지막 10.5%, 점수 20 (RS 359.2), 피벗 5,140
 [13/200] 나무기술(242040): 패턴 미완성 (제외)
 -> [★발견★] 에이치엠넥스 (Market): 7회 수축, 마지막 10.2%, 점수 40 (RS 671.0), 피벗 5,480
 [15/200] 삼표시멘트(038500): 패턴 미완성 (제외)
 [16/200] 대성하이텍(129920): 패턴 미완성 (제외)
 [17/200] 성호전자(043260): 패턴 미완성 (제외)
 [18/200] SK증권(001510): 패턴 미완성 (제외)
 [19/200] SGC에너지(005090): 패턴 미완성 (제외)
 [20/200] RF머트리얼즈(327260): 패턴 미완성 (제외)
 [21/200] 오르비텍(046120): 패턴 미완성 (제외)
 [22/200] THE E&M(089230): 패턴 미완성 (제외)
 -> [★발견★] 누리플렉스 (Market): 7회 수축, 마지막 5.6%, 점수 60 (RS 281.7), 피벗 10,500
 [24/200] 아주IB투자(027360): 패턴 미완성 (제외)
 -> [★발견★] KEC (Market): 9회 수축, 마지막 12.9%, 점수 20 (RS 251.2), 피벗 1,521
 -> [★발견★] SK이터닉스 (Market): 7회 수축, 마지막 13.5%, 점수 20 (RS 288.1), 피벗 59,900
 [27/200] 옵투스제약(131030): 패턴 미완성 (제외)
 [28/200] 스피어(347700): 패턴 미완성 (제외)
 [29/200] 현대바이오(048410): 패턴 미완성 (제외)
 [30/200] 디케이티(290550): 패턴 미완성 (제외)
 [31/200] 대한광통신(010170): 1차 조정폭 과다 (제외)
 [32/200] 삼양바이오팜(0120G0): 데이터 부족 (200일 미만) (제외) | 50일등락: 157.12%
 [33/200] 오이솔루션(138080): 패턴 미완성 (제외)
 [34/200] 와이지-원(019210): 패턴 미완성 (제외)
 [35/200] 코셈(360350): 이평선 역배열 (50>150>200 미충족) (제외) | 50일등락: 146.8%
 [36/200] 해성옵틱스(076610): 패턴 미완성 (제외)
 -> [★발견★] 기가레인 (Market): 7회 수축, 마지막 5.3%, 점수 40 (RS 269.7), 피벗 524
 [38/200] APS(054620): 이평선 역배열 (50>150>200 미충족) (제외) | 50일등락: 143.92%
 [39/200] 부광약품(003000): 패턴 미완성 (제외)
 [40/200] 아모센스(357580): 패턴 미완성 (제외)
 [41/200] 에스티큐브(052020): 패턴 미완성 (제외)
 [42/200] 파두(440110): 패턴 미완성 (제외)
 -> [★발견★] HD현대에너지솔루션 (Market): 7회 수축, 마지막 9.6%, 점수 40 (RS 308.5), 피벗 136,300
 [44/200] 압타머사이언스(291650): 이평선 역배열 (50>150>200 미충족) (제외) | 50일등락: 131.75%
 -> [★발견★] SV인베스트먼트 (Market): 5회 수축, 마지막 12.8%, 점수 20 (RS 259.4), 피벗 3,660
 [46/200] 미래에셋벤처투자(100790): 패턴 미완성 (제외)
 [47/200] 에프앤가이드(064850): 패턴 미완성 (제외)
 [48/200] ISC(095340): 패턴 미완성 (제외)
 [49/200] HLB이노베이션(024850): 패턴 미완성 (제외)
 [50/200] 더코디(224060): 패턴 미완성 (제외)
 -> [★발견★] 미래에셋증권 (Market): 6회 수축, 마지막 14.1%, 점수 50 (RS 354.9), 피벗 71,091
 [52/200] 제이에스링크(127120): 패턴 미완성 (제외)
 [53/200] 에치에프알(230240): 이평선 역배열 (50>150>200 미충족) (제외) | 50일등락: 118.24%
 [54/200] 케이엠제약(225430): 이평선 역배열 (50>150>200 미충족) (제외) | 50일등락: 118.22%
 -> [★발견★] 대동금속 (Market): 7회 수축, 마지막 5.9%, 점수 40 (RS 201.0), 피벗 6,830
 [56/200] SKAI(357880): 이평선 역배열 (50>150>200 미충족) (제외) | 50일등락: 116.24%
 [57/200] 미래아이앤지(007120): 패턴 미완성 (제외)
 [58/200] SK증권우(001515): 패턴 미완성 (제외)
 [59/200] 라이콤(388790): 패턴 미완성 (제외)
 [60/200] RFHIC(218410): 패턴 미완성 (제외)
 [61/200] 쏘닉스(088280): 이평선 역배열 (50>150>200 미충족) (제외) | 50일등락: 109.7%
 -> [★발견★] 대주전자재료 (Market): 6회 수축, 마지막 10.8%, 점수 40 (RS 173.9), 피벗 118,800
 -> [★발견★] 더블유씨피 (Market): 7회 수축, 마지막 13.0%, 점수 20 (RS 190.7), 피벗 15,100
 [64/200] 두산테스나(131970): 패턴 미완성 (제외)
 [65/200] 티움바이오(321550): 패턴 미완성 (제외)
 [66/200] 빛과전자(069540): 이평선 역배열 (50>150>200 미충족) (제외) | 50일등락: 103.43%
 [67/200] 네오티스(085910): 패턴 미완성 (제외)
 [68/200] 서울전자통신(027040): 이평선 역배열 (50>150>200 미충족) (제외) | 50일등락: 98.6%
 [69/200] 동아엘텍(088130): 50일선 아래 (제외) | 50일등락: 94.05%
 -> [★발견★] 주성엔지니어링 (Market): 5회 수축, 마지막 12.9%, 점수 20 (RS 206.2), 피벗 70,000
 [71/200] 하이텍팜(106190): 패턴 미완성 (제외)
 [72/200] 한화갤러리아(452260): 50일선 아래 (제외) | 50일등락: 93.11%
 -> [★발견★] 피에스케이홀딩스 (Market): 8회 수축, 마지막 12.2%, 점수 50 (RS 227.9), 피벗 111,400
 [74/200] DSC인베스트먼트(241520): 패턴 미완성 (제외)
 -> [★발견★] 피에스케이 (Market): 9회 수축, 마지막 7.6%, 점수 60 (RS 301.0), 피벗 86,400
 -> [★발견★] 알톤 (Market): 6회 수축, 마지막 6.4%, 점수 40 (RS 193.2), 피벗 2,405
 [77/200] 제닉(123330): 이평선 역배열 (50>150>200 미충족) (제외) | 50일등락: 88.66%
 [78/200] TBH글로벌(084870): 패턴 미완성 (제외)
 -> [★발견★] 기가비스 (Market): 6회 수축, 마지막 11.1%, 점수 40 (RS 243.4), 피벗 78,700
 -> [★발견★] 로킷헬스케어 (Market): 8회 수축, 마지막 7.7%, 점수 40 (RS 0), 피벗 130,400
 [81/200] 지앤비에스 에코(382800): 이평선 역배열 (50>150>200 미충족) (제외) | 50일등락: 87.33%
 -> [★발견★] 삼화콘덴서 (Market): 6회 수축, 마지막 13.0%, 점수 40 (RS 182.7), 피벗 61,500
 -> [★발견★] 대덕전자 (Market): 9회 수축, 마지막 9.7%, 점수 40 (RS 320.0), 피벗 66,700
 [84/200] 한국팩키지(037230): 이평선 역배열 (50>150>200 미충족) (제외) | 50일등락: 85.73%
 -> [★발견★] 미래에셋생명 (Market): 7회 수축, 마지막 14.7%, 점수 20 (RS 249.4), 피벗 18,280
 [86/200] 선익시스템(171090): 50일선 아래 (제외) | 50일등락: 85.51%
 [87/200] RF시스템즈(474610): 패턴 미완성 (제외)
 -> [★발견★] 티에스이 (Market): 7회 수축, 마지막 11.6%, 점수 50 (RS 224.4), 피벗 124,800
 [89/200] 흥아해운(003280): 패턴 미완성 (제외)
 [90/200] 케이엠더블유(032500): 패턴 미완성 (제외)
 [91/200] 쏠리드(050890): 패턴 미완성 (제외)
 -> [★발견★] 제이스텍 (Market): 5회 수축, 마지막 12.5%, 점수 40 (RS 207.9), 피벗 9,950
 [93/200] 큐라클(365270): 패턴 미완성 (제외)
 -> [★발견★] 엔에프씨 (Market): 11회 수축, 마지막 10.8%, 점수 50 (RS 192.6), 피벗 9,000
 [95/200] 그린리소스(402490): 패턴 미완성 (제외)
 -> [★발견★] 머큐리 (Market): 11회 수축, 마지막 14.9%, 점수 20 (RS 175.5), 피벗 5,180
 -> [★발견★] 엠케이전자 (Market): 9회 수축, 마지막 13.7%, 점수 20 (RS 189.7), 피벗 18,070
 [98/200] 덕산하이메탈(077360): 50일선 아래 (제외) | 50일등락: 80.48%
 [99/200] 에스에너지(095910): 이평선 역배열 (50>150>200 미충족) (제외) | 50일등락: 79.7%
 [100/200] 오킨스전자(080580): 패턴 미완성 (제외)
 [101/200] 웨이비스(289930): 패턴 미완성 (제외)
 [102/200] 상상인증권(001290): 패턴 미완성 (제외)
 -> [★발견★] 아이앤씨 (Market): 9회 수축, 마지막 7.2%, 점수 60 (RS 208.4), 피벗 3,550
 [104/200] 핌스(347770): 이평선 역배열 (50>150>200 미충족) (제외) | 50일등락: 77.3%
 -> [★발견★] 싸이맥스 (Market): 7회 수축, 마지막 13.2%, 점수 20 (RS 182.9), 피벗 23,050
 [106/200] 젬백스(082270): 200일선 아래 (제외) | 50일등락: 76.53%
 [107/200] 코아시아씨엠(196450): 패턴 미완성 (제외)
 -> [★발견★] 현대지에프홀딩스 (Market): 5회 수축, 마지막 10.0%, 점수 50 (RS 183.4), 피벗 15,630
 [109/200] DL(000210): 이평선 역배열 (50>150>200 미충족) (제외) | 50일등락: 76.06%
 [110/200] 삼일씨엔에스(004440): 패턴 미완성 (제외)
 [111/200] 다원넥스뷰(323350): 50일선 아래 (제외) | 50일등락: 75.25%
 [112/200] HDC(012630): 이평선 역배열 (50>150>200 미충족) (제외) | 50일등락: 75.2%
 [113/200] 씨아이에스(222080): 50일선 아래 (제외) | 50일등락: 74.96%
 [114/200] 비츠로셀(082920): 패턴 미완성 (제외)
 [115/200] 앤디포스(238090): 이평선 역배열 (50>150>200 미충족) (제외) | 50일등락: 73.5%
 [116/200] 퍼스텍(010820): 패턴 미완성 (제외)
 -> [★발견★] 비에이치아이 (Market): 7회 수축, 마지막 13.4%, 점수 50 (RS 252.7), 피벗 109,500
 [118/200] 엠디바이스(226590): 1차 조정폭 과다 (제외)
 -> [★발견★] OCI홀딩스 (Market): 7회 수축, 마지막 12.5%, 점수 20 (RS 200.9), 피벗 203,000
 [120/200] 앤씨앤(092600): 이평선 역배열 (50>150>200 미충족) (제외) | 50일등락: 70.92%
 [121/200] 유성티엔에스(024800): 이평선 역배열 (50>150>200 미충족) (제외) | 50일등락: 70.8%
 [122/200] 세아제강지주(003030): 이평선 역배열 (50>150>200 미충족) (제외) | 50일등락: 70.76%
 [123/200] 펄어비스(263750): 패턴 미완성 (제외)
 -> [★발견★] 유비쿼스 (Market): 7회 수축, 마지막 12.5%, 점수 20 (RS 178.9), 피벗 15,160
 -> [★발견★] 한미글로벌 (Market): 7회 수축, 마지막 8.3%, 점수 40 (RS 164.8), 피벗 27,200
 [126/200] 신성이엔지(011930): 패턴 미완성 (제외)
 -> [★발견★] 코오롱ENP (Market): 8회 수축, 마지막 8.3%, 점수 40 (RS 207.6), 피벗 13,800
 [128/200] 이노와이어리스(073490): 패턴 미완성 (제외)
 -> [★발견★] 에이디테크놀로지 (Market): 6회 수축, 마지막 4.9%, 점수 50 (RS 232.4), 피벗 48,800
 [130/200] 애경케미칼(161000): 이평선 역배열 (50>150>200 미충족) (제외) | 50일등락: 67.84%
 -> [★발견★] 케이엔제이 (Market): 7회 수축, 마지막 11.6%, 점수 50 (RS 171.0), 피벗 38,900
 [132/200] 마이크로컨텍솔(098120): 패턴 미완성 (제외)
 [133/200] 네오펙트(290660): 이평선 역배열 (50>150>200 미충족) (제외) | 50일등락: 67.63%
 [134/200] 엑시콘(092870): 50일선 아래 (제외) | 50일등락: 67.19%
 [135/200] 한전산업(130660): 50일선 아래 (제외) | 50일등락: 66.76%
 [136/200] 인텔리안테크(189300): 패턴 미완성 (제외)
 [137/200] DL이앤씨(375500): 이평선 역배열 (50>150>200 미충족) (제외) | 50일등락: 65.55%
 -> [★발견★] 티에프이 (Market): 8회 수축, 마지막 6.7%, 점수 40 (RS 217.9), 피벗 59,500
 [139/200] SG세계물산(004060): 패턴 미완성 (제외)
 [140/200] 제이아이테크(417500): 패턴 미완성 (제외)
 [141/200] 서전기전(189860): 이평선 역배열 (50>150>200 미충족) (제외) | 50일등락: 64.71%
 [142/200] 제이씨케미칼(137950): 이평선 역배열 (50>150>200 미충족) (제외) | 50일등락: 63.86%
 [143/200] 광전자(017900): 이평선 역배열 (50>150>200 미충족) (제외) | 50일등락: 63.77%
 [144/200] 에이텀(355690): 이평선 역배열 (50>150>200 미충족) (제외) | 50일등락: 63.76%
 [145/200] 인콘(083640): 이평선 역배열 (50>150>200 미충족) (제외) | 50일등락: 62.86%
 [146/200] 쎄노텍(222420): 패턴 미완성 (제외)
 -> [★발견★] 코오롱인더 (Market): 6회 수축, 마지막 11.3%, 점수 20 (RS 202.0), 피벗 75,000
 [148/200] GRT(900290): 패턴 미완성 (제외)
 -> [★발견★] 미래에셋증권2우B (Market): 9회 수축, 마지막 11.7%, 점수 50 (RS 249.4), 피벗 21,900
 [150/200] 한섬(020000): 패턴 미완성 (제외)
 [151/200] CS(065770): 이평선 역배열 (50>150>200 미충족) (제외) | 50일등락: 62.0%
 [152/200] 태웅(044490): 이평선 역배열 (50>150>200 미충족) (제외) | 50일등락: 62.0%
 [153/200] 티이엠씨(425040): 패턴 미완성 (제외)
 -> [★발견★] 효성티앤씨 (Market): 8회 수축, 마지막 7.0%, 점수 60 (RS 160.7), 피벗 394,500
 -> [★발견★] 현대건설 (Market): 7회 수축, 마지막 12.8%, 점수 40 (RS 262.8), 피벗 170,100
 [156/200] 진시스템(363250): 이평선 역배열 (50>150>200 미충족) (제외) | 50일등락: 61.12%
 [157/200] 주성코퍼레이션(109070): 이평선 역배열 (50>150>200 미충족) (제외) | 50일등락: 60.49%
 [158/200] 성도이엔지(037350): 패턴 미완성 (제외)
 [159/200] 티케이케미칼(104480): 이평선 역배열 (50>150>200 미충족) (제외) | 50일등락: 59.8%
 [160/200] 코스텍시스(355150): 패턴 미완성 (제외)
 [161/200] 코오롱티슈진(950160): 패턴 미완성 (제외)
 [162/200] 유진로봇(056080): 50일선 아래 (제외) | 50일등락: 58.92%
 [163/200] 바이오솔루션(086820): 이평선 역배열 (50>150>200 미충족) (제외) | 50일등락: 58.83%
 [164/200] 시지메드텍(056090): 패턴 미완성 (제외)
 -> [★발견★] 와이어블 (Market): 7회 수축, 마지막 2.3%, 점수 50 (RS 146.2), 피벗 1,438
 [166/200] 서진시스템(178320): 패턴 미완성 (제외)
 [167/200] DN오토모티브(007340): 패턴 미완성 (제외)
 [168/200] 이노룰스(296640): 이평선 역배열 (50>150>200 미충족) (제외) | 50일등락: 57.88%
 [169/200] 헥토파이낸셜(234340): 50일선 아래 (제외) | 50일등락: 57.81%
 [170/200] 이루온(065440): 이평선 역배열 (50>150>200 미충족) (제외) | 50일등락: 57.02%
 [171/200] 강스템바이오텍(217730): 패턴 미완성 (제외)
 -> [★발견★] 다산네트웍스 (Market): 10회 수축, 마지막 7.0%, 점수 40 (RS 165.1), 피벗 4,525
 [173/200] 한국전자홀딩스(006200): 이평선 역배열 (50>150>200 미충족) (제외) | 50일등락: 56.24%
 -> [★발견★] LS ELECTRIC (Market): 8회 수축, 마지막 12.5%, 점수 40 (RS 250.3), 피벗 886,000
 -> [★발견★] 우리넷 (Market): 8회 수축, 마지막 14.0%, 점수 20 (RS 169.0), 피벗 7,340
 [176/200] 옵티코어(380540): 패턴 미완성 (제외)
 -> [★발견★] 현대홈쇼핑 (Market): 8회 수축, 마지막 3.9%, 점수 80 (RS 149.5), 피벗 84,200
 -> [★발견★] 메디아나 (Market): 6회 수축, 마지막 14.4%, 점수 50 (RS 338.6), 피벗 21,600
 [179/200] 푸드나무(290720): 이평선 역배열 (50>150>200 미충족) (제외) | 50일등락: 55.5%
 [180/200] 피노(033790): 패턴 미완성 (제외)
 [181/200] 알로이스(297570): 패턴 미완성 (제외)
 [182/200] 삼영전자(005680): 이평선 역배열 (50>150>200 미충족) (제외) | 50일등락: 54.87%
 [183/200] 태광산업(003240): 이평선 역배열 (50>150>200 미충족) (제외) | 50일등락: 54.84%
 [184/200] 세림B&G(340440): 이평선 역배열 (50>150>200 미충족) (제외) | 50일등락: 54.8%
 [185/200] 유비쿼스홀딩스(078070): 패턴 미완성 (제외)
 [186/200] 리노공업(058470): 패턴 미완성 (제외)
 -> [★발견★] 코메론 (Market): 7회 수축, 마지막 8.0%, 점수 40 (RS 164.1), 피벗 19,280
 [188/200] 메디포스트(078160): 패턴 미완성 (제외)
 [189/200] RISE AI반도체TOP10(0093A0): 데이터 부족 (200일 미만) (제외) | 50일등락: 54.6%
 [190/200] 삼진엘앤디(054090): 이평선 역배열 (50>150>200 미충족) (제외) | 50일등락: 54.37%
 [191/200] 한신공영(004960): 패턴 미완성 (제외)
 -> [★발견★] 상아프론테크 (Market): 7회 수축, 마지막 9.4%, 점수 40 (RS 136.6), 피벗 26,050
 [193/200] 씨에스윈드(112610): 이평선 역배열 (50>150>200 미충족) (제외) | 50일등락: 53.9%
 [194/200] 경남제약(053950): 패턴 미완성 (제외)
 [195/200] 아시아경제(127710): 이평선 역배열 (50>150>200 미충족) (제외) | 50일등락: 53.55%
 [196/200] 모헨즈(006920): 패턴 미완성 (제외)
 [197/200] 에이엔피(015260): 패턴 미완성 (제외)
 [198/200] 코오롱(002020): 패턴 미완성 (제외)
 [199/200] 한스바이오메드(042520): 50일선 아래 (제외) | 50일등락: 53.28%
 [200/200] 디바이스(187870): 패턴 미완성 (제외)

============================================================
 VCP 스캔 요약: 발견 49, 추세제외 62, 패턴제외 89, 에러 0
============================================================
[완료] 49개 PB 업로드 완료.
[2026-03-31 03:22:30.755329] 06_collect_stock_data.py 실행 중...
