[2026-04-03 16:11:30.189007] 자동 시장 데이터 동기화 체크 중...
[2026-04-03 16:16:54.349087] 동기화 확인 완료.
[2026-04-03 16:16:54.349087] VCP 통합 스캔 시작    # [0] 대상 선정 (Phase 1)
[2026-04-03 16:16:54.355995] 대상 종목 선별 작업 시작 (Batch 모드)...
  선정 기간: 20260119 ~ 20260401 (약 50거래일 기준)
[2026-04-03 16:16:54.379465] Naver Finance에서 종목 리스트 수집 중...
  Market 0 has 49 pages.
  Market 1 has 37 pages.
[PB Utils] Successfully fetched 4247 tickers from Naver Finance.
[2026-04-03 16:17:07.714977] 대상 선별 완료. (Batch 모드로 26분 -> 수 초로 단축)
[2026-04-03 16:17:07.728666] 스캔 대상 200개 상세 데이터 로딩 시작...
  - [10/200] 008600 192410 046970 900270 065170 331920 187660 221800 047040 412350 로딩 완료
  - [20/200] 043260 032820 242040 036170 129920 010170 327260 001510 040160 005090 로딩 완료
  - [30/200] 046120 027360 049080 038500 138080 001515 230240 218410 360350 475150 로딩 완료
  - [40/200] 000250 347700 290550 095340 440110 048410 322000 092220 003280 052020 로딩 완료
  - [50/200] 064850 019210 054620 357580 388790 321550 085910 100790 089230 319660 로딩 완료
  - [60/200] 006800 474610 323350 393890 078600 036930 080580 382800 032500 088130 로딩 완료
  - [70/200] 003000 376900 289080 027040 033160 050890 007120 090470 131970 024850 로딩 완료
  - [80/200] 001820 120110 082920 077360 265740 241520 020400 123330 131030 425420 로딩 완료
  - [90/200] 106190 138490 085620 031980 065440 224060 088280 357880 131290 127120 로딩 완료
  - [100/200] 289930 196450 004440 017900 347770 084870 003030 001290 012210 069540 로딩 완료
  - [110/200] 355150 263750 100590 086450 160980 058110 073490 005440 225430 297570 로딩 완료
  - [120/200] 053690 189300 238090 049430 092870 291650 098120 171090 222080 241770 로딩 완료
  - [130/200] 011930 012630 290660 065530 353200 222420 010060 004960 007340 056090 로딩 완료
  - [140/200] 000210 402490 420770 310210 0120G0 368770 375500 044490 264450 226590 로딩 완료
  - [150/200] 095910 900290 041920 130660 042520 161000 020000 076610 234340 105330 로딩 완료
  - [160/200] 365270 004060 109070 083650 010820 037350 046890 389030 052710 290720 로딩 완료
  - [170/200] 124500 00680K 178320 417500 425040 112610 296640 058470 073540 037460 로딩 완료
  - [180/200] 092600 0093A0 033240 089980 234690 005960 115440 086520 215790 057050 로딩 완료
  - [190/200] 024800 078070 065770 019010 015260 086820 042700 127710 047770 330860 로딩 완료
  - [200/200] 240810 417200 009290 217590 251370 006920 053610 003240 062970 272110 로딩 완료
[2026-04-03 16:17:21.990260] 상세 데이터 로딩 완료. (총 200개 캐싱됨)
 [1/200] 윌비스(008600): 패턴 미완성 (제외)
 [2/200] 오늘이엔엠(192410): 이평선 역배열 (50>150>200 미충족) (제외) | 50일등락: 613.12%
 [3/200] 우리로(046970): 패턴 미완성 (제외)
 [4/200] 헝셩그룹(900270): 패턴 미완성 (제외)
 [5/200] 비엘팜텍(065170): 50일선 아래 (제외) | 50일등락: 440.17%
 -> [★발견★] 셀레믹스 (Market): 5회 수축, 마지막 10.5%, 점수 20 (RS 456.0), 피벗 5,140
 [7/200] 페니트리움바이오(187660): 패턴 미완성 (제외)
 [8/200] 유투바이오(221800): 패턴 미완성 (제외)
 [9/200] 대우건설(047040): 패턴 미완성 (제외)
 -> [★발견★] 레이저쎌 (Market): 4회 수축, 마지막 8.6%, 점수 90 (RS 333.0), 피벗 7,660
 [11/200] 성호전자(043260): 패턴 미완성 (제외)
 [12/200] 우리기술(032820): 패턴 미완성 (제외)
 [13/200] 나무기술(242040): 패턴 미완성 (제외)
 [14/200] 에이치엠넥스(036170): 패턴 미완성 (제외)
 [15/200] 대성하이텍(129920): 패턴 미완성 (제외)
 [16/200] 대한광통신(010170): 1차 조정폭 과다 (제외)
 [17/200] RF머트리얼즈(327260): 패턴 미완성 (제외)
 [18/200] SK증권(001510): 패턴 미완성 (제외)
 -> [★발견★] 누리플렉스 (Market): 7회 수축, 마지막 5.6%, 점수 60 (RS 297.9), 피벗 10,500
 [20/200] SGC에너지(005090): 패턴 미완성 (제외)
 [21/200] 오르비텍(046120): 패턴 미완성 (제외)
 [22/200] 아주IB투자(027360): 패턴 미완성 (제외)
 -> [★발견★] 기가레인 (Market): 7회 수축, 마지막 5.3%, 점수 40 (RS 310.2), 피벗 524
 [24/200] 삼표시멘트(038500): 패턴 미완성 (제외)
 [25/200] 오이솔루션(138080): 패턴 미완성 (제외)
 [26/200] SK증권우(001515): 패턴 미완성 (제외)
 [27/200] 에치에프알(230240): 이평선 역배열 (50>150>200 미충족) (제외) | 50일등락: 176.68%
 [28/200] RFHIC(218410): 패턴 미완성 (제외)
 [29/200] 코셈(360350): 이평선 역배열 (50>150>200 미충족) (제외) | 50일등락: 172.92%
 -> [★발견★] SK이터닉스 (Market): 7회 수축, 마지막 13.5%, 점수 20 (RS 261.2), 피벗 59,900
 [31/200] 삼천당제약(000250): 패턴 미완성 (제외)
 [32/200] 스피어(347700): 패턴 미완성 (제외)
 [33/200] 디케이티(290550): 패턴 미완성 (제외)
 [34/200] ISC(095340): 패턴 미완성 (제외)
 [35/200] 파두(440110): 패턴 미완성 (제외)
 [36/200] 현대바이오(048410): 패턴 미완성 (제외)
 -> [★발견★] HD현대에너지솔루션 (Market): 7회 수축, 마지막 9.6%, 점수 40 (RS 322.7), 피벗 136,300
 -> [★발견★] KEC (Market): 7회 수축, 마지막 12.9%, 점수 20 (RS 221.8), 피벗 1,521
 [39/200] 흥아해운(003280): 패턴 미완성 (제외)
 [40/200] 에스티큐브(052020): 패턴 미완성 (제외)
 -> [★발견★] 에프앤가이드 (Market): 8회 수축, 마지막 11.8%, 점수 50 (RS 256.0), 피벗 21,400
 -> [★발견★] 와이지-원 (Market): 7회 수축, 마지막 6.4%, 점수 60 (RS 226.5), 피벗 13,150
 [43/200] APS(054620): 이평선 역배열 (50>150>200 미충족) (제외) | 50일등락: 127.05%
 [44/200] 아모센스(357580): 패턴 미완성 (제외)
 [45/200] 라이콤(388790): 패턴 미완성 (제외)
 [46/200] 티움바이오(321550): 패턴 미완성 (제외)
 [47/200] 네오티스(085910): 패턴 미완성 (제외)
 [48/200] 미래에셋벤처투자(100790): 패턴 미완성 (제외)
 [49/200] THE E&M(089230): 패턴 미완성 (제외)
 -> [★발견★] 피에스케이 (Market): 8회 수축, 마지막 8.0%, 점수 60 (RS 317.3), 피벗 86,400
 -> [★발견★] 미래에셋증권 (Market): 6회 수축, 마지막 14.1%, 점수 50 (RS 373.6), 피벗 71,091
 [52/200] RF시스템즈(474610): 패턴 미완성 (제외)
 [53/200] 다원넥스뷰(323350): 50일선 아래 (제외) | 50일등락: 108.83%
 -> [★발견★] 더블유씨피 (Market): 7회 수축, 마지막 13.0%, 점수 20 (RS 217.4), 피벗 15,100
 -> [★발견★] 대주전자재료 (Market): 6회 수축, 마지막 10.8%, 점수 40 (RS 174.9), 피벗 118,800
 [56/200] 주성엔지니어링(036930): 패턴 미완성 (제외)
 [57/200] 오킨스전자(080580): 패턴 미완성 (제외)
 [58/200] 지앤비에스 에코(382800): 이평선 역배열 (50>150>200 미충족) (제외) | 50일등락: 104.43%
 [59/200] 케이엠더블유(032500): 패턴 미완성 (제외)
 [60/200] 동아엘텍(088130): 50일선 아래 (제외) | 50일등락: 102.7%
 [61/200] 부광약품(003000): 패턴 미완성 (제외)
 -> [★발견★] 로킷헬스케어 (Market): 8회 수축, 마지막 7.7%, 점수 40 (RS 0), 피벗 130,400
 -> [★발견★] SV인베스트먼트 (Market): 5회 수축, 마지막 12.8%, 점수 20 (RS 246.0), 피벗 3,660
 [64/200] 서울전자통신(027040): 이평선 역배열 (50>150>200 미충족) (제외) | 50일등락: 100.94%
 [65/200] 엠케이전자(033160): 패턴 미완성 (제외)
 [66/200] 쏠리드(050890): 패턴 미완성 (제외)
 [67/200] 미래아이앤지(007120): 패턴 미완성 (제외)
 [68/200] 제이스텍(090470): 패턴 미완성 (제외)
 [69/200] 두산테스나(131970): 패턴 미완성 (제외)
 [70/200] HLB이노베이션(024850): 패턴 미완성 (제외)
 [71/200] 삼화콘덴서(001820): 패턴 미완성 (제외)
 -> [★발견★] 코오롱인더 (Market): 6회 수축, 마지막 11.3%, 점수 20 (RS 212.6), 피벗 75,000
 [73/200] 비츠로셀(082920): 패턴 미완성 (제외)
 [74/200] 덕산하이메탈(077360): 패턴 미완성 (제외)
 -> [★발견★] 엔에프씨 (Market): 10회 수축, 마지막 13.6%, 점수 50 (RS 203.8), 피벗 9,000
 [76/200] DSC인베스트먼트(241520): 패턴 미완성 (제외)
 -> [★발견★] 대동금속 (Market): 6회 수축, 마지막 5.9%, 점수 40 (RS 177.1), 피벗 6,830
 [78/200] 제닉(123330): 이평선 역배열 (50>150>200 미충족) (제외) | 50일등락: 91.19%
 [79/200] 옵투스제약(131030): 패턴 미완성 (제외)
 -> [★발견★] 티에프이 (Market): 8회 수축, 마지막 6.7%, 점수 40 (RS 215.9), 피벗 59,500
 [81/200] 하이텍팜(106190): 패턴 미완성 (제외)
 -> [★발견★] 코오롱ENP (Market): 8회 수축, 마지막 8.3%, 점수 40 (RS 205.3), 피벗 13,800
 -> [★발견★] 미래에셋생명 (Market): 7회 수축, 마지막 14.7%, 점수 40 (RS 240.6), 피벗 18,280
 -> [★발견★] 피에스케이홀딩스 (Market): 8회 수축, 마지막 14.5%, 점수 40 (RS 259.6), 피벗 111,400
 [85/200] 이루온(065440): 이평선 역배열 (50>150>200 미충족) (제외) | 50일등락: 85.34%
 [86/200] 더코디(224060): 패턴 미완성 (제외)
 [87/200] 쏘닉스(088280): 이평선 역배열 (50>150>200 미충족) (제외) | 50일등락: 84.49%
 [88/200] SKAI(357880): 이평선 역배열 (50>150>200 미충족) (제외) | 50일등락: 83.65%
 [89/200] 티에스이(131290): 패턴 미완성 (제외)
 [90/200] 제이에스링크(127120): 패턴 미완성 (제외)
 [91/200] 웨이비스(289930): 패턴 미완성 (제외)
 [92/200] 코아시아씨엠(196450): 패턴 미완성 (제외)
 [93/200] 삼일씨엔에스(004440): 패턴 미완성 (제외)
 [94/200] 광전자(017900): 이평선 역배열 (50>150>200 미충족) (제외) | 50일등락: 81.52%
 [95/200] 핌스(347770): 이평선 역배열 (50>150>200 미충족) (제외) | 50일등락: 80.89%
 [96/200] TBH글로벌(084870): 패턴 미완성 (제외)
 [97/200] 세아제강지주(003030): 이평선 역배열 (50>150>200 미충족) (제외) | 50일등락: 80.77%
 [98/200] 상상인증권(001290): 패턴 미완성 (제외)
 [99/200] 삼미금속(012210): 50일선 아래 (제외) | 50일등락: 80.38%
 [100/200] 빛과전자(069540): 이평선 역배열 (50>150>200 미충족) (제외) | 50일등락: 80.16%
 [101/200] 코스텍시스(355150): 패턴 미완성 (제외)
 [102/200] 펄어비스(263750): 패턴 미완성 (제외)
 [103/200] 머큐리(100590): 패턴 미완성 (제외)
 [104/200] 동국제약(086450): 패턴 미완성 (제외)
 -> [★발견★] 싸이맥스 (Market): 6회 수축, 마지막 13.2%, 점수 20 (RS 197.2), 피벗 23,050
 [106/200] 멕아이씨에스(058110): 이평선 역배열 (50>150>200 미충족) (제외) | 50일등락: 76.28%
 [107/200] 이노와이어리스(073490): 패턴 미완성 (제외)
 -> [★발견★] 현대지에프홀딩스 (Market): 5회 수축, 마지막 12.0%, 점수 50 (RS 191.6), 피벗 15,630
 [109/200] 케이엠제약(225430): 이평선 역배열 (50>150>200 미충족) (제외) | 50일등락: 74.81%
 -> [★발견★] 알로이스 (Market): 6회 수축, 마지막 5.0%, 점수 70 (RS 169.9), 피벗 1,496
 -> [★발견★] 한미글로벌 (Market): 6회 수축, 마지막 8.3%, 점수 40 (RS 173.2), 피벗 27,200
 [112/200] 인텔리안테크(189300): 패턴 미완성 (제외)
 [113/200] 앤디포스(238090): 이평선 역배열 (50>150>200 미충족) (제외) | 50일등락: 74.01%
 -> [★발견★] 코메론 (Market): 7회 수축, 마지막 8.0%, 점수 40 (RS 188.1), 피벗 19,280
 [115/200] 엑시콘(092870): 패턴 미완성 (제외)
 [116/200] 압타머사이언스(291650): 이평선 역배열 (50>150>200 미충족) (제외) | 50일등락: 72.85%
 [117/200] 마이크로컨텍솔(098120): 패턴 미완성 (제외)
 [118/200] 선익시스템(171090): 50일선 아래 (제외) | 50일등락: 72.27%
 [119/200] 씨아이에스(222080): 50일선 아래 (제외) | 50일등락: 72.25%
 -> [★발견★] 메카로 (Market): 7회 수축, 마지막 9.5%, 점수 40 (RS 259.0), 피벗 29,850
 [121/200] 신성이엔지(011930): 패턴 미완성 (제외)
 [122/200] HDC(012630): 이평선 역배열 (50>150>200 미충족) (제외) | 50일등락: 70.69%
 [123/200] 네오펙트(290660): 이평선 역배열 (50>150>200 미충족) (제외) | 50일등락: 70.69%
 -> [★발견★] 와이어블 (Market): 7회 수축, 마지막 2.3%, 점수 50 (RS 161.6), 피벗 1,438
 [125/200] 대덕전자(353200): 패턴 미완성 (제외)
 [126/200] 쎄노텍(222420): 패턴 미완성 (제외)
 -> [★발견★] OCI홀딩스 (Market): 7회 수축, 마지막 12.5%, 점수 20 (RS 210.6), 피벗 203,000
 [128/200] 한신공영(004960): 패턴 미완성 (제외)
 [129/200] DN오토모티브(007340): 패턴 미완성 (제외)
 [130/200] 시지메드텍(056090): 패턴 미완성 (제외)
 [131/200] DL(000210): 이평선 역배열 (50>150>200 미충족) (제외) | 50일등락: 68.55%
 [132/200] 그린리소스(402490): 패턴 미완성 (제외)
 -> [★발견★] 기가비스 (Market): 5회 수축, 마지막 11.1%, 점수 20 (RS 281.0), 피벗 78,700
 [134/200] 보로노이(310210): 패턴 미완성 (제외)
 [135/200] 삼양바이오팜(0120G0): 데이터 부족 (200일 미만) (제외) | 50일등락: 67.32%
 [136/200] 파이버프로(368770): 패턴 미완성 (제외)
 [137/200] DL이앤씨(375500): 이평선 역배열 (50>150>200 미충족) (제외) | 50일등락: 66.86%
 [138/200] 태웅(044490): 이평선 역배열 (50>150>200 미충족) (제외) | 50일등락: 66.55%
 -> [★발견★] 유비쿼스 (Market): 7회 수축, 마지막 12.5%, 점수 20 (RS 179.5), 피벗 15,160
 [140/200] 엠디바이스(226590): 1차 조정폭 과다 (제외)
 [141/200] 에스에너지(095910): 이평선 역배열 (50>150>200 미충족) (제외) | 50일등락: 65.94%
 [142/200] GRT(900290): 패턴 미완성 (제외)
 -> [★발견★] 메디아나 (Market): 6회 수축, 마지막 14.4%, 점수 40 (RS 354.5), 피벗 21,600
 [144/200] 한전산업(130660): 패턴 미완성 (제외)
 [145/200] 한스바이오메드(042520): 50일선 아래 (제외) | 50일등락: 65.78%
 [146/200] 애경케미칼(161000): 이평선 역배열 (50>150>200 미충족) (제외) | 50일등락: 65.07%
 [147/200] 한섬(020000): 패턴 미완성 (제외)
 [148/200] 해성옵틱스(076610): 패턴 미완성 (제외)
 [149/200] 헥토파이낸셜(234340): 50일선 아래 (제외) | 50일등락: 64.56%
 -> [★발견★] 케이엔더블유 (Market): 11회 수축, 마지막 10.2%, 점수 20 (RS 177.9), 피벗 8,110
 [151/200] 큐라클(365270): 패턴 미완성 (제외)
 -> [★발견★] SG세계물산 (Market): 10회 수축, 마지막 4.5%, 점수 80 (RS 159.1), 피벗 535
 -> [★발견★] 주성코퍼레이션 (Market): 6회 수축, 마지막 7.0%, 점수 40 (RS 146.4), 피벗 1,357
 [154/200] 비에이치아이(083650): 패턴 미완성 (제외)
 [155/200] 퍼스텍(010820): 패턴 미완성 (제외)
 [156/200] 성도이엔지(037350): 패턴 미완성 (제외)
 [157/200] 서울반도체(046890): 패턴 미완성 (제외)
 [158/200] 지니너스(389030): 패턴 미완성 (제외)
 [159/200] 아모텍(052710): 패턴 미완성 (제외)
 [160/200] 푸드나무(290720): 이평선 역배열 (50>150>200 미충족) (제외) | 50일등락: 60.88%
 [161/200] 아이티센글로벌(124500): 50일선 아래 (제외) | 50일등락: 60.16%
 -> [★발견★] 미래에셋증권2우B (Market): 9회 수축, 마지막 13.9%, 점수 50 (RS 260.3), 피벗 21,900
 -> [★발견★] 서진시스템 (Market): 6회 수축, 마지막 14.6%, 점수 40 (RS 198.7), 피벗 49,200
 [164/200] 제이아이테크(417500): 패턴 미완성 (제외)
 [165/200] 티이엠씨(425040): 패턴 미완성 (제외)
 [166/200] 씨에스윈드(112610): 이평선 역배열 (50>150>200 미충족) (제외) | 50일등락: 59.05%
 [167/200] 이노룰스(296640): 이평선 역배열 (50>150>200 미충족) (제외) | 50일등락: 58.73%
 [168/200] 리노공업(058470): 패턴 미완성 (제외)
 [169/200] 에프알텍(073540): 이평선 역배열 (50>150>200 미충족) (제외) | 50일등락: 58.71%
 [170/200] 삼지전자(037460): 패턴 미완성 (제외)
 [171/200] 앤씨앤(092600): 이평선 역배열 (50>150>200 미충족) (제외) | 50일등락: 57.89%
 [172/200] RISE AI반도체TOP10(0093A0): 데이터 부족 (200일 미만) (제외) | 50일등락: 57.87%
 [173/200] 자화전자(033240): 패턴 미완성 (제외)
 [174/200] 상아프론테크(089980): 패턴 미완성 (제외)
 -> [★발견★] 녹십자웰빙 (Market): 8회 수축, 마지막 12.3%, 점수 20 (RS 155.6), 피벗 14,680
 [176/200] 동부건설(005960): 패턴 미완성 (제외)
 -> [★발견★] 우리넷 (Market): 8회 수축, 마지막 14.0%, 점수 20 (RS 169.5), 피벗 7,340
 [178/200] 에코프로(086520): 50일선 아래 (제외) | 50일등락: 56.95%
 [179/200] 이노인스트루먼트(215790): 이평선 역배열 (50>150>200 미충족) (제외) | 50일등락: 56.9%
 -> [★발견★] 현대홈쇼핑 (Market): 8회 수축, 마지막 5.7%, 점수 70 (RS 151.6), 피벗 84,200
 [181/200] 유성티엔에스(024800): 이평선 역배열 (50>150>200 미충족) (제외) | 50일등락: 56.75%
 -> [★발견★] 유비쿼스홀딩스 (Market): 7회 수축, 마지막 14.3%, 점수 20 (RS 158.1), 피벗 16,960
 [183/200] CS(065770): 이평선 역배열 (50>150>200 미충족) (제외) | 50일등락: 56.45%
 -> [★발견★] 베뉴지 (Market): 7회 수축, 마지막 7.6%, 점수 60 (RS 208.4), 피벗 4,990
 [185/200] 에이엔피(015260): 패턴 미완성 (제외)
 [186/200] 바이오솔루션(086820): 패턴 미완성 (제외)
 [187/200] 한미반도체(042700): 패턴 미완성 (제외)
 [188/200] 아시아경제(127710): 이평선 역배열 (50>150>200 미충족) (제외) | 50일등락: 53.97%
 [189/200] 코데즈컴바인(047770): 1차 조정폭 과다 (제외)
 [190/200] 네패스아크(330860): 패턴 미완성 (제외)
 [191/200] 원익IPS(240810): 패턴 미완성 (제외)
 [192/200] LS머트리얼즈(417200): 패턴 미완성 (제외)
 [193/200] 광동제약(009290): 패턴 미완성 (제외)
 [194/200] 티엠씨(217590): 데이터 부족 (200일 미만) (제외) | 50일등락: 53.27%
 -> [★발견★] 와이엠티 (Market): 7회 수축, 마지막 9.7%, 점수 40 (RS 145.8), 피벗 13,250
 [196/200] 모헨즈(006920): 패턴 미완성 (제외)
 [197/200] 프로텍(053610): 패턴 미완성 (제외)
 [198/200] 태광산업(003240): 이평선 역배열 (50>150>200 미충족) (제외) | 50일등락: 52.84%
 [199/200] 한국첨단소재(062970): 이평선 역배열 (50>150>200 미충족) (제외) | 50일등락: 52.81%
 [200/200] 케이엔제이(272110): 패턴 미완성 (제외)

============================================================
 VCP 스캔 요약: 발견 44, 추세제외 49, 패턴제외 107, 에러 0
============================================================
[완료] 44개 PB 업로드 완료.
[2026-04-03 16:17:23.446861] 06_collect_stock_data.py 실행 중: 상세 데이터 수집 중...
[2026-04-03 16:21:31.648882] 07_calc_portfolio.py 실행 중: 수익률 및 포트폴리오 계산 중...
[2026-04-03 16:21:48.124206] 04_collect_news.py 실행 중: 네이버 뉴스 수집 중...
[2026-04-03 16:22:44.402925] 05_analyze_news.py 실행 중: AI 뉴스 감성 분석 중...
[2026-04-03 16:25:44.488871] 03_visualize_vcp.py 실행 중: VCP 분석 차트 생성 중...
