[2026-04-06 13:52:48.802466] 자동 시장 데이터 동기화 체크 중...
[2026-04-06 13:58:57.606984] 동기화 확인 완료.
[2026-04-06 13:58:57.606984] VCP 통합 스캔 시작    # [0] 대상 선정 (Phase 1)
[2026-04-06 13:58:57.612098] 대상 종목 선별 작업 시작 (Batch 모드)...
  선정 기간: 20260120 ~ 20260406 (약 50거래일 기준)
[2026-04-06 13:58:57.627318] Naver Finance에서 종목 리스트 수집 중...
  Market 0 has 49 pages.
  Market 1 has 37 pages.
[PB Utils] Successfully fetched 4246 tickers from Naver Finance.
[2026-04-06 13:59:11.790745] 투자자보호 종목(관리/정지/경보) 154개 수집 완료.
[2026-04-06 13:59:13.091082] 대상 선별 완료. (Batch 모드로 26분 -> 수 초로 단축)
[2026-04-06 13:59:13.105290] 스캔 대상 200개 상세 데이터 로딩 시작...
  - [10/200] 192410 900270 412350 065170 046970 049080 331920 010170 187660 047040 로딩 완료
  - [20/200] 221800 327260 322000 043260 475150 040160 138080 038500 242040 027360 로딩 완료
  - [30/200] 215790 129920 005090 032820 001510 360350 019210 290550 230240 218410 로딩 완료
  - [40/200] 095340 003280 440110 000250 001515 088280 048410 036170 347700 027040 로딩 완료
  - [50/200] 011930 238090 092220 065440 388790 064850 052020 006800 100790 050890 로딩 완료
  - [60/200] 127120 474610 003000 095910 003030 036930 085910 120110 100590 033160 로딩 완료
  - [70/200] 088130 082920 001820 382800 319660 010060 078600 007120 085620 020400 로딩 완료
  - [80/200] 297570 112610 032500 086450 077360 069540 052710 289930 028050 137950 로딩 완료
  - [90/200] 089230 131970 080580 393890 375500 008350 330860 289080 106190 402490 로딩 완료
  - [100/200] 321550 054620 241520 171090 084870 425040 052860 357580 224060 000210 로딩 완료
  - [110/200] 062970 340440 049430 160980 123330 264450 291650 005440 353200 009150 로딩 완료
  - [120/200] 347770 900290 001290 222080 091580 012210 023160 178320 234340 037460 로딩 완료
  - [130/200] 127710 131290 073490 024060 425420 241770 357880 200710 092870 065530 로딩 완료
  - [140/200] 012205 355690 090470 457990 290720 012630 109070 092600 053690 00680K 로딩 완료
  - [150/200] 089980 0093A0 420770 004960 006110 226590 031980 019010 323350 004060 로딩 완료
  - [160/200] 010120 003240 089970 044490 056090 018000 37550L 240810 187870 265740 로딩 완료
  - [170/200] 001250 066970 020000 078070 046890 064290 243840 006360 098120 084370 로딩 완료
  - [180/200] 000440 005680 001550 035460 417200 007340 189300 005960 058110 105330 로딩 완료
  - [190/200] 225530 196450 039560 290660 042600 131030 234690 079550 033240 015260 로딩 완료
  - [200/200] 042700 086520 263750 066360 004440 005860 024800 037350 124500 037230 로딩 완료
[2026-04-06 13:59:27.396769] 상세 데이터 로딩 완료. (총 200개 캐싱됨)
 [1/200] 오늘이엔엠(192410): 이평선 역배열 (50>150>200 미충족) (제외) | 50일등락: 690.91%
 [2/200] 헝셩그룹(900270): 패턴 미완성 (제외)
 -> [★발견★] 레이저쎌 (Market): 4회 수축, 마지막 8.6%, 점수 80 (RS 397.5), 피벗 7,660
 [4/200] 비엘팜텍(065170): 50일선 아래 (제외) | 50일등락: 386.18%
 [5/200] 우리로(046970): 패턴 미완성 (제외)
 -> [★발견★] 기가레인 (Market): 6회 수축, 마지막 5.3%, 점수 40 (RS 485.9), 피벗 524
 -> [★발견★] 셀레믹스 (Market): 5회 수축, 마지막 10.5%, 점수 20 (RS 442.4), 피벗 5,140
 [8/200] 대한광통신(010170): 1차 조정폭 과다 (제외)
 [9/200] 페니트리움바이오(187660): 패턴 미완성 (제외)
 [10/200] 대우건설(047040): 패턴 미완성 (제외)
 [11/200] 유투바이오(221800): 패턴 미완성 (제외)
 [12/200] RF머트리얼즈(327260): 패턴 미완성 (제외)
 -> [★발견★] HD현대에너지솔루션 (Market): 7회 수축, 마지막 9.6%, 점수 40 (RS 426.2), 피벗 136,300
 [14/200] 성호전자(043260): 패턴 미완성 (제외)
 -> [★발견★] SK이터닉스 (Market): 6회 수축, 마지막 13.5%, 점수 20 (RS 308.6), 피벗 59,900
 [16/200] 누리플렉스(040160): 패턴 미완성 (제외)
 [17/200] 오이솔루션(138080): 패턴 미완성 (제외)
 [18/200] 삼표시멘트(038500): 패턴 미완성 (제외)
 [19/200] 나무기술(242040): 패턴 미완성 (제외)
 [20/200] 아주IB투자(027360): 패턴 미완성 (제외)
 -> [★발견★] 이노인스트루먼트 (Market): 6회 수축, 마지막 14.9%, 점수 20 (RS 322.1), 피벗 422
 [22/200] 대성하이텍(129920): 패턴 미완성 (제외)
 [23/200] SGC에너지(005090): 패턴 미완성 (제외)
 [24/200] 우리기술(032820): 패턴 미완성 (제외)
 [25/200] SK증권(001510): 패턴 미완성 (제외)
 [26/200] 코셈(360350): 이평선 역배열 (50>150>200 미충족) (제외) | 50일등락: 156.32%
 -> [★발견★] 와이지-원 (Market): 6회 수축, 마지막 6.4%, 점수 40 (RS 268.9), 피벗 13,150
 [28/200] 디케이티(290550): 패턴 미완성 (제외)
 [29/200] 에치에프알(230240): 이평선 역배열 (50>150>200 미충족) (제외) | 50일등락: 150.79%
 [30/200] RFHIC(218410): 패턴 미완성 (제외)
 [31/200] ISC(095340): 패턴 미완성 (제외)
 [32/200] 흥아해운(003280): 패턴 미완성 (제외)
 [33/200] 파두(440110): 패턴 미완성 (제외)
 [34/200] 삼천당제약(000250): 50일선 아래 (제외) | 50일등락: 131.64%
 [35/200] SK증권우(001515): 패턴 미완성 (제외)
 [36/200] 쏘닉스(088280): 이평선 역배열 (50>150>200 미충족) (제외) | 50일등락: 126.79%
 [37/200] 현대바이오(048410): 50일선 아래 (제외) | 50일등락: 123.87%
 [38/200] 에이치엠넥스(036170): 패턴 미완성 (제외)
 [39/200] 스피어(347700): 패턴 미완성 (제외)
 [40/200] 서울전자통신(027040): 이평선 역배열 (50>150>200 미충족) (제외) | 50일등락: 113.59%
 [41/200] 신성이엔지(011930): 패턴 미완성 (제외)
 [42/200] 앤디포스(238090): 이평선 역배열 (50>150>200 미충족) (제외) | 50일등락: 112.75%
 [43/200] KEC(092220): 패턴 미완성 (제외)
 [44/200] 이루온(065440): 이평선 역배열 (50>150>200 미충족) (제외) | 50일등락: 109.2%
 [45/200] 라이콤(388790): 패턴 미완성 (제외)
 -> [★발견★] 에프앤가이드 (Market): 8회 수축, 마지막 13.0%, 점수 50 (RS 231.3), 피벗 21,400
 [47/200] 에스티큐브(052020): 패턴 미완성 (제외)
 -> [★발견★] 미래에셋증권 (Market): 6회 수축, 마지막 14.1%, 점수 50 (RS 351.2), 피벗 71,091
 [49/200] 미래에셋벤처투자(100790): 패턴 미완성 (제외)
 [50/200] 쏠리드(050890): 패턴 미완성 (제외)
 [51/200] 제이에스링크(127120): 패턴 미완성 (제외)
 [52/200] RF시스템즈(474610): 패턴 미완성 (제외)
 [53/200] 부광약품(003000): 패턴 미완성 (제외)
 [54/200] 에스에너지(095910): 이평선 역배열 (50>150>200 미충족) (제외) | 50일등락: 96.44%
 [55/200] 세아제강지주(003030): 이평선 역배열 (50>150>200 미충족) (제외) | 50일등락: 95.78%
 [56/200] 주성엔지니어링(036930): 패턴 미완성 (제외)
 [57/200] 네오티스(085910): 패턴 미완성 (제외)
 -> [★발견★] 코오롱인더 (Market): 6회 수축, 마지막 11.3%, 점수 20 (RS 216.3), 피벗 75,000
 [59/200] 머큐리(100590): 패턴 미완성 (제외)
 [60/200] 엠케이전자(033160): 패턴 미완성 (제외)
 [61/200] 동아엘텍(088130): 50일선 아래 (제외) | 50일등락: 90.08%
 [62/200] 비츠로셀(082920): 패턴 미완성 (제외)
 [63/200] 삼화콘덴서(001820): 패턴 미완성 (제외)
 [64/200] 지앤비에스 에코(382800): 이평선 역배열 (50>150>200 미충족) (제외) | 50일등락: 88.78%
 -> [★발견★] 피에스케이 (Market): 8회 수축, 마지막 12.8%, 점수 40 (RS 271.0), 피벗 86,400
 -> [★발견★] OCI홀딩스 (Market): 7회 수축, 마지막 12.5%, 점수 20 (RS 245.8), 피벗 203,000
 -> [★발견★] 대주전자재료 (Market): 7회 수축, 마지막 10.9%, 점수 40 (RS 172.8), 피벗 132,500
 [68/200] 미래아이앤지(007120): 패턴 미완성 (제외)
 -> [★발견★] 미래에셋생명 (Market): 8회 수축, 마지막 9.9%, 점수 70 (RS 241.9), 피벗 17,910
 [70/200] 대동금속(020400): 패턴 미완성 (제외)
 -> [★발견★] 알로이스 (Market): 6회 수축, 마지막 5.0%, 점수 60 (RS 186.6), 피벗 1,496
 [72/200] 씨에스윈드(112610): 이평선 역배열 (50>150>200 미충족) (제외) | 50일등락: 80.64%
 [73/200] 케이엠더블유(032500): 패턴 미완성 (제외)
 [74/200] 동국제약(086450): 패턴 미완성 (제외)
 [75/200] 덕산하이메탈(077360): 50일선 아래 (제외) | 50일등락: 79.35%
 [76/200] 빛과전자(069540): 이평선 역배열 (50>150>200 미충족) (제외) | 50일등락: 78.86%
 [77/200] 아모텍(052710): 패턴 미완성 (제외)
 [78/200] 웨이비스(289930): 패턴 미완성 (제외)
 -> [★발견★] 삼성E&A (Market): 8회 수축, 마지막 8.5%, 점수 40 (RS 198.1), 피벗 35,950
 [80/200] 제이씨케미칼(137950): 이평선 역배열 (50>150>200 미충족) (제외) | 50일등락: 76.64%
 [81/200] THE E&M(089230): 패턴 미완성 (제외)
 -> [★발견★] 두산테스나 (Market): 6회 수축, 마지막 14.3%, 점수 20 (RS 246.6), 피벗 108,300
 [83/200] 오킨스전자(080580): 패턴 미완성 (제외)
 -> [★발견★] 더블유씨피 (Market): 7회 수축, 마지막 13.0%, 점수 20 (RS 202.2), 피벗 15,100
 [85/200] DL이앤씨(375500): 이평선 역배열 (50>150>200 미충족) (제외) | 50일등락: 75.65%
 [86/200] 남선알미늄(008350): 이평선 역배열 (50>150>200 미충족) (제외) | 50일등락: 75.32%
 [87/200] 네패스아크(330860): 패턴 미완성 (제외)
 [88/200] SV인베스트먼트(289080): 패턴 미완성 (제외)
 [89/200] 하이텍팜(106190): 패턴 미완성 (제외)
 [90/200] 그린리소스(402490): 패턴 미완성 (제외)
 [91/200] 티움바이오(321550): 패턴 미완성 (제외)
 [92/200] APS(054620): 패턴 미완성 (제외)
 -> [★발견★] DSC인베스트먼트 (Market): 7회 수축, 마지막 13.3%, 점수 50 (RS 200.7), 피벗 14,960
 [94/200] 선익시스템(171090): 50일선 아래 (제외) | 50일등락: 71.4%
 -> [★발견★] TBH글로벌 (Market): 7회 수축, 마지막 12.5%, 점수 50 (RS 166.8), 피벗 2,365
 [96/200] 티이엠씨(425040): 패턴 미완성 (제외)
 -> [★발견★] 아이앤씨 (Market): 8회 수축, 마지막 7.2%, 점수 40 (RS 216.0), 피벗 3,550
 [98/200] 아모센스(357580): 50일선 아래 (제외) | 50일등락: 70.53%
 [99/200] 더코디(224060): 패턴 미완성 (제외)
 [100/200] DL(000210): 이평선 역배열 (50>150>200 미충족) (제외) | 50일등락: 68.42%
 [101/200] 한국첨단소재(062970): 이평선 역배열 (50>150>200 미충족) (제외) | 50일등락: 68.37%
 [102/200] 세림B&G(340440): 이평선 역배열 (50>150>200 미충족) (제외) | 50일등락: 68.3%
 -> [★발견★] 코메론 (Market): 7회 수축, 마지막 8.0%, 점수 40 (RS 193.7), 피벗 19,280
 -> [★발견★] 싸이맥스 (Market): 6회 수축, 마지막 13.2%, 점수 20 (RS 178.6), 피벗 23,050
 [105/200] 제닉(123330): 이평선 역배열 (50>150>200 미충족) (제외) | 50일등락: 65.19%
 -> [★발견★] 유비쿼스 (Market): 7회 수축, 마지막 14.7%, 점수 20 (RS 175.3), 피벗 16,860
 [107/200] 압타머사이언스(291650): 이평선 역배열 (50>150>200 미충족) (제외) | 50일등락: 63.48%
 -> [★발견★] 현대지에프홀딩스 (Market): 4회 수축, 마지막 13.9%, 점수 70 (RS 191.9), 피벗 15,630
 [109/200] 대덕전자(353200): 패턴 미완성 (제외)
 [110/200] 삼성전기(009150): 패턴 미완성 (제외)
 [111/200] 핌스(347770): 이평선 역배열 (50>150>200 미충족) (제외) | 50일등락: 62.56%
 [112/200] GRT(900290): 패턴 미완성 (제외)
 [113/200] 상상인증권(001290): 패턴 미완성 (제외)
 [114/200] 씨아이에스(222080): 50일선 아래 (제외) | 50일등락: 61.83%
 [115/200] 상신이디피(091580): 패턴 미완성 (제외)
 [116/200] 삼미금속(012210): 50일선 아래 (제외) | 50일등락: 61.34%
 -> [★발견★] 태광 (Market): 8회 수축, 마지막 4.7%, 점수 50 (RS 204.9), 피벗 35,850
 -> [★발견★] 서진시스템 (Market): 6회 수축, 마지막 14.6%, 점수 40 (RS 197.3), 피벗 49,200
 [119/200] 헥토파이낸셜(234340): 50일선 아래 (제외) | 50일등락: 60.81%
 [120/200] 삼지전자(037460): 패턴 미완성 (제외)
 -> [★발견★] 아시아경제 (Market): 8회 수축, 마지막 7.7%, 점수 40 (RS 160.6), 피벗 1,782
 [122/200] 티에스이(131290): 패턴 미완성 (제외)
 [123/200] 이노와이어리스(073490): 패턴 미완성 (제외)
 [124/200] 흥구석유(024060): 패턴 미완성 (제외)
 [125/200] 티에프이(425420): 패턴 미완성 (제외)
 -> [★발견★] 메카로 (Market): 6회 수축, 마지막 9.5%, 점수 40 (RS 236.4), 피벗 29,850
 [127/200] SKAI(357880): 이평선 역배열 (50>150>200 미충족) (제외) | 50일등락: 58.52%
 [128/200] 에이디테크놀로지(200710): 패턴 미완성 (제외)
 [129/200] 엑시콘(092870): 50일선 아래 (제외) | 50일등락: 57.81%
 -> [★발견★] 와이어블 (Market): 7회 수축, 마지막 2.3%, 점수 50 (RS 154.0), 피벗 1,438
 [131/200] 계양전기우(012205): 패턴 미완성 (제외)
 [132/200] 에이텀(355690): 이평선 역배열 (50>150>200 미충족) (제외) | 50일등락: 57.44%
 [133/200] 제이스텍(090470): 패턴 미완성 (제외)
 -> [★발견★] PLUS 태양광&ESS (Market): 6회 수축, 마지막 12.6%, 점수 20 (RS 230.1), 피벗 37,310
 [135/200] 푸드나무(290720): 이평선 역배열 (50>150>200 미충족) (제외) | 50일등락: 57.25%
 [136/200] HDC(012630): 이평선 역배열 (50>150>200 미충족) (제외) | 50일등락: 56.66%
 -> [★발견★] 주성코퍼레이션 (Market): 6회 수축, 마지막 8.2%, 점수 60 (RS 135.7), 피벗 1,357
 [138/200] 앤씨앤(092600): 이평선 역배열 (50>150>200 미충족) (제외) | 50일등락: 55.77%
 -> [★발견★] 한미글로벌 (Market): 6회 수축, 마지막 8.3%, 점수 40 (RS 158.8), 피벗 27,200
 -> [★발견★] 미래에셋증권2우B (Market): 9회 수축, 마지막 13.9%, 점수 50 (RS 252.2), 피벗 21,900
 [141/200] 상아프론테크(089980): 패턴 미완성 (제외)
 [142/200] RISE AI반도체TOP10(0093A0): 데이터 부족 (200일 미만) (제외) | 50일등락: 54.15%
 -> [★발견★] 기가비스 (Market): 5회 수축, 마지막 11.1%, 점수 20 (RS 257.8), 피벗 78,700
 [144/200] 한신공영(004960): 패턴 미완성 (제외)
 [145/200] 삼아알미늄(006110): 패턴 미완성 (제외)
 [146/200] 엠디바이스(226590): 50일선 아래 (제외) | 50일등락: 53.22%
 [147/200] 피에스케이홀딩스(031980): 패턴 미완성 (제외)
 -> [★발견★] 베뉴지 (Market): 7회 수축, 마지막 7.6%, 점수 60 (RS 205.0), 피벗 4,990
 [149/200] 다원넥스뷰(323350): 50일선 아래 (제외) | 50일등락: 52.78%
 [150/200] SG세계물산(004060): 50일선 아래 (제외) | 50일등락: 52.63%
 [151/200] LS ELECTRIC(010120): 패턴 미완성 (제외)
 [152/200] 태광산업(003240): 이평선 역배열 (50>150>200 미충족) (제외) | 50일등락: 51.92%
 [153/200] 브이엠(089970): 패턴 미완성 (제외)
 [154/200] 태웅(044490): 이평선 역배열 (50>150>200 미충족) (제외) | 50일등락: 51.64%
 [155/200] 시지메드텍(056090): 50일선 아래 (제외) | 50일등락: 51.43%
 [156/200] 유니슨(018000): 이평선 역배열 (50>150>200 미충족) (제외) | 50일등락: 51.35%
 [157/200] DL이앤씨2우(전환)(37550L): 이평선 역배열 (50>150>200 미충족) (제외) | 50일등락: 51.22%
 [158/200] 원익IPS(240810): 50일선 아래 (제외) | 50일등락: 51.07%
 [159/200] 디바이스(187870): 패턴 미완성 (제외)
 [160/200] 엔에프씨(265740): 50일선 아래 (제외) | 50일등락: 50.16%
 [161/200] GS글로벌(001250): 이평선 역배열 (50>150>200 미충족) (제외) | 50일등락: 50.11%
 [162/200] 엘앤에프(066970): 패턴 미완성 (제외)
 [163/200] 한섬(020000): 패턴 미완성 (제외)
 -> [★발견★] 유비쿼스홀딩스 (Market): 6회 수축, 마지막 14.3%, 점수 20 (RS 150.5), 피벗 16,960
 [165/200] 서울반도체(046890): 50일선 아래 (제외) | 50일등락: 49.49%
 [166/200] 인텍플러스(064290): 패턴 미완성 (제외)
 [167/200] 신흥에스이씨(243840): 패턴 미완성 (제외)
 [168/200] GS건설(006360): 이평선 역배열 (50>150>200 미충족) (제외) | 50일등락: 48.59%
 [169/200] 마이크로컨텍솔(098120): 패턴 미완성 (제외)
 [170/200] 유진테크(084370): 패턴 미완성 (제외)
 [171/200] 중앙에너비스(000440): 패턴 미완성 (제외)
 -> [★발견★] 삼영전자 (Market): 7회 수축, 마지막 8.8%, 점수 40 (RS 145.7), 피벗 16,650
 [173/200] 조비(001550): 이평선 역배열 (50>150>200 미충족) (제외) | 50일등락: 47.47%
 [174/200] 기산텔레콤(035460): 이평선 역배열 (50>150>200 미충족) (제외) | 50일등락: 47.34%
 [175/200] LS머트리얼즈(417200): 패턴 미완성 (제외)
 -> [★발견★] DN오토모티브 (Market): 7회 수축, 마지막 10.8%, 점수 20 (RS 162.9), 피벗 41,250
 [177/200] 인텔리안테크(189300): 50일선 아래 (제외) | 50일등락: 47.03%
 [178/200] 동부건설(005960): 패턴 미완성 (제외)
 [179/200] 멕아이씨에스(058110): 이평선 역배열 (50>150>200 미충족) (제외) | 50일등락: 46.84%
 -> [★발견★] 케이엔더블유 (Market): 9회 수축, 마지막 10.2%, 점수 20 (RS 157.9), 피벗 8,110
 [181/200] HC보광산업(225530): 이평선 역배열 (50>150>200 미충족) (제외) | 50일등락: 46.7%
 [182/200] 코아시아씨엠(196450): 패턴 미완성 (제외)
 [183/200] 다산네트웍스(039560): 패턴 미완성 (제외)
 [184/200] 네오펙트(290660): 200일선 아래 (제외) | 50일등락: 46.41%
 [185/200] 새로닉스(042600): 패턴 미완성 (제외)
 [186/200] 옵투스제약(131030): 패턴 미완성 (제외)
 -> [★발견★] 녹십자웰빙 (Market): 8회 수축, 마지막 12.3%, 점수 20 (RS 146.6), 피벗 14,680
 [188/200] LIG넥스원(079550): 이평선 역배열 (50>150>200 미충족) (제외) | 50일등락: 46.0%
 [189/200] 자화전자(033240): 50일선 아래 (제외) | 50일등락: 45.99%
 [190/200] 에이엔피(015260): 패턴 미완성 (제외)
 [191/200] 한미반도체(042700): 패턴 미완성 (제외)
 [192/200] 에코프로(086520): 50일선 아래 (제외) | 50일등락: 45.78%
 [193/200] 펄어비스(263750): 패턴 미완성 (제외)
 -> [★발견★] 체리부로 (Market): 7회 수축, 마지막 8.1%, 점수 70 (RS 145.0), 피벗 1,144
 [195/200] 삼일씨엔에스(004440): 패턴 미완성 (제외)
 [196/200] 한일사료(005860): 이평선 역배열 (50>150>200 미충족) (제외) | 50일등락: 44.96%
 [197/200] 유성티엔에스(024800): 이평선 역배열 (50>150>200 미충족) (제외) | 50일등락: 44.95%
 [198/200] 성도이엔지(037350): 패턴 미완성 (제외)
 [199/200] 아이티센글로벌(124500): 50일선 아래 (제외) | 50일등락: 44.65%
 [200/200] 한국팩키지(037230): 이평선 역배열 (50>150>200 미충족) (제외) | 50일등락: 44.38%

============================================================
 VCP 스캔 요약: 발견 42, 추세제외 64, 패턴제외 94, 에러 0
============================================================
[완료] 42개 PB 업로드 완료.
[2026-04-06 13:59:28.903989] 06_collect_stock_data.py 실행 중: 상세 데이터 수집 중...
[2026-04-06 14:03:27.988756] 07_calc_portfolio.py 실행 중: 수익률 및 포트폴리오 계산 중...
[2026-04-06 14:03:45.418862] 04_collect_news.py 실행 중: 네이버 뉴스 수집 중...
[2026-04-06 14:04:41.210598] 05_analyze_news.py 실행 중: AI 뉴스 감성 분석 중...
[2026-04-06 14:06:48.469284] 03_visualize_vcp.py 실행 중: VCP 분석 차트 생성 중...
