[2026-04-24 16:59:04.519286] 자동 시장 데이터 동기화 체크 중...
[2026-04-24 16:59:19.079221] 동기화 확인 완료.
[2026-04-24 16:59:19.079221] VCP 통합 스캔 시작    # [0] 대상 선정 (Phase 1)
[2026-04-24 16:59:19.091996] 대상 종목 선별 작업 시작 (Batch 모드)...
  선정 기간: 20260209 ~ 20260415 (약 50거래일 기준)
[2026-04-24 16:59:19.102451] Naver Finance에서 종목 리스트 수집 중...
  Market 0 has 49 pages.
  Market 1 has 37 pages.
[PB Utils] Successfully fetched 4256 tickers from Naver Finance.
[2026-04-24 16:59:31.279406] 투자자보호 종목(관리/정지/경보) 243개 수집 완료.
[2026-04-24 16:59:32.205214] 대상 선별 완료. (Batch 모드로 26분 -> 수 초로 단축)
[2026-04-24 16:59:32.218621] 스캔 대상 200개 상세 데이터 로딩 시작...
  - [10/200] 192410 046970 017900 215790 010170 900270 049080 187660 069540 027040 로딩 완료
  - [20/200] 331920 072950 036170 221800 065770 088280 388790 073540 035460 100590 로딩 완료
  - [30/200] 109070 357880 010820 412350 027360 475150 052710 115440 327260 056360 로딩 완료
  - [40/200] 402490 360350 238090 095270 089230 046120 082920 032820 109080 008350 로딩 완료
  - [50/200] 217730 129920 217590 033160 065530 088800 375500 040160 066310 006360 로딩 완료
  - [60/200] 009150 085910 009155 079550 064850 218410 085620 242040 003000 376900 로딩 완료
  - [70/200] 232830 003280 050890 001820 038060 474610 290550 382800 322000 017550 로딩 완료
  - [80/200] 043260 007120 228670 389030 084850 052020 092220 230240 140430 294630 로딩 완료
  - [90/200] 032500 288980 006920 347770 006110 321260 006340 054620 084870 005090 로딩 완료
  - [100/200] 37550L 356680 340440 105330 179530 053690 078070 127120 066360 153460 로딩 완료
  - [110/200] 393890 044490 241520 321550 285800 291650 058110 024840 429270 011070 로딩 완료
  - [120/200] 229000 203650 009415 290720 089970 080520 098120 042370 086820 037350 로딩 완료
  - [130/200] 148250 046210 127710 227950 131290 028050 062970 003030 000720 100790 로딩 완료
  - [140/200] 159010 241770 452280 031980 278470 226590 023160 452300 170790 476830 로딩 완료
  - [150/200] 086450 000150 275630 001290 006260 015260 204610 010060 160980 092790 로딩 완료
  - [160/200] 033790 432720 031310 319660 053260 041520 024740 131970 007810 070300 로딩 완료
  - [170/200] 078600 042700 052860 112610 199800 092190 417200 046890 078890 038680 로딩 완료
  - [180/200] 005960 095910 067920 368770 187870 017960 296640 125020 033130 090470 로딩 완료
  - [190/200] 019210 178320 115450 018470 039560 120110 115500 347860 405000 000210 로딩 완료
  - [200/200] 353200 425420 141000 330860 095700 357580 004100 900290 066970 037230 로딩 완료
[2026-04-24 16:59:45.389554] 상세 데이터 로딩 완료. (총 200개 캐싱됨)
 [1/200] 오늘이엔엠(192410): 이평선 역배열 (50>150>200 미충족) (제외) | 50일등락: 909.93%
 [2/200] 우리로(046970): 패턴 미완성 (제외)
 [3/200] 광전자(017900): 패턴 미완성 (제외)
 -> [★발견★] 이노인스트루먼트 (Market): 6회 수축, 마지막 14.9%, 점수 20 (RS 875.5), 피벗 422
 [5/200] 대한광통신(010170): 1차 조정폭 과다 (제외)
 [6/200] 헝셩그룹(900270): 패턴 미완성 (제외)
 [7/200] 기가레인(049080): 패턴 미완성 (제외)
 [8/200] 페니트리움바이오(187660): 패턴 미완성 (제외)
 [9/200] 빛과전자(069540): 패턴 미완성 (제외)
 [10/200] 서울전자통신(027040): 패턴 미완성 (제외)
 -> [★발견★] 셀레믹스 (Market): 4회 수축, 마지막 10.5%, 점수 70 (RS 646.3), 피벗 5,140
 [12/200] 빛샘전자(072950): 패턴 미완성 (제외)
 [13/200] 에이치엠넥스(036170): 패턴 미완성 (제외)
 [14/200] 유투바이오(221800): 50일선 아래 (제외) | 50일등락: 226.99%
 [15/200] CS(065770): 이평선 역배열 (50>150>200 미충족) (제외) | 50일등락: 210.75%
 [16/200] 쏘닉스(088280): 이평선 역배열 (50>150>200 미충족) (제외) | 50일등락: 210.13%
 [17/200] 라이콤(388790): 패턴 미완성 (제외)
 -> [★발견★] 에프알텍 (Market): 9회 수축, 마지막 6.5%, 점수 40 (RS 311.5), 피벗 2,705
 [19/200] 기산텔레콤(035460): 패턴 미완성 (제외)
 [20/200] 머큐리(100590): 패턴 미완성 (제외)
 -> [★발견★] 주성코퍼레이션 (Market): 6회 수축, 마지막 11.1%, 점수 20 (RS 271.0), 피벗 1,357
 [22/200] SKAI(357880): 이평선 역배열 (50>150>200 미충족) (제외) | 50일등락: 156.9%
 [23/200] 퍼스텍(010820): 패턴 미완성 (제외)
 [24/200] 레이저쎌(412350): 패턴 미완성 (제외)
 -> [★발견★] 아주IB투자 (Market): 7회 수축, 마지막 9.3%, 점수 40 (RS 486.1), 피벗 9,370
 [26/200] SK이터닉스(475150): 패턴 미완성 (제외)
 [27/200] 아모텍(052710): 패턴 미완성 (제외)
 [28/200] 우리넷(115440): 패턴 미완성 (제외)
 [29/200] RF머트리얼즈(327260): 패턴 미완성 (제외)
 [30/200] 코위버(056360): 패턴 미완성 (제외)
 [31/200] 그린리소스(402490): 패턴 미완성 (제외)
 [32/200] 코셈(360350): 패턴 미완성 (제외)
 -> [★발견★] 앤디포스 (Market): 6회 수축, 마지막 5.3%, 점수 60 (RS 207.1), 피벗 3,770
 -> [★발견★] 웨이브일렉트로 (Market): 8회 수축, 마지막 13.7%, 점수 20 (RS 221.7), 피벗 5,400
 [35/200] THE E&M(089230): 패턴 미완성 (제외)
 [36/200] 오르비텍(046120): 패턴 미완성 (제외)
 [37/200] 비츠로셀(082920): 패턴 미완성 (제외)
 -> [★발견★] 우리기술 (Market): 5회 수축, 마지막 11.2%, 점수 50 (RS 715.5), 피벗 23,650
 [39/200] 옵티시스(109080): 이평선 역배열 (50>150>200 미충족) (제외) | 50일등락: 119.7%
 [40/200] 남선알미늄(008350): 패턴 미완성 (제외)
 -> [★발견★] 강스템바이오텍 (Market): 9회 수축, 마지막 14.6%, 점수 20 (RS 269.3), 피벗 3,585
 [42/200] 대성하이텍(129920): 패턴 미완성 (제외)
 [43/200] 티엠씨(217590): 데이터 부족 (200일 미만) (제외) | 50일등락: 115.68%
 [44/200] 엠케이전자(033160): 패턴 미완성 (제외)
 -> [★발견★] 와이어블 (Market): 7회 수축, 마지막 2.3%, 점수 50 (RS 216.1), 피벗 1,438
 [46/200] 에이스테크(088800): 패턴 미완성 (제외)
 [47/200] DL이앤씨(375500): 패턴 미완성 (제외)
 [48/200] 누리플렉스(040160): 패턴 미완성 (제외)
 [49/200] 큐에스아이(066310): 패턴 미완성 (제외)
 [50/200] GS건설(006360): 패턴 미완성 (제외)
 [51/200] 삼성전기(009150): 패턴 미완성 (제외)
 -> [★발견★] 네오티스 (Market): 7회 수축, 마지막 10.9%, 점수 40 (RS 494.0), 피벗 23,800
 [53/200] 삼성전기우(009155): 패턴 미완성 (제외)
 [54/200] LIG디펜스앤에어로스페이스(079550): 이평선 역배열 (50>150>200 미충족) (제외) | 50일등락: 99.33%
 -> [★발견★] 에프앤가이드 (Market): 7회 수축, 마지막 14.0%, 점수 20 (RS 329.2), 피벗 21,400
 -> [★발견★] RFHIC (Market): 8회 수축, 마지막 12.1%, 점수 20 (RS 397.4), 피벗 94,200
 -> [★발견★] 미래에셋생명 (Market): 8회 수축, 마지막 10.0%, 점수 70 (RS 244.6), 피벗 17,910
 [58/200] 나무기술(242040): 패턴 미완성 (제외)
 [59/200] 부광약품(003000): 패턴 미완성 (제외)
 [60/200] 로킷헬스케어(376900): 패턴 미완성 (제외)
 [61/200] 아이티센피엔에스(232830): 이평선 역배열 (50>150>200 미충족) (제외) | 50일등락: 93.93%
 [62/200] 흥아해운(003280): 패턴 미완성 (제외)
 [63/200] 쏠리드(050890): 패턴 미완성 (제외)
 [64/200] 삼화콘덴서(001820): 패턴 미완성 (제외)
 [65/200] 루멘스(038060): 이평선 역배열 (50>150>200 미충족) (제외) | 50일등락: 92.55%
 [66/200] RF시스템즈(474610): 패턴 미완성 (제외)
 [67/200] 디케이티(290550): 패턴 미완성 (제외)
 [68/200] 지앤비에스 에코(382800): 이평선 역배열 (50>150>200 미충족) (제외) | 50일등락: 90.41%
 [69/200] HD현대에너지솔루션(322000): 패턴 미완성 (제외)
 [70/200] 수산세보틱스(017550): 이평선 역배열 (50>150>200 미충족) (제외) | 50일등락: 87.75%
 [71/200] 성호전자(043260): 패턴 미완성 (제외)
 [72/200] 미래아이앤지(007120): 패턴 미완성 (제외)
 [73/200] 레이(228670): 이평선 역배열 (50>150>200 미충족) (제외) | 50일등락: 83.88%
 [74/200] 지니너스(389030): 패턴 미완성 (제외)
 [75/200] 아이티엠반도체(084850): 이평선 역배열 (50>150>200 미충족) (제외) | 50일등락: 82.25%
 [76/200] 에스티큐브(052020): 패턴 미완성 (제외)
 [77/200] KEC(092220): 패턴 미완성 (제외)
 [78/200] 에치에프알(230240): 패턴 미완성 (제외)
 [79/200] 카티스(140430): 이평선 역배열 (50>150>200 미충족) (제외) | 50일등락: 79.81%
 -> [★발견★] 서남 (Market): 6회 수축, 마지막 7.6%, 점수 40 (RS 204.1), 피벗 4,015
 [81/200] 케이엠더블유(032500): 패턴 미완성 (제외)
 [82/200] 모아데이타(288980): 이평선 역배열 (50>150>200 미충족) (제외) | 50일등락: 75.94%
 [83/200] 모헨즈(006920): 패턴 미완성 (제외)
 [84/200] 핌스(347770): 이평선 역배열 (50>150>200 미충족) (제외) | 50일등락: 75.42%
 [85/200] 삼아알미늄(006110): 패턴 미완성 (제외)
 [86/200] 프로이천(321260): 이평선 역배열 (50>150>200 미충족) (제외) | 50일등락: 74.66%
 [87/200] 대원전선(006340): 패턴 미완성 (제외)
 [88/200] APS(054620): 패턴 미완성 (제외)
 -> [★발견★] TBH글로벌 (Market): 6회 수축, 마지막 13.3%, 점수 50 (RS 166.5), 피벗 2,365
 [90/200] SGC에너지(005090): 패턴 미완성 (제외)
 -> [★발견★] DL이앤씨2우(전환) (Market): 8회 수축, 마지막 12.3%, 점수 20 (RS 204.4), 피벗 45,600
 [92/200] 엑스게이트(356680): 이평선 역배열 (50>150>200 미충족) (제외) | 50일등락: 71.01%
 [93/200] 세림B&G(340440): 이평선 역배열 (50>150>200 미충족) (제외) | 50일등락: 70.91%
 [94/200] 케이엔더블유(105330): 패턴 미완성 (제외)
 [95/200] 애드바이오텍(179530): 이평선 역배열 (50>150>200 미충족) (제외) | 50일등락: 70.5%
 -> [★발견★] 한미글로벌 (Market): 5회 수축, 마지막 8.3%, 점수 40 (RS 185.2), 피벗 27,200
 -> [★발견★] 유비쿼스홀딩스 (Market): 6회 수축, 마지막 14.3%, 점수 20 (RS 179.6), 피벗 16,960
 [98/200] 제이에스링크(127120): 패턴 미완성 (제외)
 -> [★발견★] 체리부로 (Market): 8회 수축, 마지막 5.6%, 점수 60 (RS 166.7), 피벗 1,179
 [100/200] 네이블(153460): 이평선 역배열 (50>150>200 미충족) (제외) | 50일등락: 67.62%
 -> [★발견★] 더블유씨피 (Market): 6회 수축, 마지막 13.0%, 점수 20 (RS 220.2), 피벗 15,100
 [102/200] 태웅(044490): 이평선 역배열 (50>150>200 미충족) (제외) | 50일등락: 66.56%
 -> [★발견★] DSC인베스트먼트 (Market): 7회 수축, 마지막 14.9%, 점수 50 (RS 215.9), 피벗 14,960
 [104/200] 티움바이오(321550): 패턴 미완성 (제외)
 [105/200] 진영(285800): 이평선 역배열 (50>150>200 미충족) (제외) | 50일등락: 65.76%
 [106/200] 압타머사이언스(291650): 이평선 역배열 (50>150>200 미충족) (제외) | 50일등락: 64.89%
 [107/200] 멕아이씨에스(058110): 이평선 역배열 (50>150>200 미충족) (제외) | 50일등락: 64.52%
 [108/200] KBI메탈(024840): 이평선 역배열 (50>150>200 미충족) (제외) | 50일등락: 63.64%
 [109/200] 시지트로닉스(429270): 이평선 역배열 (50>150>200 미충족) (제외) | 50일등락: 62.89%
 [110/200] LG이노텍(011070): 패턴 미완성 (제외)
 [111/200] 젠큐릭스(229000): 50일선 아래 (제외) | 50일등락: 62.51%
 [112/200] 드림시큐리티(203650): 이평선 역배열 (50>150>200 미충족) (제외) | 50일등락: 62.5%
 [113/200] 태영건설우(009415): 이평선 역배열 (50>150>200 미충족) (제외) | 50일등락: 62.02%
 -> [★발견★] 푸드나무 (Market): 6회 수축, 마지막 7.6%, 점수 40 (RS 187.1), 피벗 3,270
 [115/200] 브이엠(089970): 패턴 미완성 (제외)
 [116/200] 오디텍(080520): 이평선 역배열 (50>150>200 미충족) (제외) | 50일등락: 59.51%
 [117/200] 마이크로컨텍솔(098120): 1차 조정폭 과다 (제외)
 -> [★발견★] 비츠로테크 (Market): 7회 수축, 마지막 10.6%, 점수 20 (RS 183.5), 피벗 12,080
 [119/200] 바이오솔루션(086820): 패턴 미완성 (제외)
 [120/200] 성도이엔지(037350): 패턴 미완성 (제외)
 [121/200] 알엔투테크놀로지(148250): 200일선 아래 (제외) | 50일등락: 58.25%
 [122/200] HLB파나진(046210): 이평선 역배열 (50>150>200 미충족) (제외) | 50일등락: 58.0%
 [123/200] 아시아경제(127710): 패턴 미완성 (제외)
 [124/200] 엔투텍(227950): 이평선 역배열 (50>150>200 미충족) (제외) | 50일등락: 57.96%
 [125/200] 티에스이(131290): 패턴 미완성 (제외)
 -> [★발견★] 삼성E&A (Market): 7회 수축, 마지막 8.5%, 점수 40 (RS 223.0), 피벗 35,950
 [127/200] 한국첨단소재(062970): 이평선 역배열 (50>150>200 미충족) (제외) | 50일등락: 57.34%
 [128/200] 세아제강지주(003030): 이평선 역배열 (50>150>200 미충족) (제외) | 50일등락: 56.87%
 -> [★발견★] 현대건설 (Market): 7회 수축, 마지막 6.7%, 점수 40 (RS 291.9), 피벗 188,700
 [130/200] 미래에셋벤처투자(100790): 패턴 미완성 (제외)
 -> [★발견★] 아스플로 (Market): 7회 수축, 마지막 9.0%, 점수 40 (RS 172.3), 피벗 5,650
 -> [★발견★] 메카로 (Market): 7회 수축, 마지막 10.5%, 점수 50 (RS 233.1), 피벗 39,900
 [133/200] 한선엔지니어링(452280): 패턴 미완성 (제외)
 [134/200] 피에스케이홀딩스(031980): 패턴 미완성 (제외)
 -> [★발견★] 에이피알 (Market): 9회 수축, 마지막 7.7%, 점수 40 (RS 289.8), 피벗 344,500
 [136/200] 엠디바이스(226590): 1차 조정폭 과다 (제외)
 -> [★발견★] 태광 (Market): 7회 수축, 마지막 4.7%, 점수 50 (RS 189.1), 피벗 35,850
 [138/200] 캡스톤파트너스(452300): 이평선 역배열 (50>150>200 미충족) (제외) | 50일등락: 54.06%
 [139/200] 파이오링크(170790): 이평선 역배열 (50>150>200 미충족) (제외) | 50일등락: 53.96%
 [140/200] 알지노믹스(476830): 데이터 부족 (200일 미만) (제외) | 50일등락: 53.9%
 [141/200] 동국제약(086450): 패턴 미완성 (제외)
 [142/200] 두산(000150): 패턴 미완성 (제외)
 [143/200] 에스에스알(275630): 이평선 역배열 (50>150>200 미충족) (제외) | 50일등락: 52.91%
 [144/200] 상상인증권(001290): 패턴 미완성 (제외)
 [145/200] LS(006260): 패턴 미완성 (제외)
 [146/200] 에이엔피(015260): 패턴 미완성 (제외)
 [147/200] 티쓰리(204610): 이평선 역배열 (50>150>200 미충족) (제외) | 50일등락: 51.68%
 [148/200] OCI홀딩스(010060): 패턴 미완성 (제외)
 -> [★발견★] 싸이맥스 (Market): 6회 수축, 마지막 13.2%, 점수 50 (RS 211.4), 피벗 23,050
 [150/200] 넥스틸(092790): 이평선 역배열 (50>150>200 미충족) (제외) | 50일등락: 51.53%
 [151/200] 피노(033790): 패턴 미완성 (제외)
 [152/200] 퀄리타스반도체(432720): 이평선 역배열 (50>150>200 미충족) (제외) | 50일등락: 51.41%
 [153/200] 아이즈비전(031310): 이평선 역배열 (50>150>200 미충족) (제외) | 50일등락: 51.32%
 [154/200] 피에스케이(319660): 패턴 미완성 (제외)
 [155/200] 금강철강(053260): 이평선 역배열 (50>150>200 미충족) (제외) | 50일등락: 51.01%
 [156/200] 이엘씨(041520): 이평선 역배열 (50>150>200 미충족) (제외) | 50일등락: 50.71%
 [157/200] 한일단조(024740): 패턴 미완성 (제외)
 [158/200] 두산테스나(131970): 패턴 미완성 (제외)
 [159/200] 코리아써키트(007810): 패턴 미완성 (제외)
 -> [★발견★] 엑스큐어 (Market): 6회 수축, 마지막 6.6%, 점수 40 (RS 192.9), 피벗 1,977
 [161/200] 대주전자재료(078600): 패턴 미완성 (제외)
 [162/200] 한미반도체(042700): 패턴 미완성 (제외)
 [163/200] 아이앤씨(052860): 패턴 미완성 (제외)
 [164/200] 씨에스윈드(112610): 패턴 미완성 (제외)
 [165/200] 툴젠(199800): 이평선 역배열 (50>150>200 미충족) (제외) | 50일등락: 47.38%
 [166/200] 서울바이오시스(092190): 이평선 역배열 (50>150>200 미충족) (제외) | 50일등락: 47.37%
 -> [★발견★] LS머트리얼즈 (Market): 9회 수축, 마지막 9.0%, 점수 60 (RS 205.6), 피벗 20,900
 [168/200] 서울반도체(046890): 패턴 미완성 (제외)
 [169/200] 가온그룹(078890): 패턴 미완성 (제외)
 [170/200] 에스넷(038680): 이평선 역배열 (50>150>200 미충족) (제외) | 50일등락: 46.4%
 [171/200] 동부건설(005960): 패턴 미완성 (제외)
 [172/200] 에스에너지(095910): 이평선 역배열 (50>150>200 미충족) (제외) | 50일등락: 46.3%
 [173/200] 이글루(067920): 이평선 역배열 (50>150>200 미충족) (제외) | 50일등락: 45.58%
 -> [★발견★] 파이버프로 (Market): 10회 수축, 마지막 14.2%, 점수 20 (RS 304.5), 피벗 23,550
 [175/200] 디바이스(187870): 패턴 미완성 (제외)
 [176/200] 한국카본(017960): 패턴 미완성 (제외)
 [177/200] 이노에이엑스(296640): 이평선 역배열 (50>150>200 미충족) (제외) | 50일등락: 44.95%
 [178/200] 티씨머티리얼즈(125020): 이평선 역배열 (50>150>200 미충족) (제외) | 50일등락: 44.84%
 [179/200] 디지틀조선(033130): 패턴 미완성 (제외)
 [180/200] 제이스텍(090470): 패턴 미완성 (제외)
 [181/200] 와이지-원(019210): 패턴 미완성 (제외)
 -> [★발견★] 서진시스템 (Market): 6회 수축, 마지막 14.6%, 점수 20 (RS 226.0), 피벗 49,200
 [183/200] HLB테라퓨틱스(115450): 이평선 역배열 (50>150>200 미충족) (제외) | 50일등락: 43.84%
 [184/200] 조일알미늄(018470): 이평선 역배열 (50>150>200 미충족) (제외) | 50일등락: 43.7%
 [185/200] 다산네트웍스(039560): 패턴 미완성 (제외)
 -> [★발견★] 코오롱인더 (Market): 5회 수축, 마지막 11.3%, 점수 40 (RS 231.3), 피벗 75,000
 [187/200] 케이씨에스(115500): 이평선 역배열 (50>150>200 미충족) (제외) | 50일등락: 43.1%
 [188/200] 알체라(347860): 이평선 역배열 (50>150>200 미충족) (제외) | 50일등락: 43.05%
 [189/200] 플라즈맵(405000): 이평선 역배열 (50>150>200 미충족) (제외) | 50일등락: 42.96%
 [190/200] DL(000210): 이평선 역배열 (50>150>200 미충족) (제외) | 50일등락: 42.86%
 [191/200] 대덕전자(353200): 패턴 미완성 (제외)
 [192/200] 티에프이(425420): 패턴 미완성 (제외)
 [193/200] 비아트론(141000): 이평선 역배열 (50>150>200 미충족) (제외) | 50일등락: 42.33%
 [194/200] 네패스아크(330860): 패턴 미완성 (제외)
 [195/200] 제넥신(095700): 이평선 역배열 (50>150>200 미충족) (제외) | 50일등락: 42.0%
 [196/200] 아모센스(357580): 패턴 미완성 (제외)
 [197/200] 태양금속(004100): 패턴 미완성 (제외)
 [198/200] GRT(900290): 패턴 미완성 (제외)
 [199/200] 엘앤에프(066970): 패턴 미완성 (제외)
 [200/200] 한국팩키지(037230): 이평선 역배열 (50>150>200 미충족) (제외) | 50일등락: 41.19%

============================================================
 VCP 스캔 요약: 발견 36, 추세제외 63, 패턴제외 101, 에러 0
============================================================
[완료] 36개 PB 업로드 완료.
[2026-04-24 16:59:46.471792] 06_collect_stock_data.py 실행 중: 상세 데이터 수집 중...
[2026-04-24 17:03:12.810130] 07_calc_portfolio.py 실행 중: 수익률 및 포트폴리오 계산 중...
[2026-04-24 17:03:29.208500] 04_collect_news.py 실행 중: 네이버 뉴스 수집 중...
[2026-04-24 17:04:09.018643] 05_analyze_news.py 실행 중: AI 뉴스 감성 분석 중...
[2026-04-24 17:32:40.792752] 03_visualize_vcp.py 실행 중: VCP 분석 차트 생성 중...
