[2026-03-28 12:02:23.934448] 자동 시장 데이터 동기화 체크 중...
[2026-03-28 12:08:44.426064] 동기화 확인 완료.
[2026-03-28 12:08:44.426574] VCP 통합 스캔 시작    # [0] 대상 선정 (Phase 1)
[2026-03-28 12:08:44.445967] 대상 종목 선별 작업 시작 (Batch 모드)...
  선정 기간: 20260112 ~ 20260327 (약 50거래일 기준)
[2026-03-28 12:08:44.470334] Naver Finance에서 종목 리스트 수집 중...
  Market 0 has 49 pages.
  Market 1 has 37 pages.
[PB Utils] Successfully fetched 4238 tickers from Naver Finance.
[2026-03-28 12:09:04.564722] 대상 선별 완료. (Batch 모드로 26분 -> 수 초로 단축)
[2026-03-28 12:09:04.584850] 스캔 대상 200개 상세 데이터 로딩 시작...
  - [10/200] 008600 065170 900270 032820 046970 192410 047040 187660 221800 000250 로딩 완료
  - [20/200] 412350 242040 036170 129920 038500 043260 001510 005090 331920 010170 로딩 완료
  - [30/200] 040160 089230 046120 327260 027360 290550 138080 347700 092220 048410 로딩 완료
  - [40/200] 357580 003000 0120G0 475150 360350 054620 440110 131030 076610 001515 로딩 완료
  - [50/200] 019210 289080 357880 064850 006800 230240 420770 088280 095340 322000 로딩 완료
  - [60/200] 291650 052020 007120 100790 024850 218410 131970 106190 127120 393890 로딩 완료
  - [70/200] 078600 036930 085910 027040 321550 088130 241520 032500 171090 452260 로딩 완료
  - [80/200] 319660 031980 080580 348340 353200 474610 365270 069540 085620 123330 로딩 완료
  - [90/200] 090470 050890 323350 388790 001820 115440 289930 049080 077360 265740 로딩 완료
  - [100/200] 084870 001290 226590 200710 039310 138490 120110 382800 290660 425420 로딩 완료
  - [110/200] 222080 003280 131290 160980 010820 033160 005440 017900 196450 000210 로딩 완료
  - [120/200] 264450 130660 073490 402490 012630 082270 092870 056080 950160 217730 로딩 완료
  - [130/200] 189300 020000 056090 024800 065440 189860 042520 272110 224060 376900 로딩 완료
  - [140/200] 00680K 010060 123750 355150 187870 298020 083650 234340 100590 095910 로딩 완료
  - [150/200] 007340 007810 089980 347770 082920 448900 058470 004440 052860 083640 로딩 완료
  - [160/200] 296640 204610 020400 098120 240810 489790 000720 011930 042700 002020 로딩 완료
  - [170/200] 023530 900290 065530 456040 003030 0093A0 127710 005940 355690 003240 로딩 완료
  - [180/200] 109070 044490 004060 010120 006200 037460 089970 380540 091580 178320 로딩 완료
  - [190/200] 104480 037350 272210 170920 078160 340440 086820 086520 457190 222420 로딩 완료
  - [200/200] 015260 005680 001720 398120 234690 046890 225430 000150 078070 039560 로딩 완료
[2026-03-28 12:09:29.740118] 상세 데이터 로딩 완료. (총 200개 캐싱됨)
 [1/200] 윌비스(008600): 이평선 역배열 (50>150>200 미충족) (제외) | 50일등락: 747.9%
 [2/200] 비엘팜텍(065170): 50일선 아래 (제외) | 50일등락: 557.23%
 [3/200] 헝셩그룹(900270): 패턴 미완성 (제외)
 [4/200] 우리기술(032820): 패턴 미완성 (제외)
 [5/200] 우리로(046970): 패턴 미완성 (제외)
 [6/200] 오늘이엔엠(192410): 이평선 역배열 (50>150>200 미충족) (제외) | 50일등락: 425.2%
 [7/200] 대우건설(047040): 패턴 미완성 (제외)
 [8/200] 페니트리움바이오(187660): 패턴 미완성 (제외)
 [9/200] 유투바이오(221800): 패턴 미완성 (제외)
 [10/200] 삼천당제약(000250): 패턴 미완성 (제외)
 [11/200] 레이저쎌(412350): 이평선 역배열 (50>150>200 미충족) (제외) | 50일등락: 325.26%
 -> [★발견★] 나무기술 (Market): 8회 수축, 마지막 14.8%, 점수 50 (RS 420.2), 피벗 7,240
 -> [★발견★] 에이치엠넥스 (Market): 7회 수축, 마지막 10.2%, 점수 40 (RS 720.8), 피벗 5,480
 [14/200] 대성하이텍(129920): 패턴 미완성 (제외)
 [15/200] 삼표시멘트(038500): 패턴 미완성 (제외)
 [16/200] 성호전자(043260): 패턴 미완성 (제외)
 [17/200] SK증권(001510): 패턴 미완성 (제외)
 [18/200] SGC에너지(005090): 패턴 미완성 (제외)
 -> [★발견★] 셀레믹스 (Market): 5회 수축, 마지막 10.5%, 점수 20 (RS 278.2), 피벗 5,140
 [20/200] 대한광통신(010170): 1차 조정폭 과다 (제외)
 -> [★발견★] 누리플렉스 (Market): 7회 수축, 마지막 4.6%, 점수 70 (RS 299.8), 피벗 10,500
 [22/200] THE E&M(089230): 패턴 미완성 (제외)
 [23/200] 오르비텍(046120): 패턴 미완성 (제외)
 [24/200] RF머트리얼즈(327260): 패턴 미완성 (제외)
 [25/200] 아주IB투자(027360): 패턴 미완성 (제외)
 -> [★발견★] 디케이티 (Market): 7회 수축, 마지막 13.6%, 점수 40 (RS 253.3), 피벗 21,800
 [27/200] 오이솔루션(138080): 패턴 미완성 (제외)
 [28/200] 스피어(347700): 패턴 미완성 (제외)
 -> [★발견★] KEC (Market): 9회 수축, 마지막 12.9%, 점수 20 (RS 238.0), 피벗 1,521
 [30/200] 현대바이오(048410): 패턴 미완성 (제외)
 [31/200] 아모센스(357580): 패턴 미완성 (제외)
 [32/200] 부광약품(003000): 패턴 미완성 (제외)
 [33/200] 삼양바이오팜(0120G0): 데이터 부족 (200일 미만) (제외) | 50일등락: 156.94%
 -> [★발견★] SK이터닉스 (Market): 7회 수축, 마지막 13.5%, 점수 20 (RS 261.4), 피벗 59,900
 [35/200] 코셈(360350): 이평선 역배열 (50>150>200 미충족) (제외) | 50일등락: 151.38%
 [36/200] APS(054620): 이평선 역배열 (50>150>200 미충족) (제외) | 50일등락: 147.25%
 [37/200] 파두(440110): 패턴 미완성 (제외)
 [38/200] 옵투스제약(131030): 패턴 미완성 (제외)
 [39/200] 해성옵틱스(076610): 패턴 미완성 (제외)
 [40/200] SK증권우(001515): 패턴 미완성 (제외)
 [41/200] 와이지-원(019210): 패턴 미완성 (제외)
 -> [★발견★] SV인베스트먼트 (Market): 6회 수축, 마지막 12.8%, 점수 20 (RS 265.6), 피벗 3,660
 [43/200] SKAI(357880): 이평선 역배열 (50>150>200 미충족) (제외) | 50일등락: 138.21%
 [44/200] 에프앤가이드(064850): 패턴 미완성 (제외)
 -> [★발견★] 미래에셋증권 (Market): 6회 수축, 마지막 14.1%, 점수 40 (RS 385.0), 피벗 71,091
 [46/200] 에치에프알(230240): 이평선 역배열 (50>150>200 미충족) (제외) | 50일등락: 132.16%
 -> [★발견★] 기가비스 (Market): 6회 수축, 마지막 11.1%, 점수 20 (RS 251.7), 피벗 78,700
 [48/200] 쏘닉스(088280): 이평선 역배열 (50>150>200 미충족) (제외) | 50일등락: 130.35%
 [49/200] ISC(095340): 패턴 미완성 (제외)
 -> [★발견★] HD현대에너지솔루션 (Market): 7회 수축, 마지막 9.6%, 점수 60 (RS 276.2), 피벗 136,300
 [51/200] 압타머사이언스(291650): 이평선 역배열 (50>150>200 미충족) (제외) | 50일등락: 125.4%
 [52/200] 에스티큐브(052020): 패턴 미완성 (제외)
 [53/200] 미래아이앤지(007120): 패턴 미완성 (제외)
 [54/200] 미래에셋벤처투자(100790): 패턴 미완성 (제외)
 [55/200] HLB이노베이션(024850): 패턴 미완성 (제외)
 [56/200] RFHIC(218410): 패턴 미완성 (제외)
 [57/200] 두산테스나(131970): 패턴 미완성 (제외)
 [58/200] 하이텍팜(106190): 패턴 미완성 (제외)
 [59/200] 제이에스링크(127120): 패턴 미완성 (제외)
 -> [★발견★] 더블유씨피 (Market): 7회 수축, 마지막 13.0%, 점수 20 (RS 186.6), 피벗 15,100
 -> [★발견★] 대주전자재료 (Market): 6회 수축, 마지막 10.8%, 점수 20 (RS 177.5), 피벗 118,800
 -> [★발견★] 주성엔지니어링 (Market): 5회 수축, 마지막 12.9%, 점수 20 (RS 227.4), 피벗 70,000
 [63/200] 네오티스(085910): 패턴 미완성 (제외)
 [64/200] 서울전자통신(027040): 이평선 역배열 (50>150>200 미충족) (제외) | 50일등락: 108.12%
 [65/200] 티움바이오(321550): 패턴 미완성 (제외)
 [66/200] 동아엘텍(088130): 패턴 미완성 (제외)
 [67/200] DSC인베스트먼트(241520): 패턴 미완성 (제외)
 [68/200] 케이엠더블유(032500): 패턴 미완성 (제외)
 [69/200] 선익시스템(171090): 패턴 미완성 (제외)
 [70/200] 한화갤러리아(452260): 패턴 미완성 (제외)
 -> [★발견★] 피에스케이 (Market): 9회 수축, 마지막 7.6%, 점수 60 (RS 315.3), 피벗 86,400
 -> [★발견★] 피에스케이홀딩스 (Market): 8회 수축, 마지막 10.5%, 점수 50 (RS 238.3), 피벗 111,400
 [73/200] 오킨스전자(080580): 패턴 미완성 (제외)
 [74/200] 뉴로메카(348340): 50일선 아래 (제외) | 50일등락: 98.8%
 -> [★발견★] 대덕전자 (Market): 9회 수축, 마지막 9.7%, 점수 40 (RS 328.4), 피벗 66,700
 [76/200] RF시스템즈(474610): 패턴 미완성 (제외)
 [77/200] 큐라클(365270): 패턴 미완성 (제외)
 [78/200] 빛과전자(069540): 이평선 역배열 (50>150>200 미충족) (제외) | 50일등락: 96.99%
 -> [★발견★] 미래에셋생명 (Market): 7회 수축, 마지막 14.7%, 점수 20 (RS 262.3), 피벗 18,280
 [80/200] 제닉(123330): 이평선 역배열 (50>150>200 미충족) (제외) | 50일등락: 94.74%
 -> [★발견★] 제이스텍 (Market): 5회 수축, 마지막 5.8%, 점수 60 (RS 222.1), 피벗 9,950
 [82/200] 쏠리드(050890): 패턴 미완성 (제외)
 [83/200] 다원넥스뷰(323350): 50일선 아래 (제외) | 50일등락: 93.16%
 [84/200] 라이콤(388790): 패턴 미완성 (제외)
 -> [★발견★] 삼화콘덴서 (Market): 6회 수축, 마지막 13.0%, 점수 40 (RS 188.0), 피벗 61,500
 -> [★발견★] 우리넷 (Market): 8회 수축, 마지막 14.0%, 점수 20 (RS 194.9), 피벗 7,340
 [87/200] 웨이비스(289930): 패턴 미완성 (제외)
 -> [★발견★] 기가레인 (Market): 7회 수축, 마지막 5.3%, 점수 40 (RS 206.7), 피벗 524
 [89/200] 덕산하이메탈(077360): 패턴 미완성 (제외)
 -> [★발견★] 엔에프씨 (Market): 11회 수축, 마지막 7.8%, 점수 70 (RS 203.6), 피벗 9,000
 [91/200] TBH글로벌(084870): 패턴 미완성 (제외)
 [92/200] 상상인증권(001290): 패턴 미완성 (제외)
 [93/200] 엠디바이스(226590): 1차 조정폭 과다 (제외)
 -> [★발견★] 에이디테크놀로지 (Market): 6회 수축, 마지막 4.9%, 점수 50 (RS 250.6), 피벗 48,800
 [95/200] 세중(039310): 이평선 역배열 (50>150>200 미충족) (제외) | 50일등락: 85.05%
 -> [★발견★] 코오롱ENP (Market): 8회 수축, 마지막 8.3%, 점수 40 (RS 206.9), 피벗 13,800
 -> [★발견★] 코오롱인더 (Market): 6회 수축, 마지막 11.3%, 점수 20 (RS 208.1), 피벗 75,000
 [98/200] 지앤비에스 에코(382800): 이평선 역배열 (50>150>200 미충족) (제외) | 50일등락: 82.94%
 [99/200] 네오펙트(290660): 이평선 역배열 (50>150>200 미충족) (제외) | 50일등락: 82.54%
 -> [★발견★] 티에프이 (Market): 8회 수축, 마지막 6.7%, 점수 40 (RS 234.4), 피벗 59,500
 [101/200] 씨아이에스(222080): 패턴 미완성 (제외)
 [102/200] 흥아해운(003280): 패턴 미완성 (제외)
 -> [★발견★] 티에스이 (Market): 7회 수축, 마지막 11.6%, 점수 40 (RS 228.9), 피벗 124,800
 -> [★발견★] 싸이맥스 (Market): 7회 수축, 마지막 13.2%, 점수 20 (RS 189.4), 피벗 23,050
 [105/200] 퍼스텍(010820): 패턴 미완성 (제외)
 -> [★발견★] 엠케이전자 (Market): 9회 수축, 마지막 13.7%, 점수 20 (RS 186.7), 피벗 18,070
 -> [★발견★] 현대지에프홀딩스 (Market): 5회 수축, 마지막 8.1%, 점수 70 (RS 187.5), 피벗 15,630
 [108/200] 광전자(017900): 이평선 역배열 (50>150>200 미충족) (제외) | 50일등락: 78.57%
 [109/200] 코아시아씨엠(196450): 패턴 미완성 (제외)
 [110/200] DL(000210): 이평선 역배열 (50>150>200 미충족) (제외) | 50일등락: 78.35%
 -> [★발견★] 유비쿼스 (Market): 7회 수축, 마지막 12.5%, 점수 20 (RS 192.9), 피벗 15,160
 -> [★발견★] 한전산업 (Market): 7회 수축, 마지막 13.4%, 점수 50 (RS 164.2), 피벗 22,100
 [113/200] 이노와이어리스(073490): 패턴 미완성 (제외)
 [114/200] 그린리소스(402490): 패턴 미완성 (제외)
 [115/200] HDC(012630): 이평선 역배열 (50>150>200 미충족) (제외) | 50일등락: 75.69%
 [116/200] 젬백스(082270): 200일선 아래 (제외) | 50일등락: 75.43%
 -> [★발견★] 엑시콘 (Market): 8회 수축, 마지막 11.5%, 점수 40 (RS 210.5), 피벗 31,850
 [118/200] 유진로봇(056080): 50일선 아래 (제외) | 50일등락: 74.32%
 [119/200] 코오롱티슈진(950160): 패턴 미완성 (제외)
 [120/200] 강스템바이오텍(217730): 패턴 미완성 (제외)
 [121/200] 인텔리안테크(189300): 패턴 미완성 (제외)
 [122/200] 한섬(020000): 패턴 미완성 (제외)
 [123/200] 시지메드텍(056090): 패턴 미완성 (제외)
 [124/200] 유성티엔에스(024800): 이평선 역배열 (50>150>200 미충족) (제외) | 50일등락: 73.09%
 [125/200] 이루온(065440): 이평선 역배열 (50>150>200 미충족) (제외) | 50일등락: 73.04%
 [126/200] 서전기전(189860): 이평선 역배열 (50>150>200 미충족) (제외) | 50일등락: 72.74%
 [127/200] 한스바이오메드(042520): 패턴 미완성 (제외)
 -> [★발견★] 케이엔제이 (Market): 7회 수축, 마지막 11.2%, 점수 40 (RS 177.2), 피벗 38,900
 [129/200] 더코디(224060): 패턴 미완성 (제외)
 -> [★발견★] 로킷헬스케어 (Market): 8회 수축, 마지막 7.7%, 점수 40 (RS 0), 피벗 130,400
 -> [★발견★] 미래에셋증권2우B (Market): 9회 수축, 마지막 10.7%, 점수 50 (RS 272.0), 피벗 21,900
 -> [★발견★] OCI홀딩스 (Market): 7회 수축, 마지막 12.5%, 점수 20 (RS 191.9), 피벗 203,000
 -> [★발견★] 알톤 (Market): 6회 수축, 마지막 6.4%, 점수 70 (RS 170.6), 피벗 2,405
 [134/200] 코스텍시스(355150): 패턴 미완성 (제외)
 [135/200] 디바이스(187870): 패턴 미완성 (제외)
 -> [★발견★] 효성티앤씨 (Market): 8회 수축, 마지막 7.0%, 점수 40 (RS 169.9), 피벗 394,500
 -> [★발견★] 비에이치아이 (Market): 7회 수축, 마지막 13.4%, 점수 50 (RS 248.1), 피벗 109,500
 [138/200] 헥토파이낸셜(234340): 50일선 아래 (제외) | 50일등락: 68.89%
 -> [★발견★] 머큐리 (Market): 11회 수축, 마지막 14.9%, 점수 20 (RS 164.7), 피벗 5,180
 [140/200] 에스에너지(095910): 이평선 역배열 (50>150>200 미충족) (제외) | 50일등락: 68.77%
 [141/200] DN오토모티브(007340): 패턴 미완성 (제외)
 [142/200] 코리아써키트(007810): 패턴 미완성 (제외)
 -> [★발견★] 상아프론테크 (Market): 7회 수축, 마지막 9.0%, 점수 40 (RS 146.9), 피벗 26,050
 [144/200] 핌스(347770): 이평선 역배열 (50>150>200 미충족) (제외) | 50일등락: 67.89%
 [145/200] 비츠로셀(082920): 패턴 미완성 (제외)
 [146/200] 한국피아이엠(448900): 패턴 미완성 (제외)
 [147/200] 리노공업(058470): 패턴 미완성 (제외)
 [148/200] 삼일씨엔에스(004440): 패턴 미완성 (제외)
 -> [★발견★] 아이앤씨 (Market): 9회 수축, 마지막 7.2%, 점수 60 (RS 203.2), 피벗 3,550
 [150/200] 인콘(083640): 이평선 역배열 (50>150>200 미충족) (제외) | 50일등락: 65.85%
 [151/200] 이노룰스(296640): 이평선 역배열 (50>150>200 미충족) (제외) | 50일등락: 65.84%
 [152/200] 티쓰리(204610): 이평선 역배열 (50>150>200 미충족) (제외) | 50일등락: 65.79%
 -> [★발견★] 대동금속 (Market): 7회 수축, 마지막 5.9%, 점수 40 (RS 154.3), 피벗 6,830
 [154/200] 마이크로컨텍솔(098120): 패턴 미완성 (제외)
 [155/200] 원익IPS(240810): 패턴 미완성 (제외)
 [156/200] 한화비전(489790): 패턴 미완성 (제외)
 -> [★발견★] 현대건설 (Market): 7회 수축, 마지막 11.9%, 점수 40 (RS 262.9), 피벗 170,100
 [158/200] 신성이엔지(011930): 패턴 미완성 (제외)
 [159/200] 한미반도체(042700): 패턴 미완성 (제외)
 [160/200] 코오롱(002020): 패턴 미완성 (제외)
 [161/200] 롯데쇼핑(023530): 패턴 미완성 (제외)
 [162/200] GRT(900290): 패턴 미완성 (제외)
 [163/200] 와이어블(065530): 이평선 역배열 (50>150>200 미충족) (제외) | 50일등락: 63.15%
 -> [★발견★] OCI (Market): 9회 수축, 마지막 4.1%, 점수 70 (RS 158.9), 피벗 97,800
 [165/200] 세아제강지주(003030): 이평선 역배열 (50>150>200 미충족) (제외) | 50일등락: 63.06%
 [166/200] RISE AI반도체TOP10(0093A0): 데이터 부족 (200일 미만) (제외) | 50일등락: 62.78%
 [167/200] 아시아경제(127710): 이평선 역배열 (50>150>200 미충족) (제외) | 50일등락: 62.74%
 -> [★발견★] NH투자증권 (Market): 7회 수축, 마지막 8.1%, 점수 60 (RS 179.2), 피벗 35,600
 [169/200] 에이텀(355690): 이평선 역배열 (50>150>200 미충족) (제외) | 50일등락: 62.67%
 [170/200] 태광산업(003240): 이평선 역배열 (50>150>200 미충족) (제외) | 50일등락: 62.57%
 [171/200] 주성코퍼레이션(109070): 이평선 역배열 (50>150>200 미충족) (제외) | 50일등락: 62.44%
 [172/200] 태웅(044490): 이평선 역배열 (50>150>200 미충족) (제외) | 50일등락: 61.9%
 [173/200] SG세계물산(004060): 패턴 미완성 (제외)
 -> [★발견★] LS ELECTRIC (Market): 8회 수축, 마지막 9.6%, 점수 60 (RS 254.4), 피벗 886,000
 [175/200] 한국전자홀딩스(006200): 이평선 역배열 (50>150>200 미충족) (제외) | 50일등락: 61.14%
 -> [★발견★] 삼지전자 (Market): 7회 수축, 마지막 7.3%, 점수 40 (RS 212.6), 피벗 23,850
 -> [★발견★] 브이엠 (Market): 8회 수축, 마지막 9.3%, 점수 60 (RS 270.3), 피벗 48,800
 [178/200] 옵티코어(380540): 패턴 미완성 (제외)
 [179/200] 상신이디피(091580): 패턴 미완성 (제외)
 [180/200] 서진시스템(178320): 패턴 미완성 (제외)
 [181/200] 티케이케미칼(104480): 이평선 역배열 (50>150>200 미충족) (제외) | 50일등락: 60.12%
 [182/200] 성도이엔지(037350): 패턴 미완성 (제외)
 [183/200] 한화시스템(272210): 패턴 미완성 (제외)
 [184/200] 엘티씨(170920): 패턴 미완성 (제외)
 [185/200] 메디포스트(078160): 패턴 미완성 (제외)
 [186/200] 세림B&G(340440): 이평선 역배열 (50>150>200 미충족) (제외) | 50일등락: 59.15%
 [187/200] 바이오솔루션(086820): 이평선 역배열 (50>150>200 미충족) (제외) | 50일등락: 58.94%
 [188/200] 에코프로(086520): 패턴 미완성 (제외)
 [189/200] 이수스페셜티케미컬(457190): 50일선 아래 (제외) | 50일등락: 58.39%
 [190/200] 쎄노텍(222420): 50일선 아래 (제외) | 50일등락: 57.78%
 [191/200] 에이엔피(015260): 패턴 미완성 (제외)
 [192/200] 삼영전자(005680): 이평선 역배열 (50>150>200 미충족) (제외) | 50일등락: 57.58%
 -> [★발견★] 신영증권 (Market): 9회 수축, 마지막 6.6%, 점수 70 (RS 173.0), 피벗 213,500
 [194/200] 에스지헬스케어(398120): 이평선 역배열 (50>150>200 미충족) (제외) | 50일등락: 57.39%
 [195/200] 녹십자웰빙(234690): 이평선 역배열 (50>150>200 미충족) (제외) | 50일등락: 56.9%
 [196/200] 서울반도체(046890): 패턴 미완성 (제외)
 [197/200] 케이엠제약(225430): 이평선 역배열 (50>150>200 미충족) (제외) | 50일등락: 56.26%
 [198/200] 두산(000150): 패턴 미완성 (제외)
 [199/200] 유비쿼스홀딩스(078070): 패턴 미완성 (제외)
 -> [★발견★] 다산네트웍스 (Market): 10회 수축, 마지막 7.0%, 점수 40 (RS 161.6), 피벗 4,525

============================================================
 VCP 스캔 요약: 발견 53, 추세제외 51, 패턴제외 96, 에러 0
============================================================
[완료] 53개 PB 업로드 완료.
[2026-03-28 12:09:31.872219] 06_collect_stock_data.py 실행 중...
[2026-03-28 12:13:50.543484] 04_collect_news.py 실행 중...
[2026-03-28 12:15:38.829548] 05_analyze_news.py 실행 중...
[2026-03-28 12:17:54.994525] 03_visualize_vcp.py 실행 중...
