[2026-02-27 13:22:07.061308] VCP 통합 스캔 시작 (Target Date: 20260227)
[2026-02-27 13:22:07.061308] 대상 종목 선별 작업 시작...
기준 기간: 20251219 ~ 20260227 (약 50일)

[KOSPI] 데이터 수집 중...
[KOSPI] 상위 100개 선정 완료.
            종목명     등락률
티커                     
012200     계양전기  367.16
006800   미래에셋증권  233.94
001510     SK증권  224.53
45226K  한화갤러리아우  185.15
042700    한미반도체  172.34

[KOSDAQ] 데이터 수집 중...
[KOSDAQ] 상위 100개 선정 완료.
          종목명     등락률
티커                   
065170   비엘팜텍  675.68
187660  현대ADM  560.25
221800  유투바이오  497.33
032820   우리기술  367.31
242040   나무기술  316.67

총 200개 선정 종목에 대해 VCP 스캔 진행 중...
 -> [발견] 미래에셋증권 (KOSPI): 5진동, 마지막 5.6%, 점수 60 (Jump 80), 피벗 28,700 (-61.2%)
 -> [발견] 한화갤러리아우 (KOSPI): 9진동, 마지막 9.7%, 점수 70 (Jump 50), 피벗 11,070 (+10.7%)
 -> [발견] 한미반도체 (KOSPI): 5진동, 마지막 11.3%, 점수 20 (Jump 10), 피벗 211,000 (-33.2%)
 -> [발견] 대우건설 (KOSPI): 5진동, 마지막 5.0%, 점수 50 (Jump 60), 피벗 3,835 (-61.3%)
 -> [발견] 현대건설 (KOSPI): 6진동, 마지막 9.5%, 점수 40 (Jump 30), 피벗 109,200 (-32.4%)
 -> [발견] 한화시스템 (KOSPI): 8진동, 마지막 5.1%, 점수 70 (Jump 80), 피벗 116,500 (+2.5%)
 -> [발견] 미래에셋증권우 (KOSPI): 11진동, 마지막 14.4%, 점수 40 (Jump 50), 피벗 27,800 (+7.8%)
 -> [발견] 한전산업 (KOSPI): 5진동, 마지막 12.2%, 점수 20 (Jump 10), 피벗 14,750 (-39.2%)
 -> [발견] 미래에셋증권2우B (KOSPI): 8진동, 마지막 9.3%, 점수 40 (Jump 10), 피벗 22,700 (-0.9%)
 -> [발견] 한화갤러리아 (KOSPI): 9진동, 마지막 7.4%, 점수 40 (Jump 30), 피벗 2,235 (-30.3%)
 -> [발견] 현대오토에버 (KOSPI): 7진동, 마지막 5.2%, 점수 40 (Jump 60), 피벗 456,000 (-14.0%)
 -> [발견] 한전기술 (KOSPI): 4진동, 마지막 4.4%, 점수 90 (Jump 80), 피벗 151,700 (-12.9%)
 -> [발견] 현대지에프홀딩스 (KOSPI): 4진동, 마지막 9.6%, 점수 60 (Jump 30), 피벗 8,750 (-45.8%)
 -> [발견] 자화전자 (KOSPI): 7진동, 마지막 8.9%, 점수 60 (Jump 50), 피벗 44,250 (+6.8%)
 -> [발견] 대원전선 (KOSPI): 10진동, 마지막 7.0%, 점수 40 (Jump 30), 피벗 3,830 (-44.2%)
 -> [발견] 퍼스텍 (KOSPI): 9진동, 마지막 5.6%, 점수 40 (Jump 60), 피벗 4,840 (-29.0%)
 -> [발견] 디아이 (KOSPI): 8진동, 마지막 6.7%, 점수 70 (Jump 50), 피벗 37,200 (+2.9%)
 -> [발견] 효성티앤씨 (KOSPI): 7진동, 마지막 8.8%, 점수 40 (Jump 30), 피벗 414,500 (-4.3%)
 -> [발견] 화신 (KOSPI): 4진동, 마지막 9.1%, 점수 60 (Jump 30), 피벗 9,780 (-37.6%)
 -> [발견] 삼성전기 (KOSPI): 5진동, 마지막 6.8%, 점수 40 (Jump 30), 피벗 292,000 (-35.8%)
 -> [발견] 한국항공우주 (KOSPI): 7진동, 마지막 7.5%, 점수 60 (Jump 30), 피벗 171,200 (-11.9%)
 -> [발견] 한화 (KOSPI): 7진동, 마지막 7.9%, 점수 40 (Jump 30), 피벗 122,900 (-11.5%)
 -> [발견] 삼성전자우 (KOSPI): 3진동, 마지막 6.8%, 점수 60 (Jump 30), 피벗 120,600 (-16.9%)
 -> [발견] LSELECTRIC (KOSPI): 8진동, 마지막 7.1%, 점수 40 (Jump 10), 피벗 539,000 (-32.0%)
 -> [발견] 키움증권 (KOSPI): 7진동, 마지막 7.6%, 점수 40 (Jump 30), 피벗 495,500 (+4.5%)
 -> [발견] 일진전기 (KOSPI): 4진동, 마지막 6.5%, 점수 60 (Jump 30), 피벗 63,500 (-28.6%)
 -> [발견] 두산 (KOSPI): 5진동, 마지막 12.5%, 점수 20 (Jump 30), 피벗 946,000 (-26.4%)
 -> [발견] 대신증권 (KOSPI): 6진동, 마지막 8.1%, 점수 40 (Jump 10), 피벗 49,000 (+8.8%)
 -> [발견] 삼성SDI (KOSPI): 5진동, 마지막 10.2%, 점수 20 (Jump 30), 피벗 396,500 (-13.3%)
 -> [발견] 한신기계 (KOSPI): 10진동, 마지막 10.7%, 점수 20 (Jump 30), 피벗 5,470 (+12.0%)
 -> [발견] 광동제약 (KOSPI): 5진동, 마지막 2.7%, 점수 50 (Jump 80), 피벗 5,850 (-40.1%)
 -> [발견] 동부건설 (KOSPI): 5진동, 마지막 4.9%, 점수 50 (Jump 60), 피벗 5,520 (-40.1%)
 -> [발견] 화승코퍼레이션 (KOSPI): 6진동, 마지막 4.8%, 점수 50 (Jump 40), 피벗 2,710 (-24.1%)
 -> [발견] 신영증권 (KOSPI): 8진동, 마지막 7.3%, 점수 40 (Jump 30), 피벗 192,000 (-15.0%)
 -> [발견] KCC (KOSPI): 7진동, 마지막 3.8%, 점수 50 (Jump 60), 피벗 446,500 (-31.9%)
 -> [발견] HD현대에너지솔루션 (KOSPI): 8진동, 마지막 10.7%, 점수 20 (Jump 30), 피벗 89,600 (-7.9%)
 -> [발견] 삼성SDI우 (KOSPI): 6진동, 마지막 5.9%, 점수 40 (Jump 60), 피벗 212,000 (-21.3%)
 -> [발견] 에이플러스에셋 (KOSPI): 6진동, 마지막 4.5%, 점수 70 (Jump 80), 피벗 11,000 (-23.5%)
 -> [발견] HD현대 (KOSPI): 5진동, 마지막 14.1%, 점수 20 (Jump 30), 피벗 259,500 (-12.0%)
 -> [발견] 한화3우B (KOSPI): 8진동, 마지막 10.2%, 점수 20 (Jump 30), 피벗 50,200 (-9.4%)
 -> [발견] 팜스코 (KOSPI): 9진동, 마지막 7.2%, 점수 70 (Jump 50), 피벗 4,115 (+7.7%)
 -> [발견] 카카오페이 (KOSPI): 8진동, 마지막 10.1%, 점수 20 (Jump 30), 피벗 68,600 (+2.7%)
 -> [발견] 삼성생명 (KOSPI): 7진동, 마지막 4.4%, 점수 50 (Jump 60), 피벗 165,400 (-29.0%)
 -> [발견] 현대ADM (KOSDAQ): 6진동, 마지막 11.2%, 점수 20 (Jump 30), 피벗 3,380 (-80.5%)
 -> [발견] 유투바이오 (KOSDAQ): 6진동, 마지막 10.2%, 점수 20 (Jump 30), 피벗 4,990 (-81.4%)
 -> [발견] 우리기술 (KOSDAQ): 4진동, 마지막 10.1%, 점수 40 (Jump 30), 피벗 4,045 (-76.3%)
 -> [발견] 나무기술 (KOSDAQ): 8진동, 마지막 8.1%, 점수 40 (Jump 10), 피벗 3,930 (-31.2%)
 -> [발견] 스피어 (KOSDAQ): 7진동, 마지막 7.3%, 점수 60 (Jump 50), 피벗 45,650 (+7.0%)
 -> [발견] 에이치엠넥스 (KOSDAQ): 7진동, 마지막 9.9%, 점수 40 (Jump 30), 피벗 1,798 (-29.8%)
 -> [발견] DXVX (KOSDAQ): 9진동, 마지막 9.5%, 점수 70 (Jump 30), 피벗 5,110 (+10.5%)
 -> [발견] 큐라클 (KOSDAQ): 9진동, 마지막 5.2%, 점수 40 (Jump 60), 피벗 12,780 (-30.7%)
 -> [발견] 휴림로봇 (KOSDAQ): 8진동, 마지막 4.6%, 점수 80 (Jump 80), 피벗 14,670 (+1.6%)
 -> [발견] DSC인베스트먼트 (KOSDAQ): 7진동, 마지막 9.5%, 점수 40 (Jump 30), 피벗 7,920 (-56.2%)
 -> [발견] 선익시스템 (KOSDAQ): 6진동, 마지막 8.9%, 점수 40 (Jump 30), 피벗 131,000 (+0.1%)
 -> [발견] 기가비스 (KOSDAQ): 4진동, 마지막 11.8%, 점수 40 (Jump 30), 피벗 65,100 (-9.7%)
 -> [발견] 에프앤가이드 (KOSDAQ): 7진동, 마지막 3.9%, 점수 50 (Jump 60), 피벗 9,050 (-56.7%)
 -> [발견] 보성파워텍 (KOSDAQ): 9진동, 마지막 11.2%, 점수 20 (Jump 10), 피벗 12,680 (+12.6%)
 -> [발견] 제이에스링크 (KOSDAQ): 8진동, 마지막 7.7%, 점수 60 (Jump 50), 피벗 31,050 (-20.2%)
 -> [발견] 엑시콘 (KOSDAQ): 7진동, 마지막 5.6%, 점수 40 (Jump 60), 피벗 28,350 (-10.6%)
 -> [발견] 피에스케이홀딩스 (KOSDAQ): 7진동, 마지막 12.7%, 점수 20 (Jump 30), 피벗 90,600 (+3.8%)
 -> [발견] 씨아이에스 (KOSDAQ): 6진동, 마지막 5.6%, 점수 40 (Jump 60), 피벗 6,990 (-51.5%)
 -> [발견] 주성엔지니어링 (KOSDAQ): 5진동, 마지막 11.6%, 점수 20 (Jump 30), 피벗 34,950 (-37.1%)
 -> [발견] RF머트리얼즈 (KOSDAQ): 6진동, 마지막 11.5%, 점수 40 (Jump 50), 피벗 25,550 (-38.7%)
 -> [발견] 덕산하이메탈 (KOSDAQ): 10진동, 마지막 12.4%, 점수 20 (Jump 10), 피벗 11,900 (+1.8%)
 -> [발견] 레인보우로보틱스 (KOSDAQ): 7진동, 마지막 13.4%, 점수 40 (Jump 30), 피벗 760,000 (-13.6%)
 -> [발견] 삼보모터스 (KOSDAQ): 8진동, 마지막 13.7%, 점수 40 (Jump 50), 피벗 8,300 (+3.8%)
 -> [발견] 풍원정밀 (KOSDAQ): 8진동, 마지막 5.6%, 점수 40 (Jump 60), 피벗 14,600 (-21.2%)
 -> [발견] 피에스케이 (KOSDAQ): 7진동, 마지막 12.7%, 점수 20 (Jump 10), 피벗 61,500 (-3.5%)
 -> [발견] SFA반도체 (KOSDAQ): 8진동, 마지막 12.1%, 점수 20 (Jump 10), 피벗 7,840 (-0.1%)
 -> [발견] 네오셈 (KOSDAQ): 7진동, 마지막 14.6%, 점수 20 (Jump 10), 피벗 18,770 (+5.6%)
 -> [발견] 펨트론 (KOSDAQ): 8진동, 마지막 9.0%, 점수 40 (Jump 30), 피벗 18,950 (-36.4%)
 -> [발견] 코데즈컴바인 (KOSDAQ): 8진동, 마지막 6.8%, 점수 40 (Jump 30), 피벗 3,080 (-43.2%)
 -> [발견] 테스 (KOSDAQ): 7진동, 마지막 11.1%, 점수 20 (Jump 30), 피벗 72,200 (-0.7%)
 -> [발견] 에코프로 (KOSDAQ): 5진동, 마지막 14.4%, 점수 20 (Jump 30), 피벗 175,800 (-4.4%)
 -> [발견] RFHIC (KOSDAQ): 8진동, 마지막 10.1%, 점수 40 (Jump 30), 피벗 63,200 (+10.1%)
 -> [발견] 유진테크 (KOSDAQ): 6진동, 마지막 13.1%, 점수 20 (Jump 30), 피벗 111,000 (-17.3%)
 -> [발견] 와토스코리아 (KOSDAQ): 8진동, 마지막 6.0%, 점수 40 (Jump 30), 피벗 7,000 (-36.6%)
 -> [발견] NHN벅스 (KOSDAQ): 9진동, 마지막 13.8%, 점수 50 (Jump 50), 피벗 6,290 (+11.3%)
 -> [발견] 비나텍 (KOSDAQ): 7진동, 마지막 5.5%, 점수 40 (Jump 60), 피벗 118,300 (-5.6%)

[완료] 79개 VCP 후보 종목 추출 완료.
결과 파일: E:\Downloads\Antigravity Project\ClosingSHIN\Scripts\results\vcp_report_20260227.csv

[2026-02-27 13:22:54.560056] 후속 데이터 수집 스크립트 자동 실행 (Target: 79개)
Command: E:\Downloads\Antigravity Project\ClosingSHIN\venv\Scripts\pythonw.exe E:\Downloads\Antigravity Project\ClosingSHIN\Scripts\06_collect_stock_data.py --date 20260227 --parent
[2026-02-27 13:27:19.560856] 후속 데이터 수집 및 병합 완료.

[2026-02-27 13:27:19.560856] 뉴스 데이터 수집 스크립트 실행...
Target Date (Anchor): 2026-02-27 23:59:59+09:00
Reading target list from E:\Downloads\Antigravity Project\ClosingSHIN\Scripts\results\vcp_report_20260227.csv...
Output will be saved to E:\Downloads\Antigravity Project\ClosingSHIN\Scripts\results\news_report_20260227.csv
Fetching news for 한전기술 (052690) [Rank 1, Max 3]...
  -> Found 19 valid articles. Selected top 3.
Fetching news for 휴림로봇 (090710) [Rank 2, Max 3]...
  -> Found 16 valid articles. Selected top 3.
Fetching news for 디아이 (003160) [Rank 3, Max 3]...
  -> Found 18 valid articles. Selected top 3.
Fetching news for 팜스코 (036580) [Rank 4, Max 3]...
  -> Found 7 valid articles. Selected top 3.
Fetching news for 한화갤러리아우 (45226K) [Rank 5, Max 3]...
  -> Found 8 valid articles. Selected top 3.
Fetching news for 에이플러스에셋 (244920) [Rank 6, Max 3]...
  -> Found 4 valid articles. Selected top 3.
Fetching news for 한화시스템 (272210) [Rank 7, Max 3]...
  -> Found 16 valid articles. Selected top 3.
Fetching news for DXVX (180400) [Rank 8, Max 3]...
  -> Found 11 valid articles. Selected top 3.
Fetching news for 미래에셋증권 (006800) [Rank 9, Max 3]...
  -> Found 17 valid articles. Selected top 3.
Fetching news for 스피어 (347700) [Rank 10, Max 3]...
  -> Found 17 valid articles. Selected top 3.
Fetching news for 일진전기 (103590) [Rank 11, Max 1]...
  -> Found 16 valid articles. Selected top 1.
Fetching news for 삼성전자우 (005935) [Rank 12, Max 1]...
  -> Found 18 valid articles. Selected top 1.
Fetching news for 한국항공우주 (047810) [Rank 13, Max 1]...
  -> Found 15 valid articles. Selected top 1.
Fetching news for 화신 (010690) [Rank 14, Max 1]...
  -> Found 17 valid articles. Selected top 1.
Fetching news for 제이에스링크 (127120) [Rank 15, Max 1]...
  -> Found 19 valid articles. Selected top 1.
Fetching news for 자화전자 (033240) [Rank 16, Max 1]...
  -> Found 14 valid articles. Selected top 1.
Fetching news for 현대지에프홀딩스 (005440) [Rank 17, Max 1]...
  -> Found 12 valid articles. Selected top 1.
Fetching news for 동부건설 (005960) [Rank 18, Max 1]...
  -> Found 18 valid articles. Selected top 1.
Fetching news for NHN벅스 (104200) [Rank 19, Max 1]...
  -> Found 2 valid articles. Selected top 1.
Fetching news for 대우건설 (047040) [Rank 20, Max 1]...
  -> Found 13 valid articles. Selected top 1.
Fetching news for 삼성생명 (032830) [Rank 21, Max 1]...
  -> Found 12 valid articles. Selected top 1.
Fetching news for 에프앤가이드 (064850) [Rank 22, Max 1]...
  -> Found 18 valid articles. Selected top 1.
Fetching news for KCC (002380) [Rank 23, Max 1]...
  -> Found 19 valid articles. Selected top 1.
Fetching news for 화승코퍼레이션 (013520) [Rank 24, Max 1]...
  -> Found 17 valid articles. Selected top 1.
Fetching news for 광동제약 (009290) [Rank 25, Max 1]...
  -> Found 17 valid articles. Selected top 1.
Fetching news for RF머트리얼즈 (327260) [Rank 26, Max 1]...
  -> Found 10 valid articles. Selected top 1.
Fetching news for 나무기술 (242040) [Rank 27, Max 1]...
  -> Found 20 valid articles. Selected top 1.
Fetching news for 와토스코리아 (079000) [Rank 28, Max 1]...
  -> Found 13 valid articles. Selected top 1.
Fetching news for RFHIC (218410) [Rank 29, Max 1]...
  -> Found 15 valid articles. Selected top 1.
Fetching news for 에이치엠넥스 (036170) [Rank 30, Max 1]...
  -> Found 20 valid articles. Selected top 1.
Skipping news collection for 코데즈컴바인 (Rank 31 > 30)
Skipping news collection for 펨트론 (Rank 32 > 30)
Skipping news collection for 큐라클 (Rank 33 > 30)
Skipping news collection for 레인보우로보틱스 (Rank 34 > 30)
Skipping news collection for DSC인베스트먼트 (Rank 35 > 30)
Skipping news collection for 선익시스템 (Rank 36 > 30)
Skipping news collection for 풍원정밀 (Rank 37 > 30)
Skipping news collection for 기가비스 (Rank 38 > 30)
Skipping news collection for 삼보모터스 (Rank 39 > 30)
Skipping news collection for 엑시콘 (Rank 40 > 30)
Skipping news collection for 씨아이에스 (Rank 41 > 30)
Skipping news collection for 우리기술 (Rank 42 > 30)
Skipping news collection for 비나텍 (Rank 43 > 30)
Skipping news collection for LSELECTRIC (Rank 44 > 30)
Skipping news collection for 키움증권 (Rank 45 > 30)
Skipping news collection for 현대오토에버 (Rank 46 > 30)
Skipping news collection for 대원전선 (Rank 47 > 30)
Skipping news collection for 퍼스텍 (Rank 48 > 30)
Skipping news collection for 효성티앤씨 (Rank 49 > 30)
Skipping news collection for 미래에셋증권2우B (Rank 50 > 30)
Skipping news collection for 삼성전기 (Rank 51 > 30)
Skipping news collection for 한화 (Rank 52 > 30)
Skipping news collection for 한화갤러리아 (Rank 53 > 30)
Skipping news collection for 대신증권 (Rank 54 > 30)
Skipping news collection for 미래에셋증권우 (Rank 55 > 30)
Skipping news collection for 신영증권 (Rank 56 > 30)
Skipping news collection for 삼성SDI우 (Rank 57 > 30)
Skipping news collection for 현대건설 (Rank 58 > 30)
Skipping news collection for 테스 (Rank 59 > 30)
Skipping news collection for 피에스케이 (Rank 60 > 30)
Skipping news collection for 한전산업 (Rank 61 > 30)
Skipping news collection for 에코프로 (Rank 62 > 30)
Skipping news collection for 유진테크 (Rank 63 > 30)
Skipping news collection for 네오셈 (Rank 64 > 30)
Skipping news collection for SFA반도체 (Rank 65 > 30)
Skipping news collection for 한미반도체 (Rank 66 > 30)
Skipping news collection for 현대ADM (Rank 67 > 30)
Skipping news collection for 주성엔지니어링 (Rank 68 > 30)
Skipping news collection for 덕산하이메탈 (Rank 69 > 30)
Skipping news collection for 유투바이오 (Rank 70 > 30)
Skipping news collection for 피에스케이홀딩스 (Rank 71 > 30)
Skipping news collection for 보성파워텍 (Rank 72 > 30)
Skipping news collection for 두산 (Rank 73 > 30)
Skipping news collection for 삼성SDI (Rank 74 > 30)
Skipping news collection for 한신기계 (Rank 75 > 30)
Skipping news collection for HD현대에너지솔루션 (Rank 76 > 30)
Skipping news collection for HD현대 (Rank 77 > 30)
Skipping news collection for 카카오페이 (Rank 78 > 30)
Skipping news collection for 한화3우B (Rank 79 > 30)
Saving 50 news items to E:\Downloads\Antigravity Project\ClosingSHIN\Scripts\results\news_report_20260227.csv...
Done.


[2026-02-27 13:27:27.439630] AI 뉴스 분석 스크립트 실행...
Reading news from E:\Downloads\Antigravity Project\ClosingSHIN\Scripts\results\news_report_20260227.csv...
Output will be saved to E:\Downloads\Antigravity Project\ClosingSHIN\Scripts\results\news_analysis_20260227.csv
Analyzing 50 articles...
[1/50] Analyzing 한전기술 - 코스피 6000 시대…오늘은 반도체, 바이오, 원전이 ...
[2/50] Analyzing 한전기술 - 한·동남아 정상회담서 원전 협력 논의…두산에너빌리티 신...
[3/50] Analyzing 한전기술 - 한전기술 주가, 2월 27일 장중 175,200원 3....
[4/50] Analyzing 휴림로봇 - 로봇 관련주 일제히 약세…레인보우로보틱스·두산로보틱스·...
[5/50] Analyzing 휴림로봇 - 휴림로봇 주가, 2월 27일 장중 14,270원 5.1...
[6/50] Analyzing 휴림로봇 - 휴림로봇, 전날 하락 이어 5% 낙폭…1만5000원선 ...
[7/50] Analyzing 디아이 - 반도체ETF에 연일 뭉칫돈 … 삼전·하이닉스 시총 2천...
[8/50] Analyzing 디아이 - 삼성전자·SK하이닉스 약세... 반도체 장비주는 개별 ...
[9/50] Analyzing 디아이 - HBM(고대역폭메모리) 관련주, '어깨춤 으쓱으쓱' 에...
[10/50] Analyzing 팜스코 - 대주산업, 인천·서천 HACCP 풀가동… 사료부터 펫푸...
[11/50] Analyzing 팜스코 - [2026 소비자 선정 최고의 브랜드 대상] 하이포크...
[12/50] Analyzing 팜스코 - 농기계조합, 스마트농업 진출·KIEMSTA 총력...
[13/50] Analyzing 한화갤러리아우 - [특징주] 카카오, '6만 카카오' 탈환… 외인·기관 ...
[14/50] Analyzing 한화갤러리아우 - [주식마감] 현대차 강세에 계양전기 상한가... 참엔지...
[15/50] Analyzing 한화갤러리아우 - [이격도과열 종목] 경남제약·엠에스오토텍· 얼라인드 떡...
[16/50] Analyzing 에이플러스에셋 - [52주] 최고가 81개, 최저가 28개... 코스피 ...
[17/50] Analyzing 에이플러스에셋 - 더존비즈온 ,공개매수 돌입…올해 첫 성공 사례될까...
[18/50] Analyzing 에이플러스에셋 - [주간 보험 이슈] 보험사에도 행동주의 펀드 목소리…얼...
[19/50] Analyzing 한화시스템 - [투데이's 특징주] UAE와 350억달러 협력 소식에...
[20/50] Analyzing 한화시스템 - 한화시스템 주가, 2월 27일 장중 114,400원 3...
[21/50] Analyzing 한화시스템 - 코스피, 코스닥 동반 하락…엔비디아 급락...
[22/50] Analyzing DXVX - 임종윤의 지분 매각… DXVX 재무 안정화 위한 노력...
[23/50] Analyzing DXVX - 국전약품, 반도체 소재 전용 라인 풀가동… HBM 공급...
[24/50] Analyzing DXVX - '4자 연합' 균열 조짐' 한미약품, 신동국 이사회로 ...
[25/50] Analyzing 미래에셋증권 - “외인 4조 매도? 하락은 곧 기회”…상위 1%, 하닉...
[26/50] Analyzing 미래에셋증권 - 외국인 2월 마지막 거래일 코스피 5.6조 순매도…'월...
[27/50] Analyzing 미래에셋증권 - 스마일게이트 ‘1000억 손배소’ 4월 선고...
[28/50] Analyzing 스피어 - 서울보증보험 등 43개사 주식 내달 의무 보유 해제...
[29/50] Analyzing 스피어 - 인천공항공사, AX 시대 '정보보안' 역량 강화 위한 ...
[30/50] Analyzing 스피어 - 2월중 43개사 주식 2억7669만주 '의무보유 해제'...
[31/50] Analyzing 일진전기 - [특징주 & 리포트] 'LS일렉 등 전력기기주 강세' ...
[32/50] Analyzing 삼성전자우 - "수익률 96% 대박"…삼성전자 안 팔고 버틴 개미들 ...
[33/50] Analyzing 한국항공우주 - [투데이's 특징주] UAE와 350억달러 협력 소식에...
[34/50] Analyzing 화신 - 청년 인재 키우고 해외 취업 돕는 산업인력공단 [진짜 ...
[35/50] Analyzing 제이에스링크 - 카카오 42억 베팅…SKT도 집중 매수...
[36/50] Analyzing 자화전자 - 옵티코어·코셋 급등... 통신장비 하락장 속 광통신株 ...
[37/50] Analyzing 현대지에프홀딩스 - '자사주 소각' 3차 상법 개정안 통과…유통기업들, 행...
[38/50] Analyzing 동부건설 - 가덕도신공항 부지공사, 대우건설 컨소 수의계약 공기 1...
[39/50] Analyzing NHN벅스 - K-영상의 마법사 M83, 설립 6년 만에 글로벌 'V...
[40/50] Analyzing 대우건설 - "글로벌 건설 인재 육성" 대우건설, 10년 만에 신입...
[41/50] Analyzing 삼성생명 - 이재용 회장 주식재산 사상 첫 40조 돌파…10조 넘는...
[42/50] Analyzing 에프앤가이드 - '국내주식 자동매도' 중단한 국민연금 … 삼전닉스 평가...
[43/50] Analyzing KCC - 경쟁사 지분 사들이자 … 요동치는 주가...
[44/50] Analyzing 화승코퍼레이션 - 코데즈컴바인, MZ세대 저격 트렌디 의류로 부활… "가...
[45/50] Analyzing 광동제약 - 광동제약, 판권 보유 노안치료제 FDA 승인 '上'.....
[46/50] Analyzing RF머트리얼즈 - "총알 뚫을 곳 없다"… 삼양컴텍, 전차·항공기 방탄재...
[47/50] Analyzing 나무기술 - 국립수목원-신안군, '신안 자생식물 세밀화 도감' 공동...
[48/50] Analyzing 와토스코리아 - 삼목에스폼, 수입 대체 효과 톡톡… 'K-거푸집' 기술...
[49/50] Analyzing RFHIC - “목표주가 37만→49만 원”…SK 순매수 1위 [주식...
[50/50] Analyzing 에이치엠넥스 - 반도체 장비 관련주, '봄꽃만개' HPSP·한미반도체·...
Saving 50 analyzed items to E:\Downloads\Antigravity Project\ClosingSHIN\Scripts\results\news_analysis_20260227.csv...
Done.


[2026-02-27 13:29:47.399690] VCP 차트 생성 스크립트 실행...
Exception in thread Thread-5 (_readerthread):
Traceback (most recent call last):
  File "C:\Users\JUN\AppData\Local\Programs\Python\Python311\Lib\threading.py", line 1045, in _bootstrap_inner
    self.run()
  File "C:\Users\JUN\AppData\Local\Programs\Python\Python311\Lib\threading.py", line 982, in run
    self._target(*self._args, **self._kwargs)
  File "C:\Users\JUN\AppData\Local\Programs\Python\Python311\Lib\subprocess.py", line 1599, in _readerthread
    buffer.append(fh.read())
                  ^^^^^^^^^
  File "<frozen codecs>", line 322, in decode
UnicodeDecodeError: 'utf-8' codec can't decode byte 0xc2 in position 33: invalid continuation byte
None
[2026-02-27 13:32:36.693021] 모든 분석 및 데이터 생성 완료.
