[2026-03-04 12:23:56.214971] VCP 통합 스캔 시작 (Target Date: 20260303)
[2026-03-04 12:23:56.215970] 대상 종목 선별 작업 시작...
기준 기간: 20251223 ~ 20260303 (약 50일)

[KOSPI] 종목 목록 수집 중...
[KOSPI] 840개 종목 목록 확보
  [KOSPI] 50/840 종목 처리 완료...
  [KOSPI] 100/840 종목 처리 완료...
  [KOSPI] 150/840 종목 처리 완료...
  [KOSPI] 200/840 종목 처리 완료...
  [KOSPI] 250/840 종목 처리 완료...
  [KOSPI] 300/840 종목 처리 완료...
  [KOSPI] 350/840 종목 처리 완료...
  [KOSPI] 400/840 종목 처리 완료...
  [KOSPI] 450/840 종목 처리 완료...
  [KOSPI] 500/840 종목 처리 완료...
  [KOSPI] 550/840 종목 처리 완료...
  [KOSPI] 600/840 종목 처리 완료...
  [KOSPI] 650/840 종목 처리 완료...
  [KOSPI] 700/840 종목 처리 완료...
  [KOSPI] 750/840 종목 처리 완료...
  [KOSPI] 800/840 종목 처리 완료...
  [KOSPI] 840/840 종목 처리 완료...
[KOSPI] 상위 100개 선정 완료.
        종목명     등락률
766  미래에셋증권  178.66
656    SK증권  178.29
96    한화시스템  149.49
395    대우건설  135.76
339   한미반도체  122.05

[KOSDAQ] 종목 목록 수집 중...
[KOSDAQ] 1816개 종목 목록 확보
  [KOSDAQ] 50/1816 종목 처리 완료...
  [KOSDAQ] 100/1816 종목 처리 완료...
  [KOSDAQ] 150/1816 종목 처리 완료...
  [KOSDAQ] 200/1816 종목 처리 완료...
  [KOSDAQ] 250/1816 종목 처리 완료...
  [KOSDAQ] 300/1816 종목 처리 완료...
  [KOSDAQ] 350/1816 종목 처리 완료...
  [KOSDAQ] 400/1816 종목 처리 완료...
  [KOSDAQ] 450/1816 종목 처리 완료...
  [KOSDAQ] 500/1816 종목 처리 완료...
  [KOSDAQ] 550/1816 종목 처리 완료...
  [KOSDAQ] 600/1816 종목 처리 완료...
  [KOSDAQ] 650/1816 종목 처리 완료...
  [KOSDAQ] 700/1816 종목 처리 완료...
  [KOSDAQ] 750/1816 종목 처리 완료...
  [KOSDAQ] 800/1816 종목 처리 완료...
  [KOSDAQ] 850/1816 종목 처리 완료...
  [KOSDAQ] 900/1816 종목 처리 완료...
  [KOSDAQ] 950/1816 종목 처리 완료...
  [KOSDAQ] 1000/1816 종목 처리 완료...
  [KOSDAQ] 1050/1816 종목 처리 완료...
  [KOSDAQ] 1100/1816 종목 처리 완료...
  [KOSDAQ] 1150/1816 종목 처리 완료...
  [KOSDAQ] 1200/1816 종목 처리 완료...
  [KOSDAQ] 1250/1816 종목 처리 완료...
  [KOSDAQ] 1300/1816 종목 처리 완료...
  [KOSDAQ] 1350/1816 종목 처리 완료...
  [KOSDAQ] 1400/1816 종목 처리 완료...
  [KOSDAQ] 1450/1816 종목 처리 완료...
  [KOSDAQ] 1500/1816 종목 처리 완료...
  [KOSDAQ] 1550/1816 종목 처리 완료...
  [KOSDAQ] 1600/1816 종목 처리 완료...
  [KOSDAQ] 1650/1816 종목 처리 완료...
  [KOSDAQ] 1700/1816 종목 처리 완료...
  [KOSDAQ] 1750/1816 종목 처리 완료...
  [KOSDAQ] 1800/1816 종목 처리 완료...
  [KOSDAQ] 1816/1816 종목 처리 완료...
[KOSDAQ] 상위 100개 선정 완료.
        종목명     등락률
461   현대ADM  499.60
1417   비엘팜텍  475.18
265   유투바이오  427.33
1604   우리기술  354.33
554    젠큐릭스  291.33

총 200개 선정 종목에 대해 VCP 스캔 진행 중...
 -> [발견] 미래에셋증권 (KOSPI): 5진동, 마지막 5.6%, 점수 40 (Jump 60), 피벗 28,700 (-56.9%)
 -> [발견] 한화시스템 (KOSPI): 8진동, 마지막 5.1%, 점수 40 (Jump 60), 피벗 116,500 (-20.6%)
 -> [발견] 대우건설 (KOSPI): 5진동, 마지막 5.0%, 점수 50 (Jump 60), 피벗 3,835 (-56.9%)
 -> [발견] 한미반도체 (KOSPI): 5진동, 마지막 11.3%, 점수 20 (Jump 10), 피벗 211,000 (-25.2%)
 -> [발견] 현대건설 (KOSPI): 6진동, 마지막 9.5%, 점수 40 (Jump 30), 피벗 109,200 (-27.4%)
 -> [발견] 퍼스텍 (KOSPI): 9진동, 마지막 5.6%, 점수 40 (Jump 60), 피벗 4,840 (-39.4%)
 -> [발견] 한화갤러리아 (KOSPI): 9진동, 마지막 7.4%, 점수 40 (Jump 30), 피벗 2,235 (-20.7%)
 -> [발견] 자화전자 (KOSPI): 7진동, 마지막 8.9%, 점수 60 (Jump 50), 피벗 44,250 (+6.4%)
 -> [발견] 현대지에프홀딩스 (KOSPI): 4진동, 마지막 9.6%, 점수 60 (Jump 30), 피벗 8,750 (-42.0%)
 -> [발견] 한전기술 (KOSPI): 4진동, 마지막 4.4%, 점수 90 (Jump 80), 피벗 151,700 (-5.0%)
 -> [발견] 한국항공우주 (KOSPI): 7진동, 마지막 7.5%, 점수 40 (Jump 10), 피벗 171,200 (-13.4%)
 -> [발견] S-Oil (KOSPI): 6진동, 마지막 8.3%, 점수 40 (Jump 10), 피벗 120,000 (-15.1%)
 -> [발견] 한화 (KOSPI): 7진동, 마지막 7.9%, 점수 40 (Jump 30), 피벗 122,900 (-11.3%)
 -> [발견] HD현대에너지솔루션 (KOSPI): 8진동, 마지막 10.7%, 점수 20 (Jump 30), 피벗 89,600 (-10.6%)
 -> [발견] 효성티앤씨 (KOSPI): 7진동, 마지막 8.8%, 점수 40 (Jump 30), 피벗 414,500 (+6.8%)
 -> [발견] 삼성전기 (KOSPI): 5진동, 마지막 6.8%, 점수 40 (Jump 30), 피벗 292,000 (-28.6%)
 -> [발견] 화신 (KOSPI): 4진동, 마지막 9.1%, 점수 60 (Jump 30), 피벗 9,780 (-27.4%)
 -> [발견] 한화에어로스페이스 (KOSPI): 9진동, 마지막 3.9%, 점수 50 (Jump 60), 피벗 1,242,000 (-13.3%)
 -> [발견] 팬오션 (KOSPI): 7진동, 마지막 5.1%, 점수 40 (Jump 60), 피벗 5,530 (-10.8%)
 -> [발견] 대원전선 (KOSPI): 10진동, 마지막 7.0%, 점수 40 (Jump 30), 피벗 3,830 (-35.4%)
 -> [발견] 엘에스일렉트릭 (KOSPI): 8진동, 마지막 7.1%, 점수 40 (Jump 10), 피벗 539,000 (-24.5%)
 -> [발견] 동부건설 (KOSPI): 5진동, 마지막 4.9%, 점수 50 (Jump 60), 피벗 5,520 (-37.8%)
 -> [발견] 일진전기 (KOSPI): 4진동, 마지막 6.5%, 점수 60 (Jump 30), 피벗 63,500 (-23.7%)
 -> [발견] 현대오토에버 (KOSPI): 7진동, 마지막 5.2%, 점수 40 (Jump 60), 피벗 456,000 (+2.0%)
 -> [발견] HD건설기계 (KOSPI): 10진동, 마지막 3.0%, 점수 70 (Jump 80), 피벗 145,000 (+3.0%)
 -> [발견] HD현대 (KOSPI): 5진동, 마지막 14.1%, 점수 20 (Jump 30), 피벗 259,500 (-10.8%)
 -> [발견] 디아이 (KOSPI): 8진동, 마지막 12.5%, 점수 40 (Jump 50), 피벗 37,200 (+14.3%)
 -> [발견] 팜스코 (KOSPI): 9진동, 마지막 10.0%, 점수 60 (Jump 30), 피벗 4,115 (+11.1%)
 -> [발견] 코오롱ENP (KOSPI): 7진동, 마지막 3.1%, 점수 50 (Jump 60), 피벗 11,850 (-6.2%)
 -> [발견] 두산 (KOSPI): 5진동, 마지막 12.5%, 점수 20 (Jump 30), 피벗 946,000 (-17.9%)
 -> [발견] SK텔레콤 (KOSPI): 9진동, 마지막 9.6%, 점수 40 (Jump 30), 피벗 86,500 (+10.6%)
 -> [발견] 삼성SDI (KOSPI): 5진동, 마지막 10.2%, 점수 20 (Jump 30), 피벗 396,500 (-2.8%)
 -> [발견] 코오롱인더 (KOSPI): 5진동, 마지막 10.8%, 점수 20 (Jump 30), 피벗 47,700 (-29.2%)
 -> [발견] 신세계 (KOSPI): 5진동, 마지막 6.6%, 점수 40 (Jump 30), 피벗 376,500 (+4.7%)
 -> [발견] 화승코퍼레이션 (KOSPI): 6진동, 마지막 4.8%, 점수 50 (Jump 40), 피벗 2,710 (-14.9%)
 -> [발견] 삼성E&A (KOSPI): 8진동, 마지막 4.2%, 점수 50 (Jump 40), 피벗 32,150 (-8.5%)
 -> [발견] 한올바이오파마 (KOSPI): 8진동, 마지막 12.5%, 점수 20 (Jump 10), 피벗 52,000 (-13.0%)
 -> [발견] 케이씨씨 (KOSPI): 7진동, 마지막 3.8%, 점수 50 (Jump 60), 피벗 446,500 (-23.4%)
 -> [발견] 에이플러스에셋 (KOSPI): 6진동, 마지막 4.5%, 점수 50 (Jump 60), 피벗 11,000 (-18.5%)
 -> [발견] 현대ADM (KOSDAQ): 6진동, 마지막 11.2%, 점수 20 (Jump 30), 피벗 3,380 (-77.6%)
 -> [발견] 유투바이오 (KOSDAQ): 6진동, 마지막 10.2%, 점수 20 (Jump 30), 피벗 4,990 (-78.4%)
 -> [발견] 우리기술 (KOSDAQ): 4진동, 마지막 10.1%, 점수 40 (Jump 30), 피벗 4,045 (-76.3%)
 -> [발견] 스피어 (KOSDAQ): 7진동, 마지막 7.3%, 점수 60 (Jump 50), 피벗 45,650 (+6.3%)
 -> [발견] 에이치엠넥스 (KOSDAQ): 7진동, 마지막 9.9%, 점수 40 (Jump 30), 피벗 1,798 (-34.5%)
 -> [발견] 나무기술 (KOSDAQ): 8진동, 마지막 8.1%, 점수 40 (Jump 10), 피벗 3,930 (-9.3%)
 -> [발견] 큐라클 (KOSDAQ): 9진동, 마지막 5.2%, 점수 40 (Jump 60), 피벗 12,780 (-28.0%)
 -> [발견] DSC인베스트먼트 (KOSDAQ): 7진동, 마지막 9.5%, 점수 40 (Jump 30), 피벗 7,920 (-53.5%)
 -> [발견] 기가비스 (KOSDAQ): 4진동, 마지막 11.8%, 점수 40 (Jump 30), 피벗 65,100 (-10.8%)
 -> [발견] 선익시스템 (KOSDAQ): 6진동, 마지막 8.9%, 점수 40 (Jump 30), 피벗 131,000 (+8.2%)
 -> [발견] 에프앤가이드 (KOSDAQ): 7진동, 마지막 3.9%, 점수 50 (Jump 60), 피벗 9,050 (-52.8%)
 -> [발견] 제이에스링크 (KOSDAQ): 8진동, 마지막 7.7%, 점수 60 (Jump 50), 피벗 31,050 (-16.9%)
 -> [발견] 대한광통신 (KOSDAQ): 8진동, 마지막 14.0%, 점수 20 (Jump 30), 피벗 4,760 (+4.2%)
 -> [발견] 주성엔지니어링 (KOSDAQ): 5진동, 마지막 11.6%, 점수 20 (Jump 30), 피벗 34,950 (-40.8%)
 -> [발견] 휴림로봇 (KOSDAQ): 8진동, 마지막 11.4%, 점수 50 (Jump 50), 피벗 14,670 (+12.8%)
 -> [발견] RF머트리얼즈 (KOSDAQ): 6진동, 마지막 11.5%, 점수 20 (Jump 30), 피벗 25,550 (-50.4%)
 -> [발견] 엑시콘 (KOSDAQ): 7진동, 마지막 5.6%, 점수 40 (Jump 60), 피벗 28,350 (-2.2%)
 -> [발견] 에스앤에스텍 (KOSDAQ): 6진동, 마지막 6.4%, 점수 40 (Jump 30), 피벗 93,700 (-1.8%)
 -> [발견] 씨아이에스 (KOSDAQ): 6진동, 마지막 5.6%, 점수 40 (Jump 60), 피벗 6,990 (-49.4%)
 -> [발견] 흥구석유 (KOSDAQ): 7진동, 마지막 14.6%, 점수 20 (Jump 30), 피벗 15,390 (-32.6%)
 -> [발견] 성도이엔지 (KOSDAQ): 7진동, 마지막 7.0%, 점수 40 (Jump 30), 피벗 7,420 (-39.4%)
 -> [발견] 피에스케이홀딩스 (KOSDAQ): 7진동, 마지막 12.7%, 점수 20 (Jump 30), 피벗 90,600 (+2.6%)
 -> [발견] 비나텍 (KOSDAQ): 7진동, 마지막 5.5%, 점수 40 (Jump 60), 피벗 118,300 (-6.8%)
 -> [발견] RFHIC (KOSDAQ): 8진동, 마지막 10.1%, 점수 20 (Jump 10), 피벗 63,200 (-0.9%)
 -> [발견] 알파칩스 (KOSDAQ): 8진동, 마지막 9.4%, 점수 40 (Jump 30), 피벗 17,610 (+10.4%)
 -> [발견] 덕산하이메탈 (KOSDAQ): 10진동, 마지막 12.4%, 점수 20 (Jump 10), 피벗 11,900 (+6.0%)
 -> [발견] 코아시아씨엠 (KOSDAQ): 7진동, 마지막 10.5%, 점수 40 (Jump 50), 피벗 1,056 (-24.9%)
 -> [발견] 모헨즈 (KOSDAQ): 9진동, 마지막 4.2%, 점수 50 (Jump 60), 피벗 3,475 (-42.2%)
 -> [발견] GRT (KOSDAQ): 8진동, 마지막 10.5%, 점수 20 (Jump 30), 피벗 3,895 (-30.4%)
 -> [발견] 삼보모터스 (KOSDAQ): 9진동, 마지막 13.7%, 점수 50 (Jump 50), 피벗 8,350 (+15.8%)
 -> [발견] 코데즈컴바인 (KOSDAQ): 8진동, 마지막 6.8%, 점수 40 (Jump 30), 피벗 3,080 (-37.3%)
 -> [발견] 이지홀딩스 (KOSDAQ): 8진동, 마지막 3.3%, 점수 50 (Jump 60), 피벗 5,480 (-32.1%)
 -> [발견] 피엠티 (KOSDAQ): 7진동, 마지막 12.4%, 점수 40 (Jump 30), 피벗 4,670 (+6.1%)
 -> [발견] 디케이티 (KOSDAQ): 6진동, 마지막 5.4%, 점수 40 (Jump 60), 피벗 7,080 (-41.7%)
 -> [발견] 피에스케이 (KOSDAQ): 7진동, 마지막 12.7%, 점수 20 (Jump 10), 피벗 61,500 (+0.3%)
 -> [발견] 유진테크 (KOSDAQ): 6진동, 마지막 13.1%, 점수 20 (Jump 30), 피벗 111,000 (-14.4%)
 -> [발견] 테스 (KOSDAQ): 7진동, 마지막 11.1%, 점수 20 (Jump 30), 피벗 72,200 (+2.7%)
 -> [발견] 에코프로 (KOSDAQ): 5진동, 마지막 14.4%, 점수 20 (Jump 30), 피벗 175,800 (+7.2%)
 -> [발견] 풍원정밀 (KOSDAQ): 7진동, 마지막 5.6%, 점수 40 (Jump 60), 피벗 14,600 (-8.1%)
 -> [발견] 서진시스템 (KOSDAQ): 5진동, 마지막 11.0%, 점수 20 (Jump 30), 피벗 39,950 (-6.7%)
 -> [발견] 레인보우로보틱스 (KOSDAQ): 7진동, 마지막 13.4%, 점수 20 (Jump 10), 피벗 760,000 (-9.5%)
 -> [발견] 와토스코리아 (KOSDAQ): 8진동, 마지막 6.0%, 점수 40 (Jump 30), 피벗 7,000 (-33.2%)

[완료] 81개 VCP 후보 종목 추출 완료.
결과 파일: E:\Downloads\Antigravity Project\ClosingSHIN\Scripts\results\vcp_report_20260303.csv

[2026-03-04 12:27:58.259579] 후속 데이터 수집 스크립트 자동 실행 (Target: 81개)
Command: E:\Downloads\Antigravity Project\ClosingSHIN\venv\Scripts\pythonw.exe E:\Downloads\Antigravity Project\ClosingSHIN\Scripts\06_collect_stock_data.py --date 20260303 --parent
[2026-03-04 12:33:36.099990] 후속 데이터 수집 및 병합 완료.

[2026-03-04 12:33:36.099990] 뉴스 데이터 수집 스크립트 실행...
Target Date (Anchor): 2026-03-03 23:59:59+09:00
Reading target list from E:\Downloads\Antigravity Project\ClosingSHIN\Scripts\results\vcp_report_20260303.csv...
Output will be saved to E:\Downloads\Antigravity Project\ClosingSHIN\Scripts\results\news_report_20260303.csv
Fetching news for 한전기술 (052690) [Rank 1, Max 3]...
  -> Found 6 valid articles. Selected top 3.
Fetching news for HD건설기계 (267270) [Rank 2, Max 3]...
  -> Found 0 valid articles. Selected top 0.
Fetching news for 스피어 (347700) [Rank 3, Max 3]...
  -> Found 6 valid articles. Selected top 3.
Fetching news for 현대지에프홀딩스 (005440) [Rank 4, Max 3]...
  -> Found 16 valid articles. Selected top 3.
Fetching news for 제이에스링크 (127120) [Rank 5, Max 3]...
  -> Found 14 valid articles. Selected top 3.
Fetching news for 일진전기 (103590) [Rank 6, Max 3]...
  -> Found 13 valid articles. Selected top 3.
Fetching news for 화신 (010690) [Rank 7, Max 3]...
  -> Found 13 valid articles. Selected top 3.
Fetching news for 팜스코 (036580) [Rank 8, Max 3]...
  -> Found 9 valid articles. Selected top 3.
Fetching news for 자화전자 (033240) [Rank 9, Max 3]...
  -> Found 9 valid articles. Selected top 3.
Fetching news for 한화에어로스페이스 (012450) [Rank 10, Max 3]...
  -> Found 0 valid articles. Selected top 0.
Fetching news for 대우건설 (047040) [Rank 11, Max 1]...
  -> Found 0 valid articles. Selected top 0.
Fetching news for 휴림로봇 (090710) [Rank 12, Max 1]...
  -> Found 18 valid articles. Selected top 1.
Fetching news for 에프앤가이드 (064850) [Rank 13, Max 1]...
  -> Found 12 valid articles. Selected top 1.
Fetching news for 에이플러스에셋 (244920) [Rank 14, Max 1]...
  -> Found 2 valid articles. Selected top 1.
Fetching news for 동부건설 (005960) [Rank 15, Max 1]...
  -> Found 14 valid articles. Selected top 1.
Fetching news for 이지홀딩스 (035810) [Rank 16, Max 1]...
  -> Found 12 valid articles. Selected top 1.
Fetching news for 화승코퍼레이션 (013520) [Rank 17, Max 1]...
  -> Found 18 valid articles. Selected top 1.
Fetching news for 케이씨씨 (002380) [Rank 18, Max 1]...
  -> Found 2 valid articles. Selected top 1.
Fetching news for 코오롱ENP (138490) [Rank 19, Max 1]...
  -> Found 11 valid articles. Selected top 1.
Fetching news for 삼성E&A (028050) [Rank 20, Max 1]...
  -> Found 6 valid articles. Selected top 1.
Fetching news for 모헨즈 (006920) [Rank 21, Max 1]...
  -> Found 18 valid articles. Selected top 1.
Fetching news for 삼보모터스 (053700) [Rank 22, Max 1]...
  -> Found 17 valid articles. Selected top 1.
Fetching news for 큐라클 (365270) [Rank 23, Max 1]...
  -> Found 12 valid articles. Selected top 1.
Fetching news for 기가비스 (420770) [Rank 24, Max 1]...
  -> Found 8 valid articles. Selected top 1.
Fetching news for 선익시스템 (171090) [Rank 25, Max 1]...
  -> Found 7 valid articles. Selected top 1.
Fetching news for 에이치엠넥스 (036170) [Rank 26, Max 1]...
  -> Found 12 valid articles. Selected top 1.
Fetching news for 나무기술 (242040) [Rank 27, Max 1]...
  -> Found 0 valid articles. Selected top 0.
Fetching news for DSC인베스트먼트 (241520) [Rank 28, Max 1]...
  -> Found 17 valid articles. Selected top 1.
Fetching news for 미래에셋증권 (006800) [Rank 29, Max 1]...
  -> Found 0 valid articles. Selected top 0.
Fetching news for 엑시콘 (092870) [Rank 30, Max 1]...
  -> Found 6 valid articles. Selected top 1.
Skipping news collection for 우리기술 (Rank 31 > 30)
Skipping news collection for 씨아이에스 (Rank 32 > 30)
Skipping news collection for 성도이엔지 (Rank 33 > 30)
Skipping news collection for 비나텍 (Rank 34 > 30)
Skipping news collection for 알파칩스 (Rank 35 > 30)
Skipping news collection for 코아시아씨엠 (Rank 36 > 30)
Skipping news collection for 코데즈컴바인 (Rank 37 > 30)
Skipping news collection for 피엠티 (Rank 38 > 30)
Skipping news collection for 디케이티 (Rank 39 > 30)
Skipping news collection for 풍원정밀 (Rank 40 > 30)
Skipping news collection for 에스앤에스텍 (Rank 41 > 30)
Skipping news collection for 와토스코리아 (Rank 42 > 30)
Skipping news collection for 한화시스템 (Rank 43 > 30)
Skipping news collection for 현대오토에버 (Rank 44 > 30)
Skipping news collection for 현대건설 (Rank 45 > 30)
Skipping news collection for 퍼스텍 (Rank 46 > 30)
Skipping news collection for 한화갤러리아 (Rank 47 > 30)
Skipping news collection for 한국항공우주 (Rank 48 > 30)
Skipping news collection for S-Oil (Rank 49 > 30)
Skipping news collection for 한화 (Rank 50 > 30)
Skipping news collection for 효성티앤씨 (Rank 51 > 30)
Skipping news collection for 팬오션 (Rank 52 > 30)
Skipping news collection for 대원전선 (Rank 53 > 30)
Skipping news collection for 엘에스일렉트릭 (Rank 54 > 30)
Skipping news collection for 삼성전기 (Rank 55 > 30)
Skipping news collection for SK텔레콤 (Rank 56 > 30)
Skipping news collection for 디아이 (Rank 57 > 30)
Skipping news collection for 신세계 (Rank 58 > 30)
Skipping news collection for 삼성SDI (Rank 59 > 30)
Skipping news collection for 레인보우로보틱스 (Rank 60 > 30)
Skipping news collection for 서진시스템 (Rank 61 > 30)
Skipping news collection for 한미반도체 (Rank 62 > 30)
Skipping news collection for 에코프로 (Rank 63 > 30)
Skipping news collection for 테스 (Rank 64 > 30)
Skipping news collection for 유진테크 (Rank 65 > 30)
Skipping news collection for 피에스케이 (Rank 66 > 30)
Skipping news collection for 한올바이오파마 (Rank 67 > 30)
Skipping news collection for 코오롱인더 (Rank 68 > 30)
Skipping news collection for RF머트리얼즈 (Rank 69 > 30)
Skipping news collection for HD현대 (Rank 70 > 30)
Skipping news collection for GRT (Rank 71 > 30)
Skipping news collection for 두산 (Rank 72 > 30)
Skipping news collection for HD현대에너지솔루션 (Rank 73 > 30)
Skipping news collection for 덕산하이메탈 (Rank 74 > 30)
Skipping news collection for RFHIC (Rank 75 > 30)
Skipping news collection for 현대ADM (Rank 76 > 30)
Skipping news collection for 피에스케이홀딩스 (Rank 77 > 30)
Skipping news collection for 대한광통신 (Rank 78 > 30)
Skipping news collection for 흥구석유 (Rank 79 > 30)
Skipping news collection for 주성엔지니어링 (Rank 80 > 30)
Skipping news collection for 유투바이오 (Rank 81 > 30)
Saving 41 news items to E:\Downloads\Antigravity Project\ClosingSHIN\Scripts\results\news_report_20260303.csv...
Done.


[2026-03-04 12:33:43.688269] AI 뉴스 분석 스크립트 실행...
Reading news from E:\Downloads\Antigravity Project\ClosingSHIN\Scripts\results\news_report_20260303.csv...
Output will be saved to E:\Downloads\Antigravity Project\ClosingSHIN\Scripts\results\news_analysis_20260303.csv
Analyzing 41 articles...
[1/41] Analyzing 한전기술 - 나주 강소연구개발특구 올해 '2단계 특화발전' 본격 착...
[2/41] Analyzing 한전기술 - [동정] 한전기술 김태균 사장, 한국프로젝트경영협회장 ...
[3/41] Analyzing 한전기술 - 반도체·증권·원전주 숨 고르기⋯“이란發 조정장, 비중 ...
[4/41] Analyzing 스피어 - [기업공시] 현대차, 한울소재과학, 우리기술 , AP위...
[5/41] Analyzing 스피어 - 지스타 조기 신청 접수 개시...
[6/41] Analyzing 스피어 - "CES혁신상은 낙타가 바늘구멍 통과하기?"... 혁신...
[7/41] Analyzing 현대지에프홀딩스 - 주주 가치 제고에 유통가 오너 배당금 ‘쑥’…‘배당킹’...
[8/41] Analyzing 현대지에프홀딩스 - '자사주 소각' 3차 상법 개정안 통과…유통기업들, 행...
[9/41] Analyzing 현대지에프홀딩스 - [단독] 현대백화점그룹 지배구조 개편안에 금감원 '정정...
[10/41] Analyzing 제이에스링크 - 오늘의 증시 일정(3월 4일)...
[11/41] Analyzing 제이에스링크 - 코로나19·진단·치료제·백신개발 관련주, '맑음' 국전...
[12/41] Analyzing 제이에스링크 - 거래소, KEC 등 3종목 투자경고종목 지정...
[13/41] Analyzing 일진전기 - 작년 ‘과징금 기준’ 공정거래법 위반 많이 한 기업은?...
[14/41] Analyzing 일진전기 - [이넷뉴스 브랜드평판] 두산에너빌리티, 전력설비 상장기...
[15/41] Analyzing 일진전기 - 홍성군, 유망기업 3곳 유치··· 총 207억...
[16/41] Analyzing 화신 - 김준수, 붉은 광기로 객석 홀렸다…'칼로막베스'가 그린...
[17/41] Analyzing 화신 - [임영호의 책으로의 여행] 조조 "난세를 경영한 현실주...
[18/41] Analyzing 화신 - 그윽한 기운과 정취를 담은 풍경[그림 에세이]...
[19/41] Analyzing 팜스코 - 팜스코 하이포크, 축산식품 부문 대상 수상...
[20/41] Analyzing 팜스코 - 댕냥이 건강도 우리가 책임… 미래생명자원, 펫푸드 시장...
[21/41] Analyzing 팜스코 - 팜스코 ‘하이포크’ 이목집중...15년 연속 소비자선정...
[22/41] Analyzing 자화전자 - 로봇으로 여는 제조 AX 시대…경북·구미, 국가첨단전략...
[23/41] Analyzing 자화전자 - 구미시, 제조업 역량 기반 'K-로봇 특화단지' 도전장...
[24/41] Analyzing 자화전자 - 구미, 로봇 국가첨단전략산업 특화단지 도전…포항과 메가...
[25/41] Analyzing 휴림로봇 - [주식마감기사] 미국-이란 전쟁에 '전쟁주' 상한가.....
[26/41] Analyzing 에프앤가이드 - "목표가 비해 너무 싸다"…파마리서치·코웨이 관심...
[27/41] Analyzing 에이플러스에셋 - 주가 부진한 기업엔 '맹공'…이사회 교체·상폐 요구도...
[28/41] Analyzing 동부건설 - 코스닥 랠리 올라타고 싶다면...여의도서 강추하는 ‘이...
[29/41] Analyzing 이지홀딩스 - 배당기준일 3~4월로 ‘봄 이동’…벚꽃 배당株에 돈 몰...
[30/41] Analyzing 화승코퍼레이션 - 제60회 납세자의 날 모범납세자 포상명단...
[31/41] Analyzing 케이씨씨 - 올해 '고액 납세의 탑' 5곳…역대 수상 기업은?...
[32/41] Analyzing 코오롱ENP - 수소에너지·수소차·연료전지 관련주, '웃음꽃' 현대로템...
[33/41] Analyzing 삼성E&A - 불똥 튄 중동 진출 기업…100조 프로젝트 '초비상'...
[34/41] Analyzing 모헨즈 - [상한가 종목] LIG넥스원-대한해운 이어 흥구석유-빅...
[35/41] Analyzing 삼보모터스 - 수소에너지·수소차·연료전지 관련주, '웃음꽃' 현대로템...
[36/41] Analyzing 큐라클 - [이격도과열 종목] 중동 리스크에 불붙은 테마주...극...
[37/41] Analyzing 기가비스 - 기가비스, 중화권 반도체 기판 기업과 100억 공급계약...
[38/41] Analyzing 선익시스템 - KB운용 'RISE 코리아전략산업액티브' ETF, 순자...
[39/41] Analyzing 에이치엠넥스 - [이격도과열 종목] 중동 리스크에 불붙은 테마주...극...
[40/41] Analyzing DSC인베스트먼트 - "회수 적기는 언제"…DSC인베, 퓨리오사AI 엑시트 ...
[41/41] Analyzing 엑시콘 - 증평 AI 센터가 전초기지… 신성이엔지, 바이오·데이터...
Saving 41 analyzed items to E:\Downloads\Antigravity Project\ClosingSHIN\Scripts\results\news_analysis_20260303.csv...
Done.


[2026-03-04 12:35:37.071093] VCP 차트 생성 스크립트 실행...
Exception in thread Thread-5 (_readerthread):
Traceback (most recent call last):
  File "C:\Users\JUN\AppData\Local\Programs\Python\Python311\Lib\threading.py", line 1045, in _bootstrap_inner
    self.run()
  File "C:\Users\JUN\AppData\Local\Programs\Python\Python311\Lib\threading.py", line 982, in run
    self._target(*self._args, **self._kwargs)
  File "C:\Users\JUN\AppData\Local\Programs\Python\Python311\Lib\subprocess.py", line 1599, in _readerthread
    buffer.append(fh.read())
                  ^^^^^^^^^
  File "<frozen codecs>", line 322, in decode
UnicodeDecodeError: 'utf-8' codec can't decode byte 0xc2 in position 33: invalid continuation byte
None
[2026-03-04 12:38:24.608209] 모든 분석 및 데이터 생성 완료.
