[2026-02-19 20:29:47.619750] VCP 통합 스캔 시작 (Target Date: 20260219)
[2026-02-19 20:29:47.619750] 대상 종목 선별 작업 시작...
기준 기간: 20251211 ~ 20260219 (약 50일)

[KOSPI] 데이터 수집 중...
[KOSPI] 상위 100개 선정 완료.
            종목명     등락률
티커                     
45226K  한화갤러리아우  387.29
012200     계양전기  354.26
006800   미래에셋증권  229.44
006805  미래에셋증권우  160.06
452260   한화갤러리아  143.90

[KOSDAQ] 데이터 수집 중...
[KOSDAQ] 상위 100개 선정 완료.
          종목명       등락률
티커                     
052670  제일바이오  20500.96
065170   비엘팜텍    757.63
347700    스피어    444.44
038500  삼표시멘트    341.38
290740    액트로    271.06

총 200개 선정 종목에 대해 VCP 스캔 진행 중...
 -> [발견] 한화갤러리아우 (KOSPI): 9진동, 마지막 9.7%, 점수 80 (Jump 50), 피벗 11,070 (+9.0%)
 -> [발견] 미래에셋증권 (KOSPI): 6진동, 마지막 5.6%, 점수 50 (Jump 60), 피벗 28,700 (-59.3%)
 -> [발견] 한화갤러리아 (KOSPI): 9진동, 마지막 7.4%, 점수 50 (Jump 30), 피벗 2,235 (-14.0%)
 -> [발견] 대우건설 (KOSPI): 5진동, 마지막 5.0%, 점수 60 (Jump 60), 피벗 3,835 (-51.6%)
 -> [발견] 효성티앤씨 (KOSPI): 7진동, 마지막 8.1%, 점수 50 (Jump 30), 피벗 414,500 (+3.5%)
 -> [발견] 현대지에프홀딩스 (KOSPI): 5진동, 마지막 9.6%, 점수 50 (Jump 30), 피벗 8,750 (-39.7%)
 -> [발견] 현대건설 (KOSPI): 6진동, 마지막 9.5%, 점수 70 (Jump 50), 피벗 109,200 (-12.2%)
 -> [발견] 현대차증권 (KOSPI): 8진동, 마지막 4.6%, 점수 60 (Jump 40), 피벗 9,670 (-29.9%)
 -> [발견] 신영증권 (KOSPI): 9진동, 마지막 7.3%, 점수 50 (Jump 30), 피벗 192,000 (-20.2%)
 -> [발견] 디아이 (KOSPI): 8진동, 마지막 6.7%, 점수 50 (Jump 30), 피벗 37,200 (+1.8%)
 -> [발견] 한화생명 (KOSPI): 7진동, 마지막 5.8%, 점수 50 (Jump 60), 피벗 3,385 (-33.4%)
 -> [발견] DB증권 (KOSPI): 7진동, 마지막 5.8%, 점수 50 (Jump 60), 피벗 13,600 (-22.5%)
 -> [발견] 한미반도체 (KOSPI): 5진동, 마지막 11.3%, 점수 30 (Jump 10), 피벗 211,000 (+4.7%)
 -> [발견] 삼성전자우 (KOSPI): 3진동, 마지막 6.8%, 점수 60 (Jump 30), 피벗 120,600 (-9.7%)
 -> [발견] 팜스코 (KOSPI): 8진동, 마지막 8.4%, 점수 50 (Jump 10), 피벗 3,965 (-3.6%)
 -> [발견] 한국항공우주 (KOSPI): 7진동, 마지막 7.5%, 점수 50 (Jump 10), 피벗 171,200 (-2.4%)
 -> [발견] 한전기술 (KOSPI): 4진동, 마지막 4.4%, 점수 90 (Jump 80), 피벗 151,700 (+0.1%)
 -> [발견] 에이플러스에셋 (KOSPI): 6진동, 마지막 4.5%, 점수 60 (Jump 60), 피벗 11,000 (-21.4%)
 -> [발견] 다올투자증권 (KOSPI): 8진동, 마지막 5.9%, 점수 50 (Jump 60), 피벗 4,140 (-22.9%)
 -> [발견] 한농화성 (KOSPI): 5진동, 마지막 5.6%, 점수 50 (Jump 60), 피벗 26,000 (+2.8%)
 -> [발견] 동부건설 (KOSPI): 5진동, 마지막 4.9%, 점수 60 (Jump 60), 피벗 5,520 (-36.3%)
 -> [발견] 아이에스동서 (KOSPI): 6진동, 마지막 6.8%, 점수 50 (Jump 30), 피벗 23,600 (-23.9%)
 -> [발견] CJ대한통운 (KOSPI): 8진동, 마지막 2.7%, 점수 60 (Jump 80), 피벗 99,600 (-28.9%)
 -> [발견] LX인터내셔널 (KOSPI): 7진동, 마지막 4.8%, 점수 60 (Jump 60), 피벗 37,650 (-21.3%)
 -> [발견] 신성이엔지 (KOSPI): 7진동, 마지막 5.5%, 점수 50 (Jump 60), 피벗 1,662 (-29.4%)
 -> [발견] 우진 (KOSPI): 5진동, 마지막 10.7%, 점수 50 (Jump 50), 피벗 27,050 (+2.5%)
 -> [발견] 한화 (KOSPI): 7진동, 마지막 7.9%, 점수 70 (Jump 50), 피벗 122,900 (+2.6%)
 -> [발견] HD건설기계 (KOSPI): 8진동, 마지막 9.1%, 점수 50 (Jump 30), 피벗 135,900 (-4.7%)
 -> [발견] OCI (KOSPI): 8진동, 마지막 5.8%, 점수 50 (Jump 60), 피벗 79,400 (-8.6%)
 -> [발견] 한온시스템 (KOSPI): 4진동, 마지막 5.9%, 점수 60 (Jump 60), 피벗 3,400 (-35.5%)
 -> [발견] 스피어 (KOSDAQ): 6진동, 마지막 11.3%, 점수 30 (Jump 30), 피벗 19,250 (-56.4%)
 -> [발견] 액트로 (KOSDAQ): 7진동, 마지막 14.3%, 점수 60 (Jump 50), 피벗 30,750 (+13.7%)
 -> [발견] 유투바이오 (KOSDAQ): 6진동, 마지막 10.2%, 점수 30 (Jump 30), 피벗 4,990 (-73.8%)
 -> [발견] 우리기술 (KOSDAQ): 5진동, 마지막 10.1%, 점수 30 (Jump 30), 피벗 4,045 (-68.8%)
 -> [발견] 현대ADM (KOSDAQ): 7진동, 마지막 11.2%, 점수 30 (Jump 30), 피벗 3,380 (-61.5%)
 -> [발견] DXVX (KOSDAQ): 9진동, 마지막 9.3%, 점수 50 (Jump 30), 피벗 4,090 (-18.4%)
 -> [발견] 유진로봇 (KOSDAQ): 7진동, 마지막 13.2%, 점수 30 (Jump 30), 피벗 34,400 (-8.9%)
 -> [발견] 인텔리안테크 (KOSDAQ): 6진동, 마지막 7.8%, 점수 50 (Jump 30), 피벗 74,200 (-40.0%)
 -> [발견] 나노팀 (KOSDAQ): 9진동, 마지막 8.2%, 점수 50 (Jump 30), 피벗 13,960 (+7.1%)
 -> [발견] 제주반도체 (KOSDAQ): 9진동, 마지막 5.7%, 점수 50 (Jump 60), 피벗 47,300 (+1.4%)
 -> [발견] 큐라클 (KOSDAQ): 9진동, 마지막 5.2%, 점수 50 (Jump 60), 피벗 12,780 (-13.6%)
 -> [발견] 미래에셋벤처투자 (KOSDAQ): 7진동, 마지막 11.5%, 점수 50 (Jump 50), 피벗 25,300 (+6.1%)
 -> [발견] 선익시스템 (KOSDAQ): 5진동, 마지막 10.5%, 점수 30 (Jump 30), 피벗 64,800 (-49.6%)
 -> [발견] 아주IB투자 (KOSDAQ): 7진동, 마지막 9.3%, 점수 70 (Jump 50), 피벗 5,110 (+0.8%)
 -> [발견] 알톤 (KOSDAQ): 7진동, 마지막 9.4%, 점수 70 (Jump 50), 피벗 3,145 (+10.3%)
 -> [발견] 삼보모터스 (KOSDAQ): 8진동, 마지막 13.7%, 점수 60 (Jump 50), 피벗 8,300 (+3.0%)
 -> [발견] 덕산하이메탈 (KOSDAQ): 10진동, 마지막 12.4%, 점수 30 (Jump 10), 피벗 11,900 (+3.0%)
 -> [발견] 저스템 (KOSDAQ): 8진동, 마지막 12.9%, 점수 60 (Jump 50), 피벗 7,500 (+8.4%)
 -> [발견] 에이치엠넥스 (KOSDAQ): 7진동, 마지막 9.9%, 점수 80 (Jump 50), 피벗 1,798 (+5.2%)
 -> [발견] 케어젠 (KOSDAQ): 9진동, 마지막 8.6%, 점수 70 (Jump 50), 피벗 126,000 (-13.2%)
 -> [발견] 에스앤에스텍 (KOSDAQ): 6진동, 마지막 5.7%, 점수 70 (Jump 80), 피벗 93,700 (+1.0%)
 -> [발견] DSC인베스트먼트 (KOSDAQ): 8진동, 마지막 9.5%, 점수 50 (Jump 30), 피벗 7,920 (-43.7%)
 -> [발견] 피에스케이 (KOSDAQ): 8진동, 마지막 12.7%, 점수 50 (Jump 30), 피벗 61,500 (-2.1%)
 -> [발견] 엑시콘 (KOSDAQ): 7진동, 마지막 5.6%, 점수 50 (Jump 60), 피벗 28,350 (-5.0%)
 -> [발견] 와토스코리아 (KOSDAQ): 9진동, 마지막 6.0%, 점수 50 (Jump 30), 피벗 7,000 (-35.2%)
 -> [발견] RF머트리얼즈 (KOSDAQ): 6진동, 마지막 11.5%, 점수 30 (Jump 30), 피벗 25,550 (-33.6%)
 -> [발견] 기가비스 (KOSDAQ): 5진동, 마지막 11.8%, 점수 30 (Jump 30), 피벗 65,100 (+7.8%)
 -> [발견] 원익IPS (KOSDAQ): 5진동, 마지막 8.8%, 점수 50 (Jump 30), 피벗 80,400 (-31.2%)
 -> [발견] RFHIC (KOSDAQ): 7진동, 마지막 9.0%, 점수 50 (Jump 30), 피벗 50,600 (-14.1%)
 -> [발견] 테스 (KOSDAQ): 8진동, 마지막 11.1%, 점수 30 (Jump 30), 피벗 72,200 (+1.0%)
 -> [발견] SFA반도체 (KOSDAQ): 9진동, 마지막 12.1%, 점수 30 (Jump 10), 피벗 7,840 (+5.0%)
 -> [발견] 삼양엔씨켐 (KOSDAQ): 4진동, 마지막 14.7%, 점수 60 (Jump 50), 피벗 28,850 (-29.1%)

[완료] 62개 VCP 후보 종목 추출 완료.
결과 파일: E:\Downloads\Antigravity Project\ClosingSHIN\Scripts\results\vcp_report_20260219.csv

[2026-02-19 20:30:21.591922] 후속 데이터 수집 스크립트 자동 실행 (Target: 62개)
Command: E:\Downloads\Antigravity Project\ClosingSHIN\venv\Scripts\pythonw.exe E:\Downloads\Antigravity Project\ClosingSHIN\Scripts\06_collect_stock_data.py --date 20260219 --parent
[2026-02-19 20:33:54.280259] 후속 데이터 수집 및 병합 완료.

[2026-02-19 20:33:54.281916] 뉴스 데이터 수집 스크립트 실행...
Target Date (Anchor): 2026-02-19 23:59:59+09:00
Reading target list from E:\Downloads\Antigravity Project\ClosingSHIN\Scripts\results\vcp_report_20260219.csv...
Output will be saved to E:\Downloads\Antigravity Project\ClosingSHIN\Scripts\results\news_report_20260219.csv
Fetching news for 한전기술 (052690)...
  -> Found 13 valid articles. Selected top 3.
Fetching news for 한화갤러리아우 (45226K)...
  -> Found 2 valid articles. Selected top 2.
Fetching news for 에이치엠넥스 (036170)...
  -> Found 6 valid articles. Selected top 3.
Fetching news for 에스앤에스텍 (101490)...
  -> Found 6 valid articles. Selected top 3.
Fetching news for 케어젠 (214370)...
  -> Found 18 valid articles. Selected top 3.
Fetching news for 현대건설 (000720)...
  -> Found 19 valid articles. Selected top 3.
Fetching news for 알톤 (123750)...
  -> Found 4 valid articles. Selected top 3.
Fetching news for 아주IB투자 (027360)...
  -> Found 14 valid articles. Selected top 3.
Fetching news for 한화 (000880)...
  -> Found 19 valid articles. Selected top 3.
Fetching news for 저스템 (417840)...
  -> Found 8 valid articles. Selected top 3.
Fetching news for 삼보모터스 (053700)...
  -> Found 13 valid articles. Selected top 3.
Fetching news for 한온시스템 (018880)...
  -> Found 14 valid articles. Selected top 3.
Fetching news for LX인터내셔널 (001120)...
  -> Found 15 valid articles. Selected top 3.
Fetching news for CJ대한통운 (000120)...
  -> Found 14 valid articles. Selected top 3.
Fetching news for 동부건설 (005960)...
  -> Found 18 valid articles. Selected top 3.
Fetching news for 에이플러스에셋 (244920)...
  -> Found 7 valid articles. Selected top 3.
Fetching news for 액트로 (290740)...
  -> Found 8 valid articles. Selected top 3.
Fetching news for 삼양엔씨켐 (482630)...
  -> Found 6 valid articles. Selected top 3.
Fetching news for 삼성전자우 (005935)...
  -> Found 16 valid articles. Selected top 3.
Fetching news for 현대차증권 (001500)...
  -> Found 20 valid articles. Selected top 3.
Fetching news for 대우건설 (047040)...
  -> Found 12 valid articles. Selected top 3.
Fetching news for 와토스코리아 (079000)...
  -> Found 17 valid articles. Selected top 3.
Fetching news for 원익IPS (240810)...
  -> Found 20 valid articles. Selected top 3.
Fetching news for 엑시콘 (092870)...
  -> Found 7 valid articles. Selected top 3.
Fetching news for 피에스케이 (319660)...
  -> Found 18 valid articles. Selected top 3.
Fetching news for DSC인베스트먼트 (241520)...
  -> Found 15 valid articles. Selected top 3.
Fetching news for 한화갤러리아 (452260)...
  -> Found 9 valid articles. Selected top 3.
Fetching news for 인텔리안테크 (189300)...
  -> Found 16 valid articles. Selected top 3.
Fetching news for 효성티앤씨 (298020)...
  -> Found 15 valid articles. Selected top 3.
Fetching news for 현대지에프홀딩스 (005440)...
  -> Found 18 valid articles. Selected top 3.
Fetching news for RFHIC (218410)...
  -> Found 13 valid articles. Selected top 3.
Fetching news for 신영증권 (001720)...
  -> Found 20 valid articles. Selected top 3.
Fetching news for 디아이 (003160)...
  -> Found 11 valid articles. Selected top 3.
Fetching news for 미래에셋벤처투자 (100790)...
  -> Found 14 valid articles. Selected top 3.
Fetching news for 큐라클 (365270)...
  -> Found 13 valid articles. Selected top 3.
Fetching news for 다올투자증권 (030210)...
  -> Found 19 valid articles. Selected top 3.
Fetching news for 나노팀 (417010)...
  -> Found 10 valid articles. Selected top 3.
Fetching news for 한국항공우주 (047810)...
  -> Found 18 valid articles. Selected top 3.
Fetching news for DB증권 (016610)...
  -> Found 20 valid articles. Selected top 3.
Fetching news for OCI (456040)...
  -> Found 20 valid articles. Selected top 3.
Fetching news for 한농화성 (011500)...
  -> Found 8 valid articles. Selected top 3.
Fetching news for 팜스코 (036580)...
  -> Found 6 valid articles. Selected top 3.
Fetching news for 아이에스동서 (010780)...
  -> Found 11 valid articles. Selected top 3.
Fetching news for 신성이엔지 (011930)...
  -> Found 19 valid articles. Selected top 3.
Fetching news for 우진 (105840)...
  -> Found 18 valid articles. Selected top 3.
Fetching news for DXVX (180400)...
  -> Found 10 valid articles. Selected top 3.
Fetching news for HD건설기계 (267270)...
  -> Found 17 valid articles. Selected top 3.
Fetching news for 제주반도체 (080220)...
  -> Found 13 valid articles. Selected top 3.
Fetching news for 한화생명 (088350)...
  -> Found 20 valid articles. Selected top 3.
Fetching news for 미래에셋증권 (006800)...
  -> Found 20 valid articles. Selected top 3.
Fetching news for 덕산하이메탈 (077360)...
  -> Found 14 valid articles. Selected top 3.
Fetching news for 스피어 (347700)...
  -> Found 15 valid articles. Selected top 3.
Fetching news for 유투바이오 (221800)...
  -> Found 20 valid articles. Selected top 3.
Fetching news for 한미반도체 (042700)...
  -> Found 18 valid articles. Selected top 3.
Fetching news for 선익시스템 (171090)...
  -> Found 19 valid articles. Selected top 3.
Fetching news for RF머트리얼즈 (327260)...
  -> Found 6 valid articles. Selected top 3.
Fetching news for 기가비스 (420770)...
  -> Found 8 valid articles. Selected top 3.
Fetching news for 우리기술 (032820)...
  -> Found 18 valid articles. Selected top 3.
Fetching news for 현대ADM (187660)...
  -> Found 17 valid articles. Selected top 3.
Fetching news for 테스 (095610)...
  -> Found 16 valid articles. Selected top 3.
Fetching news for SFA반도체 (036540)...
  -> Found 11 valid articles. Selected top 3.
Fetching news for 유진로봇 (056080)...
  -> Found 15 valid articles. Selected top 3.
Saving 185 news items to E:\Downloads\Antigravity Project\ClosingSHIN\Scripts\results\news_report_20260219.csv...
Done.


[2026-02-19 20:34:10.463281] AI 뉴스 분석 스크립트 실행...
Reading news from E:\Downloads\Antigravity Project\ClosingSHIN\Scripts\results\news_report_20260219.csv...
Output will be saved to E:\Downloads\Antigravity Project\ClosingSHIN\Scripts\results\news_analysis_20260219.csv
Analyzing 185 articles...
[1/185] Analyzing 한전기술 - “미국·프랑스가 쉬는 동안 지켜온 원전 밸류체인의 힘…...
[2/185] Analyzing 한전기술 - '26조 잭팟' 두코바니 이어 테멜린까지…팀코리아, 글...
[3/185] Analyzing 한전기술 - 엘앤씨바이오·피에스케이홀딩스, 20%대 폭등 밸류업 대...
[4/185] Analyzing 한화갤러리아우 - [주식마감기사] '코스피 사상 첫 5600선' SK증권...
[5/185] Analyzing 한화갤러리아우 - [주식마감] "자사주 소각 훈풍"... 증권주 재평가 ...
[6/185] Analyzing 에이치엠넥스 - 애플 아이패드 OLED 전환의 최대 수혜… 동아엘텍, ...
[7/185] Analyzing 에이치엠넥스 - 아스플로, 단순 부품서 '모듈화'로 승부수… 반도체 장...
[8/185] Analyzing 에이치엠넥스 - SGC에너지 주가 기세등등... 탄소 포집 상업화 성공...
[9/185] Analyzing 에스앤에스텍 - 반도체 재료·부품 관련주, '맑고 화창' 덕산하이메탈·...
[10/185] Analyzing 에스앤에스텍 - [강재헌의 잠금해제] 역대 최대 증설이 온다 삼전닉스 ...
[11/185] Analyzing 에스앤에스텍 - 반도체 수율의 핵심 '포커스 링'… 케이엔제이, CVD...
[12/185] Analyzing 케어젠 - 코스닥 올해 두 번째 '매수 사이드카'…2차전지·바이오...
[13/185] Analyzing 케어젠 - 반도체·증권 '쌍끌이' 코스피 5670대로 삼성전자 5...
[14/185] Analyzing 케어젠 - 불장 코스피, 5천700 가시권...
[15/185] Analyzing 현대건설 - 무너진 오산 옹벽, 10여년간 안전진단 누락…자재 변경...
[16/185] Analyzing 현대건설 - '오산 붕괴사고' 비정상적 자재로 시공…안전진단도 10...
[17/185] Analyzing 현대건설 - 현대건설, 사직1동에 저소득 지원 백미 기탁...
[18/185] Analyzing 알톤 - ‘실적 씽씽’ 삼천리·알톤…전기자전거 앞세워 수익성 개...
[19/185] Analyzing 알톤 - 지주사 저평가는 옛말… 이녹스, 2차전지 소재 실적 가...
[20/185] Analyzing 알톤 - 자전거 '빅3' 2026년 이렇게 간다…디자인·배터리·...
[21/185] Analyzing 아주IB투자 - "체급 키울 기회"…경찰공제회 콘테스트에 몰린 PE들[...
[22/185] Analyzing 아주IB투자 - 증권·보험주, 목표가도 넘겼다… "고평가 아닌 재평가 ...
[23/185] Analyzing 아주IB투자 - 삼성SDI, 10조원대 삼성D 지분 매각 검토...LF...
[24/185] Analyzing 한화 - '마스가' 액션플랜 공개에 조선株 '뱃고동'…"실적도 ...
[25/185] Analyzing 한화 - “이젠 6천피로”…코스피 ‘연휴 이후 안도랠리’에 56...
[26/185] Analyzing 한화 - [공시속보] 한화솔루션, 투자경고종목 지정예고→주가 급...
[27/185] Analyzing 저스템 - 식품업계 AI 헬스케어 진출 가속… “유전자에 맞게 식...
[28/185] Analyzing 저스템 - “반도체 습도제어 新장비, 출하 전부터 문의 쏟아져”...
[29/185] Analyzing 저스템 - [Y인사이트] 주승환 교수 "HBM 하이브리드 본딩 도...
[30/185] Analyzing 삼보모터스 - 대구지역 제조 현장 AI 혁신 속도...
[31/185] Analyzing 삼보모터스 - 대구광역시, "기계·소재부품 분야 AI 솔루션 도입 및...
[32/185] Analyzing 삼보모터스 - 대구, '지역특화 제조데이터 활성화사업' 본격 추진...
[33/185] Analyzing 한온시스템 - [주식마감기사] '코스피 사상 첫 5600선' SK증권...
[34/185] Analyzing 한온시스템 - 한온시스템, 신입사원 54명 맞이 환영행사…이수일 대표...
[35/185] Analyzing 한온시스템 - 한국앤컴퍼니, 글로벌 차량용 배터리 공략 박차...
[36/185] Analyzing LX인터내셔널 - '미생'의 종합상사는 옛말…에너지·AI·바이오 기업으로...
[37/185] Analyzing LX인터내셔널 - 벚꽃배당 타볼까…고배당주 ' 이종목'...
[38/185] Analyzing LX인터내셔널 - [상대강도과열 종목] "물 들어올 때 노 젓자"... ...
[39/185] Analyzing CJ대한통운 - [포토] CJ대한통운, 중동 물류허브 가동...
[40/185] Analyzing CJ대한통운 - CJ대한통운, 사우디에 중동 물류 거점 '사우디GDC'...
[41/185] Analyzing CJ대한통운 - 500만 회원 앞둔 CJ더마켓, AI로 진화..."클릭...
[42/185] Analyzing 동부건설 - 강북 콕 집어 …"16조 투입해 교통 개선"...
[43/185] Analyzing 동부건설 - 강북에 16조 집중 투자…지하고속道·성장 거점 개발...
[44/185] Analyzing 동부건설 - 강북 환승 역세권에 용적률 1300%…日롯폰기식 도심 ...
[45/185] Analyzing 에이플러스에셋 - [오늘의 보험·카드소식] 교보생명·KB손보·DB손보·손...
[46/185] Analyzing 에이플러스에셋 - [ESG] 에이플러스에셋, 한국환경운동본부 환경교육·보...
[47/185] Analyzing 에이플러스에셋 - “1금융권만의 일 아니다” 주총 앞두고 GA·지방지주도...
[48/185] Analyzing 액트로 - 단순 케이블 기업 아니다?... 슈피겐코리아, 온라인 ...
[49/185] Analyzing 액트로 - 전자부터 유통까지… 모다이노칩, 'K-부품·아울렛'으로...
[50/185] Analyzing 액트로 - "스마트폰 좁다, 이제는 전기차다"… 덕우전자, 김천 ...
[51/185] Analyzing 삼양엔씨켐 - 반도체 재료·부품 관련주, '맑고 화창' 덕산하이메탈·...
[52/185] Analyzing 삼양엔씨켐 - 반도체 수율의 핵심 '포커스 링'… 케이엔제이, CVD...
[53/185] Analyzing 삼양엔씨켐 - [상대강도과열 종목] "차트가 하늘 뚫겠다"... LS...
[54/185] Analyzing 삼성전자우 - 글로벌 악재에도 반도체·증권株 랠리…기관 7거래일간 8...
[55/185] Analyzing 삼성전자우 - 미래에셋자산운용 'TIGER 배당커버드콜액티브', 올 ...
[56/185] Analyzing 삼성전자우 - [주식마감기사] '코스피 사상 첫 5600선' SK증권...
[57/185] Analyzing 현대차증권 - '19만전자 찍었다' 파죽지세 오르는데…증권가 '깜짝 ...
[58/185] Analyzing 현대차증권 - 쏟아지는 호재에…증권주 일제히 질주...
[59/185] Analyzing 현대차증권 - "악재 대부분 해소"…'美, 中 태양광 규제' 한화솔루...
[60/185] Analyzing 대우건설 - 안전모에 담은 약속…대우건설 노사, 신입사원과 안전 다...
[61/185] Analyzing 대우건설 - [주식마감기사] '코스피 사상 첫 5600선' SK증권...
[62/185] Analyzing 대우건설 - 안성시, 특혜논란 ‘삼죽산단’ 의혹 해소는 커녕 되레 ...
[63/185] Analyzing 와토스코리아 - 와토스코리아 주가, 상한가... 무슨 기업이길래?...
[64/185] Analyzing 와토스코리아 - [주식마감기사] '코스피 사상 첫 5600선' SK증권...
[65/185] Analyzing 와토스코리아 - [19일 특징주] 머스크 '우주데이터센터' 기대에…한화...
[66/185] Analyzing 원익IPS - '다산다사(多産多死)' 시동 걸린 코스닥…수혜주 골라보...
[67/185] Analyzing 원익IPS - ['클릭' 증시] 19만 신고가 삼성전자..불타는 코스...
[68/185] Analyzing 원익IPS - [공매도 브리핑] 2월 19일 거래대금 1조 8,394...
[69/185] Analyzing 엑시콘 - 아스플로, 단순 부품서 '모듈화'로 승부수… 반도체 장...
[70/185] Analyzing 엑시콘 - 美 훈풍...한국증시 HBM·반도체 소부장주 '장중 껑...
[71/185] Analyzing 엑시콘 - [특징주] 반도체株 랠리…'아스플로·마이크로컨텍솔' 강...
[72/185] Analyzing 피에스케이 - 코스닥 올해 두 번째 '매수 사이드카'…2차전지·바이오...
[73/185] Analyzing 피에스케이 - [특징주] 삼성전자, 19만원 마감…역대 최고가 경신(...
[74/185] Analyzing 피에스케이 - ['클릭' 증시] 19만 신고가 삼성전자..불타는 코스...
[75/185] Analyzing DSC인베스트먼트 - "만료일 임박한 거 찾아줘"…AI가 답하는 계약 관리[...
[76/185] Analyzing DSC인베스트먼트 - 벤처투자 열기 달아오른다...'1조 몸값' 유니콘도 속...
[77/185] Analyzing DSC인베스트먼트 - 정부 힘주니 민간 돈 푼다…되살아난 벤처투자, 올해도 ...
[78/185] Analyzing 한화갤러리아 - [주식마감기사] '코스피 사상 첫 5600선' SK증권...
[79/185] Analyzing 한화갤러리아 - [사진물] 갤러리아백화점 “고급 전기바이크 ‘컴파스로즈...
[80/185] Analyzing 한화갤러리아 - [서울데이터랩]금일 코스피 거래량 1위 서울식품 거래대...
[81/185] Analyzing 인텔리안테크 - "캐나다 위성 통신망 생태계…한국 기업은 최고의 파트너...
[82/185] Analyzing 인텔리안테크 - 오늘의 메모[2월 20일]...
[83/185] Analyzing 인텔리안테크 - 스페이스X가 띄운 우주항공 ETF...
[84/185] Analyzing 효성티앤씨 - 엘앤씨바이오·피에스케이홀딩스, 20%대 폭등 밸류업 대...
[85/185] Analyzing 효성티앤씨 - [데이터 뉴스룸] 석화업체 50곳 중 60% 재고자산 ...
[86/185] Analyzing 효성티앤씨 - [1.5℃ HOW] '250대 기업 ESG 지속가능경영...
[87/185] Analyzing 현대지에프홀딩스 - “이 종목 왜 몰랐지?”···코스피 ‘불장’ 속 2주 ...
[88/185] Analyzing 현대지에프홀딩스 - “실적 개선에 자사주 소각까지”… 유통 대기업, 밸류업...
[89/185] Analyzing 현대지에프홀딩스 - 자사주 소각 결정 잇따라, 소각 공시 늘고 처분 공시 ...
[90/185] Analyzing RFHIC - RFHIC, 506억 규모 전력증폭기 공급계약 체결...
[91/185] Analyzing RFHIC - 기업공시 [2월 19일]...
[92/185] Analyzing RFHIC - 반도체 투톱 빼도 영업익 11% 껑충… 상장사, 작년 ...
[93/185] Analyzing 신영증권 - '삼성전자보다 낫네'…주식 활황에 상승세 올라탄 이 종...
[94/185] Analyzing 신영증권 - 반도체·증권 '쌍끌이' 코스피 5670대로 삼성전자 5...
[95/185] Analyzing 신영증권 - "지금 싸다, 비중 늘릴 기회"…트럼프가 닻 올려준 이...
[96/185] Analyzing 디아이 - 디아이, 지난해 영업이익 365억829만원… 전년 대비...
[97/185] Analyzing 디아이 - '당신의 디지털 영생을 시작합니다'...블랙올, 데이터...
[98/185] Analyzing 디아이 - 디아이, 결산배당으로 보통주 1주당 250원 현금배당 ...
[99/185] Analyzing 미래에셋벤처투자 - 코스닥 외국인, 에코프로·알테오젠 집중 매수…성장주 쓸...
[100/185] Analyzing 미래에셋벤처투자 - 미래에셋벤처투자 주가, 19일 장중 24,050원 1....
[101/185] Analyzing 미래에셋벤처투자 - 미래에셋증권 주가 기세등등…우주 투자 스토리 부각...
[102/185] Analyzing 큐라클 - [상대강도과열 종목] "물 들어올 때 노 젓자"... ...
[103/185] Analyzing 큐라클 - "돋보기 안녕" 광동제약이 가져온 점안제 한 방… 미국...
[104/185] Analyzing 큐라클 - [필승매매 승부사] 조선주, 전성기 다시온다! 'HJ중...
[105/185] Analyzing 다올투자증권 - '19만전자 찍었다' 파죽지세 오르는데…증권가 '깜짝 ...
[106/185] Analyzing 다올투자증권 - "넉 달도 안 걸렸다"…'20만 전자' 열차 쾌속질주...
[107/185] Analyzing 다올투자증권 - 상법 개정 기대에 증권주 랠리…KRX 증권지수, 연초 ...
[108/185] Analyzing 나노팀 - 에코프로비엠·엘앤에프 주가 질주... 양극재 대장주들 ...
[109/185] Analyzing 나노팀 - 미래에셋증권 주가 기세등등…우주 투자 스토리 부각...
[110/185] Analyzing 나노팀 - 우주를 향한 머스크의 야심… 스페이스X 테마, 스피어 ...
[111/185] Analyzing 한국항공우주 - 텔레픽스 위성 카메라, 헝가리 수출 성공...
[112/185] Analyzing 한국항공우주 - 경남도 대학·기업 손잡고 ‘청년 엑소더스’ 막는다...
[113/185] Analyzing 한국항공우주 - 대학·기업 벽 허물고 '교육 지도' 새로 그린다…'경남...
[114/185] Analyzing DB증권 - '19만전자 찍었다' 파죽지세 오르는데…증권가 '깜짝 ...
[115/185] Analyzing DB증권 - 英 부동산 투자했다가...'현대유퍼스트부동산투자신탁30...
[116/185] Analyzing DB증권 - 팬데믹 6년 주기설 대두…바이오테크 투자, 액티브 ET...
[117/185] Analyzing OCI - KOSPI 200 Closing Price List-3...
[118/185] Analyzing OCI - "악재 대부분 해소"…'美, 中 태양광 규제' 한화솔루...
[119/185] Analyzing OCI - 반도체 재료·부품 관련주, '맑고 화창' 덕산하이메탈·...
[120/185] Analyzing 한농화성 - 2차전지(전고체) 관련주, '봄바람 살랑살랑' 씨아이에...
[121/185] Analyzing 한농화성 - 에코프로비엠·엘앤에프 주가 질주... 양극재 대장주들 ...
[122/185] Analyzing 한농화성 - GM 등 글로벌 업체 줄 섰다… 포스코퓨처엠, 양·음극...
[123/185] Analyzing 팜스코 - 액면분할에 자사주 소각까지… 남양유업, '밸류업' 앞세...
[124/185] Analyzing 팜스코 - 항생제 대신 백신… 중앙백신, 80종 무기로 글로벌 '...
[125/185] Analyzing 팜스코 - 연암대, 2025학년도 학위수여식 개최...
[126/185] Analyzing 아이에스동서 - “삼성전자 말고 또 있다”…여의도서 강추하는 ‘이 종목...
[127/185] Analyzing 아이에스동서 - [상대강도과열 종목] "물 들어올 때 노 젓자"... ...
[128/185] Analyzing 아이에스동서 - 금리 인하 기대 반영 건설업종 5%대 훨훨...일진파워...
[129/185] Analyzing 신성이엔지 - [주식마감기사] '코스피 사상 첫 5600선' SK증권...
[130/185] Analyzing 신성이엔지 - 삼화콘덴서·씨아이에스, ESS 핵심 부품 기술력 부각에...
[131/185] Analyzing 신성이엔지 - 햇빛소득마을에 대기업 참여 유도…제조업 가점 부여...
[132/185] Analyzing 우진 - “소통 없이 단결 없다”…이탈자 없이 한국지엠 고용승계...
[133/185] Analyzing 우진 - 전북 공연예술 저력 확인…한국문화예술위원회 창작주체 사...
[134/185] Analyzing 우진 - "돋보기 안녕" 광동제약이 가져온 점안제 한 방… 미국...
[135/185] Analyzing DXVX - DXVX, '한국형 ARPA-H' 2단계 최종 선정…m...
[136/185] Analyzing DXVX - 중국인들, 이제 한국 비타민만 찾는다...콜마비앤에이치...
[137/185] Analyzing DXVX - 케어젠, 코글루타이드 멕시코 등록…케어젠 주가는 18....
[138/185] Analyzing HD건설기계 - "방산시장 국산 AI 확산, 정부 적극성 필요"...
[139/185] Analyzing HD건설기계 - 정부, 국방 소버린AI 미는데…방산기업은 美 팔란티어 ...
[140/185] Analyzing HD건설기계 - HD건설기계 'AI 탑재 굴착기'로 현장 안전 개선...
[141/185] Analyzing 제주반도체 - 국제학교·반도체 기업…법무법인 지평, 고난도 M&A '...
[142/185] Analyzing 제주반도체 - 일자리·창업 지원 확대…금융권, '청년층 살리기' 나섰...
[143/185] Analyzing 제주반도체 - 한화투자증권, 글로벌 Web3 기업 '크리서스'에 18...
[144/185] Analyzing 한화생명 - AI로 상품 소개·가입 권유…보험사, AX '시동'...
[145/185] Analyzing 한화생명 - [주식마감기사] '코스피 사상 첫 5600선' SK증권...
[146/185] Analyzing 한화생명 - 증권·보험주, 목표가도 넘겼다… "고평가 아닌 재평가 ...
[147/185] Analyzing 미래에셋증권 - ‘고출력 레이저’ 액스비스, 공모가 최상단 확정...
[148/185] Analyzing 미래에셋증권 - [공시속보] 미래에셋증권, 투자경고종목 지정 예고→주가...
[149/185] Analyzing 미래에셋증권 - 연휴 끝 증시 고공행진… 코스피 사상 첫 5600선 돌...
[150/185] Analyzing 덕산하이메탈 - “삼성전자 말고 또 있다”…여의도서 강추하는 ‘이 종목...
[151/185] Analyzing 덕산하이메탈 - 미국 기술주 훈풍…SK하이닉스 90만원 회복...
[152/185] Analyzing 덕산하이메탈 - 반도체 재료·부품 관련주, '맑고 화창' 덕산하이메탈·...
[153/185] Analyzing 스피어 - 스피어, 美 우주항공 업체와 416억원 규모 특수합금 ...
[154/185] Analyzing 스피어 - 제약업체 관련주, '껑충껑충' 광동제약·부광약품·JW신...
[155/185] Analyzing 스피어 - 스피어 주가, 2월 19일 44,100원 1.12% 하...
[156/185] Analyzing 유투바이오 - [주식마감기사] '코스피 사상 첫 5600선' SK증권...
[157/185] Analyzing 유투바이오 - 유투바이오 주가, 5거래일 연속 '上'... 주가 흐름...
[158/185] Analyzing 유투바이오 - 유투바이오, 물적 분할…지구홀딩스 출범...
[159/185] Analyzing 한미반도체 - "2배 올랐다"… 반도체 레버리지 ETF 투자자 '함박...
[160/185] Analyzing 한미반도체 - [공매도 브리핑] 2월 19일 거래대금 1조 8,394...
[161/185] Analyzing 한미반도체 - 엘앤씨바이오·피에스케이홀딩스, 20%대 폭등 밸류업 대...
[162/185] Analyzing 선익시스템 - 韓, 페로브스카이트 합성 신기술 개발…태양광 관련주 급...
[163/185] Analyzing 선익시스템 - 우주태양광·페로브스카이트 관련주, '싱글벙글' 한화솔루...
[164/185] Analyzing 선익시스템 - [19일 특징주] 머스크 '우주데이터센터' 기대에…한화...
[165/185] Analyzing RF머트리얼즈 - 코스닥 기관, 삼천당제약·에이비엘바이오·레인보우로보틱스...
[166/185] Analyzing RF머트리얼즈 - "위성만 파는 시대는 끝났다"… 쎄트렉아이, 데이터 플...
[167/185] Analyzing RF머트리얼즈 - K2 전차에 국산 변속기 얹는다… SNT다이내믹스, 4...
[168/185] Analyzing 기가비스 - 코스닥 '정보 사각지대' 줄이자…신규 커버리지 개시하는...
[169/185] Analyzing 기가비스 - 반도체 소켓 넘어 장비까지… 마이크로컨텍솔, 엠에스엘 ...
[170/185] Analyzing 기가비스 - 삼성전자가 선택한 장비… 유진테크, 반도체 초미세 공정...
[171/185] Analyzing 우리기술 - 전주시, 웨스트월드·쿠뮤필름스튜디오와 협약…"영화·영상...
[172/185] Analyzing 우리기술 - AI 포럼 매진됐지만, 로봇고 교장도 한마디 하렵니다...
[173/185] Analyzing 우리기술 - [주식마감기사] '코스피 사상 첫 5600선' SK증권...
[174/185] Analyzing 현대ADM - 아이센스, CGM ‘유럽’ 기대에 23%↑…파미셀, 호...
[175/185] Analyzing 현대ADM - [주식마감기사] '코스피 사상 첫 5600선' SK증권...
[176/185] Analyzing 현대ADM - [HIT알공] 한미약품, 고혈압 치료제 'HCP1803...
[177/185] Analyzing 테스 - 성관계로 퍼지는 ‘희귀 곰팡이’에 美 비상…“수건 같이...
[178/185] Analyzing 테스 - 2차전지(전고체) 관련주, '봄바람 살랑살랑' 씨아이에...
[179/185] Analyzing 테스 - 테스, 화합물 반도체 'AIN 에피 공정' 혁신…글로벌...
[180/185] Analyzing SFA반도체 - 2일간 지방현장 찾은 이억원...“정책금융, 여느때보다...
[181/185] Analyzing SFA반도체 - [주식마감기사] '코스피 사상 첫 5600선' SK증권...
[182/185] Analyzing SFA반도체 - SFA반도체 주가, 2월 19일 장중 7,280원 2....
[183/185] Analyzing 유진로봇 - 유진로봇, 장중 음→양 전환…3거래일 하락 이후 '분기...
[184/185] Analyzing 유진로봇 - 휴림로봇 유진로봇 현대무벡스 로봇주 흐름 혼조 속 산업...
[185/185] Analyzing 유진로봇 - 유진로봇 주가, 2월 19일 장중 36,750원 2.6...
Saving 185 analyzed items to E:\Downloads\Antigravity Project\ClosingSHIN\Scripts\results\news_analysis_20260219.csv...
Done.

[2026-02-19 20:42:03.251548] 모든 분석 및 데이터 생성 완료.
