[2026-03-26 18:20:29.535414] 자동 시장 데이터 동기화 체크 중...
[2026-03-26 18:20:51.981646] 동기화 확인 완료.
[2026-03-26 18:20:51.981646] VCP 통합 스캔 시작    # [0] 대상 선정 (Phase 1)
[2026-03-26 18:20:52.029245] 대상 종목 선별 작업 시작 (Batch 모드)...
  선정 기간: 20260109 ~ 20260326 (약 50거래일 기준)
[2026-03-26 18:20:52.047670] Naver Finance에서 종목 리스트 수집 중...
  Market 0 has 49 pages.
  Market 1 has 37 pages.
[PB Utils] Successfully fetched 4237 tickers from Naver Finance.
[2026-03-26 18:21:13.405106] 대상 선별 완료. (Batch 모드로 26분 -> 수 초로 단축)
[2026-03-26 18:21:13.429661] 스캔 대상 200개 상세 데이터 로딩 시작...
  - [10/200] 008600 065170 032820 900270 187660 000250 036170 242040 192410 046970 로딩 완료
  - [20/200] 412350 221800 043260 047040 038500 129920 001510 331920 005090 327260 로딩 완료
  - [30/200] 046120 027360 357580 010170 048410 290550 040160 131030 001515 347700 로딩 완료
  - [40/200] 0120G0 076610 138080 475150 089230 003000 360350 092220 357880 291650 로딩 완료
  - [50/200] 019210 024850 006800 440110 322000 054620 064850 420770 393890 007120 로딩 완료
  - [60/200] 078600 095340 085910 230240 289080 218410 036930 069540 353200 031980 로딩 완료
  - [70/200] 080580 474610 001820 452260 088280 027040 088130 000720 100790 003280 로딩 완료
  - [80/200] 127120 131970 138490 052020 090470 106190 032500 226590 120110 050890 로딩 완료
  - [90/200] 448900 077360 319660 171090 321550 033160 131290 290660 365270 376900 로딩 완료
  - [100/200] 189860 323350 265740 012630 085620 348340 084870 241520 130660 001290 로딩 완료
  - [110/200] 083650 224060 178320 196450 005440 222080 321370 015260 010060 289930 로딩 완료
  - [120/200] 272110 219550 318060 200710 010820 115440 900290 020000 380540 264450 로딩 완료
  - [130/200] 347770 355150 388790 010120 082920 024800 189300 160980 017900 007810 로딩 완료
  - [140/200] 073490 092870 382800 00680K 456040 009150 425420 004440 056090 101490 로딩 완료
  - [150/200] 000210 056080 298020 489790 039310 095910 100590 044490 272210 296640 로딩 완료
  - [160/200] 052690 098120 178920 011930 065440 089970 123330 024060 023530 003030 로딩 완료
  - [170/200] 042520 127710 086520 000150 261780 083640 007340 204610 089980 058470 로딩 완료
  - [180/200] 104480 123750 082270 052860 099320 355690 187870 003240 330860 290720 로딩 완료
  - [190/200] 234340 950160 037460 064760 005960 053610 240810 0093A0 375500 090710 로딩 완료
  - [200/200] 012210 170920 047050 039560 078160 000440 457990 004060 457190 005940 로딩 완료
[2026-03-26 18:21:38.540453] 상세 데이터 로딩 완료. (총 200개 캐싱됨)
 [1/200] 윌비스(008600): 이평선 역배열 (50>150>200 미충족) (제외) | 50일등락: 756.21%
 [2/200] 비엘팜텍(065170): 패턴 미완성 (제외)
 [3/200] 우리기술(032820): 패턴 미완성 (제외)
 [4/200] 헝셩그룹(900270): 패턴 미완성 (제외)
 [5/200] 페니트리움바이오(187660): 패턴 미완성 (제외)
 [6/200] 삼천당제약(000250): 패턴 미완성 (제외)
 -> [★발견★] 에이치엠넥스 (Market): 7회 수축, 마지막 10.2%, 점수 40 (RS 702.8), 피벗 5,480
 [8/200] 나무기술(242040): 패턴 미완성 (제외)
 [9/200] 오늘이엔엠(192410): 이평선 역배열 (50>150>200 미충족) (제외) | 50일등락: 341.63%
 [10/200] 우리로(046970): 패턴 미완성 (제외)
 [11/200] 레이저쎌(412350): 이평선 역배열 (50>150>200 미충족) (제외) | 50일등락: 333.35%
 [12/200] 유투바이오(221800): 패턴 미완성 (제외)
 [13/200] 성호전자(043260): 패턴 미완성 (제외)
 [14/200] 대우건설(047040): 패턴 미완성 (제외)
 [15/200] 삼표시멘트(038500): 패턴 미완성 (제외)
 [16/200] 대성하이텍(129920): 패턴 미완성 (제외)
 [17/200] SK증권(001510): 패턴 미완성 (제외)
 -> [★발견★] 셀레믹스 (Market): 5회 수축, 마지막 10.5%, 점수 20 (RS 283.2), 피벗 5,140
 [19/200] SGC에너지(005090): 패턴 미완성 (제외)
 -> [★발견★] RF머트리얼즈 (Market): 6회 수축, 마지막 11.5%, 점수 20 (RS 675.6), 피벗 25,550
 [21/200] 오르비텍(046120): 패턴 미완성 (제외)
 [22/200] 아주IB투자(027360): 패턴 미완성 (제외)
 [23/200] 아모센스(357580): 패턴 미완성 (제외)
 [24/200] 대한광통신(010170): 1차 조정폭 과다 (제외)
 [25/200] 현대바이오(048410): 패턴 미완성 (제외)
 [26/200] 디케이티(290550): 패턴 미완성 (제외)
 -> [★발견★] 누리플렉스 (Market): 7회 수축, 마지막 4.6%, 점수 70 (RS 288.7), 피벗 10,500
 [28/200] 옵투스제약(131030): 패턴 미완성 (제외)
 [29/200] SK증권우(001515): 패턴 미완성 (제외)
 [30/200] 스피어(347700): 패턴 미완성 (제외)
 [31/200] 삼양바이오팜(0120G0): 데이터 부족 (200일 미만) (제외) | 50일등락: 164.0%
 [32/200] 해성옵틱스(076610): 패턴 미완성 (제외)
 [33/200] 오이솔루션(138080): 패턴 미완성 (제외)
 [34/200] SK이터닉스(475150): 패턴 미완성 (제외)
 [35/200] THE E&M(089230): 패턴 미완성 (제외)
 [36/200] 부광약품(003000): 패턴 미완성 (제외)
 [37/200] 코셈(360350): 이평선 역배열 (50>150>200 미충족) (제외) | 50일등락: 154.21%
 -> [★발견★] KEC (Market): 9회 수축, 마지막 12.9%, 점수 20 (RS 236.7), 피벗 1,521
 [39/200] SKAI(357880): 이평선 역배열 (50>150>200 미충족) (제외) | 50일등락: 152.75%
 [40/200] 압타머사이언스(291650): 이평선 역배열 (50>150>200 미충족) (제외) | 50일등락: 151.29%
 [41/200] 와이지-원(019210): 패턴 미완성 (제외)
 [42/200] HLB이노베이션(024850): 패턴 미완성 (제외)
 -> [★발견★] 미래에셋증권 (Market): 6회 수축, 마지막 14.1%, 점수 40 (RS 371.5), 피벗 71,091
 [44/200] 파두(440110): 패턴 미완성 (제외)
 -> [★발견★] HD현대에너지솔루션 (Market): 7회 수축, 마지막 8.8%, 점수 40 (RS 292.6), 피벗 136,300
 [46/200] APS(054620): 이평선 역배열 (50>150>200 미충족) (제외) | 50일등락: 133.16%
 [47/200] 에프앤가이드(064850): 패턴 미완성 (제외)
 -> [★발견★] 기가비스 (Market): 5회 수축, 마지막 9.6%, 점수 60 (RS 252.4), 피벗 77,400
 -> [★발견★] 더블유씨피 (Market): 7회 수축, 마지막 13.0%, 점수 20 (RS 194.0), 피벗 15,100
 [50/200] 미래아이앤지(007120): 패턴 미완성 (제외)
 -> [★발견★] 대주전자재료 (Market): 6회 수축, 마지막 10.8%, 점수 20 (RS 183.1), 피벗 118,800
 [52/200] ISC(095340): 패턴 미완성 (제외)
 [53/200] 네오티스(085910): 패턴 미완성 (제외)
 [54/200] 에치에프알(230240): 이평선 역배열 (50>150>200 미충족) (제외) | 50일등락: 117.02%
 -> [★발견★] SV인베스트먼트 (Market): 7회 수축, 마지막 12.8%, 점수 50 (RS 204.6), 피벗 3,660
 [56/200] RFHIC(218410): 패턴 미완성 (제외)
 -> [★발견★] 주성엔지니어링 (Market): 5회 수축, 마지막 12.9%, 점수 20 (RS 235.4), 피벗 70,000
 [58/200] 빛과전자(069540): 이평선 역배열 (50>150>200 미충족) (제외) | 50일등락: 112.49%
 -> [★발견★] 대덕전자 (Market): 9회 수축, 마지막 9.7%, 점수 40 (RS 347.8), 피벗 66,700
 -> [★발견★] 피에스케이홀딩스 (Market): 7회 수축, 마지막 14.1%, 점수 40 (RS 250.8), 피벗 117,300
 [61/200] 오킨스전자(080580): 패턴 미완성 (제외)
 [62/200] RF시스템즈(474610): 패턴 미완성 (제외)
 -> [★발견★] 삼화콘덴서 (Market): 6회 수축, 마지막 13.0%, 점수 40 (RS 194.0), 피벗 61,500
 [64/200] 한화갤러리아(452260): 패턴 미완성 (제외)
 [65/200] 쏘닉스(088280): 이평선 역배열 (50>150>200 미충족) (제외) | 50일등락: 101.69%
 [66/200] 서울전자통신(027040): 이평선 역배열 (50>150>200 미충족) (제외) | 50일등락: 101.5%
 [67/200] 동아엘텍(088130): 패턴 미완성 (제외)
 -> [★발견★] 현대건설 (Market): 7회 수축, 마지막 11.9%, 점수 40 (RS 268.0), 피벗 170,100
 [69/200] 미래에셋벤처투자(100790): 패턴 미완성 (제외)
 [70/200] 흥아해운(003280): 이평선 역배열 (50>150>200 미충족) (제외) | 50일등락: 99.94%
 [71/200] 제이에스링크(127120): 패턴 미완성 (제외)
 [72/200] 두산테스나(131970): 패턴 미완성 (제외)
 -> [★발견★] 코오롱ENP (Market): 8회 수축, 마지막 8.3%, 점수 40 (RS 213.7), 피벗 13,800
 [74/200] 에스티큐브(052020): 패턴 미완성 (제외)
 -> [★발견★] 제이스텍 (Market): 5회 수축, 마지막 4.9%, 점수 70 (RS 227.0), 피벗 9,950
 [76/200] 하이텍팜(106190): 패턴 미완성 (제외)
 [77/200] 케이엠더블유(032500): 패턴 미완성 (제외)
 [78/200] 엠디바이스(226590): 1차 조정폭 과다 (제외)
 -> [★발견★] 코오롱인더 (Market): 6회 수축, 마지막 11.3%, 점수 20 (RS 210.9), 피벗 75,000
 [80/200] 쏠리드(050890): 패턴 미완성 (제외)
 [81/200] 한국피아이엠(448900): 패턴 미완성 (제외)
 [82/200] 덕산하이메탈(077360): 패턴 미완성 (제외)
 [83/200] 피에스케이(319660): 패턴 미완성 (제외)
 [84/200] 선익시스템(171090): 패턴 미완성 (제외)
 [85/200] 티움바이오(321550): 패턴 미완성 (제외)
 [86/200] 엠케이전자(033160): 패턴 미완성 (제외)
 -> [★발견★] 티에스이 (Market): 7회 수축, 마지막 7.9%, 점수 70 (RS 240.6), 피벗 124,800
 [88/200] 네오펙트(290660): 이평선 역배열 (50>150>200 미충족) (제외) | 50일등락: 91.14%
 [89/200] 큐라클(365270): 패턴 미완성 (제외)
 [90/200] 로킷헬스케어(376900): 패턴 미완성 (제외)
 [91/200] 서전기전(189860): 이평선 역배열 (50>150>200 미충족) (제외) | 50일등락: 89.94%
 [92/200] 다원넥스뷰(323350): 패턴 미완성 (제외)
 -> [★발견★] 엔에프씨 (Market): 10회 수축, 마지막 13.7%, 점수 50 (RS 200.6), 피벗 9,400
 [94/200] HDC(012630): 이평선 역배열 (50>150>200 미충족) (제외) | 50일등락: 88.56%
 -> [★발견★] 미래에셋생명 (Market): 7회 수축, 마지막 14.7%, 점수 20 (RS 252.8), 피벗 18,280
 [96/200] 뉴로메카(348340): 50일선 아래 (제외) | 50일등락: 86.03%
 [97/200] TBH글로벌(084870): 패턴 미완성 (제외)
 [98/200] DSC인베스트먼트(241520): 패턴 미완성 (제외)
 [99/200] 한전산업(130660): 패턴 미완성 (제외)
 [100/200] 상상인증권(001290): 패턴 미완성 (제외)
 [101/200] 비에이치아이(083650): 패턴 미완성 (제외)
 [102/200] 더코디(224060): 패턴 미완성 (제외)
 [103/200] 서진시스템(178320): 패턴 미완성 (제외)
 [104/200] 코아시아씨엠(196450): 패턴 미완성 (제외)
 [105/200] 현대지에프홀딩스(005440): 패턴 미완성 (제외)
 [106/200] 씨아이에스(222080): 패턴 미완성 (제외)
 [107/200] 센서뷰(321370): 패턴 미완성 (제외)
 [108/200] 에이엔피(015260): 패턴 미완성 (제외)
 [109/200] OCI홀딩스(010060): 패턴 미완성 (제외)
 [110/200] 웨이비스(289930): 패턴 미완성 (제외)
 -> [★발견★] 케이엔제이 (Market): 7회 수축, 마지막 11.2%, 점수 40 (RS 180.1), 피벗 38,900
 [112/200] 디와이디(219550): 이평선 역배열 (50>150>200 미충족) (제외) | 50일등락: 79.76%
 [113/200] 그래피(318060): 데이터 부족 (200일 미만) (제외) | 50일등락: 78.35%
 -> [★발견★] 에이디테크놀로지 (Market): 6회 수축, 마지막 4.9%, 점수 50 (RS 249.9), 피벗 48,800
 [115/200] 퍼스텍(010820): 패턴 미완성 (제외)
 -> [★발견★] 우리넷 (Market): 8회 수축, 마지막 14.0%, 점수 20 (RS 183.2), 피벗 7,340
 [117/200] GRT(900290): 패턴 미완성 (제외)
 -> [★발견★] 한섬 (Market): 8회 수축, 마지막 2.7%, 점수 70 (RS 164.2), 피벗 24,200
 [119/200] 옵티코어(380540): 패턴 미완성 (제외)
 -> [★발견★] 유비쿼스 (Market): 7회 수축, 마지막 12.5%, 점수 20 (RS 192.6), 피벗 15,160
 [121/200] 핌스(347770): 이평선 역배열 (50>150>200 미충족) (제외) | 50일등락: 75.9%
 [122/200] 코스텍시스(355150): 패턴 미완성 (제외)
 [123/200] 라이콤(388790): 패턴 미완성 (제외)
 [124/200] LS ELECTRIC(010120): 패턴 미완성 (제외)
 [125/200] 비츠로셀(082920): 패턴 미완성 (제외)
 [126/200] 유성티엔에스(024800): 이평선 역배열 (50>150>200 미충족) (제외) | 50일등락: 74.52%
 [127/200] 인텔리안테크(189300): 패턴 미완성 (제외)
 -> [★발견★] 싸이맥스 (Market): 7회 수축, 마지막 13.2%, 점수 20 (RS 189.0), 피벗 23,050
 [129/200] 광전자(017900): 이평선 역배열 (50>150>200 미충족) (제외) | 50일등락: 73.31%
 [130/200] 코리아써키트(007810): 패턴 미완성 (제외)
 [131/200] 이노와이어리스(073490): 패턴 미완성 (제외)
 -> [★발견★] 엑시콘 (Market): 8회 수축, 마지막 11.5%, 점수 40 (RS 214.7), 피벗 31,850
 [133/200] 지앤비에스 에코(382800): 이평선 역배열 (50>150>200 미충족) (제외) | 50일등락: 71.97%
 -> [★발견★] 미래에셋증권2우B (Market): 9회 수축, 마지막 10.7%, 점수 50 (RS 264.8), 피벗 21,900
 [135/200] OCI(456040): 패턴 미완성 (제외)
 -> [★발견★] 삼성전기 (Market): 6회 수축, 마지막 10.8%, 점수 40 (RS 255.0), 피벗 479,500
 -> [★발견★] 티에프이 (Market): 8회 수축, 마지막 6.7%, 점수 40 (RS 224.2), 피벗 59,500
 [138/200] 삼일씨엔에스(004440): 패턴 미완성 (제외)
 [139/200] 시지메드텍(056090): 패턴 미완성 (제외)
 [140/200] 에스앤에스텍(101490): 패턴 미완성 (제외)
 [141/200] DL(000210): 이평선 역배열 (50>150>200 미충족) (제외) | 50일등락: 70.44%
 [142/200] 유진로봇(056080): 50일선 아래 (제외) | 50일등락: 70.26%
 -> [★발견★] 효성티앤씨 (Market): 8회 수축, 마지막 7.0%, 점수 40 (RS 166.5), 피벗 394,500
 [144/200] 한화비전(489790): 패턴 미완성 (제외)
 [145/200] 세중(039310): 이평선 역배열 (50>150>200 미충족) (제외) | 50일등락: 69.88%
 [146/200] 에스에너지(095910): 이평선 역배열 (50>150>200 미충족) (제외) | 50일등락: 69.71%
 -> [★발견★] 머큐리 (Market): 11회 수축, 마지막 14.9%, 점수 20 (RS 164.7), 피벗 5,180
 [148/200] 태웅(044490): 이평선 역배열 (50>150>200 미충족) (제외) | 50일등락: 68.72%
 [149/200] 한화시스템(272210): 패턴 미완성 (제외)
 [150/200] 이노룰스(296640): 이평선 역배열 (50>150>200 미충족) (제외) | 50일등락: 68.32%
 -> [★발견★] 한전기술 (Market): 6회 수축, 마지막 11.2%, 점수 40 (RS 193.3), 피벗 177,700
 [152/200] 마이크로컨텍솔(098120): 패턴 미완성 (제외)
 [153/200] PI첨단소재(178920): 이평선 역배열 (50>150>200 미충족) (제외) | 50일등락: 67.55%
 [154/200] 신성이엔지(011930): 패턴 미완성 (제외)
 [155/200] 이루온(065440): 이평선 역배열 (50>150>200 미충족) (제외) | 50일등락: 67.25%
 -> [★발견★] 브이엠 (Market): 8회 수축, 마지막 9.3%, 점수 60 (RS 291.2), 피벗 48,800
 [157/200] 제닉(123330): 이평선 역배열 (50>150>200 미충족) (제외) | 50일등락: 66.96%
 [158/200] 흥구석유(024060): 패턴 미완성 (제외)
 [159/200] 롯데쇼핑(023530): 패턴 미완성 (제외)
 [160/200] 세아제강지주(003030): 이평선 역배열 (50>150>200 미충족) (제외) | 50일등락: 66.52%
 [161/200] 한스바이오메드(042520): 패턴 미완성 (제외)
 [162/200] 아시아경제(127710): 이평선 역배열 (50>150>200 미충족) (제외) | 50일등락: 66.17%
 [163/200] 에코프로(086520): 50일선 아래 (제외) | 50일등락: 65.91%
 [164/200] 두산(000150): 패턴 미완성 (제외)
 [165/200] 차백신연구소(261780): 이평선 역배열 (50>150>200 미충족) (제외) | 50일등락: 65.63%
 [166/200] 인콘(083640): 이평선 역배열 (50>150>200 미충족) (제외) | 50일등락: 65.31%
 [167/200] DN오토모티브(007340): 패턴 미완성 (제외)
 [168/200] 티쓰리(204610): 이평선 역배열 (50>150>200 미충족) (제외) | 50일등락: 64.92%
 -> [★발견★] 상아프론테크 (Market): 7회 수축, 마지막 9.0%, 점수 40 (RS 146.9), 피벗 26,050
 [170/200] 리노공업(058470): 패턴 미완성 (제외)
 [171/200] 티케이케미칼(104480): 이평선 역배열 (50>150>200 미충족) (제외) | 50일등락: 64.31%
 -> [★발견★] 알톤 (Market): 6회 수축, 마지막 6.4%, 점수 70 (RS 159.9), 피벗 2,405
 [173/200] 젬백스(082270): 200일선 아래 (제외) | 50일등락: 63.98%
 -> [★발견★] 아이앤씨 (Market): 9회 수축, 마지막 7.2%, 점수 60 (RS 193.9), 피벗 3,550
 [175/200] 쎄트렉아이(099320): 패턴 미완성 (제외)
 [176/200] 에이텀(355690): 이평선 역배열 (50>150>200 미충족) (제외) | 50일등락: 63.83%
 [177/200] 디바이스(187870): 패턴 미완성 (제외)
 [178/200] 태광산업(003240): 이평선 역배열 (50>150>200 미충족) (제외) | 50일등락: 63.3%
 [179/200] 네패스아크(330860): 패턴 미완성 (제외)
 [180/200] 푸드나무(290720): 이평선 역배열 (50>150>200 미충족) (제외) | 50일등락: 63.18%
 [181/200] 헥토파이낸셜(234340): 50일선 아래 (제외) | 50일등락: 62.87%
 [182/200] 코오롱티슈진(950160): 패턴 미완성 (제외)
 -> [★발견★] 삼지전자 (Market): 7회 수축, 마지막 7.3%, 점수 40 (RS 219.9), 피벗 23,850
 [184/200] 티씨케이(064760): 패턴 미완성 (제외)
 [185/200] 동부건설(005960): 패턴 미완성 (제외)
 [186/200] 프로텍(053610): 패턴 미완성 (제외)
 [187/200] 원익IPS(240810): 패턴 미완성 (제외)
 [188/200] RISE AI반도체TOP10(0093A0): 데이터 부족 (200일 미만) (제외) | 50일등락: 61.84%
 [189/200] DL이앤씨(375500): 이평선 역배열 (50>150>200 미충족) (제외) | 50일등락: 61.56%
 [190/200] 휴림로봇(090710): 50일선 아래 (제외) | 50일등락: 61.25%
 [191/200] 삼미금속(012210): 50일선 아래 (제외) | 50일등락: 61.15%
 [192/200] 엘티씨(170920): 패턴 미완성 (제외)
 -> [★발견★] 포스코인터내셔널 (Market): 6회 수축, 마지막 9.9%, 점수 40 (RS 153.0), 피벗 79,500
 -> [★발견★] 다산네트웍스 (Market): 10회 수축, 마지막 7.0%, 점수 40 (RS 165.4), 피벗 4,525
 [195/200] 메디포스트(078160): 패턴 미완성 (제외)
 [196/200] 중앙에너비스(000440): 패턴 미완성 (제외)
 [197/200] PLUS 태양광&ESS(457990): 패턴 미완성 (제외)
 [198/200] SG세계물산(004060): 패턴 미완성 (제외)
 [199/200] 이수스페셜티케미컬(457190): 50일선 아래 (제외) | 50일등락: 59.48%
 [200/200] NH투자증권(005940): 패턴 미완성 (제외)

============================================================
 VCP 스캔 요약: 발견 42, 추세제외 49, 패턴제외 109, 에러 0
============================================================
[완료] 42개 PB 업로드 완료.
[2026-03-26 18:21:40.358970] 06_collect_stock_data.py 실행 중...
[2026-03-26 18:25:41.905540] 04_collect_news.py 실행 중...
[2026-03-26 18:27:07.645930] 05_analyze_news.py 실행 중...
[2026-03-26 18:29:12.559099] 03_visualize_vcp.py 실행 중...
