[2026-04-24 17:35:18.725041] 자동 시장 데이터 동기화 체크 중...
[2026-04-24 17:35:33.246134] 동기화 확인 완료.
[2026-04-24 17:35:33.246134] VCP 통합 스캔 시작    # [0] 대상 선정 (Phase 1)
[2026-04-24 17:35:33.249820] 대상 종목 선별 작업 시작 (Batch 모드)...
  선정 기간: 20260209 ~ 20260416 (약 50거래일 기준)
[2026-04-24 17:35:33.261260] Naver Finance에서 종목 리스트 수집 중...
  Market 0 has 49 pages.
  Market 1 has 37 pages.
[PB Utils] Successfully fetched 4256 tickers from Naver Finance.
[2026-04-24 17:35:46.281483] 투자자보호 종목(관리/정지/경보) 243개 수집 완료.
[2026-04-24 17:35:47.310972] 대상 선별 완료. (Batch 모드로 26분 -> 수 초로 단축)
[2026-04-24 17:35:47.327301] 스캔 대상 200개 상세 데이터 로딩 시작...
  - [10/200] 046970 192410 017900 900270 215790 187660 010170 049080 069540 036170 로딩 완료
  - [20/200] 221800 027040 331920 388790 072950 089230 088280 052710 357880 082920 로딩 완료
  - [30/200] 412350 038060 010820 129920 475150 032820 238090 046120 327260 360350 로딩 완료
  - [40/200] 402490 040160 035460 073540 109070 033160 100590 356680 027360 064850 로딩 완료
  - [50/200] 065770 085910 242040 066310 056360 203650 009150 009155 375500 290550 로딩 완료
  - [60/200] 052020 008350 001820 015260 079550 217730 085620 217590 232830 006360 로딩 완료
  - [70/200] 010060 322000 382800 003000 088800 109080 376900 218410 115440 003280 로딩 완료
  - [80/200] 065530 095270 115500 228670 230240 294630 007120 084850 043260 005090 로딩 완료
  - [90/200] 474610 050890 066360 084870 288980 006340 241520 347770 006110 092220 로딩 완료
  - [100/200] 017550 389030 038680 042370 321550 031980 053690 179530 290720 199800 로딩 완료
  - [110/200] 105330 131290 275630 044490 006920 393890 321260 37550L 127120 052860 로딩 완료
  - [120/200] 009415 291650 037350 089970 011070 054620 042510 058110 033790 229000 로딩 완료
  - [130/200] 127710 452280 007810 204610 024840 192250 086820 000720 098120 032500 로딩 완료
  - [140/200] 340440 160980 003030 131970 278470 241770 285800 067920 078070 112610 로딩 완료
  - [150/200] 070300 001810 476830 227950 353200 226590 053260 009580 100790 046210 로딩 완료
  - [160/200] 041520 319660 092190 187870 001290 028050 184230 159010 000150 417840 로딩 완료
  - [170/200] 023160 368770 170790 140430 077360 019210 004100 086450 330860 006260 로딩 완료
  - [180/200] 417200 042700 357580 090470 452300 091580 208710 090460 024740 064290 로딩 완료
  - [190/200] 310870 095700 296640 033130 092790 078600 046890 405000 017960 900290 로딩 완료
  - [200/200] 037230 020710 148250 258790 005960 096350 317120 080520 106190 347860 로딩 완료
[2026-04-24 17:36:01.066250] 상세 데이터 로딩 완료. (총 200개 캐싱됨)
 [1/200] 우리로(046970): 패턴 미완성 (제외)
 [2/200] 오늘이엔엠(192410): 이평선 역배열 (50>150>200 미충족) (제외) | 50일등락: 845.41%
 [3/200] 광전자(017900): 패턴 미완성 (제외)
 [4/200] 헝셩그룹(900270): 패턴 미완성 (제외)
 -> [★발견★] 이노인스트루먼트 (Market): 6회 수축, 마지막 14.9%, 점수 20 (RS 616.0), 피벗 422
 [6/200] 페니트리움바이오(187660): 패턴 미완성 (제외)
 [7/200] 대한광통신(010170): 1차 조정폭 과다 (제외)
 [8/200] 기가레인(049080): 패턴 미완성 (제외)
 [9/200] 빛과전자(069540): 패턴 미완성 (제외)
 [10/200] 에이치엠넥스(036170): 패턴 미완성 (제외)
 [11/200] 유투바이오(221800): 50일선 아래 (제외) | 50일등락: 229.32%
 [12/200] 서울전자통신(027040): 패턴 미완성 (제외)
 -> [★발견★] 셀레믹스 (Market): 4회 수축, 마지막 10.5%, 점수 60 (RS 459.2), 피벗 5,140
 [14/200] 라이콤(388790): 패턴 미완성 (제외)
 [15/200] 빛샘전자(072950): 패턴 미완성 (제외)
 [16/200] THE E&M(089230): 패턴 미완성 (제외)
 [17/200] 쏘닉스(088280): 이평선 역배열 (50>150>200 미충족) (제외) | 50일등락: 170.13%
 [18/200] 아모텍(052710): 패턴 미완성 (제외)
 [19/200] SKAI(357880): 패턴 미완성 (제외)
 [20/200] 비츠로셀(082920): 패턴 미완성 (제외)
 [21/200] 레이저쎌(412350): 패턴 미완성 (제외)
 [22/200] 루멘스(038060): 이평선 역배열 (50>150>200 미충족) (제외) | 50일등락: 150.3%
 [23/200] 퍼스텍(010820): 패턴 미완성 (제외)
 [24/200] 대성하이텍(129920): 패턴 미완성 (제외)
 [25/200] SK이터닉스(475150): 패턴 미완성 (제외)
 -> [★발견★] 우리기술 (Market): 5회 수축, 마지막 11.2%, 점수 40 (RS 756.0), 피벗 23,650
 -> [★발견★] 앤디포스 (Market): 6회 수축, 마지막 5.3%, 점수 60 (RS 208.5), 피벗 3,770
 [28/200] 오르비텍(046120): 패턴 미완성 (제외)
 [29/200] RF머트리얼즈(327260): 패턴 미완성 (제외)
 [30/200] 코셈(360350): 패턴 미완성 (제외)
 [31/200] 그린리소스(402490): 패턴 미완성 (제외)
 [32/200] 누리플렉스(040160): 패턴 미완성 (제외)
 [33/200] 기산텔레콤(035460): 패턴 미완성 (제외)
 -> [★발견★] 에프알텍 (Market): 9회 수축, 마지막 6.5%, 점수 40 (RS 243.4), 피벗 2,705
 -> [★발견★] 주성코퍼레이션 (Market): 6회 수축, 마지막 11.1%, 점수 20 (RS 219.9), 피벗 1,357
 [36/200] 엠케이전자(033160): 패턴 미완성 (제외)
 [37/200] 머큐리(100590): 패턴 미완성 (제외)
 [38/200] 엑스게이트(356680): 이평선 역배열 (50>150>200 미충족) (제외) | 50일등락: 122.27%
 -> [★발견★] 아주IB투자 (Market): 6회 수축, 마지막 9.3%, 점수 40 (RS 441.1), 피벗 9,370
 -> [★발견★] 에프앤가이드 (Market): 7회 수축, 마지막 14.0%, 점수 20 (RS 366.0), 피벗 21,400
 [41/200] CS(065770): 이평선 역배열 (50>150>200 미충족) (제외) | 50일등락: 117.87%
 -> [★발견★] 네오티스 (Market): 7회 수축, 마지막 10.9%, 점수 20 (RS 536.1), 피벗 23,800
 [43/200] 나무기술(242040): 패턴 미완성 (제외)
 [44/200] 큐에스아이(066310): 패턴 미완성 (제외)
 [45/200] 코위버(056360): 패턴 미완성 (제외)
 [46/200] 드림시큐리티(203650): 이평선 역배열 (50>150>200 미충족) (제외) | 50일등락: 111.01%
 [47/200] 삼성전기(009150): 패턴 미완성 (제외)
 [48/200] 삼성전기우(009155): 패턴 미완성 (제외)
 [49/200] DL이앤씨(375500): 패턴 미완성 (제외)
 [50/200] 디케이티(290550): 패턴 미완성 (제외)
 [51/200] 에스티큐브(052020): 패턴 미완성 (제외)
 [52/200] 남선알미늄(008350): 패턴 미완성 (제외)
 [53/200] 삼화콘덴서(001820): 패턴 미완성 (제외)
 [54/200] 에이엔피(015260): 패턴 미완성 (제외)
 [55/200] LIG디펜스앤에어로스페이스(079550): 이평선 역배열 (50>150>200 미충족) (제외) | 50일등락: 97.1%
 -> [★발견★] 강스템바이오텍 (Market): 9회 수축, 마지막 14.6%, 점수 20 (RS 242.8), 피벗 3,585
 -> [★발견★] 미래에셋생명 (Market): 8회 수축, 마지막 10.0%, 점수 70 (RS 238.3), 피벗 17,910
 [58/200] 티엠씨(217590): 데이터 부족 (200일 미만) (제외) | 50일등락: 95.84%
 [59/200] 아이티센피엔에스(232830): 이평선 역배열 (50>150>200 미충족) (제외) | 50일등락: 94.93%
 [60/200] GS건설(006360): 패턴 미완성 (제외)
 [61/200] OCI홀딩스(010060): 패턴 미완성 (제외)
 [62/200] HD현대에너지솔루션(322000): 패턴 미완성 (제외)
 [63/200] 지앤비에스 에코(382800): 이평선 역배열 (50>150>200 미충족) (제외) | 50일등락: 91.97%
 [64/200] 부광약품(003000): 패턴 미완성 (제외)
 [65/200] 에이스테크(088800): 패턴 미완성 (제외)
 [66/200] 옵티시스(109080): 이평선 역배열 (50>150>200 미충족) (제외) | 50일등락: 90.55%
 [67/200] 로킷헬스케어(376900): 패턴 미완성 (제외)
 -> [★발견★] RFHIC (Market): 8회 수축, 마지막 12.1%, 점수 20 (RS 385.0), 피벗 94,200
 [69/200] 우리넷(115440): 패턴 미완성 (제외)
 [70/200] 흥아해운(003280): 패턴 미완성 (제외)
 -> [★발견★] 와이어블 (Market): 7회 수축, 마지막 2.3%, 점수 50 (RS 192.2), 피벗 1,438
 -> [★발견★] 웨이브일렉트로 (Market): 8회 수축, 마지막 13.7%, 점수 20 (RS 176.3), 피벗 5,400
 [73/200] 케이씨에스(115500): 이평선 역배열 (50>150>200 미충족) (제외) | 50일등락: 85.98%
 [74/200] 레이(228670): 이평선 역배열 (50>150>200 미충족) (제외) | 50일등락: 82.85%
 [75/200] 에치에프알(230240): 패턴 미완성 (제외)
 -> [★발견★] 서남 (Market): 6회 수축, 마지막 7.6%, 점수 40 (RS 207.6), 피벗 4,015
 [77/200] 미래아이앤지(007120): 패턴 미완성 (제외)
 [78/200] 아이티엠반도체(084850): 이평선 역배열 (50>150>200 미충족) (제외) | 50일등락: 81.16%
 [79/200] 성호전자(043260): 패턴 미완성 (제외)
 [80/200] SGC에너지(005090): 패턴 미완성 (제외)
 [81/200] RF시스템즈(474610): 패턴 미완성 (제외)
 [82/200] 쏠리드(050890): 패턴 미완성 (제외)
 -> [★발견★] 체리부로 (Market): 8회 수축, 마지막 5.6%, 점수 60 (RS 171.8), 피벗 1,179
 -> [★발견★] TBH글로벌 (Market): 6회 수축, 마지막 13.3%, 점수 50 (RS 170.0), 피벗 2,365
 [85/200] 모아데이타(288980): 이평선 역배열 (50>150>200 미충족) (제외) | 50일등락: 75.56%
 [86/200] 대원전선(006340): 패턴 미완성 (제외)
 -> [★발견★] DSC인베스트먼트 (Market): 6회 수축, 마지막 14.9%, 점수 40 (RS 224.9), 피벗 14,960
 [88/200] 핌스(347770): 이평선 역배열 (50>150>200 미충족) (제외) | 50일등락: 75.42%
 [89/200] 삼아알미늄(006110): 패턴 미완성 (제외)
 [90/200] KEC(092220): 패턴 미완성 (제외)
 -> [★발견★] 수산세보틱스 (Market): 7회 수축, 마지막 9.5%, 점수 40 (RS 174.8), 피벗 2,035
 [92/200] 지니너스(389030): 패턴 미완성 (제외)
 [93/200] 에스넷(038680): 이평선 역배열 (50>150>200 미충족) (제외) | 50일등락: 71.82%
 -> [★발견★] 비츠로테크 (Market): 7회 수축, 마지막 10.6%, 점수 20 (RS 199.3), 피벗 12,080
 [95/200] 티움바이오(321550): 패턴 미완성 (제외)
 [96/200] 피에스케이홀딩스(031980): 패턴 미완성 (제외)
 -> [★발견★] 한미글로벌 (Market): 5회 수축, 마지막 8.3%, 점수 40 (RS 183.3), 피벗 27,200
 [98/200] 애드바이오텍(179530): 이평선 역배열 (50>150>200 미충족) (제외) | 50일등락: 68.49%
 -> [★발견★] 푸드나무 (Market): 6회 수축, 마지막 7.6%, 점수 40 (RS 195.8), 피벗 3,270
 [100/200] 툴젠(199800): 이평선 역배열 (50>150>200 미충족) (제외) | 50일등락: 67.27%
 [101/200] 케이엔더블유(105330): 패턴 미완성 (제외)
 [102/200] 티에스이(131290): 패턴 미완성 (제외)
 [103/200] 에스에스알(275630): 이평선 역배열 (50>150>200 미충족) (제외) | 50일등락: 66.18%
 [104/200] 태웅(044490): 이평선 역배열 (50>150>200 미충족) (제외) | 50일등락: 65.91%
 [105/200] 모헨즈(006920): 패턴 미완성 (제외)
 -> [★발견★] 더블유씨피 (Market): 6회 수축, 마지막 13.0%, 점수 20 (RS 220.5), 피벗 15,100
 [107/200] 프로이천(321260): 이평선 역배열 (50>150>200 미충족) (제외) | 50일등락: 65.3%
 -> [★발견★] DL이앤씨2우(전환) (Market): 8회 수축, 마지막 12.3%, 점수 20 (RS 197.8), 피벗 45,600
 [109/200] 제이에스링크(127120): 패턴 미완성 (제외)
 [110/200] 아이앤씨(052860): 패턴 미완성 (제외)
 [111/200] 태영건설우(009415): 이평선 역배열 (50>150>200 미충족) (제외) | 50일등락: 62.02%
 [112/200] 압타머사이언스(291650): 이평선 역배열 (50>150>200 미충족) (제외) | 50일등락: 61.52%
 [113/200] 성도이엔지(037350): 패턴 미완성 (제외)
 [114/200] 브이엠(089970): 패턴 미완성 (제외)
 [115/200] LG이노텍(011070): 패턴 미완성 (제외)
 [116/200] APS(054620): 패턴 미완성 (제외)
 [117/200] 라온시큐어(042510): 이평선 역배열 (50>150>200 미충족) (제외) | 50일등락: 60.86%
 [118/200] 멕아이씨에스(058110): 이평선 역배열 (50>150>200 미충족) (제외) | 50일등락: 60.75%
 [119/200] 피노(033790): 패턴 미완성 (제외)
 [120/200] 젠큐릭스(229000): 50일선 아래 (제외) | 50일등락: 60.32%
 [121/200] 아시아경제(127710): 패턴 미완성 (제외)
 [122/200] 한선엔지니어링(452280): 패턴 미완성 (제외)
 [123/200] 코리아써키트(007810): 패턴 미완성 (제외)
 [124/200] 티쓰리(204610): 이평선 역배열 (50>150>200 미충족) (제외) | 50일등락: 58.3%
 [125/200] KBI메탈(024840): 이평선 역배열 (50>150>200 미충족) (제외) | 50일등락: 57.97%
 [126/200] 케이사인(192250): 이평선 역배열 (50>150>200 미충족) (제외) | 50일등락: 57.7%
 [127/200] 바이오솔루션(086820): 패턴 미완성 (제외)
 -> [★발견★] 현대건설 (Market): 7회 수축, 마지막 6.7%, 점수 60 (RS 285.8), 피벗 188,700
 [129/200] 마이크로컨텍솔(098120): 1차 조정폭 과다 (제외)
 [130/200] 케이엠더블유(032500): 패턴 미완성 (제외)
 [131/200] 세림B&G(340440): 이평선 역배열 (50>150>200 미충족) (제외) | 50일등락: 56.73%
 -> [★발견★] 싸이맥스 (Market): 6회 수축, 마지막 13.2%, 점수 40 (RS 221.1), 피벗 23,050
 [133/200] 세아제강지주(003030): 이평선 역배열 (50>150>200 미충족) (제외) | 50일등락: 56.16%
 [134/200] 두산테스나(131970): 패턴 미완성 (제외)
 -> [★발견★] 에이피알 (Market): 9회 수축, 마지막 7.7%, 점수 60 (RS 289.3), 피벗 344,500
 -> [★발견★] 메카로 (Market): 7회 수축, 마지막 10.5%, 점수 40 (RS 233.7), 피벗 39,900
 [137/200] 진영(285800): 이평선 역배열 (50>150>200 미충족) (제외) | 50일등락: 55.53%
 [138/200] 이글루(067920): 이평선 역배열 (50>150>200 미충족) (제외) | 50일등락: 55.19%
 -> [★발견★] 유비쿼스홀딩스 (Market): 6회 수축, 마지막 14.3%, 점수 20 (RS 162.7), 피벗 16,960
 [140/200] 씨에스윈드(112610): 패턴 미완성 (제외)
 -> [★발견★] 엑스큐어 (Market): 6회 수축, 마지막 6.6%, 점수 40 (RS 197.8), 피벗 1,977
 [142/200] 무림SP(001810): 이평선 역배열 (50>150>200 미충족) (제외) | 50일등락: 54.28%
 [143/200] 알지노믹스(476830): 데이터 부족 (200일 미만) (제외) | 50일등락: 53.53%
 [144/200] 엔투텍(227950): 이평선 역배열 (50>150>200 미충족) (제외) | 50일등락: 53.52%
 [145/200] 대덕전자(353200): 패턴 미완성 (제외)
 [146/200] 엠디바이스(226590): 1차 조정폭 과다 (제외)
 [147/200] 금강철강(053260): 이평선 역배열 (50>150>200 미충족) (제외) | 50일등락: 53.02%
 [148/200] 무림P&P(009580): 이평선 역배열 (50>150>200 미충족) (제외) | 50일등락: 52.99%
 [149/200] 미래에셋벤처투자(100790): 패턴 미완성 (제외)
 [150/200] HLB파나진(046210): 이평선 역배열 (50>150>200 미충족) (제외) | 50일등락: 52.93%
 [151/200] 이엘씨(041520): 이평선 역배열 (50>150>200 미충족) (제외) | 50일등락: 52.84%
 [152/200] 피에스케이(319660): 패턴 미완성 (제외)
 [153/200] 서울바이오시스(092190): 이평선 역배열 (50>150>200 미충족) (제외) | 50일등락: 52.46%
 [154/200] 디바이스(187870): 패턴 미완성 (제외)
 [155/200] 상상인증권(001290): 패턴 미완성 (제외)
 -> [★발견★] 삼성E&A (Market): 7회 수축, 마지막 8.5%, 점수 40 (RS 209.8), 피벗 35,950
 [157/200] SGA솔루션즈(184230): 이평선 역배열 (50>150>200 미충족) (제외) | 50일등락: 51.16%
 -> [★발견★] 아스플로 (Market): 7회 수축, 마지막 9.0%, 점수 40 (RS 171.4), 피벗 5,650
 [159/200] 두산(000150): 패턴 미완성 (제외)
 [160/200] 저스템(417840): 패턴 미완성 (제외)
 -> [★발견★] 태광 (Market): 7회 수축, 마지막 4.7%, 점수 50 (RS 183.2), 피벗 35,850
 -> [★발견★] 파이버프로 (Market): 10회 수축, 마지막 14.2%, 점수 20 (RS 316.2), 피벗 23,550
 [163/200] 파이오링크(170790): 이평선 역배열 (50>150>200 미충족) (제외) | 50일등락: 49.75%
 [164/200] 카티스(140430): 이평선 역배열 (50>150>200 미충족) (제외) | 50일등락: 49.52%
 [165/200] 덕산하이메탈(077360): 패턴 미완성 (제외)
 [166/200] 와이지-원(019210): 패턴 미완성 (제외)
 [167/200] 태양금속(004100): 패턴 미완성 (제외)
 [168/200] 동국제약(086450): 패턴 미완성 (제외)
 [169/200] 네패스아크(330860): 패턴 미완성 (제외)
 [170/200] LS(006260): 패턴 미완성 (제외)
 -> [★발견★] LS머트리얼즈 (Market): 9회 수축, 마지막 9.0%, 점수 60 (RS 207.7), 피벗 20,900
 [172/200] 한미반도체(042700): 패턴 미완성 (제외)
 [173/200] 아모센스(357580): 패턴 미완성 (제외)
 [174/200] 제이스텍(090470): 패턴 미완성 (제외)
 [175/200] 캡스톤파트너스(452300): 이평선 역배열 (50>150>200 미충족) (제외) | 50일등락: 47.19%
 -> [★발견★] 상신이디피 (Market): 6회 수축, 마지막 9.9%, 점수 40 (RS 235.7), 피벗 23,300
 [177/200] 포톤(208710): 이평선 역배열 (50>150>200 미충족) (제외) | 50일등락: 47.02%
 -> [★발견★] 비에이치 (Market): 6회 수축, 마지막 12.8%, 점수 20 (RS 202.1), 피벗 23,000
 [179/200] 한일단조(024740): 패턴 미완성 (제외)
 [180/200] 인텍플러스(064290): 패턴 미완성 (제외)
 [181/200] 디와이씨(310870): 이평선 역배열 (50>150>200 미충족) (제외) | 50일등락: 45.81%
 [182/200] 제넥신(095700): 이평선 역배열 (50>150>200 미충족) (제외) | 50일등락: 45.78%
 [183/200] 이노에이엑스(296640): 이평선 역배열 (50>150>200 미충족) (제외) | 50일등락: 45.52%
 [184/200] 디지틀조선(033130): 패턴 미완성 (제외)
 [185/200] 넥스틸(092790): 이평선 역배열 (50>150>200 미충족) (제외) | 50일등락: 45.5%
 [186/200] 대주전자재료(078600): 패턴 미완성 (제외)
 -> [★발견★] 서울반도체 (Market): 7회 수축, 마지막 8.4%, 점수 60 (RS 171.5), 피벗 11,460
 [188/200] 플라즈맵(405000): 이평선 역배열 (50>150>200 미충족) (제외) | 50일등락: 45.31%
 [189/200] 한국카본(017960): 패턴 미완성 (제외)
 [190/200] GRT(900290): 패턴 미완성 (제외)
 [191/200] 한국팩키지(037230): 이평선 역배열 (50>150>200 미충족) (제외) | 50일등락: 44.99%
 -> [★발견★] 시공테크 (Market): 7회 수축, 마지막 4.0%, 점수 50 (RS 141.6), 피벗 4,105
 [193/200] 알엔투테크놀로지(148250): 200일선 아래 (제외) | 50일등락: 43.99%
 [194/200] 소프트캠프(258790): 이평선 역배열 (50>150>200 미충족) (제외) | 50일등락: 43.82%
 [195/200] 동부건설(005960): 패턴 미완성 (제외)
 [196/200] 대창솔루션(096350): 패턴 미완성 (제외)
 [197/200] 라닉스(317120): 이평선 역배열 (50>150>200 미충족) (제외) | 50일등락: 42.65%
 [198/200] 오디텍(080520): 패턴 미완성 (제외)
 [199/200] 하이텍팜(106190): 패턴 미완성 (제외)
 [200/200] 알체라(347860): 이평선 역배열 (50>150>200 미충족) (제외) | 50일등락: 41.95%

============================================================
 VCP 스캔 요약: 발견 39, 추세제외 58, 패턴제외 103, 에러 0
============================================================
[완료] 39개 PB 업로드 완료.
[2026-04-24 17:36:02.386425] 06_collect_stock_data.py 실행 중: 상세 데이터 수집 중...
[2026-04-24 17:39:33.546779] 07_calc_portfolio.py 실행 중: 수익률 및 포트폴리오 계산 중...
[2026-04-24 17:39:49.987783] 04_collect_news.py 실행 중: 네이버 뉴스 수집 중...
[2026-04-24 17:40:23.861730] 05_analyze_news.py 실행 중: AI 뉴스 감성 분석 중...
[2026-04-24 17:47:49.534389] 03_visualize_vcp.py 실행 중: VCP 분석 차트 생성 중...
