[2026-02-14 13:34:04.033800] VCP 통합 스캔 시작 (Target Date: 20260212)
[2026-02-14 13:34:04.035330] 대상 종목 선별 작업 시작...
기준 기간: 20251204 ~ 20260212 (약 50일)

[KOSPI] 데이터 수집 중...
[KOSPI] 상위 30개 선정 완료.
            종목명     등락률
티커                     
012200     계양전기  441.28
45226K  한화갤러리아우  368.69
004310     현대약품  258.96
001430  세아베스틸지주  161.59
084670     동양고속  159.02

[KOSDAQ] 데이터 수집 중...
[KOSDAQ] 상위 30개 선정 완료.
           종목명       등락률
티커                      
052670   제일바이오  17520.19
043260    성호전자    688.30
065170    비엘팜텍    608.47
347700     스피어    389.82
0009K0  에임드바이오    384.55

총 60개 선정 종목에 대해 VCP 스캔 진행 중...
 -> [발견] 한화갤러리아우 (KOSPI): 11진동, 마지막 9.7%, 점수 80 (Jump 50)
 -> [발견] 미래에셋증권 (KOSPI): 6진동, 마지막 5.6%, 점수 50 (Jump 60)
 -> [발견] 한화갤러리아 (KOSPI): 9진동, 마지막 7.4%, 점수 70 (Jump 50)
 -> [발견] 효성티앤씨 (KOSPI): 7진동, 마지막 8.1%, 점수 50 (Jump 30)
 -> [발견] 에이플러스에셋 (KOSPI): 6진동, 마지막 4.5%, 점수 80 (Jump 80)
 -> [발견] 아이에스동서 (KOSPI): 6진동, 마지막 6.8%, 점수 50 (Jump 30)
 -> [발견] 현대지에프홀딩스 (KOSPI): 5진동, 마지막 9.6%, 점수 50 (Jump 30)
 -> [발견] 한농화성 (KOSPI): 6진동, 마지막 5.6%, 점수 50 (Jump 60)
 -> [발견] 인텔리안테크 (KOSDAQ): 6진동, 마지막 7.8%, 점수 50 (Jump 30)
 -> [발견] DXVX (KOSDAQ): 9진동, 마지막 9.3%, 점수 50 (Jump 30)
 -> [발견] 루미르 (KOSDAQ): 6진동, 마지막 7.1%, 점수 50 (Jump 30)

[완료] 11개 VCP 후보 종목 추출 완료.
결과 파일: E:\Downloads\Antigravity Project\ClosingSHIN\Scripts\results\vcp_report_20260212.csv

[2026-02-14 13:34:21.563766] 후속 데이터 수집 스크립트 자동 실행 (Target: 11개)
Command: E:\Downloads\Antigravity Project\ClosingSHIN\venv\Scripts\python.exe E:\Downloads\Antigravity Project\ClosingSHIN\Scripts\06_collect_stock_data.py --date 20260212 --parent
[2026-02-14 13:34:23.617243] 후속 데이터 수집 및 병합 완료.

[2026-02-14 13:34:23.618604] 뉴스 데이터 수집 스크립트 실행...

[2026-02-14 13:34:26.639141] AI 뉴스 분석 스크립트 실행...
[2026-02-14 13:35:41.393555] 모든 분석 및 데이터 생성 완료.
