[2026-02-24 18:29:31.831867] VCP 통합 스캔 시작 (Target Date: 20260220)
[2026-02-24 18:29:31.832884] 대상 종목 선별 작업 시작...
기준 기간: 20251212 ~ 20260220 (약 50일)

[KOSPI] 데이터 수집 중...
[KOSPI] 상위 100개 선정 완료.
            종목명     등락률
티커                     
45226K  한화갤러리아우  403.86
012200     계양전기  352.50
006800   미래에셋증권  231.31
001510     SK증권  187.98
452260   한화갤러리아  170.30

[KOSDAQ] 데이터 수집 중...
[KOSDAQ] 상위 100개 선정 완료.
          종목명       등락률
티커                     
052670  제일바이오  15284.62
065170   비엘팜텍    687.90
347700    스피어    381.54
043260   성호전자    339.77
032820   우리기술    274.53

총 200개 선정 종목에 대해 VCP 스캔 진행 중...
 -> [발견] 한화갤러리아우 (KOSPI): 9진동, 마지막 9.7%, 점수 80 (Jump 50), 피벗 11,070 (+6.1%)
 -> [발견] 미래에셋증권 (KOSPI): 6진동, 마지막 5.6%, 점수 50 (Jump 60), 피벗 28,700 (-59.5%)
 -> [발견] 한화갤러리아 (KOSPI): 9진동, 마지막 7.4%, 점수 50 (Jump 30), 피벗 2,235 (-23.7%)
 -> [발견] 한화생명 (KOSPI): 7진동, 마지막 5.8%, 점수 50 (Jump 60), 피벗 3,385 (-48.7%)
 -> [발견] 대우건설 (KOSPI): 5진동, 마지막 5.0%, 점수 60 (Jump 60), 피벗 3,835 (-50.8%)
 -> [발견] 디아이 (KOSPI): 8진동, 마지막 6.7%, 점수 50 (Jump 30), 피벗 37,200 (+2.2%)
 -> [발견] 현대건설 (KOSPI): 6진동, 마지막 9.5%, 점수 70 (Jump 50), 피벗 109,200 (-14.9%)
 -> [발견] 신영증권 (KOSPI): 9진동, 마지막 7.3%, 점수 50 (Jump 30), 피벗 192,000 (-21.0%)
 -> [발견] 광동제약 (KOSPI): 5진동, 마지막 2.7%, 점수 60 (Jump 80), 피벗 5,850 (-43.8%)
 -> [발견] 효성티앤씨 (KOSPI): 7진동, 마지막 8.1%, 점수 50 (Jump 30), 피벗 414,500 (+5.3%)
 -> [발견] 현대차증권 (KOSPI): 7진동, 마지막 4.6%, 점수 60 (Jump 40), 피벗 9,670 (-29.1%)
 -> [발견] DB증권 (KOSPI): 7진동, 마지막 5.8%, 점수 50 (Jump 60), 피벗 13,600 (-22.5%)
 -> [발견] 현대지에프홀딩스 (KOSPI): 5진동, 마지막 9.6%, 점수 50 (Jump 30), 피벗 8,750 (-39.0%)
 -> [발견] 삼성전자우 (KOSPI): 3진동, 마지막 6.8%, 점수 60 (Jump 30), 피벗 120,600 (-10.7%)
 -> [발견] 한미반도체 (KOSPI): 5진동, 마지막 11.3%, 점수 30 (Jump 10), 피벗 211,000 (+5.2%)
 -> [발견] 한국항공우주 (KOSPI): 7진동, 마지막 7.5%, 점수 50 (Jump 10), 피벗 171,200 (-3.8%)
 -> [발견] 우진플라임 (KOSPI): 6진동, 마지막 3.9%, 점수 60 (Jump 60), 피벗 1,957 (-36.2%)
 -> [발견] 한전기술 (KOSPI): 4진동, 마지막 4.4%, 점수 70 (Jump 60), 피벗 151,700 (-7.1%)
 -> [발견] 성문전자 (KOSPI): 6진동, 마지막 11.6%, 점수 60 (Jump 50), 피벗 2,045 (+9.6%)
 -> [발견] 에이플러스에셋 (KOSPI): 6진동, 마지막 4.5%, 점수 60 (Jump 60), 피벗 11,000 (-21.6%)
 -> [발견] 팜스코 (KOSPI): 8진동, 마지막 8.4%, 점수 50 (Jump 10), 피벗 3,965 (-1.9%)
 -> [발견] 한화 (KOSPI): 7진동, 마지막 7.9%, 점수 70 (Jump 50), 피벗 122,900 (-3.1%)
 -> [발견] 한농화성 (KOSPI): 5진동, 마지막 5.6%, 점수 50 (Jump 60), 피벗 26,000 (+5.5%)
 -> [발견] 동부건설 (KOSPI): 5진동, 마지막 4.9%, 점수 60 (Jump 60), 피벗 5,520 (-36.8%)
 -> [발견] S-Oil (KOSPI): 5진동, 마지막 7.7%, 점수 50 (Jump 10), 피벗 105,900 (-11.8%)
 -> [발견] CJ대한통운 (KOSPI): 8진동, 마지막 2.7%, 점수 60 (Jump 80), 피벗 99,600 (-28.2%)
 -> [발견] 화신 (KOSPI): 4진동, 마지막 9.1%, 점수 60 (Jump 30), 피벗 9,780 (-22.9%)
 -> [발견] 아이에스동서 (KOSPI): 5진동, 마지막 6.8%, 점수 50 (Jump 30), 피벗 23,600 (-26.4%)
 -> [발견] 다올투자증권 (KOSPI): 8진동, 마지막 5.9%, 점수 50 (Jump 60), 피벗 4,140 (-18.5%)
 -> [발견] 삼성EA (KOSPI): 8진동, 마지막 4.2%, 점수 60 (Jump 40), 피벗 32,150 (-9.7%)
 -> [발견] HD현대 (KOSPI): 5진동, 마지막 14.1%, 점수 30 (Jump 30), 피벗 259,500 (-11.1%)
 -> [발견] 신성이엔지 (KOSPI): 7진동, 마지막 5.5%, 점수 50 (Jump 60), 피벗 1,662 (-28.4%)
 -> [발견] LX인터내셔널 (KOSPI): 7진동, 마지막 4.8%, 점수 60 (Jump 60), 피벗 37,650 (-21.1%)
 -> [발견] 스피어 (KOSDAQ): 6진동, 마지막 11.3%, 점수 30 (Jump 30), 피벗 19,250 (-57.8%)
 -> [발견] 우리기술 (KOSDAQ): 5진동, 마지막 10.1%, 점수 30 (Jump 30), 피벗 4,045 (-72.8%)
 -> [발견] 유투바이오 (KOSDAQ): 6진동, 마지막 10.2%, 점수 30 (Jump 30), 피벗 4,990 (-73.8%)
 -> [발견] 현대ADM (KOSDAQ): 7진동, 마지막 11.2%, 점수 30 (Jump 30), 피벗 3,380 (-63.6%)
 -> [발견] DXVX (KOSDAQ): 9진동, 마지막 9.3%, 점수 70 (Jump 50), 피벗 4,090 (-20.0%)
 -> [발견] 인텔리안테크 (KOSDAQ): 6진동, 마지막 7.8%, 점수 50 (Jump 30), 피벗 74,200 (-38.9%)
 -> [발견] 큐라클 (KOSDAQ): 9진동, 마지막 5.2%, 점수 50 (Jump 60), 피벗 12,780 (-22.6%)
 -> [발견] 휴림로봇 (KOSDAQ): 9진동, 마지막 4.6%, 점수 90 (Jump 80), 피벗 14,670 (+2.7%)
 -> [발견] 나노팀 (KOSDAQ): 9진동, 마지막 14.2%, 점수 50 (Jump 50), 피벗 13,960 (+16.5%)
 -> [발견] 선익시스템 (KOSDAQ): 5진동, 마지막 10.5%, 점수 30 (Jump 30), 피벗 64,800 (-50.5%)
 -> [발견] 제주반도체 (KOSDAQ): 9진동, 마지막 5.7%, 점수 50 (Jump 60), 피벗 47,300 (+3.5%)
 -> [발견] 미래에셋벤처투자 (KOSDAQ): 7진동, 마지막 11.5%, 점수 50 (Jump 50), 피벗 25,300 (+8.6%)
 -> [발견] RF머트리얼즈 (KOSDAQ): 6진동, 마지막 11.5%, 점수 30 (Jump 30), 피벗 25,550 (-43.2%)
 -> [발견] 아주IB투자 (KOSDAQ): 6진동, 마지막 9.3%, 점수 70 (Jump 50), 피벗 5,110 (+3.4%)
 -> [발견] 덕산하이메탈 (KOSDAQ): 10진동, 마지막 12.4%, 점수 30 (Jump 10), 피벗 11,900 (-7.8%)
 -> [발견] 알톤 (KOSDAQ): 7진동, 마지막 10.5%, 점수 60 (Jump 50), 피벗 3,145 (+11.7%)
 -> [발견] 삼양엔씨켐 (KOSDAQ): 4진동, 마지막 14.7%, 점수 40 (Jump 30), 피벗 14,425 (-36.3%)
 -> [발견] 케어젠 (KOSDAQ): 9진동, 마지막 8.6%, 점수 70 (Jump 50), 피벗 126,000 (-16.1%)
 -> [발견] DSC인베스트먼트 (KOSDAQ): 7진동, 마지막 9.5%, 점수 50 (Jump 30), 피벗 7,920 (-46.2%)
 -> [발견] 삼보모터스 (KOSDAQ): 8진동, 마지막 13.7%, 점수 60 (Jump 50), 피벗 8,300 (+1.5%)
 -> [발견] 제이에스링크 (KOSDAQ): 8진동, 마지막 7.7%, 점수 50 (Jump 30), 피벗 31,050 (-14.9%)
 -> [발견] RFHIC (KOSDAQ): 7진동, 마지막 9.0%, 점수 50 (Jump 30), 피벗 50,600 (-19.9%)
 -> [발견] 에스앤에스텍 (KOSDAQ): 6진동, 마지막 5.7%, 점수 70 (Jump 80), 피벗 93,700 (-1.3%)
 -> [발견] 에이치엠넥스 (KOSDAQ): 7진동, 마지막 9.9%, 점수 80 (Jump 50), 피벗 1,798 (+3.7%)
 -> [발견] 와토스코리아 (KOSDAQ): 8진동, 마지막 6.0%, 점수 50 (Jump 30), 피벗 7,000 (-39.0%)
 -> [발견] 원익IPS (KOSDAQ): 5진동, 마지막 8.8%, 점수 50 (Jump 30), 피벗 80,400 (-32.6%)
 -> [발견] 테스 (KOSDAQ): 8진동, 마지막 11.1%, 점수 30 (Jump 30), 피벗 72,200 (-2.2%)
 -> [발견] 저스템 (KOSDAQ): 8진동, 마지막 12.9%, 점수 60 (Jump 50), 피벗 7,500 (+13.6%)
 -> [발견] 엑시콘 (KOSDAQ): 7진동, 마지막 5.6%, 점수 70 (Jump 80), 피벗 28,350 (-4.2%)
 -> [발견] 피에스케이 (KOSDAQ): 8진동, 마지막 12.7%, 점수 30 (Jump 10), 피벗 61,500 (+1.5%)
 -> [발견] 기가비스 (KOSDAQ): 5진동, 마지막 11.8%, 점수 30 (Jump 30), 피벗 65,100 (+10.3%)
 -> [발견] 엘앤씨바이오 (KOSDAQ): 7진동, 마지막 9.5%, 점수 70 (Jump 50), 피벗 94,300 (-20.3%)
 -> [발견] 씨아이에스 (KOSDAQ): 6진동, 마지막 5.6%, 점수 50 (Jump 60), 피벗 6,990 (-49.5%)
 -> [발견] SFA반도체 (KOSDAQ): 9진동, 마지막 12.1%, 점수 30 (Jump 10), 피벗 7,840 (+7.2%)
 -> [발견] 유진테크 (KOSDAQ): 6진동, 마지막 13.1%, 점수 30 (Jump 30), 피벗 111,000 (-18.1%)

[완료] 68개 VCP 후보 종목 추출 완료.
결과 파일: E:\Downloads\Antigravity Project\ClosingSHIN\Scripts\results\vcp_report_20260220.csv

[2026-02-24 18:30:10.987649] 후속 데이터 수집 스크립트 자동 실행 (Target: 68개)
Command: E:\Downloads\Antigravity Project\ClosingSHIN\venv\Scripts\pythonw.exe E:\Downloads\Antigravity Project\ClosingSHIN\Scripts\06_collect_stock_data.py --date 20260220 --parent
[2026-02-24 18:34:09.560614] 후속 데이터 수집 및 병합 완료.

[2026-02-24 18:34:09.561177] 뉴스 데이터 수집 스크립트 실행...
Target Date (Anchor): 2026-02-20 23:59:59+09:00
Reading target list from E:\Downloads\Antigravity Project\ClosingSHIN\Scripts\results\vcp_report_20260220.csv...
Output will be saved to E:\Downloads\Antigravity Project\ClosingSHIN\Scripts\results\news_report_20260220.csv
Fetching news for 휴림로봇 (090710)...
  -> Found 0 valid articles. Selected top 0.
Fetching news for 한화갤러리아우 (45226K)...
  -> Found 5 valid articles. Selected top 3.
Fetching news for 에이치엠넥스 (036170)...
  -> Found 0 valid articles. Selected top 0.
Fetching news for 에스앤에스텍 (101490)...
  -> Found 10 valid articles. Selected top 3.
Fetching news for 한전기술 (052690)...
  -> Found 0 valid articles. Selected top 0.
Fetching news for 케어젠 (214370)...
  -> Found 0 valid articles. Selected top 0.
Fetching news for 현대건설 (000720)...
  -> Found 0 valid articles. Selected top 0.
Fetching news for 아주IB투자 (027360)...
  -> Found 6 valid articles. Selected top 3.
Fetching news for 한화 (000880)...
  -> Found 0 valid articles. Selected top 0.
Fetching news for 엑시콘 (092870)...
  -> Found 8 valid articles. Selected top 3.
Fetching news for DXVX (180400)...
  -> Found 7 valid articles. Selected top 3.
Fetching news for 엘앤씨바이오 (290650)...
  -> Found 1 valid articles. Selected top 1.
Fetching news for 화신 (010690)...
  -> Found 0 valid articles. Selected top 0.
Fetching news for CJ대한통운 (000120)...
  -> Found 0 valid articles. Selected top 0.
Fetching news for 저스템 (417840)...
  -> Found 0 valid articles. Selected top 0.
Fetching news for LX인터내셔널 (001120)...
  -> Found 11 valid articles. Selected top 3.
Fetching news for 알톤 (123750)...
  -> Found 3 valid articles. Selected top 3.
Fetching news for 삼보모터스 (053700)...
  -> Found 7 valid articles. Selected top 3.
Fetching news for 동부건설 (005960)...
  -> Found 0 valid articles. Selected top 0.
Fetching news for 삼성EA (028050)...
  -> Found 0 valid articles. Selected top 0.
Fetching news for 에이플러스에셋 (244920)...
  -> Found 8 valid articles. Selected top 3.
Fetching news for 광동제약 (009290)...
  -> Found 0 valid articles. Selected top 0.
Fetching news for 성문전자 (014910)...
  -> Found 7 valid articles. Selected top 3.
Fetching news for 현대차증권 (001500)...
  -> Found 0 valid articles. Selected top 0.
Fetching news for 우진플라임 (049800)...
  -> Found 15 valid articles. Selected top 3.
Fetching news for 대우건설 (047040)...
  -> Found 0 valid articles. Selected top 0.
Fetching news for 삼성전자우 (005935)...
  -> Found 0 valid articles. Selected top 0.
Fetching news for 나노팀 (417010)...
  -> Found 9 valid articles. Selected top 3.
Fetching news for 제주반도체 (080220)...
  -> Found 0 valid articles. Selected top 0.
Fetching news for 미래에셋벤처투자 (100790)...
  -> Found 5 valid articles. Selected top 3.
Fetching news for 효성티앤씨 (298020)...
  -> Found 0 valid articles. Selected top 0.
Fetching news for 팜스코 (036580)...
  -> Found 6 valid articles. Selected top 3.
Fetching news for 신영증권 (001720)...
  -> Found 0 valid articles. Selected top 0.
Fetching news for DB증권 (016610)...
  -> Found 0 valid articles. Selected top 0.
Fetching news for DSC인베스트먼트 (241520)...
  -> Found 0 valid articles. Selected top 0.
Fetching news for 제이에스링크 (127120)...
  -> Found 5 valid articles. Selected top 3.
Fetching news for RFHIC (218410)...
  -> Found 6 valid articles. Selected top 3.
Fetching news for 한화생명 (088350)...
  -> Found 0 valid articles. Selected top 0.
Fetching news for 한화갤러리아 (452260)...
  -> Found 0 valid articles. Selected top 0.
Fetching news for 디아이 (003160)...
  -> Found 13 valid articles. Selected top 3.
Fetching news for 큐라클 (365270)...
  -> Found 9 valid articles. Selected top 3.
Fetching news for 인텔리안테크 (189300)...
  -> Found 13 valid articles. Selected top 3.
Fetching news for 씨아이에스 (222080)...
  -> Found 0 valid articles. Selected top 0.
Fetching news for 한농화성 (011500)...
  -> Found 2 valid articles. Selected top 2.
Fetching news for S-Oil (010950)...
  -> Found 0 valid articles. Selected top 0.
Fetching news for 한국항공우주 (047810)...
  -> Found 0 valid articles. Selected top 0.
Fetching news for 아이에스동서 (010780)...
  -> Found 0 valid articles. Selected top 0.
Fetching news for 다올투자증권 (030210)...
  -> Found 0 valid articles. Selected top 0.
Fetching news for 원익IPS (240810)...
  -> Found 0 valid articles. Selected top 0.
Fetching news for 와토스코리아 (079000)...
  -> Found 9 valid articles. Selected top 3.
Fetching news for 현대지에프홀딩스 (005440)...
  -> Found 2 valid articles. Selected top 2.
Fetching news for 신성이엔지 (011930)...
  -> Found 0 valid articles. Selected top 0.
Fetching news for 미래에셋증권 (006800)...
  -> Found 0 valid articles. Selected top 0.
Fetching news for 삼양엔씨켐 (482630)...
  -> Found 5 valid articles. Selected top 3.
Fetching news for 테스 (095610)...
  -> Found 0 valid articles. Selected top 0.
Fetching news for SFA반도체 (036540)...
  -> Found 12 valid articles. Selected top 3.
Fetching news for 기가비스 (420770)...
  -> Found 7 valid articles. Selected top 3.
Fetching news for 피에스케이 (319660)...
  -> Found 0 valid articles. Selected top 0.
Fetching news for 우리기술 (032820)...
  -> Found 0 valid articles. Selected top 0.
Fetching news for 덕산하이메탈 (077360)...
  -> Found 9 valid articles. Selected top 3.
Fetching news for RF머트리얼즈 (327260)...
  -> Found 12 valid articles. Selected top 3.
Fetching news for 선익시스템 (171090)...
  -> Found 0 valid articles. Selected top 0.
Fetching news for 현대ADM (187660)...
  -> Found 0 valid articles. Selected top 0.
Fetching news for 유투바이오 (221800)...
  -> Found 0 valid articles. Selected top 0.
Fetching news for 스피어 (347700)...
  -> Found 0 valid articles. Selected top 0.
Fetching news for HD현대 (267250)...
  -> Found 0 valid articles. Selected top 0.
Fetching news for 한미반도체 (042700)...
  -> Found 0 valid articles. Selected top 0.
Fetching news for 유진테크 (084370)...
  -> Found 0 valid articles. Selected top 0.
Saving 80 news items to E:\Downloads\Antigravity Project\ClosingSHIN\Scripts\results\news_report_20260220.csv...
Done.


[2026-02-24 18:34:27.432140] AI 뉴스 분석 스크립트 실행...
Reading news from E:\Downloads\Antigravity Project\ClosingSHIN\Scripts\results\news_report_20260220.csv...
Output will be saved to E:\Downloads\Antigravity Project\ClosingSHIN\Scripts\results\news_analysis_20260220.csv
Analyzing 80 articles...
[1/80] Analyzing 한화갤러리아우 - [상대강도과열 종목] 흥국화재 다원넥스뷰 퍼스텍 SK증...
[2/80] Analyzing 한화갤러리아우 - [이격도과열 종목] 광동제약 미래에셋생명 보성파워텍 한...
[3/80] Analyzing 한화갤러리아우 - 한화갤러리아·한화갤러리아우, 상승에 급등...특히 한화...
[4/80] Analyzing 에스앤에스텍 - ‘금융·원전·반도체’ K증시 이끈다…신고가 속출 랠리 ...
[5/80] Analyzing 에스앤에스텍 - [이슈플러스] 이상일 용인시장 “반도체 클러스터 이전은...
[6/80] Analyzing 에스앤에스텍 - 엔비디아도 주목한 기술력… 한미반도체, '하이브리드 본...
[7/80] Analyzing 아주IB투자 - K-반도체 호황에 변수로 떠오른 중국 반도체...
[8/80] Analyzing 아주IB투자 - 극한의 열기도 견디는 K-합금… 스피어, 글로벌 발사체...
[9/80] Analyzing 아주IB투자 - [VC 주주환원 점검] 상장 17곳 중 11곳만 배당…...
[10/80] Analyzing 엑시콘 - 엔비디아도 주목한 기술력… 한미반도체, '하이브리드 본...
[11/80] Analyzing 엑시콘 - 반도체 장비 관련주, '봄꽃만개' 엔투텍·유니테스트·테...
[12/80] Analyzing 엑시콘 - 아스플로, 단순 부품서 '모듈화'로 승부수… 반도체 장...
[13/80] Analyzing DXVX - DXVX, '한국형 ARPA-H' 2단계 최종 선정…m...
[14/80] Analyzing DXVX - 중국인들, 이제 한국 비타민만 찾는다...콜마비앤에이치...
[15/80] Analyzing DXVX - 케어젠, 코글루타이드 멕시코 등록…케어젠 주가는 18....
[16/80] Analyzing 엘앤씨바이오 - [공시속보] 엘앤씨바이오, 투자주의종목 지정예고→단기 ...
[17/80] Analyzing LX인터내셔널 - 배당주 투자 안 늦었다…지금 매수할 분리과세 수혜주는...
[18/80] Analyzing LX인터내셔널 - 에너지 안보 핵심 '해외자원개발'… 민관 협력 속도 낸...
[19/80] Analyzing LX인터내셔널 - [대기업 리스크 엑스레이] LX판토스 상장 지연, 중복...
[20/80] Analyzing 알톤 - ‘실적 씽씽’ 삼천리·알톤…전기자전거 앞세워 수익성 개...
[21/80] Analyzing 알톤 - 지주사 저평가는 옛말… 이녹스, 2차전지 소재 실적 가...
[22/80] Analyzing 알톤 - 자전거 '빅3' 2026년 이렇게 간다…디자인·배터리·...
[23/80] Analyzing 삼보모터스 - 자율주행차 관련주, '함박웃음' 삼성전기·삼성전자·삼보...
[24/80] Analyzing 삼보모터스 - 코스피 5천600 시대...지역 제조 기업들도 주가 '...
[25/80] Analyzing 삼보모터스 - 대구시, AI로 제조업 체질 확 바꾼다...
[26/80] Analyzing 에이플러스에셋 - 행동주의 주주 압박, GA·지방지주까지 확산...
[27/80] Analyzing 에이플러스에셋 - [ESG] 에이플러스에셋, 한국환경운동본부 환경교육·보...
[28/80] Analyzing 에이플러스에셋 - [오늘의 보험·카드소식] 교보생명·KB손보·DB손보·손...
[29/80] Analyzing 성문전자 - [주요공시] 2월 20일 오후...
[30/80] Analyzing 성문전자 - [오늘의 주요공시] 달바글로벌ㆍ삼성중공업ㆍ한화시스템 등...
[31/80] Analyzing 성문전자 - 프린터 넘고 가전까지… 성호전자, 전원공급장치 시장의 ...
[32/80] Analyzing 우진플라임 - “이 종목 왜 몰랐지?”···코스피 ‘불장’ 속 2주 ...
[33/80] Analyzing 우진플라임 - [서울데이터랩]2월 20일 코스피 주요 종목 마감시황...
[34/80] Analyzing 우진플라임 - 외산 밀어낸 K-액츄에이터… 에너토크, 국내 점유율 7...
[35/80] Analyzing 나노팀 - 에이엔피 25%대 폭등·삼성전기 훨훨… 고부가 MLCC...
[36/80] Analyzing 나노팀 - 극한의 열기도 견디는 K-합금… 스피어, 글로벌 발사체...
[37/80] Analyzing 나노팀 - 에코프로비엠·엘앤에프 주가 질주... 양극재 대장주들 ...
[38/80] Analyzing 미래에셋벤처투자 - [생생경제] 우주 수혜주 열풍…반복되는 테마주 경계해야...
[39/80] Analyzing 미래에셋벤처투자 - 극한의 열기도 견디는 K-합금… 스피어, 글로벌 발사체...
[40/80] Analyzing 미래에셋벤처투자 - [증권가 후계구도] [미래에셋증권] 장남 박준범, 핵심...
[41/80] Analyzing 팜스코 - [업앤다운]식품주 보합…롯데웰푸드↑·한탑↓...
[42/80] Analyzing 팜스코 - "고물가 비웃었다"... 체리부로, 생계사업 호조에 주...
[43/80] Analyzing 팜스코 - 식품 상장기업 브랜드평판 2월 빅데이터 분석... 1위...
[44/80] Analyzing 제이에스링크 - [공시속보] 제이에스링크, 주가 급등 매매거래정지 예고...
[45/80] Analyzing 제이에스링크 - 제이에스링크, 지난해 당기순손실 168억9138만원… ...
[46/80] Analyzing 제이에스링크 - [주식] 광동제약, 노안치료제 美 FDA 승인에 연이틀...
[47/80] Analyzing RFHIC - 통신장비 관련주, '봄바람 살랑' 빛과전자·쏠리드......
[48/80] Analyzing RFHIC - [이격도과열 종목] 광동제약 미래에셋생명 보성파워텍 한...
[49/80] Analyzing RFHIC - 코스닥...비에이치아이 · 우리기술 '껑충', 알테오젠...
[50/80] Analyzing 디아이 - 엔비디아도 주목한 기술력… 한미반도체, '하이브리드 본...
[51/80] Analyzing 디아이 - '미쳤다' 英 매체 단독! 캐릭, 맨유 정식감독 부임 ...
[52/80] Analyzing 디아이 - 2월 19일 주식시장 주요공시...
[53/80] Analyzing 큐라클 - [공시속보] 큐라클, 투자주의종목 지정 예고→급등세 속...
[54/80] Analyzing 큐라클 - [주식] 광동제약, 노안치료제 美 FDA 승인에 연이틀...
[55/80] Analyzing 큐라클 - [필승매매 승부사] 3D익스피리언스 플랫폼 도입 따른 ...
[56/80] Analyzing 인텔리안테크 - "캐나다 위성 통신망 생태계…한국 기업은 최고의 파트너...
[57/80] Analyzing 인텔리안테크 - 오늘의 메모[2월 20일]...
[58/80] Analyzing 인텔리안테크 - 스페이스X가 띄운 우주항공 ETF...
[59/80] Analyzing 한농화성 - 2차전지(전고체) 관련주, '봄바람 살랑살랑' 씨아이에...
[60/80] Analyzing 한농화성 - 에코프로비엠·엘앤에프 주가 질주... 양극재 대장주들 ...
[61/80] Analyzing 와토스코리아 - [공시속보] 와토스코리아, 소수계좌 매수 집중→투자주의...
[62/80] Analyzing 와토스코리아 - [상대강도과열 종목] 흥국화재 다원넥스뷰 퍼스텍 SK증...
[63/80] Analyzing 와토스코리아 - [이격도과열 종목] 광동제약 미래에셋생명 보성파워텍 한...
[64/80] Analyzing 현대지에프홀딩스 - 포스코인터내셔널 9%대 급등·SK하이닉스 반등… 시총 ...
[65/80] Analyzing 현대지에프홀딩스 - 원전부터 협동로봇까지… 'K-제조업'의 자존심 두산의 ...
[66/80] Analyzing 삼양엔씨켐 - [상대강도과열 종목] 흥국화재 다원넥스뷰 퍼스텍 SK증...
[67/80] Analyzing 삼양엔씨켐 - [이격도과열 종목] 광동제약 미래에셋생명 보성파워텍 한...
[68/80] Analyzing 삼양엔씨켐 - 엔비디아도 주목한 기술력… 한미반도체, '하이브리드 본...
[69/80] Analyzing SFA반도체 - 엔비디아도 주목한 기술력… 한미반도체, '하이브리드 본...
[70/80] Analyzing SFA반도체 - SFA반도체 주가, 2월 20일 장중 7,260원 2....
[71/80] Analyzing SFA반도체 - [ETF발 수급 왜곡] 삼성이 코스닥 로봇주 대거 투자...
[72/80] Analyzing 기가비스 - 엔비디아도 주목한 기술력… 한미반도체, '하이브리드 본...
[73/80] Analyzing 기가비스 - 반도체 장비 관련주, '봄꽃만개' 엔투텍·유니테스트·테...
[74/80] Analyzing 기가비스 - 코스닥 '정보 사각지대' 줄이자…신규 커버리지 개시하는...
[75/80] Analyzing 덕산하이메탈 - SI(시스템통합) 관련주, '맑고 화창' 한화시스템·D...
[76/80] Analyzing 덕산하이메탈 - [필승매매 승부사] 3D익스피리언스 플랫폼 도입 따른 ...
[77/80] Analyzing 덕산하이메탈 - [이격도과열 종목] 광동제약 미래에셋생명 보성파워텍 한...
[78/80] Analyzing RF머트리얼즈 - 통신장비 관련주, '봄바람 살랑' 빛과전자·쏠리드......
[79/80] Analyzing RF머트리얼즈 - [이격도과열 종목] 광동제약 미래에셋생명 보성파워텍 한...
[80/80] Analyzing RF머트리얼즈 - [오늘의 코스닥 · 2월 20일] 금일 상승주 TOP ...
Saving 80 analyzed items to E:\Downloads\Antigravity Project\ClosingSHIN\Scripts\results\news_analysis_20260220.csv...
Done.

[2026-02-24 18:38:32.798784] 모든 분석 및 데이터 생성 완료.
