[2026-04-24 16:33:16.558282] 자동 시장 데이터 동기화 체크 중...
[2026-04-24 16:33:31.052982] 동기화 확인 완료.
[2026-04-24 16:33:31.052982] VCP 통합 스캔 시작    # [0] 대상 선정 (Phase 1)
[2026-04-24 16:33:31.083350] 대상 종목 선별 작업 시작 (Batch 모드)...
  선정 기간: 20260209 ~ 20260424 (약 50거래일 기준)
[2026-04-24 16:33:31.094150] Naver Finance에서 종목 리스트 수집 중...
  Market 0 has 49 pages.
  Market 1 has 37 pages.
[PB Utils] Successfully fetched 4256 tickers from Naver Finance.
[2026-04-24 16:33:43.919965] 투자자보호 종목(관리/정지/경보) 243개 수집 완료.
[2026-04-24 16:33:44.902056] 대상 선별 완료. (Batch 모드로 26분 -> 수 초로 단축)
[2026-04-24 16:33:44.916032] 스캔 대상 200개 상세 데이터 로딩 시작...
  - [10/200] 192410 900270 046970 017900 049080 069540 010170 221800 036170 027360 로딩 완료
  - [20/200] 187660 331920 215790 088280 010820 089230 033160 040160 082920 009150 로딩 완료
  - [30/200] 046120 402490 052710 009155 010060 092220 100790 475150 032820 006340 로딩 완료
  - [40/200] 036930 412350 085910 006110 360350 011070 290550 327260 073540 322000 로딩 완료
  - [50/200] 027040 033790 357880 079550 064850 382800 005090 052020 129920 072950 로딩 완료
  - [60/200] 109070 095270 052860 238090 159010 393890 474610 375500 218410 125210 로딩 완료
  - [70/200] 006360 078600 035460 085620 232830 217730 217590 001820 017550 131970 로딩 완료
  - [80/200] 353200 388790 131290 007120 204610 003280 321550 456040 065770 242040 로딩 완료
  - [90/200] 009415 037350 033640 056360 288980 084850 241520 077970 003000 203650 로딩 완료
  - [100/200] 109080 100590 038060 089970 001250 347770 336370 001290 187870 008350 로딩 완료
  - [110/200] 417200 006260 452280 050890 000150 199800 330860 044490 019210 357580 로딩 완료
  - [120/200] 105330 091580 340440 160980 090460 389030 356680 112610 007810 278470 로딩 완료
  - [130/200] 066310 015260 115440 006400 115500 098120 243840 230240 084870 37550L 로딩 완료
  - [140/200] 131760 094840 065530 457990 041520 417840 042370 066970 376900 043260 로딩 완료
  - [150/200] 089980 222800 088800 429270 064290 024740 452260 241770 077360 092190 로딩 완료
  - [160/200] 023160 006345 090470 319660 054620 066360 161000 037460 003720 028050 로딩 완료
  - [170/200] 267270 189860 093370 0005G0 008060 004100 127710 179530 003030 031980 로딩 완료
  - [180/200] 058110 209640 070300 024840 001755 420770 032500 000990 007340 031330 로딩 완료
  - [190/200] 000210 001530 054090 006405 127120 368770 296640 234690 006920 321260 로딩 완료
  - [200/200] 35320K 064820 000720 290720 046890 294630 178320 200710 020150 222040 로딩 완료
[2026-04-24 16:33:58.625405] 상세 데이터 로딩 완료. (총 200개 캐싱됨)
 [1/200] 오늘이엔엠(192410): 패턴 미완성 (제외)
 [2/200] 헝셩그룹(900270): 패턴 미완성 (제외)
 [3/200] 우리로(046970): 패턴 미완성 (제외)
 [4/200] 광전자(017900): 패턴 미완성 (제외)
 [5/200] 기가레인(049080): 패턴 미완성 (제외)
 [6/200] 빛과전자(069540): 패턴 미완성 (제외)
 [7/200] 대한광통신(010170): 패턴 미완성 (제외)
 [8/200] 유투바이오(221800): 패턴 미완성 (제외)
 [9/200] 에이치엠넥스(036170): 패턴 미완성 (제외)
 -> [★발견★] 아주IB투자 (Market): 6회 수축, 마지막 9.3%, 점수 40 (RS 732.5), 피벗 9,370
 [11/200] 페니트리움바이오(187660): 50일선 아래 (제외) | 50일등락: 270.37%
 [12/200] 셀레믹스(331920): 패턴 미완성 (제외)
 [13/200] 이노인스트루먼트(215790): 패턴 미완성 (제외)
 [14/200] 쏘닉스(088280): 패턴 미완성 (제외)
 [15/200] 퍼스텍(010820): 패턴 미완성 (제외)
 [16/200] THE E&M(089230): 패턴 미완성 (제외)
 [17/200] 엠케이전자(033160): 패턴 미완성 (제외)
 [18/200] 누리플렉스(040160): 패턴 미완성 (제외)
 [19/200] 비츠로셀(082920): 패턴 미완성 (제외)
 [20/200] 삼성전기(009150): 패턴 미완성 (제외)
 [21/200] 오르비텍(046120): 패턴 미완성 (제외)
 [22/200] 그린리소스(402490): 패턴 미완성 (제외)
 [23/200] 아모텍(052710): 패턴 미완성 (제외)
 [24/200] 삼성전기우(009155): 패턴 미완성 (제외)
 [25/200] OCI홀딩스(010060): 패턴 미완성 (제외)
 [26/200] KEC(092220): 패턴 미완성 (제외)
 [27/200] 미래에셋벤처투자(100790): 패턴 미완성 (제외)
 [28/200] SK이터닉스(475150): 패턴 미완성 (제외)
 -> [★발견★] 우리기술 (Market): 4회 수축, 마지막 11.2%, 점수 70 (RS 586.5), 피벗 23,650
 [30/200] 대원전선(006340): 패턴 미완성 (제외)
 [31/200] 주성엔지니어링(036930): 패턴 미완성 (제외)
 [32/200] 레이저쎌(412350): 패턴 미완성 (제외)
 -> [★발견★] 네오티스 (Market): 7회 수축, 마지막 10.9%, 점수 20 (RS 554.5), 피벗 23,800
 -> [★발견★] 삼아알미늄 (Market): 8회 수축, 마지막 13.2%, 점수 20 (RS 299.3), 피벗 59,700
 [35/200] 코셈(360350): 패턴 미완성 (제외)
 [36/200] LG이노텍(011070): 패턴 미완성 (제외)
 [37/200] 디케이티(290550): 패턴 미완성 (제외)
 [38/200] RF머트리얼즈(327260): 패턴 미완성 (제외)
 [39/200] 에프알텍(073540): 패턴 미완성 (제외)
 [40/200] HD현대에너지솔루션(322000): 패턴 미완성 (제외)
 [41/200] 서울전자통신(027040): 패턴 미완성 (제외)
 [42/200] 피노(033790): 패턴 미완성 (제외)
 -> [★발견★] SKAI (Market): 5회 수축, 마지막 14.9%, 점수 50 (RS 171.9), 피벗 4,070
 -> [★발견★] LIG디펜스앤에어로스페이스 (Market): 5회 수축, 마지막 6.7%, 점수 40 (RS 218.9), 피벗 939,000
 -> [★발견★] 에프앤가이드 (Market): 6회 수축, 마지막 14.0%, 점수 40 (RS 350.7), 피벗 21,400
 -> [★발견★] 지앤비에스 에코 (Market): 7회 수축, 마지막 6.7%, 점수 40 (RS 261.9), 피벗 7,650
 -> [★발견★] SGC에너지 (Market): 10회 수축, 마지막 12.1%, 점수 20 (RS 280.4), 피벗 56,900
 -> [★발견★] 에스티큐브 (Market): 7회 수축, 마지막 6.0%, 점수 60 (RS 255.4), 피벗 16,890
 [49/200] 대성하이텍(129920): 패턴 미완성 (제외)
 [50/200] 빛샘전자(072950): 패턴 미완성 (제외)
 [51/200] 주성코퍼레이션(109070): 패턴 미완성 (제외)
 [52/200] 웨이브일렉트로(095270): 패턴 미완성 (제외)
 [53/200] 아이앤씨(052860): 패턴 미완성 (제외)
 [54/200] 앤디포스(238090): 패턴 미완성 (제외)
 -> [★발견★] 아스플로 (Market): 7회 수축, 마지막 9.0%, 점수 40 (RS 231.0), 피벗 5,650
 -> [★발견★] 더블유씨피 (Market): 7회 수축, 마지막 11.1%, 점수 20 (RS 240.5), 피벗 16,820
 [57/200] RF시스템즈(474610): 패턴 미완성 (제외)
 -> [★발견★] DL이앤씨 (Market): 6회 수축, 마지막 6.8%, 점수 40 (RS 228.2), 피벗 102,500
 -> [★발견★] RFHIC (Market): 7회 수축, 마지막 12.1%, 점수 40 (RS 402.9), 피벗 94,200
 -> [★발견★] 아모그린텍 (Market): 6회 수축, 마지막 6.7%, 점수 40 (RS 237.1), 피벗 7,500
 [61/200] GS건설(006360): 패턴 미완성 (제외)
 [62/200] 대주전자재료(078600): 패턴 미완성 (제외)
 [63/200] 기산텔레콤(035460): 패턴 미완성 (제외)
 -> [★발견★] 미래에셋생명 (Market): 8회 수축, 마지막 10.0%, 점수 70 (RS 233.3), 피벗 17,910
 [65/200] 아이티센피엔에스(232830): 패턴 미완성 (제외)
 -> [★발견★] 강스템바이오텍 (Market): 9회 수축, 마지막 10.9%, 점수 50 (RS 231.0), 피벗 4,615
 [67/200] 티엠씨(217590): 데이터 부족 (200일 미만) (제외) | 50일등락: 92.58%
 [68/200] 삼화콘덴서(001820): 패턴 미완성 (제외)
 -> [★발견★] 수산세보틱스 (Market): 7회 수축, 마지막 9.5%, 점수 40 (RS 188.8), 피벗 2,035
 [70/200] 두산테스나(131970): 패턴 미완성 (제외)
 [71/200] 대덕전자(353200): 패턴 미완성 (제외)
 [72/200] 라이콤(388790): 패턴 미완성 (제외)
 [73/200] 티에스이(131290): 패턴 미완성 (제외)
 [74/200] 미래아이앤지(007120): 패턴 미완성 (제외)
 [75/200] 티쓰리(204610): 이평선 역배열 (50>150>200 미충족) (제외) | 50일등락: 87.53%
 [76/200] 흥아해운(003280): 패턴 미완성 (제외)
 [77/200] 티움바이오(321550): 패턴 미완성 (제외)
 [78/200] OCI(456040): 패턴 미완성 (제외)
 [79/200] CS(065770): 이평선 역배열 (50>150>200 미충족) (제외) | 50일등락: 85.05%
 [80/200] 나무기술(242040): 50일선 아래 (제외) | 50일등락: 84.2%
 [81/200] 태영건설우(009415): 패턴 미완성 (제외)
 [82/200] 성도이엔지(037350): 패턴 미완성 (제외)
 [83/200] 네패스(033640): 패턴 미완성 (제외)
 [84/200] 코위버(056360): 패턴 미완성 (제외)
 [85/200] 모아데이타(288980): 이평선 역배열 (50>150>200 미충족) (제외) | 50일등락: 81.7%
 [86/200] 아이티엠반도체(084850): 이평선 역배열 (50>150>200 미충족) (제외) | 50일등락: 81.46%
 -> [★발견★] DSC인베스트먼트 (Market): 6회 수축, 마지막 5.5%, 점수 70 (RS 213.3), 피벗 15,530
 [88/200] STX엔진(077970): 이평선 역배열 (50>150>200 미충족) (제외) | 50일등락: 81.04%
 -> [★발견★] 부광약품 (Market): 9회 수축, 마지막 12.0%, 점수 40 (RS 207.9), 피벗 8,280
 -> [★발견★] 드림시큐리티 (Market): 6회 수축, 마지막 8.3%, 점수 40 (RS 181.7), 피벗 1,702
 [91/200] 옵티시스(109080): 패턴 미완성 (제외)
 [92/200] 머큐리(100590): 패턴 미완성 (제외)
 [93/200] 루멘스(038060): 이평선 역배열 (50>150>200 미충족) (제외) | 50일등락: 79.48%
 [94/200] 브이엠(089970): 패턴 미완성 (제외)
 [95/200] GS글로벌(001250): 이평선 역배열 (50>150>200 미충족) (제외) | 50일등락: 78.93%
 [96/200] 핌스(347770): 이평선 역배열 (50>150>200 미충족) (제외) | 50일등락: 78.71%
 [97/200] 솔루스첨단소재(336370): 패턴 미완성 (제외)
 -> [★발견★] 상상인증권 (Market): 9회 수축, 마지막 4.2%, 점수 80 (RS 212.9), 피벗 1,154
 [99/200] 디바이스(187870): 패턴 미완성 (제외)
 [100/200] 남선알미늄(008350): 패턴 미완성 (제외)
 -> [★발견★] LS머트리얼즈 (Market): 8회 수축, 마지막 9.0%, 점수 40 (RS 236.4), 피벗 20,900
 [102/200] LS(006260): 패턴 미완성 (제외)
 [103/200] 한선엔지니어링(452280): 패턴 미완성 (제외)
 -> [★발견★] 쏠리드 (Market): 7회 수축, 마지막 10.3%, 점수 50 (RS 232.9), 피벗 18,160
 [105/200] 두산(000150): 패턴 미완성 (제외)
 [106/200] 툴젠(199800): 패턴 미완성 (제외)
 -> [★발견★] 네패스아크 (Market): 5회 수축, 마지막 4.6%, 점수 50 (RS 268.9), 피벗 33,500
 [108/200] 태웅(044490): 이평선 역배열 (50>150>200 미충족) (제외) | 50일등락: 73.05%
 -> [★발견★] 와이지-원 (Market): 8회 수축, 마지막 8.8%, 점수 60 (RS 295.3), 피벗 14,840
 [110/200] 아모센스(357580): 패턴 미완성 (제외)
 -> [★발견★] 케이엔더블유 (Market): 10회 수축, 마지막 2.2%, 점수 80 (RS 196.8), 피벗 9,300
 -> [★발견★] 상신이디피 (Market): 5회 수축, 마지막 9.9%, 점수 40 (RS 261.3), 피벗 23,300
 [113/200] 세림B&G(340440): 이평선 역배열 (50>150>200 미충족) (제외) | 50일등락: 71.27%
 -> [★발견★] 싸이맥스 (Market): 5회 수축, 마지막 13.2%, 점수 40 (RS 227.2), 피벗 23,050
 -> [★발견★] 비에이치 (Market): 5회 수축, 마지막 12.8%, 점수 20 (RS 228.7), 피벗 23,000
 -> [★발견★] 지니너스 (Market): 5회 수축, 마지막 11.5%, 점수 40 (RS 262.3), 피벗 6,110
 [117/200] 엑스게이트(356680): 패턴 미완성 (제외)
 [118/200] 씨에스윈드(112610): 패턴 미완성 (제외)
 [119/200] 코리아써키트(007810): 패턴 미완성 (제외)
 -> [★발견★] 에이피알 (Market): 8회 수축, 마지막 7.7%, 점수 60 (RS 283.2), 피벗 344,500
 [121/200] 큐에스아이(066310): 패턴 미완성 (제외)
 -> [★발견★] 에이엔피 (Market): 9회 수축, 마지막 14.6%, 점수 50 (RS 152.0), 피벗 829
 [123/200] 우리넷(115440): 패턴 미완성 (제외)
 -> [★발견★] 삼성SDI (Market): 5회 수축, 마지막 7.0%, 점수 40 (RS 259.6), 피벗 405,000
 -> [★발견★] 케이씨에스 (Market): 7회 수축, 마지막 9.1%, 점수 40 (RS 158.7), 피벗 9,360
 [126/200] 마이크로컨텍솔(098120): 1차 조정폭 과다 (제외)
 [127/200] 신흥에스이씨(243840): 패턴 미완성 (제외)
 [128/200] 에치에프알(230240): 패턴 미완성 (제외)
 -> [★발견★] TBH글로벌 (Market): 7회 수축, 마지막 5.4%, 점수 70 (RS 162.6), 피벗 2,125
 -> [★발견★] DL이앤씨2우(전환) (Market): 8회 수축, 마지막 5.3%, 점수 60 (RS 193.2), 피벗 60,800
 [131/200] 파인텍(131760): 이평선 역배열 (50>150>200 미충족) (제외) | 50일등락: 66.45%
 [132/200] 슈프리마에이치큐(094840): 이평선 역배열 (50>150>200 미충족) (제외) | 50일등락: 66.43%
 [133/200] 와이어블(065530): 패턴 미완성 (제외)
 -> [★발견★] PLUS 태양광&ESS (Market): 6회 수축, 마지막 6.2%, 점수 40 (RS 297.2), 피벗 37,505
 [135/200] 이엘씨(041520): 이평선 역배열 (50>150>200 미충족) (제외) | 50일등락: 64.91%
 [136/200] 저스템(417840): 패턴 미완성 (제외)
 -> [★발견★] 비츠로테크 (Market): 6회 수축, 마지막 10.6%, 점수 20 (RS 181.8), 피벗 12,080
 -> [★발견★] 엘앤에프 (Market): 6회 수축, 마지막 9.3%, 점수 40 (RS 235.8), 피벗 186,800
 [139/200] 로킷헬스케어(376900): 50일선 아래 (제외) | 50일등락: 64.21%
 [140/200] 성호전자(043260): 패턴 미완성 (제외)
 [141/200] 상아프론테크(089980): 패턴 미완성 (제외)
 [142/200] 심텍(222800): 패턴 미완성 (제외)
 [143/200] 에이스테크(088800): 패턴 미완성 (제외)
 [144/200] 시지트로닉스(429270): 이평선 역배열 (50>150>200 미충족) (제외) | 50일등락: 62.89%
 [145/200] 인텍플러스(064290): 패턴 미완성 (제외)
 [146/200] 한일단조(024740): 패턴 미완성 (제외)
 -> [★발견★] 한화갤러리아 (Market): 8회 수축, 마지막 6.0%, 점수 40 (RS 247.6), 피벗 2,515
 -> [★발견★] 메카로 (Market): 6회 수축, 마지막 10.5%, 점수 40 (RS 231.4), 피벗 39,900
 [149/200] 덕산하이메탈(077360): 패턴 미완성 (제외)
 [150/200] 서울바이오시스(092190): 이평선 역배열 (50>150>200 미충족) (제외) | 50일등락: 60.88%
 [151/200] 태광(023160): 패턴 미완성 (제외)
 -> [★발견★] 대원전선우 (Market): 8회 수축, 마지막 7.9%, 점수 40 (RS 155.4), 피벗 4,380
 -> [★발견★] 제이스텍 (Market): 5회 수축, 마지막 2.7%, 점수 70 (RS 224.7), 피벗 8,600
 -> [★발견★] 피에스케이 (Market): 10회 수축, 마지막 8.0%, 점수 60 (RS 342.1), 피벗 89,200
 [155/200] APS(054620): 50일선 아래 (제외) | 50일등락: 59.17%
 [156/200] 체리부로(066360): 패턴 미완성 (제외)
 [157/200] 애경케미칼(161000): 이평선 역배열 (50>150>200 미충족) (제외) | 50일등락: 58.76%
 [158/200] 삼지전자(037460): 패턴 미완성 (제외)
 -> [★발견★] 삼영 (Market): 6회 수축, 마지막 12.8%, 점수 20 (RS 240.6), 피벗 7,880
 -> [★발견★] 삼성E&A (Market): 8회 수축, 마지막 5.9%, 점수 40 (RS 217.7), 피벗 52,400
 [161/200] HD건설기계(267270): 패턴 미완성 (제외)
 [162/200] 서전기전(189860): 패턴 미완성 (제외)
 [163/200] 후성(093370): 패턴 미완성 (제외)
 [164/200] ITF K-AI반도체코어테크(0005G0): 패턴 미완성 (제외)
 [165/200] 대덕(008060): 패턴 미완성 (제외)
 [166/200] 태양금속(004100): 패턴 미완성 (제외)
 [167/200] 아시아경제(127710): 패턴 미완성 (제외)
 [168/200] 애드바이오텍(179530): 200일선 아래 (제외) | 50일등락: 55.84%
 [169/200] 세아제강지주(003030): 이평선 역배열 (50>150>200 미충족) (제외) | 50일등락: 55.81%
 -> [★발견★] 피에스케이홀딩스 (Market): 9회 수축, 마지막 10.9%, 점수 40 (RS 246.7), 피벗 123,400
 [171/200] 멕아이씨에스(058110): 이평선 역배열 (50>150>200 미충족) (제외) | 50일등락: 55.38%
 [172/200] 와이제이링크(209640): 패턴 미완성 (제외)
 -> [★발견★] 엑스큐어 (Market): 6회 수축, 마지막 6.6%, 점수 40 (RS 189.1), 피벗 1,977
 -> [★발견★] KBI메탈 (Market): 7회 수축, 마지막 8.5%, 점수 40 (RS 144.8), 피벗 2,885
 -> [★발견★] 한양증권우 (Market): 7회 수축, 마지막 8.2%, 점수 60 (RS 179.3), 피벗 26,700
 -> [★발견★] 기가비스 (Market): 6회 수축, 마지막 2.8%, 점수 50 (RS 299.1), 피벗 88,900
 -> [★발견★] 케이엠더블유 (Market): 6회 수축, 마지막 13.3%, 점수 40 (RS 235.7), 피벗 34,100
 -> [★발견★] DB하이텍 (Market): 6회 수축, 마지막 11.6%, 점수 20 (RS 259.1), 피벗 88,100
 [179/200] DN오토모티브(007340): 패턴 미완성 (제외)
 -> [★발견★] 에스에이엠티 (Market): 7회 수축, 마지막 11.5%, 점수 40 (RS 212.6), 피벗 5,570
 [181/200] DL(000210): 이평선 역배열 (50>150>200 미충족) (제외) | 50일등락: 53.12%
 [182/200] DI동일(001530): 이평선 역배열 (50>150>200 미충족) (제외) | 50일등락: 53.1%
 -> [★발견★] 삼진엘앤디 (Market): 12회 수축, 마지막 3.9%, 점수 50 (RS 153.2), 피벗 1,080
 [184/200] 삼성SDI우(006405): 패턴 미완성 (제외)
 [185/200] 제이에스링크(127120): 패턴 미완성 (제외)
 -> [★발견★] 파이버프로 (Market): 10회 수축, 마지막 9.7%, 점수 70 (RS 287.5), 피벗 26,500
 [187/200] 이노에이엑스(296640): 이평선 역배열 (50>150>200 미충족) (제외) | 50일등락: 52.0%
 -> [★발견★] 녹십자웰빙 (Market): 8회 수축, 마지막 13.2%, 점수 20 (RS 162.4), 피벗 14,800
 -> [★발견★] 모헨즈 (Market): 9회 수축, 마지막 13.5%, 점수 50 (RS 149.2), 피벗 5,850
 [190/200] 프로이천(321260): 이평선 역배열 (50>150>200 미충족) (제외) | 50일등락: 51.84%
 [191/200] 대덕전자1우(35320K): 패턴 미완성 (제외)
 [192/200] 케이프(064820): 이평선 역배열 (50>150>200 미충족) (제외) | 50일등락: 51.6%
 -> [★발견★] 현대건설 (Market): 6회 수축, 마지막 10.5%, 점수 20 (RS 263.9), 피벗 188,700
 [194/200] 푸드나무(290720): 패턴 미완성 (제외)
 -> [★발견★] 서울반도체 (Market): 7회 수축, 마지막 8.6%, 점수 70 (RS 174.8), 피벗 11,460
 [196/200] 서남(294630): 패턴 미완성 (제외)
 -> [★발견★] 서진시스템 (Market): 5회 수축, 마지막 14.6%, 점수 20 (RS 215.3), 피벗 49,200
 [198/200] 에이디테크놀로지(200710): 패턴 미완성 (제외)
 [199/200] 롯데에너지머티리얼즈(020150): 패턴 미완성 (제외)
 [200/200] 코스맥스엔비티(222040): 이평선 역배열 (50>150>200 미충족) (제외) | 50일등락: 50.45%

============================================================
 VCP 스캔 요약: 발견 62, 추세제외 30, 패턴제외 108, 에러 0
============================================================
[완료] 62개 PB 업로드 완료.
[2026-04-24 16:33:59.957444] 06_collect_stock_data.py 실행 중: 상세 데이터 수집 중...
[2026-04-24 16:38:36.206401] 07_calc_portfolio.py 실행 중: 수익률 및 포트폴리오 계산 중...
[2026-04-24 16:38:52.509512] 04_collect_news.py 실행 중: 네이버 뉴스 수집 중...
[2026-04-24 16:39:29.604033] 05_analyze_news.py 실행 중: AI 뉴스 감성 분석 중...
[2026-04-24 16:40:31.558887] 03_visualize_vcp.py 실행 중: VCP 분석 차트 생성 중...
