[2026-03-22 20:50:19.079504] 자동 시장 데이터 동기화 체크 중...
[2026-03-22 20:50:53.592500] 동기화 확인 완료.
[2026-03-22 20:50:53.592500] VCP 통합 스캔 시작    # [0] 대상 선정 (Phase 1)
[2026-03-22 20:50:53.593522] 대상 종목 선별 작업 시작 (Batch 모드)...
  선정 기간: 20260105 ~ 20260320 (약 50거래일 기준)
[2026-03-22 20:50:53.890793] Naver Finance에서 종목 리스트 수집 중...
  Market 0 has 49 pages.
  Market 1 has 37 pages.
[PB Utils] Successfully fetched 4239 tickers from Naver Finance.
[2026-03-22 20:51:13.772020] 대상 선별 완료. (Batch 모드로 26분 -> 수 초로 단축)
[2026-03-22 20:51:13.787440] 스캔 대상 200개 상세 데이터 로딩 시작...
  - [10/200] 008600 065170 032820 900270 187660 036170 242040 047040 221800 001510 로딩 완료
  - [20/200] 192410 043260 069540 000250 038500 412350 046120 290550 357580 005090 로딩 완료
  - [30/200] 327260 048410 475150 440110 040160 012860 357880 006800 129920 331920 로딩 완료
  - [40/200] 420770 360350 234340 024850 054620 076610 448900 127120 354320 272210 로딩 완료
  - [50/200] 347700 019210 036930 226590 010170 064850 323350 218410 095910 088130 로딩 완료
  - [60/200] 322000 224060 000720 089230 001290 095340 031980 007120 321370 393890 로딩 완료
  - [70/200] 291650 027360 365270 044490 033160 138080 265740 319660 032500 130660 로딩 완료
  - [80/200] 046970 376900 085910 027040 452260 230240 078600 0015G0 042520 348340 로딩 완료
  - [90/200] 056080 124500 080580 289080 289930 005440 189860 001820 090470 0120G0 로딩 완료
  - [100/200] 056090 083650 009830 092220 171090 131970 00680K 131290 003280 474610 로딩 완료
  - [110/200] 010060 489790 052690 005960 417200 042700 077360 092870 085620 229000 로딩 완료
  - [120/200] 011930 178320 222080 241520 355150 019010 099320 000210 017960 417500 로딩 완료
  - [130/200] 318060 000440 196450 041920 020000 010120 003240 238090 117670 353200 로딩 완료
  - [140/200] 389030 078020 298020 024800 009150 058470 123750 012210 073490 131030 로딩 완료
  - [150/200] 005380 090710 425420 105840 006920 005940 101000 253590 010820 323280 로딩 완료
  - [160/200] 050890 004960 086520 007340 006360 037350 189300 456040 347770 215380 로딩 완료
  - [170/200] 290660 082920 138490 084870 402490 011700 023530 120110 003530 003030 로딩 완료
  - [180/200] 046890 088350 023160 106190 089980 064760 375500 321550 006340 112610 로딩 완료
  - [190/200] 296640 363250 126340 900290 100790 012630 340360 382800 452280 355690 로딩 완료
  - [200/200] 096350 240810 047050 003380 214370 004560 217590 101490 104200 009290 로딩 완료
[2026-03-22 20:51:42.577457] 상세 데이터 로딩 완료. (총 200개 캐싱됨)
 [1/200] 윌비스(008600): 이평선 역배열 (50>150>200 미충족) (제외) | 50일등락: 761.11%
 [2/200] 비엘팜텍(065170): 패턴 미완성 (제외)
 [3/200] 우리기술(032820): 패턴 미완성 (제외)
 [4/200] 헝셩그룹(900270): 이평선 역배열 (50>150>200 미충족) (제외) | 50일등락: 545.63%
 [5/200] 현대ADM(187660): 패턴 미완성 (제외)
 -> [★발견★] 에이치엠넥스 (Market): 7회 수축, 마지막 10.2%, 점수 20 (RS 536.7), 피벗 5,480
 [7/200] 나무기술(242040): 패턴 미완성 (제외)
 [8/200] 대우건설(047040): 패턴 미완성 (제외)
 [9/200] 유투바이오(221800): 패턴 미완성 (제외)
 [10/200] SK증권(001510): 패턴 미완성 (제외)
 [11/200] 오늘이엔엠(192410): 이평선 역배열 (50>150>200 미충족) (제외) | 50일등락: 275.16%
 [12/200] 성호전자(043260): 패턴 미완성 (제외)
 [13/200] 빛과전자(069540): 이평선 역배열 (50>150>200 미충족) (제외) | 50일등락: 259.61%
 [14/200] 삼천당제약(000250): 패턴 미완성 (제외)
 [15/200] 삼표시멘트(038500): 패턴 미완성 (제외)
 [16/200] 레이저쎌(412350): 이평선 역배열 (50>150>200 미충족) (제외) | 50일등락: 235.98%
 [17/200] 오르비텍(046120): 패턴 미완성 (제외)
 [18/200] 디케이티(290550): 패턴 미완성 (제외)
 [19/200] 아모센스(357580): 패턴 미완성 (제외)
 [20/200] SGC에너지(005090): 패턴 미완성 (제외)
 -> [★발견★] RF머트리얼즈 (Market): 6회 수축, 마지막 11.5%, 점수 20 (RS 767.6), 피벗 25,550
 -> [★발견★] 현대바이오 (Market): 9회 수축, 마지막 11.9%, 점수 40 (RS 269.2), 피벗 16,690
 [23/200] SK이터닉스(475150): 이평선 역배열 (50>150>200 미충족) (제외) | 50일등락: 183.22%
 [24/200] 파두(440110): 패턴 미완성 (제외)
 -> [★발견★] 누리플렉스 (Market): 6회 수축, 마지막 15.0%, 점수 20 (RS 281.8), 피벗 9,410
 [26/200] 모베이스전자(012860): 50일선 아래 (제외) | 50일등락: 170.49%
 [27/200] SKAI(357880): 이평선 역배열 (50>150>200 미충족) (제외) | 50일등락: 169.57%
 -> [★발견★] 미래에셋증권 (Market): 6회 수축, 마지막 6.2%, 점수 70 (RS 402.2), 피벗 71,091
 [29/200] 대성하이텍(129920): 이평선 역배열 (50>150>200 미충족) (제외) | 50일등락: 144.61%
 -> [★발견★] 셀레믹스 (Market): 5회 수축, 마지막 10.5%, 점수 40 (RS 223.9), 피벗 5,140
 -> [★발견★] 기가비스 (Market): 5회 수축, 마지막 9.4%, 점수 60 (RS 260.8), 피벗 77,400
 [32/200] 코셈(360350): 이평선 역배열 (50>150>200 미충족) (제외) | 50일등락: 141.51%
 [33/200] 헥토파이낸셜(234340): 패턴 미완성 (제외)
 [34/200] HLB이노베이션(024850): 패턴 미완성 (제외)
 [35/200] APS(054620): 이평선 역배열 (50>150>200 미충족) (제외) | 50일등락: 136.02%
 [36/200] 해성옵틱스(076610): 패턴 미완성 (제외)
 [37/200] 한국피아이엠(448900): 패턴 미완성 (제외)
 -> [★발견★] 제이에스링크 (Market): 7회 수축, 마지막 7.8%, 점수 60 (RS 368.8), 피벗 41,900
 [39/200] 알멕(354320): 50일선 아래 (제외) | 50일등락: 134.83%
 [40/200] 한화시스템(272210): 패턴 미완성 (제외)
 [41/200] 스피어(347700): 패턴 미완성 (제외)
 -> [★발견★] 와이지-원 (Market): 6회 수축, 마지막 13.5%, 점수 20 (RS 221.8), 피벗 13,790
 -> [★발견★] 주성엔지니어링 (Market): 5회 수축, 마지막 12.9%, 점수 20 (RS 246.0), 피벗 70,000
 [44/200] 엠디바이스(226590): 1차 조정폭 과다 (제외)
 [45/200] 대한광통신(010170): 1차 조정폭 과다 (제외)
 [46/200] 에프앤가이드(064850): 패턴 미완성 (제외)
 [47/200] 다원넥스뷰(323350): 패턴 미완성 (제외)
 [48/200] RFHIC(218410): 패턴 미완성 (제외)
 [49/200] 에스에너지(095910): 이평선 역배열 (50>150>200 미충족) (제외) | 50일등락: 127.03%
 [50/200] 동아엘텍(088130): 패턴 미완성 (제외)
 -> [★발견★] HD현대에너지솔루션 (Market): 6회 수축, 마지막 13.2%, 점수 20 (RS 297.6), 피벗 89,600
 [52/200] 더코디(224060): 패턴 미완성 (제외)
 [53/200] 현대건설(000720): 패턴 미완성 (제외)
 [54/200] THE E&M(089230): 패턴 미완성 (제외)
 [55/200] 상상인증권(001290): 패턴 미완성 (제외)
 [56/200] ISC(095340): 패턴 미완성 (제외)
 -> [★발견★] 피에스케이홀딩스 (Market): 7회 수축, 마지막 12.8%, 점수 40 (RS 280.3), 피벗 117,300
 [58/200] 미래아이앤지(007120): 이평선 역배열 (50>150>200 미충족) (제외) | 50일등락: 118.59%
 [59/200] 센서뷰(321370): 패턴 미완성 (제외)
 [60/200] 더블유씨피(393890): 패턴 미완성 (제외)
 [61/200] 압타머사이언스(291650): 이평선 역배열 (50>150>200 미충족) (제외) | 50일등락: 110.81%
 [62/200] 아주IB투자(027360): 패턴 미완성 (제외)
 [63/200] 큐라클(365270): 패턴 미완성 (제외)
 [64/200] 태웅(044490): 이평선 역배열 (50>150>200 미충족) (제외) | 50일등락: 108.36%
 [65/200] 엠케이전자(033160): 패턴 미완성 (제외)
 [66/200] 오이솔루션(138080): 패턴 미완성 (제외)
 -> [★발견★] 엔에프씨 (Market): 10회 수축, 마지막 13.7%, 점수 40 (RS 219.5), 피벗 9,400
 [68/200] 피에스케이(319660): 패턴 미완성 (제외)
 [69/200] 케이엠더블유(032500): 패턴 미완성 (제외)
 [70/200] 한전산업(130660): 패턴 미완성 (제외)
 [71/200] 우리로(046970): 패턴 미완성 (제외)
 [72/200] 로킷헬스케어(376900): 패턴 미완성 (제외)
 [73/200] 네오티스(085910): 패턴 미완성 (제외)
 [74/200] 서울전자통신(027040): 이평선 역배열 (50>150>200 미충족) (제외) | 50일등락: 104.21%
 [75/200] 한화갤러리아(452260): 패턴 미완성 (제외)
 [76/200] 에치에프알(230240): 이평선 역배열 (50>150>200 미충족) (제외) | 50일등락: 103.31%
 -> [★발견★] 대주전자재료 (Market): 6회 수축, 마지막 10.8%, 점수 20 (RS 163.7), 피벗 118,800
 [78/200] 그린광학(0015G0): 데이터 부족 (200일 미만) (제외) | 50일등락: 102.53%
 [79/200] 한스바이오메드(042520): 패턴 미완성 (제외)
 [80/200] 뉴로메카(348340): 50일선 아래 (제외) | 50일등락: 100.6%
 [81/200] 유진로봇(056080): 50일선 아래 (제외) | 50일등락: 100.42%
 -> [★발견★] 아이티센글로벌 (Market): 8회 수축, 마지막 14.5%, 점수 40 (RS 409.2), 피벗 71,900
 [83/200] 오킨스전자(080580): 패턴 미완성 (제외)
 -> [★발견★] SV인베스트먼트 (Market): 7회 수축, 마지막 7.0%, 점수 70 (RS 207.5), 피벗 3,660
 [85/200] 웨이비스(289930): 패턴 미완성 (제외)
 [86/200] 현대지에프홀딩스(005440): 패턴 미완성 (제외)
 [87/200] 서전기전(189860): 이평선 역배열 (50>150>200 미충족) (제외) | 50일등락: 96.52%
 [88/200] 삼화콘덴서(001820): 패턴 미완성 (제외)
 [89/200] 제이스텍(090470): 패턴 미완성 (제외)
 [90/200] 삼양바이오팜(0120G0): 데이터 부족 (200일 미만) (제외) | 50일등락: 93.71%
 [91/200] 시지메드텍(056090): 패턴 미완성 (제외)
 [92/200] 비에이치아이(083650): 패턴 미완성 (제외)
 [93/200] 한화솔루션(009830): 이평선 역배열 (50>150>200 미충족) (제외) | 50일등락: 91.48%
 -> [★발견★] KEC (Market): 9회 수축, 마지막 12.9%, 점수 20 (RS 189.7), 피벗 1,521
 [95/200] 선익시스템(171090): 패턴 미완성 (제외)
 [96/200] 두산테스나(131970): 패턴 미완성 (제외)
 [97/200] 미래에셋증권2우B(00680K): 패턴 미완성 (제외)
 [98/200] 티에스이(131290): 패턴 미완성 (제외)
 [99/200] 흥아해운(003280): 이평선 역배열 (50>150>200 미충족) (제외) | 50일등락: 88.55%
 [100/200] RF시스템즈(474610): 패턴 미완성 (제외)
 [101/200] OCI홀딩스(010060): 패턴 미완성 (제외)
 [102/200] 한화비전(489790): 패턴 미완성 (제외)
 -> [★발견★] 한전기술 (Market): 6회 수축, 마지막 5.5%, 점수 60 (RS 204.5), 피벗 177,700
 [104/200] 동부건설(005960): 패턴 미완성 (제외)
 [105/200] LS머트리얼즈(417200): 패턴 미완성 (제외)
 -> [★발견★] 한미반도체 (Market): 6회 수축, 마지막 10.0%, 점수 50 (RS 314.2), 피벗 333,500
 [107/200] 덕산하이메탈(077360): 패턴 미완성 (제외)
 [108/200] 엑시콘(092870): 패턴 미완성 (제외)
 [109/200] 미래에셋생명(085620): 패턴 미완성 (제외)
 [110/200] 젠큐릭스(229000): 패턴 미완성 (제외)
 [111/200] 신성이엔지(011930): 패턴 미완성 (제외)
 [112/200] 서진시스템(178320): 패턴 미완성 (제외)
 [113/200] 씨아이에스(222080): 패턴 미완성 (제외)
 [114/200] DSC인베스트먼트(241520): 패턴 미완성 (제외)
 [115/200] 코스텍시스(355150): 패턴 미완성 (제외)
 [116/200] 베뉴지(019010): 패턴 미완성 (제외)
 [117/200] 쎄트렉아이(099320): 패턴 미완성 (제외)
 [118/200] DL(000210): 이평선 역배열 (50>150>200 미충족) (제외) | 50일등락: 78.05%
 [119/200] 한국카본(017960): 패턴 미완성 (제외)
 [120/200] 제이아이테크(417500): 이평선 역배열 (50>150>200 미충족) (제외) | 50일등락: 77.21%
 [121/200] 그래피(318060): 데이터 부족 (200일 미만) (제외) | 50일등락: 77.04%
 [122/200] 중앙에너비스(000440): 패턴 미완성 (제외)
 [123/200] 코아시아씨엠(196450): 패턴 미완성 (제외)
 -> [★발견★] 메디아나 (Market): 6회 수축, 마지막 11.3%, 점수 50 (RS 297.3), 피벗 21,600
 -> [★발견★] 한섬 (Market): 8회 수축, 마지막 2.7%, 점수 70 (RS 166.9), 피벗 24,200
 [126/200] LS ELECTRIC(010120): 패턴 미완성 (제외)
 [127/200] 태광산업(003240): 이평선 역배열 (50>150>200 미충족) (제외) | 50일등락: 73.95%
 [128/200] 앤디포스(238090): 이평선 역배열 (50>150>200 미충족) (제외) | 50일등락: 73.86%
 [129/200] 알파칩스(117670): 패턴 미완성 (제외)
 -> [★발견★] 대덕전자 (Market): 9회 수축, 마지막 9.7%, 점수 40 (RS 332.5), 피벗 66,700
 [131/200] 지니너스(389030): 패턴 미완성 (제외)
 [132/200] LS증권(078020): 패턴 미완성 (제외)
 [133/200] 효성티앤씨(298020): 패턴 미완성 (제외)
 [134/200] 유성티엔에스(024800): 이평선 역배열 (50>150>200 미충족) (제외) | 50일등락: 72.61%
 [135/200] 삼성전기(009150): 패턴 미완성 (제외)
 [136/200] 리노공업(058470): 패턴 미완성 (제외)
 -> [★발견★] 알톤 (Market): 6회 수축, 마지막 6.4%, 점수 70 (RS 153.6), 피벗 2,405
 [138/200] 삼미금속(012210): 패턴 미완성 (제외)
 -> [★발견★] 이노와이어리스 (Market): 9회 수축, 마지막 12.4%, 점수 20 (RS 196.6), 피벗 45,550
 [140/200] 옵투스제약(131030): 패턴 미완성 (제외)
 [141/200] 현대차(005380): 패턴 미완성 (제외)
 [142/200] 휴림로봇(090710): 패턴 미완성 (제외)
 -> [★발견★] 티에프이 (Market): 8회 수축, 마지막 6.7%, 점수 40 (RS 230.9), 피벗 59,500
 [144/200] 우진(105840): 패턴 미완성 (제외)
 [145/200] 모헨즈(006920): 패턴 미완성 (제외)
 [146/200] NH투자증권(005940): 패턴 미완성 (제외)
 [147/200] KS인더스트리(101000): 200일선 아래 (제외) | 50일등락: 68.86%
 -> [★발견★] 네오셈 (Market): 8회 수축, 마지막 7.6%, 점수 60 (RS 194.8), 피벗 20,300
 [149/200] 퍼스텍(010820): 패턴 미완성 (제외)
 -> [★발견★] 태성 (Market): 6회 수축, 마지막 10.5%, 점수 40 (RS 193.3), 피벗 77,500
 [151/200] 쏠리드(050890): 패턴 미완성 (제외)
 [152/200] 한신공영(004960): 패턴 미완성 (제외)
 [153/200] 에코프로(086520): 패턴 미완성 (제외)
 [154/200] DN오토모티브(007340): 패턴 미완성 (제외)
 [155/200] GS건설(006360): 이평선 역배열 (50>150>200 미충족) (제외) | 50일등락: 67.28%
 [156/200] 성도이엔지(037350): 패턴 미완성 (제외)
 [157/200] 인텔리안테크(189300): 패턴 미완성 (제외)
 [158/200] OCI(456040): 패턴 미완성 (제외)
 [159/200] 핌스(347770): 이평선 역배열 (50>150>200 미충족) (제외) | 50일등락: 66.43%
 [160/200] 우정바이오(215380): 패턴 미완성 (제외)
 [161/200] 네오펙트(290660): 이평선 역배열 (50>150>200 미충족) (제외) | 50일등락: 66.37%
 [162/200] 비츠로셀(082920): 패턴 미완성 (제외)
 -> [★발견★] 코오롱ENP (Market): 8회 수축, 마지막 5.0%, 점수 80 (RS 184.9), 피벗 13,800
 [164/200] TBH글로벌(084870): 패턴 미완성 (제외)
 -> [★발견★] 그린리소스 (Market): 7회 수축, 마지막 6.6%, 점수 40 (RS 180.1), 피벗 10,010
 [166/200] 한신기계(011700): 이평선 역배열 (50>150>200 미충족) (제외) | 50일등락: 65.93%
 [167/200] 롯데쇼핑(023530): 패턴 미완성 (제외)
 -> [★발견★] 코오롱인더 (Market): 6회 수축, 마지막 6.5%, 점수 60 (RS 182.9), 피벗 75,000
 [169/200] 한화투자증권(003530): 이평선 역배열 (50>150>200 미충족) (제외) | 50일등락: 64.66%
 [170/200] 세아제강지주(003030): 이평선 역배열 (50>150>200 미충족) (제외) | 50일등락: 64.62%
 [171/200] 서울반도체(046890): 패턴 미완성 (제외)
 [172/200] 한화생명(088350): 패턴 미완성 (제외)
 -> [★발견★] 태광 (Market): 8회 수축, 마지막 11.0%, 점수 20 (RS 144.8), 피벗 32,200
 [174/200] 하이텍팜(106190): 패턴 미완성 (제외)
 [175/200] 상아프론테크(089980): 패턴 미완성 (제외)
 [176/200] 티씨케이(064760): 패턴 미완성 (제외)
 [177/200] DL이앤씨(375500): 이평선 역배열 (50>150>200 미충족) (제외) | 50일등락: 63.0%
 [178/200] 티움바이오(321550): 패턴 미완성 (제외)
 [179/200] 대원전선(006340): 패턴 미완성 (제외)
 [180/200] 씨에스윈드(112610): 이평선 역배열 (50>150>200 미충족) (제외) | 50일등락: 62.41%
 [181/200] 이노룰스(296640): 이평선 역배열 (50>150>200 미충족) (제외) | 50일등락: 62.23%
 [182/200] 진시스템(363250): 이평선 역배열 (50>150>200 미충족) (제외) | 50일등락: 62.08%
 [183/200] 비나텍(126340): 패턴 미완성 (제외)
 [184/200] GRT(900290): 패턴 미완성 (제외)
 [185/200] 미래에셋벤처투자(100790): 패턴 미완성 (제외)
 [186/200] HDC(012630): 이평선 역배열 (50>150>200 미충족) (제외) | 50일등락: 60.38%
 -> [★발견★] 다보링크 (Market): 7회 수축, 마지막 13.5%, 점수 20 (RS 147.4), 피벗 1,737
 [188/200] 지앤비에스 에코(382800): 이평선 역배열 (50>150>200 미충족) (제외) | 50일등락: 59.73%
 [189/200] 한선엔지니어링(452280): 패턴 미완성 (제외)
 [190/200] 에이텀(355690): 이평선 역배열 (50>150>200 미충족) (제외) | 50일등락: 59.49%
 [191/200] 대창솔루션(096350): 패턴 미완성 (제외)
 -> [★발견★] 원익IPS (Market): 6회 수축, 마지막 13.9%, 점수 40 (RS 331.0), 피벗 137,800
 -> [★발견★] 포스코인터내셔널 (Market): 7회 수축, 마지막 9.9%, 점수 40 (RS 143.9), 피벗 79,500
 [194/200] 하림지주(003380): 패턴 미완성 (제외)
 [195/200] 케어젠(214370): 패턴 미완성 (제외)
 -> [★발견★] 현대비앤지스틸 (Market): 7회 수축, 마지막 8.4%, 점수 70 (RS 143.7), 피벗 18,310
 [197/200] 티엠씨(217590): 데이터 부족 (200일 미만) (제외) | 50일등락: 58.39%
 [198/200] 에스앤에스텍(101490): 패턴 미완성 (제외)
 [199/200] NHN벅스(104200): 50일선 아래 (제외) | 50일등락: 58.06%
 -> [★발견★] 광동제약 (Market): 6회 수축, 마지막 3.8%, 점수 80 (RS 154.9), 피벗 9,200

============================================================
 VCP 스캔 요약: 발견 36, 추세제외 47, 패턴제외 117, 에러 0
============================================================
[완료] 36개 PB 업로드 완료.
[2026-03-22 20:51:45.599775] 06_collect_stock_data.py 실행 중...
[2026-03-22 20:54:45.007531] 04_collect_news.py 실행 중...
[2026-03-22 20:56:36.206265] 05_analyze_news.py 실행 중...
[2026-03-22 21:00:25.520346] 03_visualize_vcp.py 실행 중...
