[2026-04-23 17:23:23.579141] 자동 시장 데이터 동기화 체크 중...
[2026-04-23 17:23:40.944854] 동기화 확인 완료.
[2026-04-23 17:23:40.944854] VCP 통합 스캔 시작    # [0] 대상 선정 (Phase 1)
[2026-04-23 17:23:40.975933] 대상 종목 선별 작업 시작 (Batch 모드)...
  선정 기간: 20260206 ~ 20260413 (약 50거래일 기준)
[2026-04-23 17:23:40.986026] Naver Finance에서 종목 리스트 수집 중...
  Market 0 has 49 pages.
  Market 1 has 37 pages.
[PB Utils] Successfully fetched 4256 tickers from Naver Finance.
[2026-04-23 17:23:57.350553] 투자자보호 종목(관리/정지/경보) 225개 수집 완료.
[2026-04-23 17:23:58.436977] 대상 선별 완료. (Batch 모드로 26분 -> 수 초로 단축)
[2026-04-23 17:23:58.450834] 스캔 대상 200개 상세 데이터 로딩 시작...
  - [10/200] 192410 017900 046970 215790 010170 900270 187660 049080 047040 069540 로딩 완료
  - [20/200] 331920 221800 036170 065770 412350 100590 065440 035460 388790 475150 로딩 완료
  - [30/200] 088280 357880 027040 138080 010820 056360 073540 072950 360350 327260 로딩 완료
  - [40/200] 065530 109080 095270 088800 238090 115440 043260 008350 082920 032820 로딩 완료
  - [50/200] 089230 109070 129920 079550 046120 242040 006110 375500 217590 218410 로딩 완료
  - [60/200] 001820 003280 217730 005090 382800 003000 085910 033160 092600 153460 로딩 완료
  - [70/200] 064850 052020 230240 322000 006360 429270 009155 085620 288980 474610 로딩 완료
  - [80/200] 027360 050890 092220 376900 040160 290550 393890 023160 402490 321260 로딩 완료
  - [90/200] 011930 291650 007120 054620 058110 003030 084870 321550 084850 37550L 로딩 완료
  - [100/200] 340440 017550 089970 179530 347770 080520 148250 078600 053690 290720 로딩 완료
  - [110/200] 000720 031310 033790 066310 241520 062970 092790 355150 228670 187870 로딩 완료
  - [120/200] 285800 024740 241770 066970 044490 112610 452300 120110 160980 229000 로딩 완료
  - [130/200] 086820 900290 105330 031980 476830 041520 000150 078070 066360 278470 로딩 완료
  - [140/200] 028050 011070 037350 100840 368770 046210 042600 018470 131030 420770 로딩 완료
  - [150/200] 006340 127120 038680 032500 319660 053260 084990 389030 294630 073490 로딩 완료
  - [160/200] 405000 007810 015260 037230 226590 140430 090470 310870 232830 000210 로딩 완료
  - [170/200] 006920 017960 052860 061040 046890 001290 039560 001250 353200 204610 로딩 완료
  - [180/200] 098120 127710 425420 275630 012630 310210 060260 096350 065450 106190 로딩 완료
  - [190/200] 091580 37550K 131970 137950 086450 452280 213420 005960 033130 001230 로딩 완료
  - [200/200] 024840 417200 100090 012510 347860 114810 089150 048410 178320 042700 로딩 완료
[2026-04-23 17:24:14.177201] 상세 데이터 로딩 완료. (총 200개 캐싱됨)
 [1/200] 오늘이엔엠(192410): 이평선 역배열 (50>150>200 미충족) (제외) | 50일등락: 855.17%
 [2/200] 광전자(017900): 패턴 미완성 (제외)
 [3/200] 우리로(046970): 패턴 미완성 (제외)
 -> [★발견★] 이노인스트루먼트 (Market): 6회 수축, 마지막 14.9%, 점수 20 (RS 686.4), 피벗 422
 [5/200] 대한광통신(010170): 1차 조정폭 과다 (제외)
 [6/200] 헝셩그룹(900270): 패턴 미완성 (제외)
 [7/200] 페니트리움바이오(187660): 패턴 미완성 (제외)
 [8/200] 기가레인(049080): 패턴 미완성 (제외)
 [9/200] 대우건설(047040): 패턴 미완성 (제외)
 [10/200] 빛과전자(069540): 패턴 미완성 (제외)
 -> [★발견★] 셀레믹스 (Market): 4회 수축, 마지막 10.5%, 점수 70 (RS 586.9), 피벗 5,140
 [12/200] 유투바이오(221800): 50일선 아래 (제외) | 50일등락: 290.85%
 [13/200] 에이치엠넥스(036170): 패턴 미완성 (제외)
 [14/200] CS(065770): 이평선 역배열 (50>150>200 미충족) (제외) | 50일등락: 260.12%
 [15/200] 레이저쎌(412350): 패턴 미완성 (제외)
 [16/200] 머큐리(100590): 패턴 미완성 (제외)
 -> [★발견★] 이루온 (Market): 7회 수축, 마지막 13.8%, 점수 20 (RS 295.7), 피벗 2,435
 [18/200] 기산텔레콤(035460): 패턴 미완성 (제외)
 [19/200] 라이콤(388790): 패턴 미완성 (제외)
 [20/200] SK이터닉스(475150): 패턴 미완성 (제외)
 [21/200] 쏘닉스(088280): 이평선 역배열 (50>150>200 미충족) (제외) | 50일등락: 184.92%
 [22/200] SKAI(357880): 이평선 역배열 (50>150>200 미충족) (제외) | 50일등락: 174.62%
 [23/200] 서울전자통신(027040): 이평선 역배열 (50>150>200 미충족) (제외) | 50일등락: 174.06%
 -> [★발견★] 오이솔루션 (Market): 8회 수축, 마지막 10.9%, 점수 20 (RS 379.1), 피벗 44,150
 [25/200] 퍼스텍(010820): 패턴 미완성 (제외)
 [26/200] 코위버(056360): 패턴 미완성 (제외)
 -> [★발견★] 에프알텍 (Market): 9회 수축, 마지막 6.5%, 점수 40 (RS 262.4), 피벗 2,705
 [28/200] 빛샘전자(072950): 패턴 미완성 (제외)
 [29/200] 코셈(360350): 패턴 미완성 (제외)
 [30/200] RF머트리얼즈(327260): 패턴 미완성 (제외)
 -> [★발견★] 와이어블 (Market): 7회 수축, 마지막 2.3%, 점수 50 (RS 234.9), 피벗 1,438
 [32/200] 옵티시스(109080): 이평선 역배열 (50>150>200 미충족) (제외) | 50일등락: 136.93%
 -> [★발견★] 웨이브일렉트로 (Market): 8회 수축, 마지막 13.7%, 점수 20 (RS 202.8), 피벗 5,400
 [34/200] 에이스테크(088800): 패턴 미완성 (제외)
 -> [★발견★] 앤디포스 (Market): 6회 수축, 마지막 5.3%, 점수 60 (RS 189.3), 피벗 3,770
 [36/200] 우리넷(115440): 패턴 미완성 (제외)
 [37/200] 성호전자(043260): 패턴 미완성 (제외)
 [38/200] 남선알미늄(008350): 패턴 미완성 (제외)
 [39/200] 비츠로셀(082920): 패턴 미완성 (제외)
 [40/200] 우리기술(032820): 패턴 미완성 (제외)
 [41/200] THE E&M(089230): 패턴 미완성 (제외)
 -> [★발견★] 주성코퍼레이션 (Market): 6회 수축, 마지막 11.1%, 점수 20 (RS 201.6), 피벗 1,357
 [43/200] 대성하이텍(129920): 패턴 미완성 (제외)
 [44/200] LIG디펜스앤에어로스페이스(079550): 이평선 역배열 (50>150>200 미충족) (제외) | 50일등락: 119.91%
 [45/200] 오르비텍(046120): 패턴 미완성 (제외)
 [46/200] 나무기술(242040): 패턴 미완성 (제외)
 [47/200] 삼아알미늄(006110): 패턴 미완성 (제외)
 [48/200] DL이앤씨(375500): 이평선 역배열 (50>150>200 미충족) (제외) | 50일등락: 109.77%
 [49/200] 티엠씨(217590): 데이터 부족 (200일 미만) (제외) | 50일등락: 108.97%
 -> [★발견★] RFHIC (Market): 8회 수축, 마지막 12.1%, 점수 20 (RS 373.3), 피벗 94,200
 [51/200] 삼화콘덴서(001820): 패턴 미완성 (제외)
 [52/200] 흥아해운(003280): 패턴 미완성 (제외)
 -> [★발견★] 강스템바이오텍 (Market): 9회 수축, 마지막 14.6%, 점수 20 (RS 230.7), 피벗 3,585
 [54/200] SGC에너지(005090): 패턴 미완성 (제외)
 [55/200] 지앤비에스 에코(382800): 이평선 역배열 (50>150>200 미충족) (제외) | 50일등락: 97.14%
 [56/200] 부광약품(003000): 패턴 미완성 (제외)
 -> [★발견★] 네오티스 (Market): 7회 수축, 마지막 10.9%, 점수 40 (RS 461.9), 피벗 23,800
 [58/200] 엠케이전자(033160): 패턴 미완성 (제외)
 [59/200] 앤씨앤(092600): 이평선 역배열 (50>150>200 미충족) (제외) | 50일등락: 94.52%
 [60/200] 네이블(153460): 이평선 역배열 (50>150>200 미충족) (제외) | 50일등락: 92.12%
 -> [★발견★] 에프앤가이드 (Market): 7회 수축, 마지막 14.0%, 점수 20 (RS 325.7), 피벗 21,400
 [62/200] 에스티큐브(052020): 패턴 미완성 (제외)
 [63/200] 에치에프알(230240): 패턴 미완성 (제외)
 [64/200] HD현대에너지솔루션(322000): 패턴 미완성 (제외)
 [65/200] GS건설(006360): 패턴 미완성 (제외)
 [66/200] 시지트로닉스(429270): 이평선 역배열 (50>150>200 미충족) (제외) | 50일등락: 88.84%
 [67/200] 삼성전기우(009155): 패턴 미완성 (제외)
 -> [★발견★] 미래에셋생명 (Market): 8회 수축, 마지막 10.0%, 점수 70 (RS 242.7), 피벗 17,910
 [69/200] 모아데이타(288980): 이평선 역배열 (50>150>200 미충족) (제외) | 50일등락: 86.96%
 [70/200] RF시스템즈(474610): 패턴 미완성 (제외)
 -> [★발견★] 아주IB투자 (Market): 7회 수축, 마지막 9.3%, 점수 70 (RS 349.7), 피벗 9,370
 [72/200] 쏠리드(050890): 패턴 미완성 (제외)
 [73/200] KEC(092220): 패턴 미완성 (제외)
 [74/200] 로킷헬스케어(376900): 패턴 미완성 (제외)
 [75/200] 누리플렉스(040160): 패턴 미완성 (제외)
 [76/200] 디케이티(290550): 패턴 미완성 (제외)
 -> [★발견★] 더블유씨피 (Market): 7회 수축, 마지막 13.0%, 점수 20 (RS 237.1), 피벗 15,100
 -> [★발견★] 태광 (Market): 7회 수축, 마지막 4.7%, 점수 50 (RS 216.5), 피벗 35,850
 [79/200] 그린리소스(402490): 패턴 미완성 (제외)
 [80/200] 프로이천(321260): 이평선 역배열 (50>150>200 미충족) (제외) | 50일등락: 78.57%
 [81/200] 신성이엔지(011930): 패턴 미완성 (제외)
 [82/200] 압타머사이언스(291650): 이평선 역배열 (50>150>200 미충족) (제외) | 50일등락: 77.56%
 [83/200] 미래아이앤지(007120): 패턴 미완성 (제외)
 [84/200] APS(054620): 패턴 미완성 (제외)
 [85/200] 멕아이씨에스(058110): 이평선 역배열 (50>150>200 미충족) (제외) | 50일등락: 74.03%
 [86/200] 세아제강지주(003030): 이평선 역배열 (50>150>200 미충족) (제외) | 50일등락: 73.99%
 -> [★발견★] TBH글로벌 (Market): 6회 수축, 마지막 13.3%, 점수 50 (RS 166.8), 피벗 2,365
 [88/200] 티움바이오(321550): 패턴 미완성 (제외)
 [89/200] 아이티엠반도체(084850): 이평선 역배열 (50>150>200 미충족) (제외) | 50일등락: 73.27%
 -> [★발견★] DL이앤씨2우(전환) (Market): 8회 수축, 마지막 12.3%, 점수 20 (RS 191.7), 피벗 45,600
 [91/200] 세림B&G(340440): 이평선 역배열 (50>150>200 미충족) (제외) | 50일등락: 71.62%
 [92/200] 수산세보틱스(017550): 이평선 역배열 (50>150>200 미충족) (제외) | 50일등락: 69.58%
 [93/200] 브이엠(089970): 패턴 미완성 (제외)
 [94/200] 애드바이오텍(179530): 이평선 역배열 (50>150>200 미충족) (제외) | 50일등락: 68.94%
 [95/200] 핌스(347770): 이평선 역배열 (50>150>200 미충족) (제외) | 50일등락: 68.81%
 [96/200] 오디텍(080520): 이평선 역배열 (50>150>200 미충족) (제외) | 50일등락: 67.76%
 [97/200] 알엔투테크놀로지(148250): 200일선 아래 (제외) | 50일등락: 66.99%
 [98/200] 대주전자재료(078600): 패턴 미완성 (제외)
 -> [★발견★] 한미글로벌 (Market): 6회 수축, 마지막 8.3%, 점수 40 (RS 180.2), 피벗 27,200
 -> [★발견★] 푸드나무 (Market): 6회 수축, 마지막 7.6%, 점수 40 (RS 176.2), 피벗 3,270
 [101/200] 현대건설(000720): 패턴 미완성 (제외)
 [102/200] 아이즈비전(031310): 이평선 역배열 (50>150>200 미충족) (제외) | 50일등락: 64.9%
 [103/200] 피노(033790): 패턴 미완성 (제외)
 [104/200] 큐에스아이(066310): 패턴 미완성 (제외)
 -> [★발견★] DSC인베스트먼트 (Market): 7회 수축, 마지막 14.9%, 점수 50 (RS 216.5), 피벗 14,960
 [106/200] 한국첨단소재(062970): 이평선 역배열 (50>150>200 미충족) (제외) | 50일등락: 63.67%
 [107/200] 넥스틸(092790): 이평선 역배열 (50>150>200 미충족) (제외) | 50일등락: 63.51%
 [108/200] 코스텍시스(355150): 패턴 미완성 (제외)
 [109/200] 레이(228670): 이평선 역배열 (50>150>200 미충족) (제외) | 50일등락: 63.34%
 [110/200] 디바이스(187870): 패턴 미완성 (제외)
 [111/200] 진영(285800): 이평선 역배열 (50>150>200 미충족) (제외) | 50일등락: 62.65%
 [112/200] 한일단조(024740): 패턴 미완성 (제외)
 -> [★발견★] 메카로 (Market): 7회 수축, 마지막 10.5%, 점수 50 (RS 233.8), 피벗 39,900
 [114/200] 엘앤에프(066970): 패턴 미완성 (제외)
 [115/200] 태웅(044490): 이평선 역배열 (50>150>200 미충족) (제외) | 50일등락: 59.51%
 [116/200] 씨에스윈드(112610): 이평선 역배열 (50>150>200 미충족) (제외) | 50일등락: 59.37%
 [117/200] 캡스톤파트너스(452300): 이평선 역배열 (50>150>200 미충족) (제외) | 50일등락: 59.18%
 -> [★발견★] 코오롱인더 (Market): 5회 수축, 마지막 11.3%, 점수 40 (RS 237.2), 피벗 75,000
 -> [★발견★] 싸이맥스 (Market): 6회 수축, 마지막 13.2%, 점수 40 (RS 203.4), 피벗 23,050
 [120/200] 젠큐릭스(229000): 50일선 아래 (제외) | 50일등락: 58.32%
 [121/200] 바이오솔루션(086820): 패턴 미완성 (제외)
 [122/200] GRT(900290): 패턴 미완성 (제외)
 [123/200] 케이엔더블유(105330): 패턴 미완성 (제외)
 [124/200] 피에스케이홀딩스(031980): 패턴 미완성 (제외)
 [125/200] 알지노믹스(476830): 데이터 부족 (200일 미만) (제외) | 50일등락: 56.81%
 [126/200] 이엘씨(041520): 이평선 역배열 (50>150>200 미충족) (제외) | 50일등락: 56.51%
 [127/200] 두산(000150): 패턴 미완성 (제외)
 -> [★발견★] 유비쿼스홀딩스 (Market): 6회 수축, 마지막 14.3%, 점수 20 (RS 162.4), 피벗 16,960
 -> [★발견★] 체리부로 (Market): 8회 수축, 마지막 5.6%, 점수 70 (RS 153.1), 피벗 1,179
 -> [★발견★] 에이피알 (Market): 9회 수축, 마지막 7.7%, 점수 40 (RS 284.3), 피벗 344,500
 -> [★발견★] 삼성E&A (Market): 7회 수축, 마지막 8.5%, 점수 40 (RS 207.7), 피벗 35,950
 [132/200] LG이노텍(011070): 패턴 미완성 (제외)
 [133/200] 성도이엔지(037350): 패턴 미완성 (제외)
 -> [★발견★] SNT에너지 (Market): 8회 수축, 마지막 13.5%, 점수 20 (RS 165.2), 피벗 54,200
 -> [★발견★] 파이버프로 (Market): 10회 수축, 마지막 14.2%, 점수 40 (RS 287.2), 피벗 23,550
 [136/200] HLB파나진(046210): 이평선 역배열 (50>150>200 미충족) (제외) | 50일등락: 53.47%
 [137/200] 새로닉스(042600): 패턴 미완성 (제외)
 [138/200] 조일알미늄(018470): 이평선 역배열 (50>150>200 미충족) (제외) | 50일등락: 52.02%
 [139/200] 옵투스제약(131030): 패턴 미완성 (제외)
 -> [★발견★] 기가비스 (Market): 6회 수축, 마지막 9.6%, 점수 40 (RS 290.0), 피벗 86,800
 [141/200] 대원전선(006340): 패턴 미완성 (제외)
 [142/200] 제이에스링크(127120): 패턴 미완성 (제외)
 [143/200] 에스넷(038680): 이평선 역배열 (50>150>200 미충족) (제외) | 50일등락: 51.35%
 [144/200] 케이엠더블유(032500): 패턴 미완성 (제외)
 [145/200] 피에스케이(319660): 패턴 미완성 (제외)
 [146/200] 금강철강(053260): 이평선 역배열 (50>150>200 미충족) (제외) | 50일등락: 50.5%
 [147/200] 헬릭스미스(084990): 패턴 미완성 (제외)
 [148/200] 지니너스(389030): 패턴 미완성 (제외)
 -> [★발견★] 서남 (Market): 7회 수축, 마지막 7.6%, 점수 60 (RS 169.3), 피벗 4,015
 -> [★발견★] LIG아큐버 (Market): 10회 수축, 마지막 9.4%, 점수 40 (RS 222.9), 피벗 44,500
 [151/200] 플라즈맵(405000): 이평선 역배열 (50>150>200 미충족) (제외) | 50일등락: 49.45%
 [152/200] 코리아써키트(007810): 패턴 미완성 (제외)
 [153/200] 에이엔피(015260): 패턴 미완성 (제외)
 [154/200] 한국팩키지(037230): 이평선 역배열 (50>150>200 미충족) (제외) | 50일등락: 49.26%
 [155/200] 엠디바이스(226590): 1차 조정폭 과다 (제외)
 [156/200] 카티스(140430): 이평선 역배열 (50>150>200 미충족) (제외) | 50일등락: 49.03%
 [157/200] 제이스텍(090470): 패턴 미완성 (제외)
 [158/200] 디와이씨(310870): 이평선 역배열 (50>150>200 미충족) (제외) | 50일등락: 48.39%
 [159/200] 아이티센피엔에스(232830): 이평선 역배열 (50>150>200 미충족) (제외) | 50일등락: 48.26%
 [160/200] DL(000210): 이평선 역배열 (50>150>200 미충족) (제외) | 50일등락: 48.03%
 [161/200] 모헨즈(006920): 패턴 미완성 (제외)
 [162/200] 한국카본(017960): 패턴 미완성 (제외)
 [163/200] 아이앤씨(052860): 패턴 미완성 (제외)
 [164/200] 알에프텍(061040): 이평선 역배열 (50>150>200 미충족) (제외) | 50일등락: 47.54%
 [165/200] 서울반도체(046890): 패턴 미완성 (제외)
 [166/200] 상상인증권(001290): 50일선 아래 (제외) | 50일등락: 46.51%
 [167/200] 다산네트웍스(039560): 패턴 미완성 (제외)
 [168/200] GS글로벌(001250): 이평선 역배열 (50>150>200 미충족) (제외) | 50일등락: 46.01%
 [169/200] 대덕전자(353200): 패턴 미완성 (제외)
 [170/200] 티쓰리(204610): 이평선 역배열 (50>150>200 미충족) (제외) | 50일등락: 46.0%
 -> [★발견★] 마이크로컨텍솔 (Market): 7회 수축, 마지막 8.7%, 점수 70 (RS 189.7), 피벗 29,350
 [172/200] 아시아경제(127710): 패턴 미완성 (제외)
 [173/200] 티에프이(425420): 패턴 미완성 (제외)
 [174/200] 에스에스알(275630): 이평선 역배열 (50>150>200 미충족) (제외) | 50일등락: 45.55%
 [175/200] HDC(012630): 이평선 역배열 (50>150>200 미충족) (제외) | 50일등락: 45.25%
 [176/200] 보로노이(310210): 패턴 미완성 (제외)
 [177/200] 뉴보텍(060260): 이평선 역배열 (50>150>200 미충족) (제외) | 50일등락: 45.1%
 [178/200] 대창솔루션(096350): 패턴 미완성 (제외)
 [179/200] 빅텍(065450): 이평선 역배열 (50>150>200 미충족) (제외) | 50일등락: 44.96%
 [180/200] 하이텍팜(106190): 패턴 미완성 (제외)
 [181/200] 상신이디피(091580): 패턴 미완성 (제외)
 -> [★발견★] DL이앤씨우 (Market): 6회 수축, 마지막 12.0%, 점수 20 (RS 164.8), 피벗 30,800
 [183/200] 두산테스나(131970): 패턴 미완성 (제외)
 [184/200] 제이씨케미칼(137950): 이평선 역배열 (50>150>200 미충족) (제외) | 50일등락: 44.15%
 [185/200] 동국제약(086450): 패턴 미완성 (제외)
 [186/200] 한선엔지니어링(452280): 패턴 미완성 (제외)
 [187/200] 덕산네오룩스(213420): 패턴 미완성 (제외)
 [188/200] 동부건설(005960): 패턴 미완성 (제외)
 [189/200] 디지틀조선(033130): 패턴 미완성 (제외)
 [190/200] 동국홀딩스(001230): 이평선 역배열 (50>150>200 미충족) (제외) | 50일등락: 43.39%
 [191/200] KBI메탈(024840): 이평선 역배열 (50>150>200 미충족) (제외) | 50일등락: 43.35%
 -> [★발견★] LS머트리얼즈 (Market): 9회 수축, 마지막 9.0%, 점수 70 (RS 184.5), 피벗 20,900
 [193/200] SK오션플랜트(100090): 이평선 역배열 (50>150>200 미충족) (제외) | 50일등락: 43.15%
 [194/200] 더존비즈온(012510): 패턴 미완성 (제외)
 [195/200] 알체라(347860): 이평선 역배열 (50>150>200 미충족) (제외) | 50일등락: 42.78%
 [196/200] 한솔아이원스(114810): 패턴 미완성 (제외)
 [197/200] 케이씨티(089150): 이평선 역배열 (50>150>200 미충족) (제외) | 50일등락: 42.44%
 [198/200] 현대바이오(048410): 50일선 아래 (제외) | 50일등락: 42.09%
 -> [★발견★] 서진시스템 (Market): 6회 수축, 마지막 14.6%, 점수 40 (RS 212.3), 피벗 49,200
 [200/200] 한미반도체(042700): 패턴 미완성 (제외)

============================================================
 VCP 스캔 요약: 발견 38, 추세제외 62, 패턴제외 100, 에러 0
============================================================
[완료] 38개 PB 업로드 완료.
[2026-04-23 17:24:15.570859] 06_collect_stock_data.py 실행 중: 상세 데이터 수집 중...
[2026-04-23 17:27:57.343950] 07_calc_portfolio.py 실행 중: 수익률 및 포트폴리오 계산 중...
[2026-04-23 17:28:13.410290] 04_collect_news.py 실행 중: 네이버 뉴스 수집 중...
[2026-04-23 17:28:47.139288] 05_analyze_news.py 실행 중: AI 뉴스 감성 분석 중...
[2026-04-23 17:29:26.373797] 03_visualize_vcp.py 실행 중: VCP 분석 차트 생성 중...
