[2026-02-18 12:53:20.404163] VCP 통합 스캔 시작 (Target Date: 20260204)
[2026-02-18 12:53:20.405297] 대상 종목 선별 작업 시작...
기준 기간: 20251126 ~ 20260204 (약 50일)

[KOSPI] 데이터 수집 중...
[KOSPI] 상위 30개 선정 완료.
            종목명     등락률
티커                     
012200     계양전기  473.72
45226K  한화갤러리아우  433.49
084670     동양고속  348.08
001430  세아베스틸지주  235.69
004310     현대약품  230.61

[KOSDAQ] 데이터 수집 중...
[KOSDAQ] 상위 30개 선정 완료.
          종목명     등락률
티커                   
043260   성호전자  916.20
065170   비엘팜텍  697.44
038500  삼표시멘트  514.67
290740    액트로  422.07
318060    그래피  347.74

총 60개 선정 종목에 대해 VCP 스캔 진행 중...
 -> [발견] 이수스페셜티케미컬 (KOSPI): 5진동, 마지막 7.4%, 점수 50 (Jump 30), 피벗 62,100 (-49.2%)
 -> [발견] 미래에셋증권 (KOSPI): 6진동, 마지막 5.6%, 점수 50 (Jump 60), 피벗 28,700 (-44.0%)
 -> [발견] 현대건설 (KOSPI): 7진동, 마지막 9.5%, 점수 70 (Jump 50), 피벗 109,200 (-3.4%)
 -> [발견] 미래에셋증권2우B (KOSPI): 6진동, 마지막 3.7%, 점수 60 (Jump 60), 피벗 12,450 (-29.2%)
 -> [발견] 한농화성 (KOSPI): 5진동, 마지막 5.9%, 점수 50 (Jump 60), 피벗 15,800 (-39.1%)
 -> [발견] 경인양행 (KOSPI): 8진동, 마지막 10.0%, 점수 60 (Jump 50), 피벗 5,000 (+0.3%)
 -> [발견] DB하이텍 (KOSPI): 6진동, 마지막 4.7%, 점수 60 (Jump 60), 피벗 75,200 (-32.1%)

[완료] 7개 VCP 후보 종목 추출 완료.
결과 파일: E:\Downloads\Antigravity Project\ClosingSHIN\Scripts\results\vcp_report_20260204.csv

[2026-02-18 12:53:35.517120] 후속 데이터 수집 스크립트 자동 실행 (Target: 7개)
Command: E:\Downloads\Antigravity Project\ClosingSHIN\venv\Scripts\pythonw.exe E:\Downloads\Antigravity Project\ClosingSHIN\Scripts\06_collect_stock_data.py --date 20260204 --parent
[2026-02-18 12:54:18.081857] 후속 데이터 수집 및 병합 완료.

[2026-02-18 12:54:18.083369] 뉴스 데이터 수집 스크립트 실행...

[2026-02-18 12:54:20.108952] AI 뉴스 분석 스크립트 실행...
[2026-02-18 12:54:31.756771] 모든 분석 및 데이터 생성 완료.
