[2026-03-18 23:04:10.681741] 자동 시장 데이터 동기화 체크 중...
[2026-03-18 23:04:24.531039] 동기화 확인 완료.
[2026-03-18 23:04:24.531039] VCP 통합 스캔 시작 (Target Date: 20260318)
[2026-03-18 23:04:24.531562] 대상 종목 선별 작업 시작...
Phase 1 조회 기간: 20260107 ~ 20260318 (50+20일)
필터링: ETF/스팩/우선주 제외 | pykrx 순차 고속 조회

[KOSPI] 종목 목록 수집 중 (KIND)...
[KOSPI] 841개 중 810개 스캔 대상 선정
  [KOSPI] 수집 중... (50/810)
  [KOSPI] 수집 중... (100/810)
  [KOSPI] 수집 중... (150/810)
  [KOSPI] 수집 중... (200/810)
  [KOSPI] 수집 중... (250/810)
  [KOSPI] 수집 중... (300/810)
  [KOSPI] 수집 중... (350/810)
  [KOSPI] 수집 중... (400/810)
  [KOSPI] 수집 중... (450/810)
  [KOSPI] 수집 중... (500/810)
  [KOSPI] 수집 중... (550/810)
  [KOSPI] 수집 중... (600/810)
  [KOSPI] 수집 중... (650/810)
  [KOSPI] 수집 중... (700/810)
  [KOSPI] 수집 중... (750/810)
  [KOSPI] 수집 중... (800/810)
  [KOSPI] 수집 중... (810/810)
[KOSPI] 상위 100개 선정 완료. (평균 등락률: 68.60%)

[KOSDAQ] 종목 목록 수집 중 (KIND)...
[KOSDAQ] 1814개 중 1726개 스캔 대상 선정
  [KOSDAQ] 수집 중... (50/1726)
  [KOSDAQ] 수집 중... (100/1726)
  [KOSDAQ] 수집 중... (150/1726)
  [KOSDAQ] 수집 중... (200/1726)
  [KOSDAQ] 수집 중... (250/1726)
  [KOSDAQ] 수집 중... (300/1726)
  [KOSDAQ] 수집 중... (350/1726)
  [KOSDAQ] 수집 중... (400/1726)
  [KOSDAQ] 수집 중... (450/1726)
  [KOSDAQ] 수집 중... (500/1726)
  [KOSDAQ] 수집 중... (550/1726)
  [KOSDAQ] 수집 중... (600/1726)
  [KOSDAQ] 수집 중... (650/1726)
  [KOSDAQ] 수집 중... (700/1726)
  [KOSDAQ] 수집 중... (750/1726)
  [KOSDAQ] 수집 중... (800/1726)
  [KOSDAQ] 수집 중... (850/1726)
  [KOSDAQ] 수집 중... (900/1726)
  [KOSDAQ] 수집 중... (950/1726)
  [KOSDAQ] 수집 중... (1000/1726)
  [KOSDAQ] 수집 중... (1050/1726)
  [KOSDAQ] 수집 중... (1100/1726)
  [KOSDAQ] 수집 중... (1150/1726)
  [KOSDAQ] 수집 중... (1200/1726)
  [KOSDAQ] 수집 중... (1250/1726)
  [KOSDAQ] 수집 중... (1300/1726)
  [KOSDAQ] 수집 중... (1350/1726)
  [KOSDAQ] 수집 중... (1400/1726)
  [KOSDAQ] 수집 중... (1450/1726)
  [KOSDAQ] 수집 중... (1500/1726)
  [KOSDAQ] 수집 중... (1550/1726)
  [KOSDAQ] 수집 중... (1600/1726)
  [KOSDAQ] 수집 중... (1650/1726)
  [KOSDAQ] 수집 중... (1700/1726)
  [KOSDAQ] 수집 중... (1726/1726)
[KOSDAQ] 상위 100개 선정 완료. (평균 등락률: 143.53%)

총 200개 선정 종목에 대해 VCP 스캔 진행 중...
[Phase 2 캐시] 200개 종목 1년치 조회 중...
  캐시 완료: 50/200
  캐시 완료: 100/200
  캐시 완료: 150/200
  캐시 완료: 200/200
[Phase 2 캐시] 완료 - 200개 캐시됨
 -> [발견] 미래에셋증권 (KOSPI): 6진동, 마지막 2.8%, 점수 80 (Jump 100), 피벗 71,091 (+1.7%)
 -> [발견] HD현대에너지솔루션 (KOSPI): 7진동, 마지막 13.2%, 점수 20 (Jump 10), 피벗 89,600 (-32.0%)
 -> [발견] KEC (KOSPI): 10진동, 마지막 8.7%, 점수 60 (Jump 50), 피벗 1,521 (+7.0%)
 -> [발견] 대덕전자 (KOSPI): 9진동, 마지막 9.7%, 점수 40 (Jump 30), 피벗 66,700 (-10.8%)
 -> [발견] 한미반도체 (KOSPI): 6진동, 마지막 10.0%, 점수 50 (Jump 50), 피벗 333,500 (+7.2%)
 -> [발견] 광동제약 (KOSPI): 6진동, 마지막 3.8%, 점수 80 (Jump 80), 피벗 9,200 (+1.8%)
 -> [발견] 와이투솔루션 (KOSPI): 6진동, 마지막 14.9%, 점수 50 (Jump 50), 피벗 7,600 (+17.5%)
 -> [발견] 자화전자 (KOSPI): 7진동, 마지막 11.7%, 점수 40 (Jump 50), 피벗 44,400 (+13.0%)
 -> [발견] HD현대 (KOSPI): 5진동, 마지막 12.2%, 점수 40 (Jump 50), 피벗 298,000 (+8.2%)
 -> [발견] 화승코퍼레이션 (KOSPI): 7진동, 마지막 5.8%, 점수 70 (Jump 80), 피벗 3,100 (+6.2%)
 -> [발견] 에이치엠넥스 (KOSDAQ): 6진동, 마지막 9.9%, 점수 40 (Jump 30), 피벗 1,798 (-64.6%)
 -> [발견] 누리플렉스 (KOSDAQ): 6진동, 마지막 15.0%, 점수 20 (Jump 10), 피벗 9,410 (-7.8%)
 -> [발견] 모베이스전자 (KOSDAQ): 9진동, 마지막 5.7%, 점수 70 (Jump 80), 피벗 4,070 (+4.4%)
 -> [발견] 셀레믹스 (KOSDAQ): 5진동, 마지막 10.5%, 점수 20 (Jump 30), 피벗 5,140 (-26.1%)
 -> [발견] 기가비스 (KOSDAQ): 5진동, 마지막 9.4%, 점수 60 (Jump 50), 피벗 77,400 (+0.1%)
 -> [발견] RF머트리얼즈 (KOSDAQ): 6진동, 마지막 11.5%, 점수 20 (Jump 30), 피벗 25,550 (-54.1%)
 -> [발견] 피에스케이홀딩스 (KOSDAQ): 8진동, 마지막 12.8%, 점수 40 (Jump 30), 피벗 117,300 (+8.4%)
 -> [발견] SV인베스트먼트 (KOSDAQ): 7진동, 마지막 6.3%, 점수 70 (Jump 50), 피벗 3,660 (+2.2%)
 -> [발견] 제이에스링크 (KOSDAQ): 8진동, 마지막 7.7%, 점수 40 (Jump 30), 피벗 31,050 (-19.7%)
 -> [발견] 주성엔지니어링 (KOSDAQ): 6진동, 마지막 12.7%, 점수 40 (Jump 30), 피벗 70,000 (+11.3%)
 -> [발견] 오이솔루션 (KOSDAQ): 7진동, 마지막 5.5%, 점수 40 (Jump 60), 피벗 16,980 (-46.4%)
 -> [발견] 엔에프씨 (KOSDAQ): 10진동, 마지막 13.5%, 점수 40 (Jump 50), 피벗 9,400 (+14.5%)
 -> [발견] 대주전자재료 (KOSDAQ): 6진동, 마지막 10.8%, 점수 20 (Jump 30), 피벗 118,800 (+0.2%)
 -> [발견] 에스티큐브 (KOSDAQ): 5진동, 마지막 12.6%, 점수 20 (Jump 30), 피벗 9,100 (-44.2%)
 -> [발견] 삼미금속 (KOSDAQ): 7진동, 마지막 13.2%, 점수 50 (Jump 50), 피벗 17,550 (+13.8%)
 -> [발견] 씨아이에스 (KOSDAQ): 7진동, 마지막 14.5%, 점수 40 (Jump 50), 피벗 15,100 (+17.0%)
 -> [발견] 중앙에너비스 (KOSDAQ): 8진동, 마지막 12.5%, 점수 20 (Jump 10), 피벗 32,800 (+14.3%)
 -> [발견] 라이콤 (KOSDAQ): 6진동, 마지막 10.3%, 점수 20 (Jump 30), 피벗 3,190 (-35.8%)
 -> [발견] 그린리소스 (KOSDAQ): 7진동, 마지막 6.6%, 점수 40 (Jump 30), 피벗 10,010 (-36.5%)
 -> [발견] 펄어비스 (KOSDAQ): 8진동, 마지막 7.9%, 점수 40 (Jump 30), 피벗 53,700 (-18.1%)

[완료] 30개 VCP 후보 종목 추출 완료.
결과 파일: E:\Downloads\Antigravity Project\ClosingSHIN\Scripts\results\vcp_report_20260318.csv

[2026-03-18 23:04:43.956429] 후속 데이터 수집 스크립트 자동 실행 (Target: 30개)
Command: E:\Downloads\Antigravity Project\ClosingSHIN\venv\Scripts\pythonw.exe E:\Downloads\Antigravity Project\ClosingSHIN\Scripts\06_collect_stock_data.py --date 20260318 --parent
[2026-03-18 23:12:27.345966] 후속 데이터 수집 및 병합 완료.

[2026-03-18 23:12:27.345966] 뉴스 데이터 수집 스크립트 실행...
None

[2026-03-18 23:14:02.404844] AI 뉴스 분석 스크립트 실행...
None

[2026-03-18 23:16:14.547638] VCP 차트 생성 스크립트 실행...
None
[2026-03-18 23:17:18.041247] 모든 분석 및 데이터 생성 완료.
