[2026-04-23 11:06:48.835039] 자동 시장 데이터 동기화 체크 중...
[2026-04-23 11:07:04.349481] 동기화 확인 완료.
[2026-04-23 11:07:04.349481] VCP 통합 스캔 시작    # [0] 대상 선정 (Phase 1)
[2026-04-23 11:07:04.389994] 대상 종목 선별 작업 시작 (Batch 모드)...
  선정 기간: 20260206 ~ 20260408 (약 50거래일 기준)
[2026-04-23 11:07:04.401654] Naver Finance에서 종목 리스트 수집 중...
  Market 0 has 49 pages.
  Market 1 has 37 pages.
[PB Utils] Successfully fetched 4256 tickers from Naver Finance.
[2026-04-23 11:07:18.010961] 투자자보호 종목(관리/정지/경보) 225개 수집 완료.
[2026-04-23 11:07:19.014490] 대상 선별 완료. (Batch 모드로 26분 -> 수 초로 단축)
[2026-04-23 11:07:19.028592] 스캔 대상 200개 상세 데이터 로딩 시작...
  - [10/200] 192410 900270 046970 010170 049080 187660 221800 017900 047040 215790 로딩 완료
  - [20/200] 412350 331920 065770 036170 475150 065440 069540 357880 032820 138080 로딩 완료
  - [30/200] 242040 088280 238090 046120 360350 375500 388790 033160 027040 065530 로딩 완료
  - [40/200] 100590 092600 322000 043260 129920 082920 006360 079550 092220 052020 로딩 완료
  - [50/200] 001820 085910 327260 027360 321550 402490 109080 054620 085620 218410 로딩 완료
  - [60/200] 005090 056360 003000 376900 073540 000720 035460 288980 089230 003280 로딩 완료
  - [70/200] 393890 290550 179530 347770 230240 355150 003030 053690 084870 37550L 로딩 완료
  - [80/200] 040160 007120 033790 062970 291650 064850 010820 078600 009155 229000 로딩 완료
  - [90/200] 241520 044490 058110 066970 160980 050890 321260 078070 008350 089970 로딩 완료
  - [100/200] 109070 217730 086450 028050 006340 001250 100090 241770 095340 112610 로딩 완료
  - [110/200] 226590 389030 115440 084990 086820 031980 000210 001290 127710 046890 로딩 완료
  - [120/200] 200710 105330 290720 052860 319660 290520 023160 425040 072950 042600 로딩 완료
  - [130/200] 015260 017550 011930 106190 382800 091580 048410 006110 066310 353200 로딩 완료
  - [140/200] 120110 090470 006920 452300 007810 131970 448900 084850 018000 001230 로딩 완료
  - [150/200] 011070 037350 204610 275630 900290 046210 066360 289080 004960 000150 로딩 완료
  - [160/200] 37550K 476830 088800 196450 234690 036930 217590 032500 096350 033130 로딩 완료
  - [170/200] 031310 080520 024840 042700 340440 417200 012510 098120 005960 474610 로딩 완료
  - [180/200] 006800 012630 363250 012205 296640 022220 225530 080580 187870 417500 로딩 완료
  - [190/200] 060260 420770 039560 307180 137950 041520 089980 053160 310870 088790 로딩 완료
  - [200/200] 005810 007340 089150 009290 243840 054090 037460 019540 251370 355690 로딩 완료
[2026-04-23 11:07:33.786361] 상세 데이터 로딩 완료. (총 200개 캐싱됨)
 [1/200] 오늘이엔엠(192410): 이평선 역배열 (50>150>200 미충족) (제외) | 50일등락: 765.5%
 [2/200] 헝셩그룹(900270): 패턴 미완성 (제외)
 [3/200] 우리로(046970): 패턴 미완성 (제외)
 [4/200] 대한광통신(010170): 1차 조정폭 과다 (제외)
 -> [★발견★] 기가레인 (Market): 6회 수축, 마지막 5.3%, 점수 40 (RS 458.8), 피벗 524
 [6/200] 페니트리움바이오(187660): 패턴 미완성 (제외)
 [7/200] 유투바이오(221800): 패턴 미완성 (제외)
 [8/200] 광전자(017900): 패턴 미완성 (제외)
 [9/200] 대우건설(047040): 패턴 미완성 (제외)
 -> [★발견★] 이노인스트루먼트 (Market): 6회 수축, 마지막 14.9%, 점수 20 (RS 422.3), 피벗 422
 -> [★발견★] 레이저쎌 (Market): 4회 수축, 마지막 8.6%, 점수 60 (RS 365.0), 피벗 7,660
 -> [★발견★] 셀레믹스 (Market): 4회 수축, 마지막 10.5%, 점수 70 (RS 485.9), 피벗 5,140
 [13/200] CS(065770): 이평선 역배열 (50>150>200 미충족) (제외) | 50일등락: 209.2%
 [14/200] 에이치엠넥스(036170): 패턴 미완성 (제외)
 -> [★발견★] SK이터닉스 (Market): 6회 수축, 마지막 13.5%, 점수 20 (RS 302.3), 피벗 59,900
 [16/200] 이루온(065440): 이평선 역배열 (50>150>200 미충족) (제외) | 50일등락: 177.3%
 [17/200] 빛과전자(069540): 이평선 역배열 (50>150>200 미충족) (제외) | 50일등락: 163.16%
 [18/200] SKAI(357880): 이평선 역배열 (50>150>200 미충족) (제외) | 50일등락: 163.0%
 [19/200] 우리기술(032820): 패턴 미완성 (제외)
 [20/200] 오이솔루션(138080): 패턴 미완성 (제외)
 [21/200] 나무기술(242040): 패턴 미완성 (제외)
 [22/200] 쏘닉스(088280): 이평선 역배열 (50>150>200 미충족) (제외) | 50일등락: 138.19%
 [23/200] 앤디포스(238090): 이평선 역배열 (50>150>200 미충족) (제외) | 50일등락: 133.92%
 [24/200] 오르비텍(046120): 패턴 미완성 (제외)
 [25/200] 코셈(360350): 이평선 역배열 (50>150>200 미충족) (제외) | 50일등락: 126.16%
 [26/200] DL이앤씨(375500): 이평선 역배열 (50>150>200 미충족) (제외) | 50일등락: 111.32%
 -> [★발견★] 라이콤 (Market): 8회 수축, 마지막 13.6%, 점수 20 (RS 208.1), 피벗 5,900
 [28/200] 엠케이전자(033160): 패턴 미완성 (제외)
 [29/200] 서울전자통신(027040): 이평선 역배열 (50>150>200 미충족) (제외) | 50일등락: 106.6%
 -> [★발견★] 와이어블 (Market): 7회 수축, 마지막 2.3%, 점수 50 (RS 203.2), 피벗 1,438
 [31/200] 머큐리(100590): 패턴 미완성 (제외)
 [32/200] 앤씨앤(092600): 이평선 역배열 (50>150>200 미충족) (제외) | 50일등락: 105.21%
 -> [★발견★] HD현대에너지솔루션 (Market): 7회 수축, 마지막 9.6%, 점수 40 (RS 423.7), 피벗 136,300
 [34/200] 성호전자(043260): 패턴 미완성 (제외)
 [35/200] 대성하이텍(129920): 패턴 미완성 (제외)
 [36/200] 비츠로셀(082920): 패턴 미완성 (제외)
 [37/200] GS건설(006360): 이평선 역배열 (50>150>200 미충족) (제외) | 50일등락: 95.71%
 [38/200] LIG디펜스앤에어로스페이스(079550): 이평선 역배열 (50>150>200 미충족) (제외) | 50일등락: 95.08%
 [39/200] KEC(092220): 패턴 미완성 (제외)
 [40/200] 에스티큐브(052020): 패턴 미완성 (제외)
 [41/200] 삼화콘덴서(001820): 패턴 미완성 (제외)
 -> [★발견★] 네오티스 (Market): 8회 수축, 마지막 10.9%, 점수 40 (RS 482.1), 피벗 23,800
 [43/200] RF머트리얼즈(327260): 패턴 미완성 (제외)
 -> [★발견★] 아주IB투자 (Market): 7회 수축, 마지막 7.9%, 점수 60 (RS 345.5), 피벗 9,370
 [45/200] 티움바이오(321550): 패턴 미완성 (제외)
 [46/200] 그린리소스(402490): 패턴 미완성 (제외)
 [47/200] 옵티시스(109080): 이평선 역배열 (50>150>200 미충족) (제외) | 50일등락: 85.83%
 [48/200] APS(054620): 패턴 미완성 (제외)
 -> [★발견★] 미래에셋생명 (Market): 8회 수축, 마지막 9.9%, 점수 70 (RS 239.1), 피벗 17,910
 -> [★발견★] RFHIC (Market): 8회 수축, 마지막 12.1%, 점수 20 (RS 331.1), 피벗 94,200
 [51/200] SGC에너지(005090): 패턴 미완성 (제외)
 [52/200] 코위버(056360): 패턴 미완성 (제외)
 [53/200] 부광약품(003000): 패턴 미완성 (제외)
 [54/200] 로킷헬스케어(376900): 패턴 미완성 (제외)
 -> [★발견★] 에프알텍 (Market): 9회 수축, 마지막 6.5%, 점수 40 (RS 190.5), 피벗 2,705
 [56/200] 현대건설(000720): 패턴 미완성 (제외)
 [57/200] 기산텔레콤(035460): 이평선 역배열 (50>150>200 미충족) (제외) | 50일등락: 76.38%
 [58/200] 모아데이타(288980): 이평선 역배열 (50>150>200 미충족) (제외) | 50일등락: 74.91%
 [59/200] THE E&M(089230): 패턴 미완성 (제외)
 [60/200] 흥아해운(003280): 패턴 미완성 (제외)
 -> [★발견★] 더블유씨피 (Market): 7회 수축, 마지막 13.0%, 점수 20 (RS 220.6), 피벗 15,100
 [62/200] 디케이티(290550): 패턴 미완성 (제외)
 [63/200] 애드바이오텍(179530): 이평선 역배열 (50>150>200 미충족) (제외) | 50일등락: 73.09%
 [64/200] 핌스(347770): 이평선 역배열 (50>150>200 미충족) (제외) | 50일등락: 72.97%
 [65/200] 에치에프알(230240): 이평선 역배열 (50>150>200 미충족) (제외) | 50일등락: 72.77%
 -> [★발견★] 코스텍시스 (Market): 6회 수축, 마지막 13.9%, 점수 40 (RS 220.0), 피벗 24,100
 [67/200] 세아제강지주(003030): 이평선 역배열 (50>150>200 미충족) (제외) | 50일등락: 72.16%
 -> [★발견★] 한미글로벌 (Market): 6회 수축, 마지막 8.3%, 점수 40 (RS 180.6), 피벗 27,200
 -> [★발견★] TBH글로벌 (Market): 7회 수축, 마지막 13.3%, 점수 50 (RS 164.5), 피벗 2,365
 -> [★발견★] DL이앤씨2우(전환) (Market): 8회 수축, 마지막 12.3%, 점수 20 (RS 191.3), 피벗 45,600
 [71/200] 누리플렉스(040160): 패턴 미완성 (제외)
 [72/200] 미래아이앤지(007120): 패턴 미완성 (제외)
 [73/200] 피노(033790): 패턴 미완성 (제외)
 [74/200] 한국첨단소재(062970): 이평선 역배열 (50>150>200 미충족) (제외) | 50일등락: 66.07%
 [75/200] 압타머사이언스(291650): 이평선 역배열 (50>150>200 미충족) (제외) | 50일등락: 66.01%
 -> [★발견★] 에프앤가이드 (Market): 8회 수축, 마지막 14.0%, 점수 40 (RS 275.7), 피벗 21,400
 [77/200] 퍼스텍(010820): 패턴 미완성 (제외)
 [78/200] 대주전자재료(078600): 패턴 미완성 (제외)
 [79/200] 삼성전기우(009155): 패턴 미완성 (제외)
 [80/200] 젠큐릭스(229000): 50일선 아래 (제외) | 50일등락: 63.02%
 -> [★발견★] DSC인베스트먼트 (Market): 7회 수축, 마지막 14.9%, 점수 50 (RS 212.4), 피벗 14,960
 [82/200] 태웅(044490): 이평선 역배열 (50>150>200 미충족) (제외) | 50일등락: 62.68%
 [83/200] 멕아이씨에스(058110): 이평선 역배열 (50>150>200 미충족) (제외) | 50일등락: 62.3%
 [84/200] 엘앤에프(066970): 패턴 미완성 (제외)
 -> [★발견★] 싸이맥스 (Market): 6회 수축, 마지막 13.2%, 점수 20 (RS 201.8), 피벗 23,050
 [86/200] 쏠리드(050890): 패턴 미완성 (제외)
 [87/200] 프로이천(321260): 이평선 역배열 (50>150>200 미충족) (제외) | 50일등락: 60.57%
 -> [★발견★] 유비쿼스홀딩스 (Market): 6회 수축, 마지막 14.3%, 점수 20 (RS 166.3), 피벗 16,960
 [89/200] 남선알미늄(008350): 이평선 역배열 (50>150>200 미충족) (제외) | 50일등락: 60.19%
 [90/200] 브이엠(089970): 패턴 미완성 (제외)
 -> [★발견★] 주성코퍼레이션 (Market): 6회 수축, 마지막 11.1%, 점수 40 (RS 141.9), 피벗 1,357
 -> [★발견★] 강스템바이오텍 (Market): 9회 수축, 마지막 14.6%, 점수 20 (RS 185.5), 피벗 3,585
 [93/200] 동국제약(086450): 패턴 미완성 (제외)
 -> [★발견★] 삼성E&A (Market): 8회 수축, 마지막 8.5%, 점수 40 (RS 215.5), 피벗 35,950
 [95/200] 대원전선(006340): 패턴 미완성 (제외)
 [96/200] GS글로벌(001250): 이평선 역배열 (50>150>200 미충족) (제외) | 50일등락: 57.98%
 [97/200] SK오션플랜트(100090): 이평선 역배열 (50>150>200 미충족) (제외) | 50일등락: 57.68%
 -> [★발견★] 메카로 (Market): 7회 수축, 마지막 10.5%, 점수 50 (RS 239.5), 피벗 39,900
 -> [★발견★] ISC (Market): 6회 수축, 마지막 10.6%, 점수 20 (RS 340.0), 피벗 264,000
 [100/200] 씨에스윈드(112610): 이평선 역배열 (50>150>200 미충족) (제외) | 50일등락: 56.71%
 [101/200] 엠디바이스(226590): 1차 조정폭 과다 (제외)
 [102/200] 지니너스(389030): 패턴 미완성 (제외)
 [103/200] 우리넷(115440): 패턴 미완성 (제외)
 [104/200] 헬릭스미스(084990): 패턴 미완성 (제외)
 [105/200] 바이오솔루션(086820): 패턴 미완성 (제외)
 [106/200] 피에스케이홀딩스(031980): 패턴 미완성 (제외)
 [107/200] DL(000210): 이평선 역배열 (50>150>200 미충족) (제외) | 50일등락: 54.99%
 [108/200] 상상인증권(001290): 패턴 미완성 (제외)
 -> [★발견★] 아시아경제 (Market): 8회 수축, 마지막 7.7%, 점수 40 (RS 151.9), 피벗 1,782
 [110/200] 서울반도체(046890): 패턴 미완성 (제외)
 [111/200] 에이디테크놀로지(200710): 패턴 미완성 (제외)
 [112/200] 케이엔더블유(105330): 패턴 미완성 (제외)
 -> [★발견★] 푸드나무 (Market): 7회 수축, 마지막 7.6%, 점수 60 (RS 159.5), 피벗 3,270
 -> [★발견★] 아이앤씨 (Market): 8회 수축, 마지막 7.2%, 점수 40 (RS 209.4), 피벗 3,550
 [115/200] 피에스케이(319660): 패턴 미완성 (제외)
 [116/200] 신도기연(290520): 패턴 미완성 (제외)
 -> [★발견★] 태광 (Market): 8회 수축, 마지막 4.7%, 점수 50 (RS 185.2), 피벗 35,850
 [118/200] 티이엠씨(425040): 패턴 미완성 (제외)
 [119/200] 빛샘전자(072950): 패턴 미완성 (제외)
 [120/200] 새로닉스(042600): 패턴 미완성 (제외)
 [121/200] 에이엔피(015260): 패턴 미완성 (제외)
 [122/200] 수산세보틱스(017550): 이평선 역배열 (50>150>200 미충족) (제외) | 50일등락: 52.37%
 [123/200] 신성이엔지(011930): 패턴 미완성 (제외)
 [124/200] 하이텍팜(106190): 패턴 미완성 (제외)
 [125/200] 지앤비에스 에코(382800): 이평선 역배열 (50>150>200 미충족) (제외) | 50일등락: 51.37%
 [126/200] 상신이디피(091580): 패턴 미완성 (제외)
 [127/200] 현대바이오(048410): 패턴 미완성 (제외)
 [128/200] 삼아알미늄(006110): 패턴 미완성 (제외)
 [129/200] 큐에스아이(066310): 패턴 미완성 (제외)
 [130/200] 대덕전자(353200): 패턴 미완성 (제외)
 -> [★발견★] 코오롱인더 (Market): 6회 수축, 마지막 11.3%, 점수 40 (RS 220.9), 피벗 75,000
 [132/200] 제이스텍(090470): 패턴 미완성 (제외)
 [133/200] 모헨즈(006920): 패턴 미완성 (제외)
 [134/200] 캡스톤파트너스(452300): 이평선 역배열 (50>150>200 미충족) (제외) | 50일등락: 49.84%
 [135/200] 코리아써키트(007810): 패턴 미완성 (제외)
 [136/200] 두산테스나(131970): 패턴 미완성 (제외)
 [137/200] 한국피아이엠(448900): 50일선 아래 (제외) | 50일등락: 49.52%
 [138/200] 아이티엠반도체(084850): 이평선 역배열 (50>150>200 미충족) (제외) | 50일등락: 49.35%
 [139/200] 유니슨(018000): 이평선 역배열 (50>150>200 미충족) (제외) | 50일등락: 49.31%
 [140/200] 동국홀딩스(001230): 이평선 역배열 (50>150>200 미충족) (제외) | 50일등락: 49.27%
 [141/200] LG이노텍(011070): 패턴 미완성 (제외)
 [142/200] 성도이엔지(037350): 패턴 미완성 (제외)
 [143/200] 티쓰리(204610): 이평선 역배열 (50>150>200 미충족) (제외) | 50일등락: 48.78%
 [144/200] 에스에스알(275630): 이평선 역배열 (50>150>200 미충족) (제외) | 50일등락: 48.46%
 [145/200] GRT(900290): 패턴 미완성 (제외)
 [146/200] HLB파나진(046210): 이평선 역배열 (50>150>200 미충족) (제외) | 50일등락: 45.86%
 -> [★발견★] 체리부로 (Market): 8회 수축, 마지막 5.6%, 점수 70 (RS 141.8), 피벗 1,179
 [148/200] SV인베스트먼트(289080): 패턴 미완성 (제외)
 [149/200] 한신공영(004960): 패턴 미완성 (제외)
 [150/200] 두산(000150): 패턴 미완성 (제외)
 [151/200] DL이앤씨우(37550K): 이평선 역배열 (50>150>200 미충족) (제외) | 50일등락: 45.39%
 [152/200] 알지노믹스(476830): 데이터 부족 (200일 미만) (제외) | 50일등락: 45.37%
 [153/200] 에이스테크(088800): 패턴 미완성 (제외)
 -> [★발견★] 코아시아씨엠 (Market): 8회 수축, 마지막 13.9%, 점수 50 (RS 181.7), 피벗 1,545
 -> [★발견★] 녹십자웰빙 (Market): 8회 수축, 마지막 12.3%, 점수 20 (RS 150.1), 피벗 14,680
 [156/200] 주성엔지니어링(036930): 패턴 미완성 (제외)
 [157/200] 티엠씨(217590): 데이터 부족 (200일 미만) (제외) | 50일등락: 44.52%
 [158/200] 케이엠더블유(032500): 패턴 미완성 (제외)
 [159/200] 대창솔루션(096350): 패턴 미완성 (제외)
 [160/200] 디지틀조선(033130): 패턴 미완성 (제외)
 [161/200] 아이즈비전(031310): 이평선 역배열 (50>150>200 미충족) (제외) | 50일등락: 44.04%
 [162/200] 오디텍(080520): 이평선 역배열 (50>150>200 미충족) (제외) | 50일등락: 43.75%
 [163/200] KBI메탈(024840): 이평선 역배열 (50>150>200 미충족) (제외) | 50일등락: 43.35%
 [164/200] 한미반도체(042700): 패턴 미완성 (제외)
 [165/200] 세림B&G(340440): 이평선 역배열 (50>150>200 미충족) (제외) | 50일등락: 42.94%
 [166/200] LS머트리얼즈(417200): 패턴 미완성 (제외)
 [167/200] 더존비즈온(012510): 패턴 미완성 (제외)
 -> [★발견★] 마이크로컨텍솔 (Market): 7회 수축, 마지막 8.7%, 점수 70 (RS 176.2), 피벗 29,350
 [169/200] 동부건설(005960): 패턴 미완성 (제외)
 [170/200] RF시스템즈(474610): 패턴 미완성 (제외)
 -> [★발견★] 미래에셋증권 (Market): 6회 수축, 마지막 14.1%, 점수 50 (RS 367.7), 피벗 71,091
 [172/200] HDC(012630): 이평선 역배열 (50>150>200 미충족) (제외) | 50일등락: 41.59%
 [173/200] 진시스템(363250): 이평선 역배열 (50>150>200 미충족) (제외) | 50일등락: 41.37%
 [174/200] 계양전기우(012205): 패턴 미완성 (제외)
 [175/200] 이노에이엑스(296640): 이평선 역배열 (50>150>200 미충족) (제외) | 50일등락: 41.31%
 [176/200] 티케이지애강(022220): 이평선 역배열 (50>150>200 미충족) (제외) | 50일등락: 41.17%
 [177/200] HC보광산업(225530): 이평선 역배열 (50>150>200 미충족) (제외) | 50일등락: 40.8%
 [178/200] 오킨스전자(080580): 패턴 미완성 (제외)
 [179/200] 디바이스(187870): 패턴 미완성 (제외)
 [180/200] 제이아이테크(417500): 패턴 미완성 (제외)
 [181/200] 뉴보텍(060260): 이평선 역배열 (50>150>200 미충족) (제외) | 50일등락: 39.67%
 -> [★발견★] 기가비스 (Market): 6회 수축, 마지막 9.6%, 점수 40 (RS 270.8), 피벗 86,800
 [183/200] 다산네트웍스(039560): 패턴 미완성 (제외)
 [184/200] 아이엘(307180): 50일선 아래 (제외) | 50일등락: 38.86%
 [185/200] 제이씨케미칼(137950): 이평선 역배열 (50>150>200 미충족) (제외) | 50일등락: 38.77%
 [186/200] 이엘씨(041520): 이평선 역배열 (50>150>200 미충족) (제외) | 50일등락: 38.74%
 [187/200] 상아프론테크(089980): 패턴 미완성 (제외)
 [188/200] 프리엠스(053160): 이평선 역배열 (50>150>200 미충족) (제외) | 50일등락: 38.59%
 [189/200] 디와이씨(310870): 이평선 역배열 (50>150>200 미충족) (제외) | 50일등락: 38.49%
 -> [★발견★] 진도 (Market): 10회 수축, 마지막 4.0%, 점수 70 (RS 142.2), 피벗 2,635
 [191/200] 풍산홀딩스(005810): 이평선 역배열 (50>150>200 미충족) (제외) | 50일등락: 38.19%
 [192/200] DN오토모티브(007340): 패턴 미완성 (제외)
 [193/200] 케이씨티(089150): 이평선 역배열 (50>150>200 미충족) (제외) | 50일등락: 37.82%
 [194/200] 광동제약(009290): 패턴 미완성 (제외)
 [195/200] 신흥에스이씨(243840): 패턴 미완성 (제외)
 [196/200] 삼진엘앤디(054090): 이평선 역배열 (50>150>200 미충족) (제외) | 50일등락: 37.58%
 [197/200] 삼지전자(037460): 패턴 미완성 (제외)
 -> [★발견★] 일지테크 (Market): 6회 수축, 마지막 14.0%, 점수 50 (RS 167.7), 피벗 6,850
 -> [★발견★] 와이엠티 (Market): 7회 수축, 마지막 9.7%, 점수 40 (RS 156.2), 피벗 13,250
 [200/200] 에이텀(355690): 이평선 역배열 (50>150>200 미충족) (제외) | 50일등락: 37.07%

============================================================
 VCP 스캔 요약: 발견 41, 추세제외 63, 패턴제외 96, 에러 0
============================================================
[완료] 41개 PB 업로드 완료.
[2026-04-23 11:07:35.210308] 06_collect_stock_data.py 실행 중: 상세 데이터 수집 중...
[2026-04-23 11:11:39.240651] 07_calc_portfolio.py 실행 중: 수익률 및 포트폴리오 계산 중...
[2026-04-23 11:11:54.724177] 04_collect_news.py 실행 중: 네이버 뉴스 수집 중...
[2026-04-23 11:12:44.551673] 05_analyze_news.py 실행 중: AI 뉴스 감성 분석 중...
[2026-04-23 11:14:50.584438] 03_visualize_vcp.py 실행 중: VCP 분석 차트 생성 중...
