[2026-02-24 19:00:12.418726] VCP 통합 스캔 시작 (Target Date: 20260224)
[2026-02-24 19:00:12.419857] 대상 종목 선별 작업 시작...
기준 기간: 20251216 ~ 20260224 (약 50일)

[KOSPI] 데이터 수집 중...
[KOSPI] 상위 100개 선정 완료.
            종목명     등락률
티커                     
45226K  한화갤러리아우  404.76
012200     계양전기  352.85
006800   미래에셋증권  212.82
452260   한화갤러리아  183.29
001510     SK증권  175.38

[KOSDAQ] 데이터 수집 중...
[KOSDAQ] 상위 100개 선정 완료.
          종목명     등락률
티커                   
065170   비엘팜텍  620.61
187660  현대ADM  505.02
043260   성호전자  364.61
032820   우리기술  341.44
221800  유투바이오  302.62

총 200개 선정 종목에 대해 VCP 스캔 진행 중...
 -> [발견] 한화갤러리아우 (KOSPI): 9진동, 마지막 9.7%, 점수 80 (Jump 50), 피벗 11,070 (+4.4%)
 -> [발견] 미래에셋증권 (KOSPI): 5진동, 마지막 5.6%, 점수 50 (Jump 60), 피벗 28,700 (-57.2%)
 -> [발견] 한화갤러리아 (KOSPI): 9진동, 마지막 7.4%, 점수 50 (Jump 30), 피벗 2,235 (-27.6%)
 -> [발견] 현대지에프홀딩스 (KOSPI): 4진동, 마지막 9.6%, 점수 60 (Jump 30), 피벗 8,750 (-53.3%)
 -> [발견] 대우건설 (KOSPI): 5진동, 마지막 5.0%, 점수 60 (Jump 60), 피벗 3,835 (-52.7%)
 -> [발견] 현대건설 (KOSPI): 6진동, 마지막 9.5%, 점수 50 (Jump 30), 피벗 109,200 (-21.2%)
 -> [발견] 퍼스텍 (KOSPI): 9진동, 마지막 5.6%, 점수 50 (Jump 60), 피벗 4,840 (-33.9%)
 -> [발견] 디아이 (KOSPI): 8진동, 마지막 6.7%, 점수 70 (Jump 50), 피벗 37,200 (+2.1%)
 -> [발견] 한미반도체 (KOSPI): 5진동, 마지막 11.3%, 점수 50 (Jump 30), 피벗 211,000 (+0.5%)
 -> [발견] 삼성전자우 (KOSPI): 3진동, 마지막 6.8%, 점수 60 (Jump 30), 피벗 120,600 (-14.4%)
 -> [발견] 한화생명 (KOSPI): 7진동, 마지막 5.8%, 점수 50 (Jump 60), 피벗 3,385 (-36.4%)
 -> [발견] 동부건설 (KOSPI): 5진동, 마지막 4.9%, 점수 60 (Jump 60), 피벗 5,520 (-44.6%)
 -> [발견] 삼성전기 (KOSPI): 5진동, 마지막 6.8%, 점수 50 (Jump 30), 피벗 292,000 (-34.5%)
 -> [발견] 에이플러스에셋 (KOSPI): 6진동, 마지막 4.5%, 점수 60 (Jump 60), 피벗 11,000 (-25.6%)
 -> [발견] 광동제약 (KOSPI): 5진동, 마지막 2.7%, 점수 60 (Jump 80), 피벗 5,850 (-42.4%)
 -> [발견] 한전기술 (KOSPI): 4진동, 마지막 4.4%, 점수 70 (Jump 60), 피벗 151,700 (-5.5%)
 -> [발견] 팜스코 (KOSPI): 8진동, 마지막 8.4%, 점수 70 (Jump 30), 피벗 3,965 (-2.1%)
 -> [발견] 신영증권 (KOSPI): 8진동, 마지막 7.3%, 점수 50 (Jump 30), 피벗 192,000 (-19.2%)
 -> [발견] 한국항공우주 (KOSPI): 7진동, 마지막 7.5%, 점수 50 (Jump 10), 피벗 171,200 (-6.8%)
 -> [발견] 한화 (KOSPI): 7진동, 마지막 7.9%, 점수 50 (Jump 30), 피벗 122,900 (-6.9%)
 -> [발견] 효성티앤씨 (KOSPI): 7진동, 마지막 8.8%, 점수 70 (Jump 50), 피벗 414,500 (+9.7%)
 -> [발견] 성문전자 (KOSPI): 6진동, 마지막 11.6%, 점수 60 (Jump 50), 피벗 2,045 (+12.4%)
 -> [발견] 대원전선 (KOSPI): 10진동, 마지막 7.0%, 점수 50 (Jump 30), 피벗 3,830 (-41.2%)
 -> [발견] LSELECTRIC (KOSPI): 8진동, 마지막 7.1%, 점수 70 (Jump 30), 피벗 539,000 (-27.8%)
 -> [발견] 현대차증권 (KOSPI): 7진동, 마지막 4.6%, 점수 60 (Jump 40), 피벗 9,670 (-22.4%)
 -> [발견] 우진플라임 (KOSPI): 5진동, 마지막 3.9%, 점수 60 (Jump 60), 피벗 1,957 (-32.0%)
 -> [발견] 화신 (KOSPI): 4진동, 마지막 9.1%, 점수 60 (Jump 30), 피벗 9,780 (-25.6%)
 -> [발견] DB증권 (KOSPI): 6진동, 마지막 5.8%, 점수 50 (Jump 60), 피벗 13,600 (-13.3%)
 -> [발견] 현대오토에버 (KOSPI): 7진동, 마지막 5.2%, 점수 80 (Jump 80), 피벗 456,000 (+5.4%)
 -> [발견] HDC현대EP (KOSPI): 5진동, 마지막 7.5%, 점수 50 (Jump 10), 피벗 6,500 (+1.4%)
 -> [발견] 삼성생명 (KOSPI): 7진동, 마지막 4.4%, 점수 60 (Jump 60), 피벗 165,400 (-26.2%)
 -> [발견] HD현대 (KOSPI): 5진동, 마지막 14.1%, 점수 30 (Jump 30), 피벗 259,500 (-12.2%)
 -> [발견] 일진전기 (KOSPI): 4진동, 마지막 6.5%, 점수 60 (Jump 30), 피벗 63,500 (-22.8%)
 -> [발견] 삼성EA (KOSPI): 8진동, 마지막 4.2%, 점수 60 (Jump 40), 피벗 32,150 (-11.9%)
 -> [발견] 아이에스동서 (KOSPI): 5진동, 마지막 6.8%, 점수 50 (Jump 30), 피벗 23,600 (-26.4%)
 -> [발견] HLDI (KOSPI): 6진동, 마지막 4.6%, 점수 60 (Jump 60), 피벗 2,800 (-29.6%)
 -> [발견] 현대ADM (KOSDAQ): 6진동, 마지막 11.2%, 점수 30 (Jump 30), 피벗 3,380 (-78.4%)
 -> [발견] 우리기술 (KOSDAQ): 5진동, 마지막 10.1%, 점수 30 (Jump 30), 피벗 4,045 (-76.4%)
 -> [발견] 유투바이오 (KOSDAQ): 6진동, 마지막 10.2%, 점수 30 (Jump 30), 피벗 4,990 (-75.0%)
 -> [발견] 스피어 (KOSDAQ): 6진동, 마지막 11.3%, 점수 30 (Jump 30), 피벗 19,250 (-55.0%)
 -> [발견] 에이치엠넥스 (KOSDAQ): 7진동, 마지막 9.9%, 점수 50 (Jump 30), 피벗 1,798 (-35.7%)
 -> [발견] DXVX (KOSDAQ): 9진동, 마지막 9.3%, 점수 80 (Jump 50), 피벗 4,090 (-17.5%)
 -> [발견] DSC인베스트먼트 (KOSDAQ): 7진동, 마지막 9.5%, 점수 50 (Jump 30), 피벗 7,920 (-57.5%)
 -> [발견] 큐라클 (KOSDAQ): 9진동, 마지막 5.2%, 점수 50 (Jump 60), 피벗 12,780 (-21.4%)
 -> [발견] 휴림로봇 (KOSDAQ): 9진동, 마지막 4.6%, 점수 90 (Jump 80), 피벗 14,670 (-3.4%)
 -> [발견] 제주반도체 (KOSDAQ): 9진동, 마지막 5.7%, 점수 50 (Jump 60), 피벗 47,300 (+5.6%)
 -> [발견] 저스템 (KOSDAQ): 7진동, 마지막 12.9%, 점수 30 (Jump 30), 피벗 7,500 (-9.6%)
 -> [발견] 덕산하이메탈 (KOSDAQ): 10진동, 마지막 12.4%, 점수 30 (Jump 10), 피벗 11,900 (-14.3%)
 -> [발견] 선익시스템 (KOSDAQ): 5진동, 마지막 10.5%, 점수 30 (Jump 30), 피벗 64,800 (-47.9%)
 -> [발견] 제이에스링크 (KOSDAQ): 8진동, 마지막 7.7%, 점수 50 (Jump 30), 피벗 31,050 (-13.0%)
 -> [발견] 기가비스 (KOSDAQ): 4진동, 마지막 11.8%, 점수 40 (Jump 30), 피벗 65,100 (-5.2%)
 -> [발견] RF머트리얼즈 (KOSDAQ): 6진동, 마지막 11.5%, 점수 30 (Jump 30), 피벗 25,550 (-40.6%)
 -> [발견] 엑시콘 (KOSDAQ): 7진동, 마지막 5.6%, 점수 50 (Jump 60), 피벗 28,350 (-14.3%)
 -> [발견] 피에스케이 (KOSDAQ): 7진동, 마지막 12.7%, 점수 30 (Jump 10), 피벗 61,500 (-3.5%)
 -> [발견] 미래에셋벤처투자 (KOSDAQ): 6진동, 마지막 11.9%, 점수 30 (Jump 30), 피벗 25,300 (+13.4%)
 -> [발견] 알톤 (KOSDAQ): 7진동, 마지막 14.5%, 점수 60 (Jump 50), 피벗 3,145 (+16.9%)
 -> [발견] 케어젠 (KOSDAQ): 8진동, 마지막 8.6%, 점수 50 (Jump 30), 피벗 126,000 (-7.5%)
 -> [발견] 삼보모터스 (KOSDAQ): 8진동, 마지막 13.7%, 점수 50 (Jump 50), 피벗 8,300 (+3.6%)
 -> [발견] 삼양엔씨켐 (KOSDAQ): 4진동, 마지막 14.7%, 점수 40 (Jump 30), 피벗 14,425 (-28.4%)
 -> [발견] 씨아이에스 (KOSDAQ): 6진동, 마지막 5.6%, 점수 50 (Jump 60), 피벗 6,990 (-53.6%)
 -> [발견] 에스앤에스텍 (KOSDAQ): 6진동, 마지막 5.7%, 점수 70 (Jump 80), 피벗 93,700 (+4.1%)
 -> [발견] 테스 (KOSDAQ): 7진동, 마지막 11.1%, 점수 30 (Jump 30), 피벗 72,200 (+0.3%)
 -> [발견] 코아시아씨엠 (KOSDAQ): 7진동, 마지막 10.5%, 점수 30 (Jump 30), 피벗 1,056 (-29.0%)
 -> [발견] 에프앤가이드 (KOSDAQ): 7진동, 마지막 3.9%, 점수 60 (Jump 60), 피벗 9,050 (-43.8%)
 -> [발견] 모비스 (KOSDAQ): 8진동, 마지막 8.3%, 점수 50 (Jump 30), 피벗 5,930 (+3.3%)
 -> [발견] 와토스코리아 (KOSDAQ): 8진동, 마지막 6.0%, 점수 50 (Jump 30), 피벗 7,000 (-36.4%)
 -> [발견] 네오셈 (KOSDAQ): 7진동, 마지막 14.6%, 점수 30 (Jump 10), 피벗 18,770 (+6.7%)
 -> [발견] SFA반도체 (KOSDAQ): 8진동, 마지막 12.1%, 점수 30 (Jump 10), 피벗 7,840 (+7.1%)
 -> [발견] 흥구석유 (KOSDAQ): 7진동, 마지막 14.6%, 점수 30 (Jump 30), 피벗 15,390 (-29.2%)
 -> [발견] 이지홀딩스 (KOSDAQ): 8진동, 마지막 3.3%, 점수 60 (Jump 60), 피벗 5,480 (-35.8%)
 -> [발견] RFHIC (KOSDAQ): 7진동, 마지막 9.0%, 점수 50 (Jump 30), 피벗 50,600 (-12.3%)

[완료] 71개 VCP 후보 종목 추출 완료.
결과 파일: E:\Downloads\Antigravity Project\ClosingSHIN\Scripts\results\vcp_report_20260224.csv

[2026-02-24 19:00:55.069307] 후속 데이터 수집 스크립트 자동 실행 (Target: 71개)
Command: E:\Downloads\Antigravity Project\ClosingSHIN\venv\Scripts\pythonw.exe E:\Downloads\Antigravity Project\ClosingSHIN\Scripts\06_collect_stock_data.py --date 20260224 --parent
[2026-02-24 19:04:48.417913] 후속 데이터 수집 및 병합 완료.

[2026-02-24 19:04:48.418477] 뉴스 데이터 수집 스크립트 실행...
Target Date (Anchor): 2026-02-24 23:59:59+09:00
Reading target list from E:\Downloads\Antigravity Project\ClosingSHIN\Scripts\results\vcp_report_20260224.csv...
Output will be saved to E:\Downloads\Antigravity Project\ClosingSHIN\Scripts\results\news_report_20260224.csv
Fetching news for 휴림로봇 (090710)...
  -> Found 16 valid articles. Selected top 3.
Fetching news for 한화갤러리아우 (45226K)...
  -> Found 7 valid articles. Selected top 3.
Fetching news for DXVX (180400)...
  -> Found 11 valid articles. Selected top 3.
Fetching news for 현대오토에버 (307950)...
  -> Found 20 valid articles. Selected top 3.
Fetching news for LSELECTRIC (010120)...
  -> Found 20 valid articles. Selected top 3.
Fetching news for 에스앤에스텍 (101490)...
  -> Found 15 valid articles. Selected top 3.
Fetching news for 팜스코 (036580)...
  -> Found 7 valid articles. Selected top 3.
Fetching news for 디아이 (003160)...
  -> Found 17 valid articles. Selected top 3.
Fetching news for 한전기술 (052690)...
  -> Found 7 valid articles. Selected top 3.
Fetching news for 효성티앤씨 (298020)...
  -> Found 9 valid articles. Selected top 3.
Fetching news for 화신 (010690)...
  -> Found 20 valid articles. Selected top 3.
Fetching news for 현대차증권 (001500)...
  -> Found 19 valid articles. Selected top 3.
Fetching news for 우진플라임 (049800)...
  -> Found 8 valid articles. Selected top 3.
Fetching news for 일진전기 (103590)...
  -> Found 19 valid articles. Selected top 3.
Fetching news for 삼성생명 (032830)...
  -> Found 15 valid articles. Selected top 3.
Fetching news for 삼성EA (028050)...
  -> Found 0 valid articles. Selected top 0.
Fetching news for 알톤 (123750)...
  -> Found 4 valid articles. Selected top 3.
Fetching news for 에프앤가이드 (064850)...
  -> Found 18 valid articles. Selected top 3.
Fetching news for 이지홀딩스 (035810)...
  -> Found 20 valid articles. Selected top 3.
Fetching news for 성문전자 (014910)...
  -> Found 11 valid articles. Selected top 3.
Fetching news for HLDI (014790)...
  -> Found 0 valid articles. Selected top 0.
Fetching news for 광동제약 (009290)...
  -> Found 15 valid articles. Selected top 3.
Fetching news for 에이플러스에셋 (244920)...
  -> Found 12 valid articles. Selected top 3.
Fetching news for 현대지에프홀딩스 (005440)...
  -> Found 20 valid articles. Selected top 3.
Fetching news for 대우건설 (047040)...
  -> Found 18 valid articles. Selected top 3.
Fetching news for 동부건설 (005960)...
  -> Found 13 valid articles. Selected top 3.
Fetching news for 삼성전자우 (005935)...
  -> Found 12 valid articles. Selected top 3.
Fetching news for 한화 (000880)...
  -> Found 17 valid articles. Selected top 3.
Fetching news for 현대건설 (000720)...
  -> Found 20 valid articles. Selected top 3.
Fetching news for 퍼스텍 (010820)...
  -> Found 20 valid articles. Selected top 3.
Fetching news for 제주반도체 (080220)...
  -> Found 19 valid articles. Selected top 3.
Fetching news for 대원전선 (006340)...
  -> Found 19 valid articles. Selected top 3.
Fetching news for 제이에스링크 (127120)...
  -> Found 20 valid articles. Selected top 3.
Fetching news for 엑시콘 (092870)...
  -> Found 9 valid articles. Selected top 3.
Fetching news for 씨아이에스 (222080)...
  -> Found 18 valid articles. Selected top 3.
Fetching news for 케어젠 (214370)...
  -> Found 17 valid articles. Selected top 3.
Fetching news for 삼보모터스 (053700)...
  -> Found 18 valid articles. Selected top 3.
Fetching news for DSC인베스트먼트 (241520)...
  -> Found 15 valid articles. Selected top 3.
Fetching news for 모비스 (250060)...
  -> Found 17 valid articles. Selected top 3.
Fetching news for 와토스코리아 (079000)...
  -> Found 17 valid articles. Selected top 3.
Fetching news for 한화갤러리아 (452260)...
  -> Found 12 valid articles. Selected top 3.
Fetching news for 큐라클 (365270)...
  -> Found 17 valid articles. Selected top 3.
Fetching news for RFHIC (218410)...
  -> Found 18 valid articles. Selected top 3.
Fetching news for 한미반도체 (042700)...
  -> Found 19 valid articles. Selected top 3.
Fetching news for 미래에셋증권 (006800)...
  -> Found 9 valid articles. Selected top 3.
Fetching news for 한국항공우주 (047810)...
  -> Found 10 valid articles. Selected top 3.
Fetching news for 신영증권 (001720)...
  -> Found 17 valid articles. Selected top 3.
Fetching news for DB증권 (016610)...
  -> Found 20 valid articles. Selected top 3.
Fetching news for 삼성전기 (009150)...
  -> Found 19 valid articles. Selected top 3.
Fetching news for HDC현대EP (089470)...
  -> Found 7 valid articles. Selected top 3.
Fetching news for 에이치엠넥스 (036170)...
  -> Found 20 valid articles. Selected top 3.
Fetching news for 아이에스동서 (010780)...
  -> Found 11 valid articles. Selected top 3.
Fetching news for 한화생명 (088350)...
  -> Found 19 valid articles. Selected top 3.
Fetching news for 기가비스 (420770)...
  -> Found 10 valid articles. Selected top 3.
Fetching news for 삼양엔씨켐 (482630)...
  -> Found 10 valid articles. Selected top 3.
Fetching news for 피에스케이 (319660)...
  -> Found 15 valid articles. Selected top 3.
Fetching news for 선익시스템 (171090)...
  -> Found 16 valid articles. Selected top 3.
Fetching news for 스피어 (347700)...
  -> Found 10 valid articles. Selected top 3.
Fetching news for 흥구석유 (024060)...
  -> Found 14 valid articles. Selected top 3.
Fetching news for SFA반도체 (036540)...
  -> Found 13 valid articles. Selected top 3.
Fetching news for 네오셈 (253590)...
  -> Found 12 valid articles. Selected top 3.
Fetching news for 유투바이오 (221800)...
  -> Found 20 valid articles. Selected top 3.
Fetching news for 덕산하이메탈 (077360)...
  -> Found 19 valid articles. Selected top 3.
Fetching news for 코아시아씨엠 (196450)...
  -> Found 7 valid articles. Selected top 3.
Fetching news for 미래에셋벤처투자 (100790)...
  -> Found 17 valid articles. Selected top 3.
Fetching news for 테스 (095610)...
  -> Found 19 valid articles. Selected top 3.
Fetching news for 우리기술 (032820)...
  -> Found 19 valid articles. Selected top 3.
Fetching news for HD현대 (267250)...
  -> Found 19 valid articles. Selected top 3.
Fetching news for RF머트리얼즈 (327260)...
  -> Found 14 valid articles. Selected top 3.
Fetching news for 현대ADM (187660)...
  -> Found 19 valid articles. Selected top 3.
Fetching news for 저스템 (417840)...
  -> Found 15 valid articles. Selected top 3.
Saving 207 news items to E:\Downloads\Antigravity Project\ClosingSHIN\Scripts\results\news_report_20260224.csv...
Done.


[2026-02-24 19:05:07.938142] AI 뉴스 분석 스크립트 실행...
Reading news from E:\Downloads\Antigravity Project\ClosingSHIN\Scripts\results\news_report_20260224.csv...
Output will be saved to E:\Downloads\Antigravity Project\ClosingSHIN\Scripts\results\news_analysis_20260224.csv
Analyzing 207 articles...
[1/207] Analyzing 휴림로봇 - 피지컬 AI·휴머노이드 로봇 관련주, '웃음꽃' 나인테...
[Warning] Failed to update progress: name 'datetime' is not defined
[2/207] Analyzing 휴림로봇 - 의료AI 관련주, '으쓱으쓱 어깨춤' 모아데이타·젠큐릭...
[Warning] Failed to update progress: name 'datetime' is not defined
[3/207] Analyzing 휴림로봇 - [오늘의 주목주] '소액주주보호 명문화' 고려아연 8%...
[Warning] Failed to update progress: name 'datetime' is not defined
[4/207] Analyzing 한화갤러리아우 - [상대강도과열 종목] SKAI·비츠로시스 '앗~뜨거' ...
[Warning] Failed to update progress: name 'datetime' is not defined
[5/207] Analyzing 한화갤러리아우 - 거래소, SGC에너지·다원넥스뷰 투자경고종목 지정...
[Warning] Failed to update progress: name 'datetime' is not defined
[6/207] Analyzing 한화갤러리아우 - [상대강도과열 종목] 흥국화재 다원넥스뷰 퍼스텍 SK증...
[Warning] Failed to update progress: name 'datetime' is not defined
[7/207] Analyzing DXVX - 신동국 회장, 돌연 임종윤 측 지분 6.45% 장외매수...
[Warning] Failed to update progress: name 'datetime' is not defined
[8/207] Analyzing DXVX - 릴리도 반한 'GalNAc' 기술…올릭스, 비만치료제 ...
[Warning] Failed to update progress: name 'datetime' is not defined
[9/207] Analyzing DXVX - 대웅제약의 야망 '1품 1조'… K-신약으로 글로벌 심...
[Warning] Failed to update progress: name 'datetime' is not defined
[10/207] Analyzing 현대오토에버 - 현대차그룹, 국내 125조 투자…글로벌 로봇 허브 조성...
[Warning] Failed to update progress: name 'datetime' is not defined
[11/207] Analyzing 현대오토에버 - "삼성SDS·LG CNS·현대오토에버, 美 관세판결 간...
[Warning] Failed to update progress: name 'datetime' is not defined
Error analyzing article '"삼성SDS·LG CNS·현대오토에버, 美 관세판결 간접영향"-KB': 429 Resource exhausted. Please try again later. Please refer to https://cloud.google.com/vertex-ai/generative-ai/docs/error-code-429 for more details.
[12/207] Analyzing 현대오토에버 - 피지컬 AI·휴머노이드 로봇 관련주, '웃음꽃' 나인테...
[Warning] Failed to update progress: name 'datetime' is not defined
[13/207] Analyzing LSELECTRIC - [Korea Water Resources Corpora...
[Warning] Failed to update progress: name 'datetime' is not defined
[14/207] Analyzing LSELECTRIC - KOSPI 200 Closing Price List-2...
[Warning] Failed to update progress: name 'datetime' is not defined
[15/207] Analyzing LSELECTRIC - 슈퍼사이클 업은 전기株, 폭발적인 수주에 '불기둥'...
[Warning] Failed to update progress: name 'datetime' is not defined
[16/207] Analyzing 에스앤에스텍 - '몸값-체력' 괴리…매출·이익 증가율은 10% 안팎...
[Warning] Failed to update progress: name 'datetime' is not defined
[17/207] Analyzing 에스앤에스텍 - ‘금융·원전·반도체’ K증시 이끈다…신고가 속출 랠리 ...
[Warning] Failed to update progress: name 'datetime' is not defined
[18/207] Analyzing 에스앤에스텍 - 글로벌 자동차사도 러브콜... KEC, 전장용 반도체 ...
[Warning] Failed to update progress: name 'datetime' is not defined
[19/207] Analyzing 팜스코 - "발효공학이 살린 수익성"...이지바이오, 고부가가치 ...
[Warning] Failed to update progress: name 'datetime' is not defined
[20/207] Analyzing 팜스코 - 사료부터 고기까지 한입에... 팜스토리, 축산 수직계열...
[Warning] Failed to update progress: name 'datetime' is not defined
[21/207] Analyzing 팜스코 - [데이터 뉴스룸] 식품업체 50곳, 재고자산 늘 때 매...
[Warning] Failed to update progress: name 'datetime' is not defined
[22/207] Analyzing 디아이 - 글로벌 자동차사도 러브콜... KEC, 전장용 반도체 ...
[Warning] Failed to update progress: name 'datetime' is not defined
[23/207] Analyzing 디아이 - 블랙올 AI, ‘디지털 영생 AI’·기업용 데이터 온톨...
[Warning] Failed to update progress: name 'datetime' is not defined
[24/207] Analyzing 디아이 - [데이터 뉴스룸] 유통업체 50곳 재고자산 증가했는데 ...
[Warning] Failed to update progress: name 'datetime' is not defined
[25/207] Analyzing 한전기술 - KB운용, ‘KB K-성장과 지배구조 50 목표전환 3...
[Warning] Failed to update progress: name 'datetime' is not defined
[26/207] Analyzing 한전기술 - NH-아문디운용 'HANARO원자력iSelect', 순...
[Warning] Failed to update progress: name 'datetime' is not defined
[27/207] Analyzing 한전기술 - 한국투자증권, '퇴직연금 아카데미' 개최…대신증권, 코...
[Warning] Failed to update progress: name 'datetime' is not defined
[28/207] Analyzing 효성티앤씨 - [재계·산업 업계동향]SM상선·LG유플러스 글로벌 협력...
[Warning] Failed to update progress: name 'datetime' is not defined
[29/207] Analyzing 효성티앤씨 - 효성티앤씨, 카카오뱅크와 '세이브 레이스 2026' 친...
[Warning] Failed to update progress: name 'datetime' is not defined
[30/207] Analyzing 효성티앤씨 - 가전·자동차·게임으로 14억명 홀렸다… K기업들 인도서...
[Warning] Failed to update progress: name 'datetime' is not defined
[31/207] Analyzing 화신 - [명동백작들의 영화 이야기㉑] 다큐멘터리 <경성> 속 ...
[Warning] Failed to update progress: name 'datetime' is not defined
[32/207] Analyzing 화신 - [정승열의 힐링여행2] 293. 이집트 신화...
[Warning] Failed to update progress: name 'datetime' is not defined
[33/207] Analyzing 화신 - 세아메카닉스, 알루미늄 다이캐스팅의 힘…전기차 넘어 E...
[Warning] Failed to update progress: name 'datetime' is not defined
[34/207] Analyzing 현대차증권 - [특징주 & 리포트] '신약 FDA 승인에 온코닉 上'...
[Warning] Failed to update progress: name 'datetime' is not defined
[35/207] Analyzing 현대차증권 - 코스맥스, 시장 눈높이 맞췄다…주가도 3% UP [매경...
[Warning] Failed to update progress: name 'datetime' is not defined
[36/207] Analyzing 현대차증권 - 현대차증권 '물타기 투자'로 세종그룹 200억대 돈방석...
[Warning] Failed to update progress: name 'datetime' is not defined
[37/207] Analyzing 우진플라임 - [민선 9기 인천시장의 숙제] '정무적 리더십'이 규제...
[Warning] Failed to update progress: name 'datetime' is not defined
[38/207] Analyzing 우진플라임 - (주)우진플라임, 현대자동차(주)와 ‘클린폼’ 기술 검...
[Warning] Failed to update progress: name 'datetime' is not defined
[39/207] Analyzing 우진플라임 - 기계 상장기업 브랜드평판 2월 빅데이터 분석... 1위...
[Warning] Failed to update progress: name 'datetime' is not defined
[40/207] Analyzing 일진전기 - 코스피, 장중 5900 첫 터치…노무라증권 "8000 ...
[Warning] Failed to update progress: name 'datetime' is not defined
[41/207] Analyzing 일진전기 - 슈퍼사이클 업은 전기株, 폭발적인 수주에 '불기둥'...
[Warning] Failed to update progress: name 'datetime' is not defined
[42/207] Analyzing 일진전기 - 美 전력수요에 AI 모멘텀까지…슈퍼사이클 올라탄 전기株...
[Warning] Failed to update progress: name 'datetime' is not defined
[43/207] Analyzing 삼성생명 - "SK하닉처럼 달라"던 삼성 노조에…준법감시위 '직접 ...
[Warning] Failed to update progress: name 'datetime' is not defined
[44/207] Analyzing 삼성생명 - 삼성 준감위 4기 출범…이찬희 "이재용 등기이사 복귀,...
[Warning] Failed to update progress: name 'datetime' is not defined
[45/207] Analyzing 삼성생명 - 이찬희 삼성 준감위원장 "노사 관계, 넘어야 할 큰 산...
[Warning] Failed to update progress: name 'datetime' is not defined
[46/207] Analyzing 알톤 - 800회 충전에도 '안심' 전기자전거...
[Warning] Failed to update progress: name 'datetime' is not defined
[47/207] Analyzing 알톤 - 잡초에 주목한 괴짜 식물학자 "칭찬만으론 배가 고픕니다...
[Warning] Failed to update progress: name 'datetime' is not defined
[48/207] Analyzing 알톤 - ‘실적 씽씽’ 삼천리·알톤…전기자전거 앞세워 수익성 개...
[Warning] Failed to update progress: name 'datetime' is not defined
[49/207] Analyzing 에프앤가이드 - "코스닥 종목 보고서 늘리자" 달라진 증권가...
[Warning] Failed to update progress: name 'datetime' is not defined
[50/207] Analyzing 에프앤가이드 - 리포트 나온 코스닥 종목 쑥…증권사 스몰캡 리서치 강화...
[Warning] Failed to update progress: name 'datetime' is not defined
[51/207] Analyzing 에프앤가이드 - 성장 주춤 코스메카코리아 … 주가 하루만에 17% 급락...
[Warning] Failed to update progress: name 'datetime' is not defined
[52/207] Analyzing 이지홀딩스 - [특징주 & 리포트] '미래에셋생명, 2거래일째 상한가...
[Warning] Failed to update progress: name 'datetime' is not defined
[53/207] Analyzing 이지홀딩스 - '벚꽃 배당'의 계절…배당수익률 높고 소득세 인하 예상...
[Warning] Failed to update progress: name 'datetime' is not defined
[54/207] Analyzing 이지홀딩스 - [상대강도과열 종목] SKAI·비츠로시스 '앗~뜨거' ...
[Warning] Failed to update progress: name 'datetime' is not defined
[55/207] Analyzing 성문전자 - "버려지는 게 없다"... 더블유씨피, 독보적 트리밍 ...
[Warning] Failed to update progress: name 'datetime' is not defined
[56/207] Analyzing 성문전자 - 세아메카닉스, 알루미늄 다이캐스팅의 힘…전기차 넘어 E...
[Warning] Failed to update progress: name 'datetime' is not defined
[57/207] Analyzing 성문전자 - 전기차 관련주, '웃음꽃' 글로벌에스엠·삼화콘덴서·KE...
[Warning] Failed to update progress: name 'datetime' is not defined
[58/207] Analyzing 광동제약 - 광동제약 "한미약품 성추행 의혹 임원, 입사 안 해…관...
[Warning] Failed to update progress: name 'datetime' is not defined
[59/207] Analyzing 광동제약 - [제약바이오 브리핑] GC녹십자엠에스, 브라질 피오크루...
[Warning] Failed to update progress: name 'datetime' is not defined
[60/207] Analyzing 광동제약 - 광동제약, 임직원·시민 함께한 나눔 캠페인 '사랑의 붕...
[Warning] Failed to update progress: name 'datetime' is not defined
[61/207] Analyzing 에이플러스에셋 - [52주] 최고가 73개, 최저가 26개...지수 혼조...
[Warning] Failed to update progress: name 'datetime' is not defined
[62/207] Analyzing 에이플러스에셋 - 더존비즈온 ,공개매수 돌입…올해 첫 성공 사례될까...
[Warning] Failed to update progress: name 'datetime' is not defined
[63/207] Analyzing 에이플러스에셋 - [주간 보험 이슈] 보험사에도 행동주의 펀드 목소리…얼...
[Warning] Failed to update progress: name 'datetime' is not defined
[64/207] Analyzing 현대지에프홀딩스 - 돌아온 주총 시즌…유통업계 주주친화 행보 '눈길'...
[Warning] Failed to update progress: name 'datetime' is not defined
[65/207] Analyzing 현대지에프홀딩스 - 월마트 1조 달러 돌파했는데…韓 유통 빅3, 저평가 탈...
[Warning] Failed to update progress: name 'datetime' is not defined
[66/207] Analyzing 현대지에프홀딩스 - 코스피, 5910선 재돌파…삼성전자·하이닉스 '최고가'...
[Warning] Failed to update progress: name 'datetime' is not defined
[67/207] Analyzing 대우건설 - 수도권 아파트 착공물량 4년째 20만가구 밑돌아...
[Warning] Failed to update progress: name 'datetime' is not defined
[68/207] Analyzing 대우건설 - 성수4지구 갈등 재점화 봉합…조합 "대우 해명 수용하고...
[Warning] Failed to update progress: name 'datetime' is not defined
[69/207] Analyzing 대우건설 - 2월 강세 내수주, 어디까지 오를까…단기 'OK' ·장...
[Warning] Failed to update progress: name 'datetime' is not defined
[70/207] Analyzing 동부건설 - 가덕도신공항 부지조성공사, 대우건설 컨소시엄과 수의계약...
[Warning] Failed to update progress: name 'datetime' is not defined
[71/207] Analyzing 동부건설 - 해건협, 제50회 정기총회 개최···AI 기반 정보서비...
[Warning] Failed to update progress: name 'datetime' is not defined
[72/207] Analyzing 동부건설 - 해외건설협회, 2026년 정기총회 개최…“수주 2조달러...
[Warning] Failed to update progress: name 'datetime' is not defined
[73/207] Analyzing 삼성전자우 - SK스퀘어, 연간 영업이익 8조7974억원…사상 최대...
[Warning] Failed to update progress: name 'datetime' is not defined
[74/207] Analyzing 삼성전자우 - SK스퀘어, 작년 순이익 8.8조원 '사상 최대'…코스...
[Warning] Failed to update progress: name 'datetime' is not defined
[75/207] Analyzing 삼성전자우 - 글로벌 자동차사도 러브콜... KEC, 전장용 반도체 ...
[Warning] Failed to update progress: name 'datetime' is not defined
[76/207] Analyzing 한화 - 한화갤러리아, 작년 영업익 94억⋯ 전년比 177.7%...
[Warning] Failed to update progress: name 'datetime' is not defined
[77/207] Analyzing 한화 - 시행 2주 앞둔 노란봉투법…밀려드는 노조 청구서에 춘투...
[Warning] Failed to update progress: name 'datetime' is not defined
[78/207] Analyzing 한화 - '병역 혜택과 10일 보상' 노시환을 '돈방석'에 앉게...
[Warning] Failed to update progress: name 'datetime' is not defined
[79/207] Analyzing 현대건설 - 가덕도신공항 부지조성공사, 대우건설 컨소시엄과 수의계약...
[Warning] Failed to update progress: name 'datetime' is not defined
[80/207] Analyzing 현대건설 - "처음에는 PO도 고민 많았는데…" 국대 공격수 없는데...
[Warning] Failed to update progress: name 'datetime' is not defined
[81/207] Analyzing 현대건설 - 시즌 전만 해도 봄 배구를 하니 마니 했는데, 어느새 ...
[Warning] Failed to update progress: name 'datetime' is not defined
[82/207] Analyzing 퍼스텍 - 美, 이란 압박에…한화에어로 급등...
[Warning] Failed to update progress: name 'datetime' is not defined
[83/207] Analyzing 퍼스텍 - "열흘 안에 결판" 트럼프 한마디에…주가 들썩이는 종목...
[Warning] Failed to update progress: name 'datetime' is not defined
[84/207] Analyzing 퍼스텍 - 매커스, '자사주 소각+AI 수혜' 쌍끌이…주가 본격 ...
[Warning] Failed to update progress: name 'datetime' is not defined
[85/207] Analyzing 제주반도체 - [전국 주요 신문 톱뉴스](24일 조간)...
[Warning] Failed to update progress: name 'datetime' is not defined
[86/207] Analyzing 제주반도체 - 유정복 시장 “인천시, ‘국가 미래 전략적 자산’으로 ...
[Warning] Failed to update progress: name 'datetime' is not defined
[87/207] Analyzing 제주반도체 - 글로벌 자동차사도 러브콜... KEC, 전장용 반도체 ...
[Warning] Failed to update progress: name 'datetime' is not defined
[88/207] Analyzing 대원전선 - 슈퍼사이클 업은 전기株, 폭발적인 수주에 '불기둥'...
[Warning] Failed to update progress: name 'datetime' is not defined
[89/207] Analyzing 대원전선 - 전선조합, 13개 대·중견기업 단계적 탈퇴… '중소기업...
[Warning] Failed to update progress: name 'datetime' is not defined
[90/207] Analyzing 대원전선 - [상대강도과열 종목] SKAI·비츠로시스 '앗~뜨거' ...
[Warning] Failed to update progress: name 'datetime' is not defined
[91/207] Analyzing 제이에스링크 - 카카오 42억 베팅…SKT도 집중 매수...
[Warning] Failed to update progress: name 'datetime' is not defined
[92/207] Analyzing 제이에스링크 - 10억 넘는 자산가들 계좌 봤더니…조용히 쓸어담은 종목...
[Warning] Failed to update progress: name 'datetime' is not defined
[93/207] Analyzing 제이에스링크 - 의료AI 관련주, '으쓱으쓱 어깨춤' 모아데이타·젠큐릭...
[Warning] Failed to update progress: name 'datetime' is not defined
[94/207] Analyzing 엑시콘 - 글로벌 자동차사도 러브콜... KEC, 전장용 반도체 ...
[Warning] Failed to update progress: name 'datetime' is not defined
[95/207] Analyzing 엑시콘 - [이격도과열 종목] 나노엔텍·플라즈맵 상한가 직행…바이...
[Warning] Failed to update progress: name 'datetime' is not defined
[96/207] Analyzing 엑시콘 - AI 반도체 필수 장비 다원넥스뷰, 초미세 패키징 시장...
[Warning] Failed to update progress: name 'datetime' is not defined
[97/207] Analyzing 씨아이에스 - 의료AI 관련주, '으쓱으쓱 어깨춤' 모아데이타·젠큐릭...
[Warning] Failed to update progress: name 'datetime' is not defined
[98/207] Analyzing 씨아이에스 - "버려지는 게 없다"... 더블유씨피, 독보적 트리밍 ...
[Warning] Failed to update progress: name 'datetime' is not defined
[99/207] Analyzing 씨아이에스 - 2차전지(전고체) 관련주, '룰루랄라 콧노래' 씨아이에...
[Warning] Failed to update progress: name 'datetime' is not defined
[100/207] Analyzing 케어젠 - ‘20만 전자·100만 닉스’ 현실로…코스피, 6000...
[Warning] Failed to update progress: name 'datetime' is not defined
[101/207] Analyzing 케어젠 - '반도체 랠리'에 코스피 5960대로 20만전자·100...
[Warning] Failed to update progress: name 'datetime' is not defined
[102/207] Analyzing 케어젠 - "韓 메모리 제일 싸" 20만전자·100만닉스 '활짝'...
[Warning] Failed to update progress: name 'datetime' is not defined
[103/207] Analyzing 삼보모터스 - 삼보모터스, 보통주 1주당 50원 현금배당 결정...
[Warning] Failed to update progress: name 'datetime' is not defined
[104/207] Analyzing 삼보모터스 - 세아메카닉스, 알루미늄 다이캐스팅의 힘…전기차 넘어 E...
[Warning] Failed to update progress: name 'datetime' is not defined
[105/207] Analyzing 삼보모터스 - 전기차 관련주, '웃음꽃' 글로벌에스엠·삼화콘덴서·KE...
[Warning] Failed to update progress: name 'datetime' is not defined
[106/207] Analyzing DSC인베스트먼트 - 출항 앞둔 '한국형 BDC'… 불장 속 '개미 마음' ...
[Warning] Failed to update progress: name 'datetime' is not defined
[107/207] Analyzing DSC인베스트먼트 - 의료AI 관련주, '으쓱으쓱 어깨춤' 모아데이타·젠큐릭...
[Warning] Failed to update progress: name 'datetime' is not defined
[108/207] Analyzing DSC인베스트먼트 - DSC인베스트먼트 주가, 2월 24일 18,620원 0...
[Warning] Failed to update progress: name 'datetime' is not defined
[109/207] Analyzing 모비스 - '제2 거주 공간' 자동차의 프라이버시를 지키는 기술...
[Warning] Failed to update progress: name 'datetime' is not defined
[110/207] Analyzing 모비스 - [한국수자원공사 2025년 창업도약패키지 선정기업] A...
[Warning] Failed to update progress: name 'datetime' is not defined
[111/207] Analyzing 모비스 - [주총 新풍속도] 초스피드 폐회는 옛말...정관변경·주...
[Warning] Failed to update progress: name 'datetime' is not defined
[112/207] Analyzing 와토스코리아 - CSA 코스믹의 변신, 7개 뷰티 브랜드 앞세워 글로벌...
[Warning] Failed to update progress: name 'datetime' is not defined
[113/207] Analyzing 와토스코리아 - [공시속보] 와토스코리아, 소수계좌 거래집중 지정→투자...
[Warning] Failed to update progress: name 'datetime' is not defined
[114/207] Analyzing 와토스코리아 - [브랜드평판] 2026년 2월 건축제품 상장기업 빅데이...
[Warning] Failed to update progress: name 'datetime' is not defined
[115/207] Analyzing 한화갤러리아 - [MK시그널] 이란戰 가능성에 흥구석유 '쑥'...
[Warning] Failed to update progress: name 'datetime' is not defined
[116/207] Analyzing 한화갤러리아 - 한화갤러리아, 작년 영업익 94억⋯ 전년比 177.7%...
[Warning] Failed to update progress: name 'datetime' is not defined
[117/207] Analyzing 한화갤러리아 - 한화갤러리아, 지난해 영업익 94억원…당기순이익 흑자 ...
[Warning] Failed to update progress: name 'datetime' is not defined
[118/207] Analyzing 큐라클 - 오늘의 메모[2월 25일]...
[Warning] Failed to update progress: name 'datetime' is not defined
[119/207] Analyzing 큐라클 - [공시속보] 큐라클, 타법인 흡수합병 추가상장→총 주식...
[Warning] Failed to update progress: name 'datetime' is not defined
[120/207] Analyzing 큐라클 - 인체 신약의 '우회로'···펫 헬스케어, 제약 두 번째...
[Warning] Failed to update progress: name 'datetime' is not defined
[121/207] Analyzing RFHIC - “목표주가 37만→49만 원”…SK 순매수 1위 [주식...
[Warning] Failed to update progress: name 'datetime' is not defined
[122/207] Analyzing RFHIC - 코스닥 '상승'...현대무벡스 · 휴림로봇 · 현대바이...
[Warning] Failed to update progress: name 'datetime' is not defined
[123/207] Analyzing RFHIC - 중국 반도체 시장 잡는다…기가레인, 우시 신공장 가동으...
[Warning] Failed to update progress: name 'datetime' is not defined
[124/207] Analyzing 한미반도체 - 불장에 공매도 대기자금도 사상 최대...
[Warning] Failed to update progress: name 'datetime' is not defined
[125/207] Analyzing 한미반도체 - “트럼프 관세 무색” 반도체 투톱 새 역사...소부장 ...
[Warning] Failed to update progress: name 'datetime' is not defined
[126/207] Analyzing 한미반도체 - 주가 하락에 '149조 베팅'…역대급 불장에 신기록 터...
[Warning] Failed to update progress: name 'datetime' is not defined
[127/207] Analyzing 미래에셋증권 - 퇴직연금 코스피로 대이동…주식 실적배당형에 65% 집중...
[Warning] Failed to update progress: name 'datetime' is not defined
[128/207] Analyzing 미래에셋증권 - 미래에셋, WM·투자전략 부문대표에 김민균·박희찬 선임...
[Warning] Failed to update progress: name 'datetime' is not defined
[129/207] Analyzing 미래에셋증권 - 미래에셋, 6천354억 규모 주주환원 이사회 결의…역대...
[Warning] Failed to update progress: name 'datetime' is not defined
[130/207] Analyzing 한국항공우주 - '반년 수장 공백' 끝낸 KAI, 신임 사장에 김종출 ...
[Warning] Failed to update progress: name 'datetime' is not defined
[131/207] Analyzing 한국항공우주 - KAI 노조 "군 출신 사장 반대"... 인선 과정 비...
[Warning] Failed to update progress: name 'datetime' is not defined
[132/207] Analyzing 한국항공우주 - KAI 사장에 김종출 전 방사청 부장 유력...
[Warning] Failed to update progress: name 'datetime' is not defined
[133/207] Analyzing 신영증권 - 두 달도 안됐는데 벌써 187%나 올랐다고?…코스피 6...
[Warning] Failed to update progress: name 'datetime' is not defined
[134/207] Analyzing 신영증권 - 韓 반도체는 파죽지세…'육천피'까지 30P 남아...
[Warning] Failed to update progress: name 'datetime' is not defined
[135/207] Analyzing 신영증권 - '20만전자' '100만닉스' 나란히 뚫었다…'육천피'...
[Warning] Failed to update progress: name 'datetime' is not defined
[136/207] Analyzing DB증권 - 퇴직연금 코스피로 대이동…주식 실적배당형에 65% 집중...
[Warning] Failed to update progress: name 'datetime' is not defined
[137/207] Analyzing DB증권 - '삼전닉스' 지원군 된 퇴직연금...
[Warning] Failed to update progress: name 'datetime' is not defined
[138/207] Analyzing DB증권 - 코스피 눈높이 이젠 7000 …"반도체 이익체력에 달렸...
[Warning] Failed to update progress: name 'datetime' is not defined
[139/207] Analyzing 삼성전기 - [K제조업 AI파워업] AI로 불량품 판별 시간 88%...
[Warning] Failed to update progress: name 'datetime' is not defined
[140/207] Analyzing 삼성전기 - [단독] LX세미콘, 삼성디스플레이에 DDI 공급한다...
[Warning] Failed to update progress: name 'datetime' is not defined
[141/207] Analyzing 삼성전기 - 서강멘토링센터, AI 시대 통찰 교양 과목 개설…박영선...
[Warning] Failed to update progress: name 'datetime' is not defined
[142/207] Analyzing HDC현대EP - HDC현대EP 신우철 대표 선임...
[Warning] Failed to update progress: name 'datetime' is not defined
[143/207] Analyzing HDC현대EP - 2월 23일 주식시장 주요공시...
[Warning] Failed to update progress: name 'datetime' is not defined
[144/207] Analyzing HDC현대EP - HDC그룹, 신우철 신임 HDC현대EP 대표 선임...
[Warning] Failed to update progress: name 'datetime' is not defined
[145/207] Analyzing 에이치엠넥스 - "카피 제품은 발 못 붙인다"... 서울반도체, 철벽 ...
[Warning] Failed to update progress: name 'datetime' is not defined
[146/207] Analyzing 에이치엠넥스 - [상대강도과열 종목] SKAI·비츠로시스 '앗~뜨거' ...
[Warning] Failed to update progress: name 'datetime' is not defined
[147/207] Analyzing 에이치엠넥스 - [이격도과열 종목] 나노엔텍·플라즈맵 상한가 직행…바이...
[Warning] Failed to update progress: name 'datetime' is not defined
[148/207] Analyzing 아이에스동서 - 원전 수주·업황개선 기대 중소형 건설주까지 '온기'...
[Warning] Failed to update progress: name 'datetime' is not defined
[149/207] Analyzing 아이에스동서 - 건설업, 국내외 원전·주택 수요 기대…"GS건설·삼성물...
[Warning] Failed to update progress: name 'datetime' is not defined
[150/207] Analyzing 아이에스동서 - [상대강도과열 종목] SKAI·비츠로시스 '앗~뜨거' ...
[Warning] Failed to update progress: name 'datetime' is not defined
[151/207] Analyzing 한화생명 - 코스피 눈높이 이젠 7000 …"반도체 이익체력에 달렸...
[Warning] Failed to update progress: name 'datetime' is not defined
[152/207] Analyzing 한화생명 - 2월 강세 내수주, 어디까지 오를까…단기 'OK' ·장...
[Warning] Failed to update progress: name 'datetime' is not defined
[153/207] Analyzing 한화생명 - 한화그룹 내 한화손보 존재감 '눈길'…왜?...
[Warning] Failed to update progress: name 'datetime' is not defined
[154/207] Analyzing 기가비스 - 글로벌 자동차사도 러브콜... KEC, 전장용 반도체 ...
[Warning] Failed to update progress: name 'datetime' is not defined
[155/207] Analyzing 기가비스 - 코스닥 기관, 올릭스 레인보우로보틱스 대주전자재료 디앤...
[Warning] Failed to update progress: name 'datetime' is not defined
[156/207] Analyzing 기가비스 - 코스닥 기관, 코나아이 올릭스 실리콘투 알테오젠 담고 ...
[Warning] Failed to update progress: name 'datetime' is not defined
[157/207] Analyzing 삼양엔씨켐 - 글로벌 자동차사도 러브콜... KEC, 전장용 반도체 ...
[Warning] Failed to update progress: name 'datetime' is not defined
[158/207] Analyzing 삼양엔씨켐 - 반도체 재료·부품관련주, '봄꽃만개' KEC·샘씨엔에스...
[Warning] Failed to update progress: name 'datetime' is not defined
[159/207] Analyzing 삼양엔씨켐 - 경인양행·풍원정밀 동반 강세…K-소재 글로벌 시장 영토...
[Warning] Failed to update progress: name 'datetime' is not defined
[160/207] Analyzing 피에스케이 - “트럼프 관세 무색” 반도체 투톱 새 역사...소부장 ...
[Warning] Failed to update progress: name 'datetime' is not defined
[161/207] Analyzing 피에스케이 - PSK홀딩스 차녀 박연경 사내이사 선임...
[Warning] Failed to update progress: name 'datetime' is not defined
[162/207] Analyzing 피에스케이 - 20만전자·100만닉스 끌고, 소부장 밀고…반도체주 '...
[Warning] Failed to update progress: name 'datetime' is not defined
[163/207] Analyzing 선익시스템 - "상반기까진 확실히 반도체…하반기엔 ○○○로 대비해야"...
[Warning] Failed to update progress: name 'datetime' is not defined
[164/207] Analyzing 선익시스템 - 오늘의 메모[2월 24일]...
[Warning] Failed to update progress: name 'datetime' is not defined
[165/207] Analyzing 선익시스템 - "카피 제품은 발 못 붙인다"... 서울반도체, 철벽 ...
[Warning] Failed to update progress: name 'datetime' is not defined
[166/207] Analyzing 스피어 - 동국제약 전립선암 치료제…3개월 제형 3상 임상 완료...
[Warning] Failed to update progress: name 'datetime' is not defined
[167/207] Analyzing 스피어 - 빅파마 기술이전 본계약 겨냥…‘월 1회 비만약’ 증설 ...
[Warning] Failed to update progress: name 'datetime' is not defined
[168/207] Analyzing 스피어 - 최병철 부사장, 스피어 주식 변동 공시...
[Warning] Failed to update progress: name 'datetime' is not defined
[169/207] Analyzing 흥구석유 - [MK시그널] 이란戰 가능성에 흥구석유 '쑥'...
[Warning] Failed to update progress: name 'datetime' is not defined
[170/207] Analyzing 흥구석유 - 유가 뛰자 정유주 동반 랠리...
[Warning] Failed to update progress: name 'datetime' is not defined
[171/207] Analyzing 흥구석유 - [서울데이터랩]금일 코스닥 거래량 1위 우리기술 거래대...
[Warning] Failed to update progress: name 'datetime' is not defined
[172/207] Analyzing SFA반도체 - 글로벌 자동차사도 러브콜... KEC, 전장용 반도체 ...
[Warning] Failed to update progress: name 'datetime' is not defined
[173/207] Analyzing SFA반도체 - SFA반도체 주가, 24일 장중 7,400원 3.93%...
[Warning] Failed to update progress: name 'datetime' is not defined
[174/207] Analyzing SFA반도체 - 시스템반도체 관련주, '함박웃음' 엠디바이스·아이에이·...
[Warning] Failed to update progress: name 'datetime' is not defined
[175/207] Analyzing 네오셈 - 글로벌 자동차사도 러브콜... KEC, 전장용 반도체 ...
[Warning] Failed to update progress: name 'datetime' is not defined
[176/207] Analyzing 네오셈 - [특징주] 삼성전자·KEC 등 반도체株 강세…수출 급증...
[Warning] Failed to update progress: name 'datetime' is not defined
[177/207] Analyzing 네오셈 - 그로쓰리서치 "HBM 다음은 NAND...'컨텍스트 창...
[Warning] Failed to update progress: name 'datetime' is not defined
[178/207] Analyzing 유투바이오 - 거래소, 유투바이오에 현저한 시황변동 조회공시 요구...
[Warning] Failed to update progress: name 'datetime' is not defined
[179/207] Analyzing 유투바이오 - 키움운용 ETF 4종 내달 상장폐지..신탁원본액 감소...
[Warning] Failed to update progress: name 'datetime' is not defined
[180/207] Analyzing 유투바이오 - 유투바이오 주가 11% 털썩…장중 약세로 전환, 최근 ...
[Warning] Failed to update progress: name 'datetime' is not defined
[181/207] Analyzing 덕산하이메탈 - 글로벌 자동차사도 러브콜... KEC, 전장용 반도체 ...
[Warning] Failed to update progress: name 'datetime' is not defined
[182/207] Analyzing 덕산하이메탈 - 반도체 재료·부품관련주, '봄꽃만개' KEC·샘씨엔에스...
[Warning] Failed to update progress: name 'datetime' is not defined
Error analyzing article '반도체 재료·부품관련주, '봄꽃만개' KEC·샘씨엔에스·덕산하이메탈·...': 429 Resource exhausted. Please try again later. Please refer to https://cloud.google.com/vertex-ai/generative-ai/docs/error-code-429 for more details.
[183/207] Analyzing 덕산하이메탈 - [이격도과열 종목] 나노엔텍·플라즈맵 상한가 직행…바이...
[Warning] Failed to update progress: name 'datetime' is not defined
[184/207] Analyzing 코아시아씨엠 - [상대강도과열 종목] SKAI·비츠로시스 '앗~뜨거' ...
[Warning] Failed to update progress: name 'datetime' is not defined
[185/207] Analyzing 코아시아씨엠 - [52주] 최고가 73개, 최저가 26개...지수 혼조...
[Warning] Failed to update progress: name 'datetime' is not defined
[186/207] Analyzing 코아시아씨엠 - [이격도과열 종목] 보험·증권·건설·바이오 일제히 급등...
[Warning] Failed to update progress: name 'datetime' is not defined
[187/207] Analyzing 미래에셋벤처투자 - '1500억 실탄' 지투지바이오…2공장 기반 글로벌 파...
[Warning] Failed to update progress: name 'datetime' is not defined
[188/207] Analyzing 미래에셋벤처투자 - 출항 앞둔 '한국형 BDC'… 불장 속 '개미 마음' ...
[Warning] Failed to update progress: name 'datetime' is not defined
[189/207] Analyzing 미래에셋벤처투자 - 피지컬AI 유망주 ‘리얼월드’, 美 본사 이전 선택한 ...
[Warning] Failed to update progress: name 'datetime' is not defined
[190/207] Analyzing 테스 - '1조 클럽' 새내기, 초고온·고압 견디는 기술력 무장...
[Warning] Failed to update progress: name 'datetime' is not defined
[191/207] Analyzing 테스 - '한국이 또 1위?' 전세계 깜짝…몸값 폭등에 '130...
[Warning] Failed to update progress: name 'datetime' is not defined
[192/207] Analyzing 테스 - “대기업 월급 중소기업의 2배”… 성별 격차도 1.5배...
[Warning] Failed to update progress: name 'datetime' is not defined
[193/207] Analyzing 우리기술 - 한국·브라질, 차세대 방송미디어 분야 협력 추진...
[Warning] Failed to update progress: name 'datetime' is not defined
[194/207] Analyzing 우리기술 - "AI가 산업 다 삼킨다" 떨고 있는 美증시...
[Warning] Failed to update progress: name 'datetime' is not defined
[195/207] Analyzing 우리기술 - 양자 딥테크 지큐티코리아, 美 실리콘밸리 VC 투자 유...
[Warning] Failed to update progress: name 'datetime' is not defined
[196/207] Analyzing HD현대 - 손경식 경총 회장, 5연임…금석호 HD현대중공업 사장은...
[Warning] Failed to update progress: name 'datetime' is not defined
[197/207] Analyzing HD현대 - GM철수 악몽 딛고 12조 유치…군산이 꿈틀댄다...
[Warning] Failed to update progress: name 'datetime' is not defined
[198/207] Analyzing HD현대 - 시행 2주 앞둔 노란봉투법…밀려드는 노조 청구서에 춘투...
[Warning] Failed to update progress: name 'datetime' is not defined
[199/207] Analyzing RF머트리얼즈 - 글로벌 1위와 손잡았다…아모센스, SOFC 기판 국산화...
[Warning] Failed to update progress: name 'datetime' is not defined
[200/207] Analyzing RF머트리얼즈 - [52주] 최고가 172개, 최저가 39개...코스피 ...
[Warning] Failed to update progress: name 'datetime' is not defined
[201/207] Analyzing RF머트리얼즈 - 5G 넘어 6G로... RF머트리얼즈, 차세대 화합물 ...
[Warning] Failed to update progress: name 'datetime' is not defined
[202/207] Analyzing 현대ADM - 의료AI 관련주, '으쓱으쓱 어깨춤' 모아데이타·젠큐릭...
[Warning] Failed to update progress: name 'datetime' is not defined
[203/207] Analyzing 현대ADM - [특징주] 젠큐릭스, 현대ADM 공동 연구 부각에 상한...
[Warning] Failed to update progress: name 'datetime' is not defined
[204/207] Analyzing 현대ADM - [상대강도과열 종목] SKAI·비츠로시스 '앗~뜨거' ...
[Warning] Failed to update progress: name 'datetime' is not defined
[205/207] Analyzing 저스템 - 글로벌 자동차사도 러브콜... KEC, 전장용 반도체 ...
[Warning] Failed to update progress: name 'datetime' is not defined
[206/207] Analyzing 저스템 - [이격도과열 종목] 나노엔텍·플라즈맵 상한가 직행…바이...
[Warning] Failed to update progress: name 'datetime' is not defined
[207/207] Analyzing 저스템 - (마감시황) 코스피, 2.11% 오른 5,969.64 ...
[Warning] Failed to update progress: name 'datetime' is not defined
Saving 205 analyzed items to E:\Downloads\Antigravity Project\ClosingSHIN\Scripts\results\news_analysis_20260224.csv...
Done.

[2026-02-24 19:15:17.683421] 모든 분석 및 데이터 생성 완료.
