[2026-04-25 09:42:27.011740] 자동 시장 데이터 동기화 체크 중...
[2026-04-25 09:48:40.210121] 동기화 확인 완료.
[2026-04-25 09:48:40.211120] VCP 통합 스캔 시작    # [0] 대상 선정 (Phase 1)
[2026-04-25 09:48:40.217768] 대상 종목 선별 작업 시작 (Batch 모드)...
  선정 기간: 20260209 ~ 20260417 (약 50거래일 기준)
[2026-04-25 09:48:40.229288] Naver Finance에서 종목 리스트 수집 중...
  Market 0 has 49 pages.
  Market 1 has 37 pages.
[PB Utils] Successfully fetched 4256 tickers from Naver Finance.
[2026-04-25 09:48:55.994335] 투자자보호 종목(관리/정지/경보) 243개 수집 완료.
[2026-04-25 09:48:56.980707] 대상 선별 완료. (Batch 모드로 26분 -> 수 초로 단축)
[2026-04-25 09:48:56.994780] 스캔 대상 200개 상세 데이터 로딩 시작...
  - [10/200] 192410 046970 017900 900270 215790 049080 010170 069540 187660 036170 로딩 완료
  - [20/200] 331920 027040 221800 089230 010820 088280 052710 040160 072950 082920 로딩 완료
  - [30/200] 388790 357880 327260 073540 412350 360350 027360 238090 475150 129920 로딩 완료
  - [40/200] 109070 032820 046120 038060 402490 035460 085910 009150 033160 009155 로딩 완료
  - [50/200] 065770 100590 290550 056360 064850 095270 474610 375500 242040 217730 로딩 완료
  - [60/200] 085620 356680 217590 066310 001820 079550 052020 008350 115440 006360 로딩 완료
  - [70/200] 109080 043260 003000 052860 088800 218410 322000 065530 382800 376900 로딩 완료
  - [80/200] 232830 017550 228670 115500 015260 230240 347770 100790 393890 007120 로딩 완료
  - [90/200] 131290 003280 050890 187870 203650 321260 006110 089970 005090 084850 로딩 완료
  - [100/200] 288980 058110 042370 131970 241520 010060 084870 092220 389030 066360 로딩 완료
  - [110/200] 037350 105330 199800 011070 368770 321550 033790 098120 37550L 093370 로딩 완료
  - [120/200] 006920 294630 452280 006340 053690 179530 031980 159010 078070 160980 로딩 완료
  - [130/200] 229000 127710 127120 290720 032500 038680 044490 204610 054620 291650 로딩 완료
  - [140/200] 090460 340440 095700 278470 131760 065450 086820 000720 080580 353200 로딩 완료
  - [150/200] 007810 296640 041520 241770 066970 405000 064290 003030 025770 019540 로딩 완료
  - [160/200] 024740 347860 226590 023160 275630 234690 024840 004100 046210 112610 로딩 완료
  - [170/200] 310870 000150 077360 243840 476830 033130 285800 009580 009415 019210 로딩 완료
  - [180/200] 028050 092190 148250 067170 017960 001290 330860 215380 037460 452300 로딩 완료
  - [190/200] 357580 090470 456010 006260 078600 425420 091580 417840 227950 319660 로딩 완료
  - [200/200] 005960 042700 429270 092790 000210 446540 448900 086450 170790 417200 로딩 완료
[2026-04-25 09:49:11.771830] 상세 데이터 로딩 완료. (총 200개 캐싱됨)
 [1/200] 오늘이엔엠(192410): 1차 조정폭 과다 (제외)
 [2/200] 우리로(046970): 패턴 미완성 (제외)
 [3/200] 광전자(017900): 패턴 미완성 (제외)
 [4/200] 헝셩그룹(900270): 패턴 미완성 (제외)
 -> [★발견★] 이노인스트루먼트 (Market): 6회 수축, 마지막 14.9%, 점수 20 (RS 564.7), 피벗 422
 [6/200] 기가레인(049080): 패턴 미완성 (제외)
 [7/200] 대한광통신(010170): 1차 조정폭 과다 (제외)
 [8/200] 빛과전자(069540): 패턴 미완성 (제외)
 [9/200] 페니트리움바이오(187660): 패턴 미완성 (제외)
 [10/200] 에이치엠넥스(036170): 패턴 미완성 (제외)
 -> [★발견★] 셀레믹스 (Market): 4회 수축, 마지막 10.5%, 점수 60 (RS 569.3), 피벗 5,140
 [12/200] 서울전자통신(027040): 패턴 미완성 (제외)
 [13/200] 유투바이오(221800): 50일선 아래 (제외) | 50일등락: 224.66%
 [14/200] THE E&M(089230): 패턴 미완성 (제외)
 [15/200] 퍼스텍(010820): 패턴 미완성 (제외)
 [16/200] 쏘닉스(088280): 이평선 역배열 (50>150>200 미충족) (제외) | 50일등락: 175.84%
 [17/200] 아모텍(052710): 패턴 미완성 (제외)
 [18/200] 누리플렉스(040160): 패턴 미완성 (제외)
 [19/200] 빛샘전자(072950): 패턴 미완성 (제외)
 [20/200] 비츠로셀(082920): 패턴 미완성 (제외)
 [21/200] 라이콤(388790): 패턴 미완성 (제외)
 [22/200] SKAI(357880): 패턴 미완성 (제외)
 [23/200] RF머트리얼즈(327260): 패턴 미완성 (제외)
 -> [★발견★] 에프알텍 (Market): 9회 수축, 마지막 6.5%, 점수 40 (RS 260.5), 피벗 2,705
 [25/200] 레이저쎌(412350): 패턴 미완성 (제외)
 [26/200] 코셈(360350): 패턴 미완성 (제외)
 -> [★발견★] 아주IB투자 (Market): 6회 수축, 마지막 9.3%, 점수 40 (RS 475.7), 피벗 9,370
 -> [★발견★] 앤디포스 (Market): 6회 수축, 마지막 5.3%, 점수 60 (RS 210.0), 피벗 3,770
 [29/200] SK이터닉스(475150): 패턴 미완성 (제외)
 [30/200] 대성하이텍(129920): 패턴 미완성 (제외)
 -> [★발견★] 주성코퍼레이션 (Market): 6회 수축, 마지막 11.1%, 점수 20 (RS 227.8), 피벗 1,357
 -> [★발견★] 우리기술 (Market): 5회 수축, 마지막 11.2%, 점수 40 (RS 729.2), 피벗 23,650
 [33/200] 오르비텍(046120): 패턴 미완성 (제외)
 [34/200] 루멘스(038060): 이평선 역배열 (50>150>200 미충족) (제외) | 50일등락: 132.67%
 [35/200] 그린리소스(402490): 패턴 미완성 (제외)
 [36/200] 기산텔레콤(035460): 패턴 미완성 (제외)
 -> [★발견★] 네오티스 (Market): 7회 수축, 마지막 10.9%, 점수 20 (RS 550.9), 피벗 23,800
 [38/200] 삼성전기(009150): 패턴 미완성 (제외)
 [39/200] 엠케이전자(033160): 패턴 미완성 (제외)
 [40/200] 삼성전기우(009155): 패턴 미완성 (제외)
 [41/200] CS(065770): 이평선 역배열 (50>150>200 미충족) (제외) | 50일등락: 117.29%
 [42/200] 머큐리(100590): 패턴 미완성 (제외)
 [43/200] 디케이티(290550): 패턴 미완성 (제외)
 [44/200] 코위버(056360): 패턴 미완성 (제외)
 -> [★발견★] 에프앤가이드 (Market): 7회 수축, 마지막 14.0%, 점수 20 (RS 340.6), 피벗 21,400
 -> [★발견★] 웨이브일렉트로 (Market): 8회 수축, 마지막 13.7%, 점수 20 (RS 191.7), 피벗 5,400
 [47/200] RF시스템즈(474610): 패턴 미완성 (제외)
 [48/200] DL이앤씨(375500): 패턴 미완성 (제외)
 [49/200] 나무기술(242040): 패턴 미완성 (제외)
 -> [★발견★] 강스템바이오텍 (Market): 9회 수축, 마지막 14.6%, 점수 20 (RS 248.3), 피벗 3,585
 -> [★발견★] 미래에셋생명 (Market): 8회 수축, 마지막 10.0%, 점수 70 (RS 240.8), 피벗 17,910
 [52/200] 엑스게이트(356680): 이평선 역배열 (50>150>200 미충족) (제외) | 50일등락: 97.5%
 [53/200] 티엠씨(217590): 데이터 부족 (200일 미만) (제외) | 50일등락: 97.46%
 [54/200] 큐에스아이(066310): 패턴 미완성 (제외)
 [55/200] 삼화콘덴서(001820): 패턴 미완성 (제외)
 [56/200] LIG디펜스앤에어로스페이스(079550): 이평선 역배열 (50>150>200 미충족) (제외) | 50일등락: 95.54%
 [57/200] 에스티큐브(052020): 패턴 미완성 (제외)
 [58/200] 남선알미늄(008350): 패턴 미완성 (제외)
 [59/200] 우리넷(115440): 패턴 미완성 (제외)
 [60/200] GS건설(006360): 패턴 미완성 (제외)
 [61/200] 옵티시스(109080): 이평선 역배열 (50>150>200 미충족) (제외) | 50일등락: 90.67%
 [62/200] 성호전자(043260): 패턴 미완성 (제외)
 [63/200] 부광약품(003000): 패턴 미완성 (제외)
 [64/200] 아이앤씨(052860): 패턴 미완성 (제외)
 [65/200] 에이스테크(088800): 패턴 미완성 (제외)
 -> [★발견★] RFHIC (Market): 8회 수축, 마지막 12.1%, 점수 40 (RS 382.1), 피벗 94,200
 [67/200] HD현대에너지솔루션(322000): 패턴 미완성 (제외)
 -> [★발견★] 와이어블 (Market): 7회 수축, 마지막 2.3%, 점수 50 (RS 189.1), 피벗 1,438
 -> [★발견★] 지앤비에스 에코 (Market): 6회 수축, 마지막 12.9%, 점수 20 (RS 231.0), 피벗 6,130
 [70/200] 로킷헬스케어(376900): 패턴 미완성 (제외)
 [71/200] 아이티센피엔에스(232830): 이평선 역배열 (50>150>200 미충족) (제외) | 50일등락: 87.41%
 -> [★발견★] 수산세보틱스 (Market): 7회 수축, 마지막 9.5%, 점수 40 (RS 189.2), 피벗 2,035
 [73/200] 레이(228670): 이평선 역배열 (50>150>200 미충족) (제외) | 50일등락: 86.79%
 [74/200] 케이씨에스(115500): 이평선 역배열 (50>150>200 미충족) (제외) | 50일등락: 85.98%
 [75/200] 에이엔피(015260): 패턴 미완성 (제외)
 [76/200] 에치에프알(230240): 패턴 미완성 (제외)
 [77/200] 핌스(347770): 이평선 역배열 (50>150>200 미충족) (제외) | 50일등락: 83.18%
 [78/200] 미래에셋벤처투자(100790): 패턴 미완성 (제외)
 -> [★발견★] 더블유씨피 (Market): 7회 수축, 마지막 11.1%, 점수 20 (RS 242.5), 피벗 16,820
 [80/200] 미래아이앤지(007120): 패턴 미완성 (제외)
 [81/200] 티에스이(131290): 패턴 미완성 (제외)
 [82/200] 흥아해운(003280): 패턴 미완성 (제외)
 [83/200] 쏠리드(050890): 패턴 미완성 (제외)
 [84/200] 디바이스(187870): 패턴 미완성 (제외)
 [85/200] 드림시큐리티(203650): 이평선 역배열 (50>150>200 미충족) (제외) | 50일등락: 77.68%
 [86/200] 프로이천(321260): 이평선 역배열 (50>150>200 미충족) (제외) | 50일등락: 77.3%
 [87/200] 삼아알미늄(006110): 패턴 미완성 (제외)
 [88/200] 브이엠(089970): 패턴 미완성 (제외)
 -> [★발견★] SGC에너지 (Market): 10회 수축, 마지막 12.1%, 점수 40 (RS 233.4), 피벗 56,900
 [90/200] 아이티엠반도체(084850): 이평선 역배열 (50>150>200 미충족) (제외) | 50일등락: 75.15%
 [91/200] 모아데이타(288980): 이평선 역배열 (50>150>200 미충족) (제외) | 50일등락: 74.56%
 [92/200] 멕아이씨에스(058110): 이평선 역배열 (50>150>200 미충족) (제외) | 50일등락: 73.92%
 -> [★발견★] 비츠로테크 (Market): 6회 수축, 마지막 10.6%, 점수 20 (RS 203.0), 피벗 12,080
 [94/200] 두산테스나(131970): 패턴 미완성 (제외)
 -> [★발견★] DSC인베스트먼트 (Market): 6회 수축, 마지막 14.9%, 점수 40 (RS 217.5), 피벗 14,960
 [96/200] OCI홀딩스(010060): 패턴 미완성 (제외)
 -> [★발견★] TBH글로벌 (Market): 6회 수축, 마지막 13.3%, 점수 50 (RS 167.5), 피벗 2,365
 [98/200] KEC(092220): 패턴 미완성 (제외)
 [99/200] 지니너스(389030): 패턴 미완성 (제외)
 -> [★발견★] 체리부로 (Market): 8회 수축, 마지막 5.6%, 점수 60 (RS 167.4), 피벗 1,179
 [101/200] 성도이엔지(037350): 패턴 미완성 (제외)
 [102/200] 케이엔더블유(105330): 패턴 미완성 (제외)
 [103/200] 툴젠(199800): 패턴 미완성 (제외)
 [104/200] LG이노텍(011070): 패턴 미완성 (제외)
 -> [★발견★] 파이버프로 (Market): 10회 수축, 마지막 14.2%, 점수 20 (RS 347.9), 피벗 23,550
 [106/200] 티움바이오(321550): 패턴 미완성 (제외)
 [107/200] 피노(033790): 패턴 미완성 (제외)
 [108/200] 마이크로컨텍솔(098120): 1차 조정폭 과다 (제외)
 -> [★발견★] DL이앤씨2우(전환) (Market): 7회 수축, 마지막 12.3%, 점수 20 (RS 199.2), 피벗 45,600
 [110/200] 후성(093370): 패턴 미완성 (제외)
 [111/200] 모헨즈(006920): 패턴 미완성 (제외)
 -> [★발견★] 서남 (Market): 6회 수축, 마지막 7.6%, 점수 40 (RS 189.6), 피벗 4,015
 [113/200] 한선엔지니어링(452280): 패턴 미완성 (제외)
 [114/200] 대원전선(006340): 패턴 미완성 (제외)
 -> [★발견★] 한미글로벌 (Market): 5회 수축, 마지막 8.3%, 점수 40 (RS 178.9), 피벗 27,200
 [116/200] 애드바이오텍(179530): 이평선 역배열 (50>150>200 미충족) (제외) | 50일등락: 63.31%
 [117/200] 피에스케이홀딩스(031980): 패턴 미완성 (제외)
 -> [★발견★] 아스플로 (Market): 7회 수축, 마지막 9.0%, 점수 40 (RS 182.2), 피벗 5,650
 -> [★발견★] 유비쿼스홀딩스 (Market): 6회 수축, 마지막 14.3%, 점수 20 (RS 170.4), 피벗 16,960
 -> [★발견★] 싸이맥스 (Market): 6회 수축, 마지막 13.2%, 점수 40 (RS 225.2), 피벗 23,050
 [121/200] 젠큐릭스(229000): 50일선 아래 (제외) | 50일등락: 60.95%
 [122/200] 아시아경제(127710): 패턴 미완성 (제외)
 [123/200] 제이에스링크(127120): 패턴 미완성 (제외)
 -> [★발견★] 푸드나무 (Market): 6회 수축, 마지막 7.6%, 점수 40 (RS 187.3), 피벗 3,270
 [125/200] 케이엠더블유(032500): 패턴 미완성 (제외)
 [126/200] 에스넷(038680): 이평선 역배열 (50>150>200 미충족) (제외) | 50일등락: 60.18%
 [127/200] 태웅(044490): 이평선 역배열 (50>150>200 미충족) (제외) | 50일등락: 60.06%
 [128/200] 티쓰리(204610): 이평선 역배열 (50>150>200 미충족) (제외) | 50일등락: 59.96%
 [129/200] APS(054620): 패턴 미완성 (제외)
 [130/200] 압타머사이언스(291650): 이평선 역배열 (50>150>200 미충족) (제외) | 50일등락: 58.69%
 -> [★발견★] 비에이치 (Market): 6회 수축, 마지막 12.8%, 점수 20 (RS 217.9), 피벗 23,000
 [132/200] 세림B&G(340440): 이평선 역배열 (50>150>200 미충족) (제외) | 50일등락: 57.82%
 [133/200] 제넥신(095700): 이평선 역배열 (50>150>200 미충족) (제외) | 50일등락: 57.78%
 -> [★발견★] 에이피알 (Market): 9회 수축, 마지막 7.7%, 점수 60 (RS 290.0), 피벗 344,500
 [135/200] 파인텍(131760): 이평선 역배열 (50>150>200 미충족) (제외) | 50일등락: 57.35%
 [136/200] 빅텍(065450): 패턴 미완성 (제외)
 [137/200] 바이오솔루션(086820): 패턴 미완성 (제외)
 -> [★발견★] 현대건설 (Market): 6회 수축, 마지막 6.7%, 점수 60 (RS 275.9), 피벗 188,700
 [139/200] 오킨스전자(080580): 패턴 미완성 (제외)
 [140/200] 대덕전자(353200): 패턴 미완성 (제외)
 [141/200] 코리아써키트(007810): 패턴 미완성 (제외)
 [142/200] 이노에이엑스(296640): 이평선 역배열 (50>150>200 미충족) (제외) | 50일등락: 54.48%
 [143/200] 이엘씨(041520): 이평선 역배열 (50>150>200 미충족) (제외) | 50일등락: 54.26%
 -> [★발견★] 메카로 (Market): 7회 수축, 마지막 10.5%, 점수 40 (RS 235.0), 피벗 39,900
 -> [★발견★] 엘앤에프 (Market): 6회 수축, 마지막 9.3%, 점수 40 (RS 249.2), 피벗 186,800
 [146/200] 플라즈맵(405000): 이평선 역배열 (50>150>200 미충족) (제외) | 50일등락: 53.07%
 [147/200] 인텍플러스(064290): 패턴 미완성 (제외)
 [148/200] 세아제강지주(003030): 이평선 역배열 (50>150>200 미충족) (제외) | 50일등락: 52.62%
 [149/200] 한국정보통신(025770): 이평선 역배열 (50>150>200 미충족) (제외) | 50일등락: 52.43%
 -> [★발견★] 일지테크 (Market): 6회 수축, 마지막 14.0%, 점수 40 (RS 178.2), 피벗 6,850
 [151/200] 한일단조(024740): 패턴 미완성 (제외)
 [152/200] 알체라(347860): 이평선 역배열 (50>150>200 미충족) (제외) | 50일등락: 51.91%
 [153/200] 엠디바이스(226590): 1차 조정폭 과다 (제외)
 -> [★발견★] 태광 (Market): 7회 수축, 마지막 4.7%, 점수 50 (RS 184.6), 피벗 35,850
 [155/200] 에스에스알(275630): 이평선 역배열 (50>150>200 미충족) (제외) | 50일등락: 51.64%
 -> [★발견★] 녹십자웰빙 (Market): 9회 수축, 마지막 13.2%, 점수 20 (RS 160.8), 피벗 14,800
 -> [★발견★] KBI메탈 (Market): 7회 수축, 마지막 8.4%, 점수 40 (RS 147.0), 피벗 2,270
 [158/200] 태양금속(004100): 패턴 미완성 (제외)
 [159/200] HLB파나진(046210): 이평선 역배열 (50>150>200 미충족) (제외) | 50일등락: 50.84%
 [160/200] 씨에스윈드(112610): 패턴 미완성 (제외)
 [161/200] 디와이씨(310870): 이평선 역배열 (50>150>200 미충족) (제외) | 50일등락: 50.49%
 [162/200] 두산(000150): 패턴 미완성 (제외)
 [163/200] 덕산하이메탈(077360): 패턴 미완성 (제외)
 [164/200] 신흥에스이씨(243840): 패턴 미완성 (제외)
 [165/200] 알지노믹스(476830): 데이터 부족 (200일 미만) (제외) | 50일등락: 50.0%
 [166/200] 디지틀조선(033130): 패턴 미완성 (제외)
 [167/200] 진영(285800): 이평선 역배열 (50>150>200 미충족) (제외) | 50일등락: 49.73%
 [168/200] 무림P&P(009580): 이평선 역배열 (50>150>200 미충족) (제외) | 50일등락: 49.69%
 [169/200] 태영건설우(009415): 이평선 역배열 (50>150>200 미충족) (제외) | 50일등락: 49.56%
 [170/200] 와이지-원(019210): 패턴 미완성 (제외)
 -> [★발견★] 삼성E&A (Market): 7회 수축, 마지막 8.5%, 점수 40 (RS 206.0), 피벗 35,950
 [172/200] 서울바이오시스(092190): 이평선 역배열 (50>150>200 미충족) (제외) | 50일등락: 48.77%
 [173/200] 알엔투테크놀로지(148250): 200일선 아래 (제외) | 50일등락: 48.28%
 [174/200] 오텍(067170): 이평선 역배열 (50>150>200 미충족) (제외) | 50일등락: 48.08%
 [175/200] 한국카본(017960): 패턴 미완성 (제외)
 [176/200] 상상인증권(001290): 50일선 아래 (제외) | 50일등락: 47.73%
 [177/200] 네패스아크(330860): 패턴 미완성 (제외)
 [178/200] 우정바이오(215380): 패턴 미완성 (제외)
 [179/200] 삼지전자(037460): 패턴 미완성 (제외)
 [180/200] 캡스톤파트너스(452300): 이평선 역배열 (50>150>200 미충족) (제외) | 50일등락: 46.56%
 [181/200] 아모센스(357580): 패턴 미완성 (제외)
 [182/200] 제이스텍(090470): 패턴 미완성 (제외)
 [183/200] 아이씨티케이(456010): 1차 조정폭 과다 (제외)
 [184/200] LS(006260): 패턴 미완성 (제외)
 [185/200] 대주전자재료(078600): 패턴 미완성 (제외)
 [186/200] 티에프이(425420): 패턴 미완성 (제외)
 -> [★발견★] 상신이디피 (Market): 5회 수축, 마지막 9.9%, 점수 40 (RS 235.5), 피벗 23,300
 [188/200] 저스템(417840): 패턴 미완성 (제외)
 [189/200] 엔투텍(227950): 이평선 역배열 (50>150>200 미충족) (제외) | 50일등락: 45.17%
 [190/200] 피에스케이(319660): 패턴 미완성 (제외)
 [191/200] 동부건설(005960): 패턴 미완성 (제외)
 [192/200] 한미반도체(042700): 패턴 미완성 (제외)
 [193/200] 시지트로닉스(429270): 이평선 역배열 (50>150>200 미충족) (제외) | 50일등락: 44.33%
 [194/200] 넥스틸(092790): 이평선 역배열 (50>150>200 미충족) (제외) | 50일등락: 44.33%
 [195/200] DL(000210): 이평선 역배열 (50>150>200 미충족) (제외) | 50일등락: 44.2%
 [196/200] 메가터치(446540): 이평선 역배열 (50>150>200 미충족) (제외) | 50일등락: 44.02%
 [197/200] 한국피아이엠(448900): 패턴 미완성 (제외)
 [198/200] 동국제약(086450): 패턴 미완성 (제외)
 [199/200] 파이오링크(170790): 이평선 역배열 (50>150>200 미충족) (제외) | 50일등락: 43.56%
 -> [★발견★] LS머트리얼즈 (Market): 9회 수축, 마지막 9.0%, 점수 60 (RS 204.2), 피벗 20,900

============================================================
 VCP 스캔 요약: 발견 42, 추세제외 50, 패턴제외 108, 에러 0
============================================================
[완료] 42개 PB 업로드 완료.
[2026-04-25 09:49:13.128084] 06_collect_stock_data.py 실행 중: 상세 데이터 수집 중...
[2026-04-25 09:53:29.154910] 07_calc_portfolio.py 실행 중: 수익률 및 포트폴리오 계산 중...
[2026-04-25 09:53:47.395216] 04_collect_news.py 실행 중: 네이버 뉴스 수집 중...
[2026-04-25 09:54:33.068710] 05_analyze_news.py 실행 중: AI 뉴스 감성 분석 중...
[2026-04-25 09:55:54.807381] 03_visualize_vcp.py 실행 중: VCP 분석 차트 생성 중...
