[2026-03-22 03:23:57.845105] 자동 시장 데이터 동기화 체크 중...
[2026-03-22 03:24:29.651288] 동기화 확인 완료.
[2026-03-22 03:24:29.652303] VCP 통합 스캔 시작    # [0] 대상 선정 (Phase 1)
[2026-03-22 03:24:29.652303] 대상 종목 선별 작업 시작 (Batch 모드)...
  선정 기간: 20260105 ~ 20260319 (약 50거래일 기준)
[2026-03-22 03:24:29.961946] Naver Finance에서 종목 리스트 수집 중...
  Market 0 has 49 pages.
  Market 1 has 37 pages.
[PB Utils] Successfully fetched 4239 tickers from Naver Finance.
[2026-03-22 03:24:48.925414] 대상 선별 완료. (Batch 모드로 26분 -> 수 초로 단축)
[2026-03-22 03:24:48.947395] 스캔 대상 200개 상세 데이터 로딩 시작...
  - [10/200] 065170 032820 900270 187660 036170 242040 221800 047040 038500 001510 로딩 완료
  - [20/200] 412350 043260 357580 000250 048410 357880 192410 040160 290550 069540 로딩 완료
  - [30/200] 440110 046120 012860 129920 006800 475150 331920 005090 272210 420770 로딩 완료
  - [40/200] 024850 393890 347700 327260 019210 322000 354320 064850 226590 027040 로딩 완료
  - [50/200] 448900 010170 007120 234340 127120 000720 321370 054620 360350 218410 로딩 완료
  - [60/200] 088130 027360 089230 095340 076610 323350 042520 124500 031980 085910 로딩 완료
  - [70/200] 289930 348340 095910 033160 080580 376900 365270 001820 0015G0 452260 로딩 완료
  - [80/200] 474610 056080 291650 319660 289080 001290 090470 036930 138080 131290 로딩 완료
  - [90/200] 078600 230240 077360 171090 229000 130660 085620 003280 099320 005440 로딩 완료
  - [100/200] 265740 092870 489790 000440 011930 009830 042700 104200 010060 083650 로딩 완료
  - [110/200] 032500 298020 056090 058470 222080 092220 224060 052690 010820 355150 로딩 완료
  - [120/200] 009150 417500 00680K 196450 241520 117670 123750 417200 090710 046890 로딩 완료
  - [130/200] 019010 402490 052020 017960 010120 005380 131970 082920 178320 006920 로딩 완료
  - [140/200] 189300 041920 024060 389030 388790 039310 086520 084870 323280 0120G0 로딩 완료
  - [150/200] 007340 215380 005960 120110 078020 296640 253590 050890 006340 138490 로딩 완료
  - [160/200] 020000 044490 100790 363250 037350 089980 456040 355690 272110 353200 로딩 완료
  - [170/200] 012210 318060 900290 073490 424980 003000 373200 112610 053610 101490 로딩 완료
  - [180/200] 452280 046970 005940 024800 338840 019540 126340 278470 023530 064760 로딩 완료
  - [190/200] 001720 011700 340360 238090 057050 214370 219550 096350 380540 458870 로딩 완료
  - [200/200] 005850 241770 003240 083640 307180 003160 088350 058610 222420 089970 로딩 완료
[2026-03-22 03:25:13.224096] 상세 데이터 로딩 완료. (총 200개 캐싱됨)
 [1/200] 비엘팜텍(065170): 패턴 미완성 (제외)
 [2/200] 우리기술(032820): 패턴 미완성 (제외)
 [3/200] 헝셩그룹(900270): 이평선 역배열 (50>150>200 미충족) (제외) | 50일등락: 570.39%
 [4/200] 현대ADM(187660): 패턴 미완성 (제외)
 -> [★발견★] 에이치엠넥스 (Market): 7회 수축, 마지막 10.2%, 점수 20 (Jump 10), 피벗 5,480 (+11.4%)
 [6/200] 나무기술(242040): 패턴 미완성 (제외)
 [7/200] 유투바이오(221800): 패턴 미완성 (제외)
 [8/200] 대우건설(047040): 패턴 미완성 (제외)
 [9/200] 삼표시멘트(038500): 패턴 미완성 (제외)
 [10/200] SK증권(001510): 패턴 미완성 (제외)
 [11/200] 레이저쎌(412350): 이평선 역배열 (50>150>200 미충족) (제외) | 50일등락: 231.78%
 [12/200] 성호전자(043260): 패턴 미완성 (제외)
 [13/200] 아모센스(357580): 패턴 미완성 (제외)
 [14/200] 삼천당제약(000250): 패턴 미완성 (제외)
 -> [★발견★] 현대바이오 (Market): 9회 수축, 마지막 11.9%, 점수 40 (Jump 50), 피벗 16,690 (+13.5%)
 [16/200] SKAI(357880): 이평선 역배열 (50>150>200 미충족) (제외) | 50일등락: 190.43%
 [17/200] 오늘이엔엠(192410): 이평선 역배열 (50>150>200 미충족) (제외) | 50일등락: 188.82%
 -> [★발견★] 누리플렉스 (Market): 6회 수축, 마지막 15.0%, 점수 20 (Jump 10), 피벗 9,410 (-8.4%)
 [19/200] 디케이티(290550): 패턴 미완성 (제외)
 [20/200] 빛과전자(069540): 이평선 역배열 (50>150>200 미충족) (제외) | 50일등락: 177.01%
 [21/200] 파두(440110): 패턴 미완성 (제외)
 [22/200] 오르비텍(046120): 패턴 미완성 (제외)
 [23/200] 모베이스전자(012860): 50일선 아래 (제외) | 50일등락: 163.89%
 [24/200] 대성하이텍(129920): 이평선 역배열 (50>150>200 미충족) (제외) | 50일등락: 163.48%
 -> [★발견★] 미래에셋증권 (Market): 6회 수축, 마지막 6.2%, 점수 70 (Jump 50), 피벗 71,091 (+5.0%)
 [26/200] SK이터닉스(475150): 이평선 역배열 (50>150>200 미충족) (제외) | 50일등락: 153.9%
 -> [★발견★] 셀레믹스 (Market): 5회 수축, 마지막 10.5%, 점수 40 (Jump 50), 피벗 5,140 (-24.9%)
 [28/200] SGC에너지(005090): 패턴 미완성 (제외)
 [29/200] 한화시스템(272210): 패턴 미완성 (제외)
 -> [★발견★] 기가비스 (Market): 5회 수축, 마지막 9.4%, 점수 60 (Jump 50), 피벗 77,400 (-1.6%)
 [31/200] HLB이노베이션(024850): 패턴 미완성 (제외)
 [32/200] 더블유씨피(393890): 패턴 미완성 (제외)
 [33/200] 스피어(347700): 패턴 미완성 (제외)
 -> [★발견★] RF머트리얼즈 (Market): 6회 수축, 마지막 11.5%, 점수 20 (Jump 30), 피벗 25,550 (-65.4%)
 -> [★발견★] 와이지-원 (Market): 6회 수축, 마지막 13.5%, 점수 20 (Jump 30), 피벗 13,790 (+9.9%)
 -> [★발견★] HD현대에너지솔루션 (Market): 6회 수축, 마지막 13.2%, 점수 20 (Jump 10), 피벗 89,600 (-31.6%)
 [37/200] 알멕(354320): 50일선 아래 (제외) | 50일등락: 134.33%
 [38/200] 에프앤가이드(064850): 패턴 미완성 (제외)
 [39/200] 엠디바이스(226590): 1차 조정폭 과다 (제외)
 [40/200] 서울전자통신(027040): 이평선 역배열 (50>150>200 미충족) (제외) | 50일등락: 131.58%
 [41/200] 한국피아이엠(448900): 패턴 미완성 (제외)
 [42/200] 대한광통신(010170): 1차 조정폭 과다 (제외)
 [43/200] 미래아이앤지(007120): 이평선 역배열 (50>150>200 미충족) (제외) | 50일등락: 130.53%
 [44/200] 헥토파이낸셜(234340): 패턴 미완성 (제외)
 -> [★발견★] 제이에스링크 (Market): 7회 수축, 마지막 7.8%, 점수 60 (Jump 30), 피벗 41,900 (+4.2%)
 [46/200] 현대건설(000720): 패턴 미완성 (제외)
 [47/200] 센서뷰(321370): 패턴 미완성 (제외)
 [48/200] APS(054620): 이평선 역배열 (50>150>200 미충족) (제외) | 50일등락: 128.07%
 [49/200] 코셈(360350): 이평선 역배열 (50>150>200 미충족) (제외) | 50일등락: 125.11%
 [50/200] RFHIC(218410): 패턴 미완성 (제외)
 [51/200] 동아엘텍(088130): 패턴 미완성 (제외)
 [52/200] 아주IB투자(027360): 패턴 미완성 (제외)
 [53/200] THE E&M(089230): 패턴 미완성 (제외)
 [54/200] ISC(095340): 패턴 미완성 (제외)
 [55/200] 해성옵틱스(076610): 패턴 미완성 (제외)
 [56/200] 다원넥스뷰(323350): 패턴 미완성 (제외)
 [57/200] 한스바이오메드(042520): 패턴 미완성 (제외)
 -> [★발견★] 아이티센글로벌 (Market): 8회 수축, 마지막 14.5%, 점수 40 (Jump 50), 피벗 71,900 (+16.9%)
 -> [★발견★] 피에스케이홀딩스 (Market): 7회 수축, 마지막 12.8%, 점수 40 (Jump 30), 피벗 117,300 (+5.3%)
 [60/200] 네오티스(085910): 패턴 미완성 (제외)
 [61/200] 웨이비스(289930): 패턴 미완성 (제외)
 [62/200] 뉴로메카(348340): 50일선 아래 (제외) | 50일등락: 108.68%
 [63/200] 에스에너지(095910): 이평선 역배열 (50>150>200 미충족) (제외) | 50일등락: 108.44%
 [64/200] 엠케이전자(033160): 패턴 미완성 (제외)
 [65/200] 오킨스전자(080580): 패턴 미완성 (제외)
 [66/200] 로킷헬스케어(376900): 패턴 미완성 (제외)
 [67/200] 큐라클(365270): 패턴 미완성 (제외)
 [68/200] 삼화콘덴서(001820): 패턴 미완성 (제외)
 [69/200] 그린광학(0015G0): 데이터 부족 (200일 미만) (제외) | 50일등락: 100.18%
 [70/200] 한화갤러리아(452260): 패턴 미완성 (제외)
 [71/200] RF시스템즈(474610): 패턴 미완성 (제외)
 [72/200] 유진로봇(056080): 50일선 아래 (제외) | 50일등락: 98.34%
 [73/200] 압타머사이언스(291650): 이평선 역배열 (50>150>200 미충족) (제외) | 50일등락: 98.24%
 [74/200] 피에스케이(319660): 패턴 미완성 (제외)
 -> [★발견★] SV인베스트먼트 (Market): 7회 수축, 마지막 7.0%, 점수 70 (Jump 50), 피벗 3,660 (+7.5%)
 [76/200] 상상인증권(001290): 패턴 미완성 (제외)
 [77/200] 제이스텍(090470): 패턴 미완성 (제외)
 -> [★발견★] 주성엔지니어링 (Market): 5회 수축, 마지막 12.9%, 점수 20 (Jump 10), 피벗 70,000 (-3.9%)
 [79/200] 오이솔루션(138080): 패턴 미완성 (제외)
 [80/200] 티에스이(131290): 패턴 미완성 (제외)
 -> [★발견★] 대주전자재료 (Market): 6회 수축, 마지막 10.8%, 점수 20 (Jump 30), 피벗 118,800 (-5.9%)
 [82/200] 에치에프알(230240): 이평선 역배열 (50>150>200 미충족) (제외) | 50일등락: 92.02%
 [83/200] 덕산하이메탈(077360): 패턴 미완성 (제외)
 [84/200] 선익시스템(171090): 패턴 미완성 (제외)
 [85/200] 젠큐릭스(229000): 패턴 미완성 (제외)
 [86/200] 한전산업(130660): 패턴 미완성 (제외)
 [87/200] 미래에셋생명(085620): 패턴 미완성 (제외)
 [88/200] 흥아해운(003280): 이평선 역배열 (50>150>200 미충족) (제외) | 50일등락: 89.79%
 [89/200] 쎄트렉아이(099320): 패턴 미완성 (제외)
 [90/200] 현대지에프홀딩스(005440): 패턴 미완성 (제외)
 -> [★발견★] 엔에프씨 (Market): 10회 수축, 마지막 13.7%, 점수 40 (Jump 50), 피벗 9,400 (+4.4%)
 [92/200] 엑시콘(092870): 패턴 미완성 (제외)
 [93/200] 한화비전(489790): 패턴 미완성 (제외)
 [94/200] 중앙에너비스(000440): 패턴 미완성 (제외)
 [95/200] 신성이엔지(011930): 패턴 미완성 (제외)
 [96/200] 한화솔루션(009830): 이평선 역배열 (50>150>200 미충족) (제외) | 50일등락: 84.26%
 -> [★발견★] 한미반도체 (Market): 6회 수축, 마지막 10.0%, 점수 50 (Jump 50), 피벗 333,500 (+7.8%)
 [98/200] NHN벅스(104200): 50일선 아래 (제외) | 50일등락: 83.41%
 [99/200] OCI홀딩스(010060): 패턴 미완성 (제외)
 [100/200] 비에이치아이(083650): 패턴 미완성 (제외)
 [101/200] 케이엠더블유(032500): 패턴 미완성 (제외)
 [102/200] 효성티앤씨(298020): 패턴 미완성 (제외)
 [103/200] 시지메드텍(056090): 패턴 미완성 (제외)
 [104/200] 리노공업(058470): 패턴 미완성 (제외)
 [105/200] 씨아이에스(222080): 패턴 미완성 (제외)
 -> [★발견★] KEC (Market): 9회 수축, 마지막 12.9%, 점수 20 (Jump 30), 피벗 1,521 (+8.1%)
 [107/200] 더코디(224060): 패턴 미완성 (제외)
 -> [★발견★] 한전기술 (Market): 6회 수축, 마지막 5.5%, 점수 60 (Jump 80), 피벗 177,700 (+1.2%)
 [109/200] 퍼스텍(010820): 패턴 미완성 (제외)
 [110/200] 코스텍시스(355150): 패턴 미완성 (제외)
 [111/200] 삼성전기(009150): 패턴 미완성 (제외)
 [112/200] 제이아이테크(417500): 이평선 역배열 (50>150>200 미충족) (제외) | 50일등락: 77.51%
 [113/200] 미래에셋증권2우B(00680K): 패턴 미완성 (제외)
 [114/200] 코아시아씨엠(196450): 패턴 미완성 (제외)
 [115/200] DSC인베스트먼트(241520): 패턴 미완성 (제외)
 [116/200] 알파칩스(117670): 패턴 미완성 (제외)
 -> [★발견★] 알톤 (Market): 6회 수축, 마지막 6.4%, 점수 70 (Jump 50), 피벗 2,405 (+6.9%)
 [118/200] LS머트리얼즈(417200): 패턴 미완성 (제외)
 [119/200] 휴림로봇(090710): 패턴 미완성 (제외)
 [120/200] 서울반도체(046890): 패턴 미완성 (제외)
 [121/200] 베뉴지(019010): 패턴 미완성 (제외)
 -> [★발견★] 그린리소스 (Market): 7회 수축, 마지막 6.6%, 점수 40 (Jump 30), 피벗 10,010 (-32.8%)
 [123/200] 에스티큐브(052020): 패턴 미완성 (제외)
 [124/200] 한국카본(017960): 패턴 미완성 (제외)
 [125/200] LS ELECTRIC(010120): 패턴 미완성 (제외)
 [126/200] 현대차(005380): 패턴 미완성 (제외)
 [127/200] 두산테스나(131970): 패턴 미완성 (제외)
 [128/200] 비츠로셀(082920): 패턴 미완성 (제외)
 [129/200] 서진시스템(178320): 패턴 미완성 (제외)
 [130/200] 모헨즈(006920): 패턴 미완성 (제외)
 [131/200] 인텔리안테크(189300): 패턴 미완성 (제외)
 -> [★발견★] 메디아나 (Market): 6회 수축, 마지막 11.3%, 점수 50 (Jump 50), 피벗 21,600 (+8.8%)
 [133/200] 흥구석유(024060): 패턴 미완성 (제외)
 [134/200] 지니너스(389030): 패턴 미완성 (제외)
 -> [★발견★] 라이콤 (Market): 6회 수축, 마지막 10.3%, 점수 40 (Jump 50), 피벗 3,190 (-25.9%)
 [136/200] 세중(039310): 이평선 역배열 (50>150>200 미충족) (제외) | 50일등락: 68.38%
 [137/200] 에코프로(086520): 패턴 미완성 (제외)
 [138/200] TBH글로벌(084870): 패턴 미완성 (제외)
 -> [★발견★] 태성 (Market): 6회 수축, 마지막 10.5%, 점수 40 (Jump 50), 피벗 77,500 (+11.3%)
 [140/200] 삼양바이오팜(0120G0): 데이터 부족 (200일 미만) (제외) | 50일등락: 67.43%
 [141/200] DN오토모티브(007340): 패턴 미완성 (제외)
 [142/200] 우정바이오(215380): 패턴 미완성 (제외)
 [143/200] 동부건설(005960): 패턴 미완성 (제외)
 -> [★발견★] 코오롱인더 (Market): 6회 수축, 마지막 6.5%, 점수 60 (Jump 50), 피벗 75,000 (+7.0%)
 [145/200] LS증권(078020): 패턴 미완성 (제외)
 [146/200] 이노룰스(296640): 이평선 역배열 (50>150>200 미충족) (제외) | 50일등락: 65.78%
 -> [★발견★] 네오셈 (Market): 8회 수축, 마지막 7.6%, 점수 60 (Jump 50), 피벗 20,300 (+6.3%)
 [148/200] 쏠리드(050890): 패턴 미완성 (제외)
 [149/200] 대원전선(006340): 패턴 미완성 (제외)
 -> [★발견★] 코오롱ENP (Market): 8회 수축, 마지막 5.0%, 점수 80 (Jump 80), 피벗 13,800 (+3.8%)
 -> [★발견★] 한섬 (Market): 8회 수축, 마지막 2.7%, 점수 70 (Jump 100), 피벗 24,200 (-9.7%)
 [152/200] 태웅(044490): 이평선 역배열 (50>150>200 미충족) (제외) | 50일등락: 64.73%
 [153/200] 미래에셋벤처투자(100790): 패턴 미완성 (제외)
 [154/200] 진시스템(363250): 이평선 역배열 (50>150>200 미충족) (제외) | 50일등락: 63.76%
 [155/200] 성도이엔지(037350): 패턴 미완성 (제외)
 [156/200] 상아프론테크(089980): 패턴 미완성 (제외)
 [157/200] OCI(456040): 패턴 미완성 (제외)
 [158/200] 에이텀(355690): 이평선 역배열 (50>150>200 미충족) (제외) | 50일등락: 61.92%
 [159/200] 케이엔제이(272110): 패턴 미완성 (제외)
 -> [★발견★] 대덕전자 (Market): 9회 수축, 마지막 9.7%, 점수 40 (Jump 30), 피벗 66,700 (-19.4%)
 [161/200] 삼미금속(012210): 패턴 미완성 (제외)
 [162/200] 그래피(318060): 데이터 부족 (200일 미만) (제외) | 50일등락: 60.7%
 [163/200] GRT(900290): 패턴 미완성 (제외)
 -> [★발견★] 이노와이어리스 (Market): 9회 수축, 마지막 12.4%, 점수 20 (Jump 30), 피벗 45,550 (+7.6%)
 [165/200] 마이크로투나노(424980): 패턴 미완성 (제외)
 [166/200] 부광약품(003000): 패턴 미완성 (제외)
 [167/200] 엑스플러스(373200): 이평선 역배열 (50>150>200 미충족) (제외) | 50일등락: 59.46%
 [168/200] 씨에스윈드(112610): 이평선 역배열 (50>150>200 미충족) (제외) | 50일등락: 59.46%
 [169/200] 프로텍(053610): 패턴 미완성 (제외)
 [170/200] 에스앤에스텍(101490): 패턴 미완성 (제외)
 [171/200] 한선엔지니어링(452280): 패턴 미완성 (제외)
 [172/200] 우리로(046970): 패턴 미완성 (제외)
 [173/200] NH투자증권(005940): 패턴 미완성 (제외)
 [174/200] 유성티엔에스(024800): 이평선 역배열 (50>150>200 미충족) (제외) | 50일등락: 58.6%
 [175/200] 와이바이오로직스(338840): 패턴 미완성 (제외)
 [176/200] 일지테크(019540): 패턴 미완성 (제외)
 [177/200] 비나텍(126340): 패턴 미완성 (제외)
 [178/200] 에이피알(278470): 패턴 미완성 (제외)
 [179/200] 롯데쇼핑(023530): 패턴 미완성 (제외)
 [180/200] 티씨케이(064760): 패턴 미완성 (제외)
 -> [★발견★] 신영증권 (Market): 9회 수축, 마지막 6.5%, 점수 70 (Jump 50), 피벗 213,500 (+2.1%)
 [182/200] 한신기계(011700): 이평선 역배열 (50>150>200 미충족) (제외) | 50일등락: 55.99%
 -> [★발견★] 다보링크 (Market): 7회 수축, 마지막 13.5%, 점수 20 (Jump 30), 피벗 1,737 (-21.6%)
 [184/200] 앤디포스(238090): 이평선 역배열 (50>150>200 미충족) (제외) | 50일등락: 55.75%
 [185/200] 현대홈쇼핑(057050): 패턴 미완성 (제외)
 [186/200] 케어젠(214370): 패턴 미완성 (제외)
 [187/200] 디와이디(219550): 200일선 아래 (제외) | 50일등락: 55.56%
 [188/200] 대창솔루션(096350): 패턴 미완성 (제외)
 [189/200] 옵티코어(380540): 패턴 미완성 (제외)
 [190/200] 씨어스테크놀로지(458870): 패턴 미완성 (제외)
 [191/200] 에스엘(005850): 패턴 미완성 (제외)
 -> [★발견★] 메카로 (Market): 8회 수축, 마지막 9.5%, 점수 40 (Jump 30), 피벗 29,850 (-14.1%)
 [193/200] 태광산업(003240): 이평선 역배열 (50>150>200 미충족) (제외) | 50일등락: 54.66%
 [194/200] 인콘(083640): 이평선 역배열 (50>150>200 미충족) (제외) | 50일등락: 54.44%
 [195/200] 아이엘(307180): 패턴 미완성 (제외)
 [196/200] 디아이(003160): 패턴 미완성 (제외)
 [197/200] 한화생명(088350): 패턴 미완성 (제외)
 [198/200] 에스피지(058610): 50일선 아래 (제외) | 50일등락: 54.0%
 [199/200] 쎄노텍(222420): 50일선 아래 (제외) | 50일등락: 53.98%
 -> [★발견★] 브이엠 (Market): 7회 수축, 마지막 10.8%, 점수 20 (Jump 30), 피벗 43,400 (-8.9%)

============================================================
 VCP 스캔 요약: 발견 34, 추세제외 40, 패턴제외 126, 에러 0
============================================================
[완료] 34개 PB 업로드 완료.
[2026-03-22 03:25:15.548396] 06_collect_stock_data.py 실행 중...
[2026-03-22 03:26:19.720911] 04_collect_news.py 실행 중...
[2026-03-22 03:28:06.512303] 05_analyze_news.py 실행 중...
[2026-03-22 03:30:07.526601] 03_visualize_vcp.py 실행 중...
