[2026-04-24 16:16:22.198943] 자동 시장 데이터 동기화 체크 중...
[2026-04-24 16:22:36.818568] 동기화 확인 완료.
[2026-04-24 16:22:36.818568] VCP 통합 스캔 시작    # [0] 대상 선정 (Phase 1)
[2026-04-24 16:22:36.824139] 대상 종목 선별 작업 시작 (Batch 모드)...
  선정 기간: 20260209 ~ 20260423 (약 50거래일 기준)
[2026-04-24 16:22:36.842033] Naver Finance에서 종목 리스트 수집 중...
  Market 0 has 49 pages.
  Market 1 has 37 pages.
[PB Utils] Successfully fetched 4256 tickers from Naver Finance.
[2026-04-24 16:22:50.319617] 투자자보호 종목(관리/정지/경보) 243개 수집 완료.
[2026-04-24 16:22:51.576949] 대상 선별 완료. (Batch 모드로 26분 -> 수 초로 단축)
[2026-04-24 16:22:51.590002] 스캔 대상 200개 상세 데이터 로딩 시작...
  - [10/200] 192410 046970 900270 017900 010170 049080 036170 069540 331920 221800 로딩 완료
  - [20/200] 187660 215790 010820 027360 089230 046120 033160 052710 402490 009150 로딩 완료
  - [30/200] 032820 040160 009155 088280 360350 082920 475150 100790 412350 357880 로딩 완료
  - [40/200] 027040 290550 327260 085910 006110 006340 129920 005090 092220 109070 로딩 완료
  - [50/200] 011070 064850 036930 079550 073540 238090 218410 131760 393890 322000 로딩 완료
  - [60/200] 203650 095270 006360 085620 072950 009415 474610 375500 035460 017550 로딩 완료
  - [70/200] 232830 125210 131970 388790 217730 217590 033790 010060 382800 038060 로딩 완료
  - [80/200] 001820 131290 336370 052020 052860 056360 008350 204610 242040 003280 로딩 완료
  - [90/200] 089970 091580 084850 347770 115500 007120 452280 356680 288980 115440 로딩 완료
  - [100/200] 100590 109080 230240 160980 241520 050890 003000 105330 090460 065770 로딩 완료
  - [110/200] 024840 088800 006400 066310 389030 001290 015260 189860 037350 417200 로딩 완료
  - [120/200] 001250 084870 006260 278470 37550L 241770 417840 043260 044490 077970 로딩 완료
  - [130/200] 321550 199800 091970 353200 000150 073490 243840 161000 064290 456040 로딩 완료
  - [140/200] 376900 032500 093370 054090 024740 066360 042370 065530 294630 041520 로딩 완료
  - [150/200] 078600 189330 070300 0005G0 127710 066970 187870 054620 007810 098120 로딩 완료
  - [160/200] 290720 058110 028050 321260 004100 001755 000720 296640 112610 045510 로딩 완료
  - [170/200] 347860 159010 003720 006920 037460 090470 092190 222800 179530 006405 로딩 완료
  - [180/200] 053260 0008Z0 023160 178320 077360 340440 025770 127120 228670 019540 로딩 완료
  - [190/200] 457990 031980 234690 089980 008060 368770 094840 042700 267270 078070 로딩 완료
  - [200/200] 006345 319660 033130 078130 357580 000210 046890 425420 307180 229640 로딩 완료
[2026-04-24 16:23:05.908238] 상세 데이터 로딩 완료. (총 200개 캐싱됨)
 [1/200] 오늘이엔엠(192410): 패턴 미완성 (제외)
 [2/200] 우리로(046970): 패턴 미완성 (제외)
 [3/200] 헝셩그룹(900270): 패턴 미완성 (제외)
 [4/200] 광전자(017900): 패턴 미완성 (제외)
 [5/200] 대한광통신(010170): 1차 조정폭 과다 (제외)
 [6/200] 기가레인(049080): 패턴 미완성 (제외)
 [7/200] 에이치엠넥스(036170): 패턴 미완성 (제외)
 [8/200] 빛과전자(069540): 패턴 미완성 (제외)
 [9/200] 셀레믹스(331920): 패턴 미완성 (제외)
 [10/200] 유투바이오(221800): 50일선 아래 (제외) | 50일등락: 276.31%
 [11/200] 페니트리움바이오(187660): 50일선 아래 (제외) | 50일등락: 266.36%
 [12/200] 이노인스트루먼트(215790): 패턴 미완성 (제외)
 [13/200] 퍼스텍(010820): 패턴 미완성 (제외)
 -> [★발견★] 아주IB투자 (Market): 6회 수축, 마지막 9.3%, 점수 40 (RS 577.9), 피벗 9,370
 [15/200] THE E&M(089230): 패턴 미완성 (제외)
 [16/200] 오르비텍(046120): 패턴 미완성 (제외)
 [17/200] 엠케이전자(033160): 패턴 미완성 (제외)
 [18/200] 아모텍(052710): 패턴 미완성 (제외)
 [19/200] 그린리소스(402490): 패턴 미완성 (제외)
 [20/200] 삼성전기(009150): 패턴 미완성 (제외)
 -> [★발견★] 우리기술 (Market): 4회 수축, 마지막 11.2%, 점수 70 (RS 605.9), 피벗 23,650
 [22/200] 누리플렉스(040160): 패턴 미완성 (제외)
 [23/200] 삼성전기우(009155): 패턴 미완성 (제외)
 [24/200] 쏘닉스(088280): 패턴 미완성 (제외)
 [25/200] 코셈(360350): 패턴 미완성 (제외)
 [26/200] 비츠로셀(082920): 패턴 미완성 (제외)
 [27/200] SK이터닉스(475150): 패턴 미완성 (제외)
 [28/200] 미래에셋벤처투자(100790): 패턴 미완성 (제외)
 [29/200] 레이저쎌(412350): 패턴 미완성 (제외)
 -> [★발견★] SKAI (Market): 5회 수축, 마지막 11.1%, 점수 50 (RS 184.7), 피벗 4,070
 [31/200] 서울전자통신(027040): 패턴 미완성 (제외)
 [32/200] 디케이티(290550): 패턴 미완성 (제외)
 [33/200] RF머트리얼즈(327260): 패턴 미완성 (제외)
 -> [★발견★] 네오티스 (Market): 7회 수축, 마지막 10.9%, 점수 40 (RS 527.5), 피벗 23,800
 -> [★발견★] 삼아알미늄 (Market): 8회 수축, 마지막 13.2%, 점수 20 (RS 294.1), 피벗 59,700
 [36/200] 대원전선(006340): 패턴 미완성 (제외)
 [37/200] 대성하이텍(129920): 패턴 미완성 (제외)
 -> [★발견★] SGC에너지 (Market): 10회 수축, 마지막 12.1%, 점수 20 (RS 288.9), 피벗 56,900
 [39/200] KEC(092220): 패턴 미완성 (제외)
 [40/200] 주성코퍼레이션(109070): 패턴 미완성 (제외)
 [41/200] LG이노텍(011070): 패턴 미완성 (제외)
 -> [★발견★] 에프앤가이드 (Market): 6회 수축, 마지막 14.0%, 점수 40 (RS 349.6), 피벗 21,400
 [43/200] 주성엔지니어링(036930): 패턴 미완성 (제외)
 [44/200] LIG디펜스앤에어로스페이스(079550): 이평선 역배열 (50>150>200 미충족) (제외) | 50일등락: 116.29%
 [45/200] 에프알텍(073540): 패턴 미완성 (제외)
 [46/200] 앤디포스(238090): 패턴 미완성 (제외)
 -> [★발견★] RFHIC (Market): 7회 수축, 마지막 12.1%, 점수 40 (RS 421.8), 피벗 94,200
 [48/200] 파인텍(131760): 이평선 역배열 (50>150>200 미충족) (제외) | 50일등락: 111.44%
 -> [★발견★] 더블유씨피 (Market): 7회 수축, 마지막 11.1%, 점수 20 (RS 249.4), 피벗 16,820
 [50/200] HD현대에너지솔루션(322000): 패턴 미완성 (제외)
 -> [★발견★] 드림시큐리티 (Market): 7회 수축, 마지막 8.3%, 점수 40 (RS 210.3), 피벗 1,702
 [52/200] 웨이브일렉트로(095270): 패턴 미완성 (제외)
 [53/200] GS건설(006360): 패턴 미완성 (제외)
 -> [★발견★] 미래에셋생명 (Market): 8회 수축, 마지막 10.0%, 점수 70 (RS 244.8), 피벗 17,910
 [55/200] 빛샘전자(072950): 패턴 미완성 (제외)
 [56/200] 태영건설우(009415): 패턴 미완성 (제외)
 [57/200] RF시스템즈(474610): 패턴 미완성 (제외)
 -> [★발견★] DL이앤씨 (Market): 6회 수축, 마지막 6.8%, 점수 40 (RS 226.6), 피벗 102,500
 [59/200] 기산텔레콤(035460): 패턴 미완성 (제외)
 -> [★발견★] 수산세보틱스 (Market): 7회 수축, 마지막 9.5%, 점수 40 (RS 199.8), 피벗 2,035
 [61/200] 아이티센피엔에스(232830): 패턴 미완성 (제외)
 -> [★발견★] 아모그린텍 (Market): 6회 수축, 마지막 6.7%, 점수 40 (RS 239.4), 피벗 7,500
 [63/200] 두산테스나(131970): 패턴 미완성 (제외)
 [64/200] 라이콤(388790): 패턴 미완성 (제외)
 -> [★발견★] 강스템바이오텍 (Market): 10회 수축, 마지막 9.8%, 점수 60 (RS 239.0), 피벗 4,615
 [66/200] 티엠씨(217590): 데이터 부족 (200일 미만) (제외) | 50일등락: 96.49%
 [67/200] 피노(033790): 패턴 미완성 (제외)
 [68/200] OCI홀딩스(010060): 패턴 미완성 (제외)
 -> [★발견★] 지앤비에스 에코 (Market): 7회 수축, 마지막 6.7%, 점수 40 (RS 235.6), 피벗 7,650
 [70/200] 루멘스(038060): 이평선 역배열 (50>150>200 미충족) (제외) | 50일등락: 90.43%
 [71/200] 삼화콘덴서(001820): 패턴 미완성 (제외)
 [72/200] 티에스이(131290): 패턴 미완성 (제외)
 [73/200] 솔루스첨단소재(336370): 패턴 미완성 (제외)
 -> [★발견★] 에스티큐브 (Market): 7회 수축, 마지막 6.0%, 점수 60 (RS 223.4), 피벗 16,890
 [75/200] 아이앤씨(052860): 패턴 미완성 (제외)
 [76/200] 코위버(056360): 패턴 미완성 (제외)
 [77/200] 남선알미늄(008350): 패턴 미완성 (제외)
 [78/200] 티쓰리(204610): 이평선 역배열 (50>150>200 미충족) (제외) | 50일등락: 83.95%
 [79/200] 나무기술(242040): 50일선 아래 (제외) | 50일등락: 83.84%
 [80/200] 흥아해운(003280): 패턴 미완성 (제외)
 [81/200] 브이엠(089970): 패턴 미완성 (제외)
 -> [★발견★] 상신이디피 (Market): 5회 수축, 마지막 9.9%, 점수 40 (RS 281.9), 피벗 23,300
 [83/200] 아이티엠반도체(084850): 이평선 역배열 (50>150>200 미충족) (제외) | 50일등락: 82.94%
 [84/200] 핌스(347770): 이평선 역배열 (50>150>200 미충족) (제외) | 50일등락: 82.89%
 -> [★발견★] 케이씨에스 (Market): 7회 수축, 마지막 9.1%, 점수 40 (RS 173.2), 피벗 9,360
 [86/200] 미래아이앤지(007120): 패턴 미완성 (제외)
 [87/200] 한선엔지니어링(452280): 패턴 미완성 (제외)
 [88/200] 엑스게이트(356680): 패턴 미완성 (제외)
 [89/200] 모아데이타(288980): 이평선 역배열 (50>150>200 미충족) (제외) | 50일등락: 77.57%
 [90/200] 우리넷(115440): 패턴 미완성 (제외)
 [91/200] 머큐리(100590): 패턴 미완성 (제외)
 [92/200] 옵티시스(109080): 패턴 미완성 (제외)
 [93/200] 에치에프알(230240): 패턴 미완성 (제외)
 -> [★발견★] 싸이맥스 (Market): 5회 수축, 마지막 13.2%, 점수 40 (RS 229.6), 피벗 23,050
 -> [★발견★] DSC인베스트먼트 (Market): 6회 수축, 마지막 5.5%, 점수 70 (RS 205.4), 피벗 15,530
 -> [★발견★] 쏠리드 (Market): 7회 수축, 마지막 10.3%, 점수 40 (RS 231.6), 피벗 18,160
 -> [★발견★] 부광약품 (Market): 9회 수축, 마지막 12.0%, 점수 50 (RS 201.2), 피벗 8,280
 -> [★발견★] 케이엔더블유 (Market): 10회 수축, 마지막 2.2%, 점수 80 (RS 193.8), 피벗 9,300
 -> [★발견★] 비에이치 (Market): 5회 수축, 마지막 12.8%, 점수 20 (RS 231.0), 피벗 23,000
 [100/200] CS(065770): 이평선 역배열 (50>150>200 미충족) (제외) | 50일등락: 71.61%
 -> [★발견★] KBI메탈 (Market): 7회 수축, 마지막 8.5%, 점수 40 (RS 160.4), 피벗 2,885
 [102/200] 에이스테크(088800): 패턴 미완성 (제외)
 -> [★발견★] 삼성SDI (Market): 5회 수축, 마지막 7.0%, 점수 40 (RS 274.2), 피벗 405,000
 [104/200] 큐에스아이(066310): 패턴 미완성 (제외)
 -> [★발견★] 지니너스 (Market): 5회 수축, 마지막 11.5%, 점수 40 (RS 268.4), 피벗 6,110
 -> [★발견★] 상상인증권 (Market): 9회 수축, 마지막 4.2%, 점수 80 (RS 204.8), 피벗 1,154
 -> [★발견★] 에이엔피 (Market): 9회 수축, 마지막 14.6%, 점수 20 (RS 150.8), 피벗 829
 [108/200] 서전기전(189860): 패턴 미완성 (제외)
 [109/200] 성도이엔지(037350): 패턴 미완성 (제외)
 -> [★발견★] LS머트리얼즈 (Market): 8회 수축, 마지막 9.0%, 점수 40 (RS 227.3), 피벗 20,900
 [111/200] GS글로벌(001250): 이평선 역배열 (50>150>200 미충족) (제외) | 50일등락: 67.15%
 -> [★발견★] TBH글로벌 (Market): 7회 수축, 마지막 5.4%, 점수 70 (RS 161.6), 피벗 2,125
 [113/200] LS(006260): 패턴 미완성 (제외)
 -> [★발견★] 에이피알 (Market): 8회 수축, 마지막 7.7%, 점수 70 (RS 293.1), 피벗 344,500
 -> [★발견★] DL이앤씨2우(전환) (Market): 8회 수축, 마지막 5.3%, 점수 60 (RS 194.2), 피벗 60,800
 -> [★발견★] 메카로 (Market): 6회 수축, 마지막 10.5%, 점수 40 (RS 237.0), 피벗 39,900
 [117/200] 저스템(417840): 패턴 미완성 (제외)
 -> [★발견★] 성호전자 (Market): 6회 수축, 마지막 14.4%, 점수 40 (RS 2456.3), 피벗 53,200
 [119/200] 태웅(044490): 이평선 역배열 (50>150>200 미충족) (제외) | 50일등락: 65.26%
 [120/200] STX엔진(077970): 이평선 역배열 (50>150>200 미충족) (제외) | 50일등락: 64.93%
 [121/200] 티움바이오(321550): 패턴 미완성 (제외)
 [122/200] 툴젠(199800): 패턴 미완성 (제외)
 [123/200] 나노캠텍(091970): 이평선 역배열 (50>150>200 미충족) (제외) | 50일등락: 64.31%
 [124/200] 대덕전자(353200): 패턴 미완성 (제외)
 [125/200] 두산(000150): 패턴 미완성 (제외)
 -> [★발견★] LIG아큐버 (Market): 9회 수축, 마지막 9.4%, 점수 40 (RS 249.2), 피벗 44,500
 [127/200] 신흥에스이씨(243840): 패턴 미완성 (제외)
 [128/200] 애경케미칼(161000): 이평선 역배열 (50>150>200 미충족) (제외) | 50일등락: 62.83%
 [129/200] 인텍플러스(064290): 패턴 미완성 (제외)
 [130/200] OCI(456040): 패턴 미완성 (제외)
 [131/200] 로킷헬스케어(376900): 50일선 아래 (제외) | 50일등락: 62.18%
 -> [★발견★] 케이엠더블유 (Market): 6회 수축, 마지막 11.7%, 점수 50 (RS 249.1), 피벗 34,100
 [133/200] 후성(093370): 패턴 미완성 (제외)
 -> [★발견★] 삼진엘앤디 (Market): 12회 수축, 마지막 3.9%, 점수 50 (RS 161.4), 피벗 1,080
 [135/200] 한일단조(024740): 패턴 미완성 (제외)
 [136/200] 체리부로(066360): 패턴 미완성 (제외)
 -> [★발견★] 비츠로테크 (Market): 6회 수축, 마지막 10.6%, 점수 20 (RS 175.2), 피벗 12,080
 [138/200] 와이어블(065530): 패턴 미완성 (제외)
 [139/200] 서남(294630): 패턴 미완성 (제외)
 [140/200] 이엘씨(041520): 이평선 역배열 (50>150>200 미충족) (제외) | 50일등락: 59.94%
 [141/200] 대주전자재료(078600): 패턴 미완성 (제외)
 [142/200] 씨이랩(189330): 이평선 역배열 (50>150>200 미충족) (제외) | 50일등락: 58.86%
 -> [★발견★] 엑스큐어 (Market): 6회 수축, 마지막 6.6%, 점수 40 (RS 193.9), 피벗 1,977
 [144/200] ITF K-AI반도체코어테크(0005G0): 패턴 미완성 (제외)
 [145/200] 아시아경제(127710): 패턴 미완성 (제외)
 -> [★발견★] 엘앤에프 (Market): 6회 수축, 마지막 9.3%, 점수 40 (RS 235.6), 피벗 186,800
 [147/200] 디바이스(187870): 패턴 미완성 (제외)
 [148/200] APS(054620): 50일선 아래 (제외) | 50일등락: 57.64%
 [149/200] 코리아써키트(007810): 패턴 미완성 (제외)
 [150/200] 마이크로컨텍솔(098120): 1차 조정폭 과다 (제외)
 -> [★발견★] 푸드나무 (Market): 7회 수축, 마지막 7.0%, 점수 40 (RS 179.8), 피벗 3,950
 [152/200] 멕아이씨에스(058110): 이평선 역배열 (50>150>200 미충족) (제외) | 50일등락: 56.18%
 -> [★발견★] 삼성E&A (Market): 8회 수축, 마지막 5.9%, 점수 40 (RS 215.5), 피벗 52,400
 [154/200] 프로이천(321260): 이평선 역배열 (50>150>200 미충족) (제외) | 50일등락: 55.65%
 [155/200] 태양금속(004100): 패턴 미완성 (제외)
 -> [★발견★] 한양증권우 (Market): 7회 수축, 마지막 8.2%, 점수 60 (RS 180.4), 피벗 26,700
 -> [★발견★] 현대건설 (Market): 6회 수축, 마지막 10.5%, 점수 20 (RS 265.2), 피벗 188,700
 [158/200] 이노에이엑스(296640): 이평선 역배열 (50>150>200 미충족) (제외) | 50일등락: 54.86%
 [159/200] 씨에스윈드(112610): 패턴 미완성 (제외)
 [160/200] 정원엔시스(045510): 이평선 역배열 (50>150>200 미충족) (제외) | 50일등락: 54.62%
 [161/200] 알체라(347860): 이평선 역배열 (50>150>200 미충족) (제외) | 50일등락: 54.12%
 -> [★발견★] 아스플로 (Market): 7회 수축, 마지막 9.0%, 점수 40 (RS 170.7), 피벗 5,650
 -> [★발견★] 삼영 (Market): 6회 수축, 마지막 12.8%, 점수 20 (RS 234.3), 피벗 7,880
 -> [★발견★] 모헨즈 (Market): 9회 수축, 마지막 12.6%, 점수 50 (RS 154.2), 피벗 5,850
 [165/200] 삼지전자(037460): 패턴 미완성 (제외)
 -> [★발견★] 제이스텍 (Market): 5회 수축, 마지막 2.7%, 점수 80 (RS 214.9), 피벗 8,600
 [167/200] 서울바이오시스(092190): 이평선 역배열 (50>150>200 미충족) (제외) | 50일등락: 53.33%
 [168/200] 심텍(222800): 패턴 미완성 (제외)
 [169/200] 애드바이오텍(179530): 200일선 아래 (제외) | 50일등락: 53.25%
 [170/200] 삼성SDI우(006405): 패턴 미완성 (제외)
 [171/200] 금강철강(053260): 이평선 역배열 (50>150>200 미충족) (제외) | 50일등락: 52.76%
 [172/200] 에스엔시스(0008Z0): 데이터 부족 (200일 미만) (제외) | 50일등락: 52.7%
 [173/200] 태광(023160): 패턴 미완성 (제외)
 -> [★발견★] 서진시스템 (Market): 5회 수축, 마지막 14.6%, 점수 20 (RS 219.6), 피벗 49,200
 [175/200] 덕산하이메탈(077360): 패턴 미완성 (제외)
 [176/200] 세림B&G(340440): 이평선 역배열 (50>150>200 미충족) (제외) | 50일등락: 52.0%
 [177/200] 한국정보통신(025770): 이평선 역배열 (50>150>200 미충족) (제외) | 50일등락: 51.81%
 [178/200] 제이에스링크(127120): 패턴 미완성 (제외)
 [179/200] 레이(228670): 이평선 역배열 (50>150>200 미충족) (제외) | 50일등락: 51.46%
 -> [★발견★] 일지테크 (Market): 5회 수축, 마지막 14.0%, 점수 50 (RS 172.2), 피벗 6,850
 -> [★발견★] PLUS 태양광&ESS (Market): 6회 수축, 마지막 6.2%, 점수 40 (RS 273.3), 피벗 37,505
 -> [★발견★] 피에스케이홀딩스 (Market): 9회 수축, 마지막 10.9%, 점수 40 (RS 234.8), 피벗 123,400
 -> [★발견★] 녹십자웰빙 (Market): 8회 수축, 마지막 13.2%, 점수 20 (RS 161.1), 피벗 14,800
 [184/200] 상아프론테크(089980): 패턴 미완성 (제외)
 [185/200] 대덕(008060): 패턴 미완성 (제외)
 -> [★발견★] 파이버프로 (Market): 9회 수축, 마지막 14.2%, 점수 20 (RS 282.6), 피벗 23,550
 [187/200] 슈프리마에이치큐(094840): 이평선 역배열 (50>150>200 미충족) (제외) | 50일등락: 50.14%
 -> [★발견★] 한미반도체 (Market): 6회 수축, 마지막 2.9%, 점수 80 (RS 261.3), 피벗 295,000
 [189/200] HD건설기계(267270): 패턴 미완성 (제외)
 [190/200] 유비쿼스홀딩스(078070): 패턴 미완성 (제외)
 -> [★발견★] 대원전선우 (Market): 8회 수축, 마지막 7.9%, 점수 60 (RS 144.5), 피벗 4,380
 -> [★발견★] 피에스케이 (Market): 10회 수축, 마지막 8.0%, 점수 60 (RS 318.4), 피벗 89,200
 [193/200] 디지틀조선(033130): 패턴 미완성 (제외)
 [194/200] 국일제지(078130): 이평선 역배열 (50>150>200 미충족) (제외) | 50일등락: 48.41%
 [195/200] 아모센스(357580): 패턴 미완성 (제외)
 [196/200] DL(000210): 이평선 역배열 (50>150>200 미충족) (제외) | 50일등락: 47.54%
 -> [★발견★] 서울반도체 (Market): 7회 수축, 마지막 8.6%, 점수 70 (RS 171.9), 피벗 11,460
 -> [★발견★] 티에프이 (Market): 8회 수축, 마지막 6.0%, 점수 60 (RS 223.0), 피벗 63,600
 -> [★발견★] 아이엘 (Market): 9회 수축, 마지막 14.4%, 점수 40 (RS 179.5), 피벗 5,480
 [200/200] LS에코에너지(229640): 패턴 미완성 (제외)

============================================================
 VCP 스캔 요약: 발견 62, 추세제외 36, 패턴제외 102, 에러 0
============================================================
[완료] 62개 PB 업로드 완료.
[2026-04-24 16:23:07.318263] 06_collect_stock_data.py 실행 중: 상세 데이터 수집 중...
[2026-04-24 16:27:50.281321] 07_calc_portfolio.py 실행 중: 수익률 및 포트폴리오 계산 중...
[2026-04-24 16:28:06.449886] 04_collect_news.py 실행 중: 네이버 뉴스 수집 중...
[2026-04-24 16:28:41.461489] 05_analyze_news.py 실행 중: AI 뉴스 감성 분석 중...
[2026-04-24 16:30:03.406256] 03_visualize_vcp.py 실행 중: VCP 분석 차트 생성 중...
