[2026-04-01 23:59:32.033489] 자동 시장 데이터 동기화 체크 중...
[2026-04-01 23:59:55.583420] 동기화 확인 완료.
[2026-04-01 23:59:55.583420] VCP 통합 스캔 시작    # [0] 대상 선정 (Phase 1)
[2026-04-01 23:59:55.616372] 대상 종목 선별 작업 시작 (Batch 모드)...
  선정 기간: 20260115 ~ 20260401 (약 50거래일 기준)
[2026-04-01 23:59:55.633014] Naver Finance에서 종목 리스트 수집 중...
  Market 0 has 49 pages.
  Market 1 has 37 pages.
[PB Utils] Successfully fetched 4246 tickers from Naver Finance.
[2026-04-02 00:00:17.185288] 대상 선별 완료. (Batch 모드로 26분 -> 수 초로 단축)
[2026-04-02 00:00:17.210186] 스캔 대상 200개 상세 데이터 로딩 시작...
  - [10/200] 008600 192410 046970 900270 032820 065170 331920 187660 047040 412350 로딩 완료
  - [20/200] 242040 221800 129920 038500 001510 036170 043260 010170 027360 040160 로딩 완료
  - [30/200] 000250 005090 046120 001515 049080 327260 347700 138080 360350 230240 로딩 완료
  - [40/200] 290550 048410 475150 218410 054620 357580 095340 440110 092220 393890 로딩 완료
  - [50/200] 019210 322000 064850 100790 085910 376900 388790 003280 006800 052020 로딩 완료
  - [60/200] 127120 027040 321550 474610 033160 069540 319660 323350 078600 031980 로딩 완료
  - [70/200] 289080 076610 088130 382800 089230 131970 291650 050890 420770 036930 로딩 완료
  - [80/200] 131030 0120G0 080580 003000 131290 032500 088280 001820 007120 090470 로딩 완료
  - [90/200] 065440 241520 196450 123330 171090 082920 265740 024850 160980 077360 로딩 완료
  - [100/200] 020400 085620 073490 003030 224060 222080 289930 120110 098120 106190 로딩 완료
  - [110/200] 357880 263750 001290 365270 425420 241770 010820 017900 052860 053690 로딩 완료
  - [120/200] 084870 347770 130660 004440 044490 138490 083650 086450 189300 100590 로딩 완료
  - [130/200] 353200 225430 355150 092600 375500 012210 007340 058110 049430 005440 로딩 완료
  - [140/200] 297570 900290 000210 402490 290660 368770 012630 178320 065530 011930 로딩 완료
  - [150/200] 272110 004960 092870 238090 389030 222420 083640 00680K 264450 217730 로딩 완료
  - [160/200] 161000 200710 109070 020000 056090 065770 010060 417200 004060 115440 로딩 완료
  - [170/200] 310210 037460 086820 042520 058470 037350 039560 425040 290720 105330 로딩 완료
  - [180/200] 095910 000720 226590 0093A0 019010 033240 296640 086520 057050 330860 로딩 완료
  - [190/200] 046890 078070 005960 053610 143540 038530 073540 088800 234340 006920 로딩 완료
  - [200/200] 294630 089980 417500 217590 112610 355690 089970 187870 009150 047770 로딩 완료
[2026-04-02 00:00:44.757370] 상세 데이터 로딩 완료. (총 200개 캐싱됨)
 [1/200] 윌비스(008600): 패턴 미완성 (제외)
 [2/200] 오늘이엔엠(192410): 이평선 역배열 (50>150>200 미충족) (제외) | 50일등락: 559.51%
 [3/200] 우리로(046970): 패턴 미완성 (제외)
 [4/200] 헝셩그룹(900270): 패턴 미완성 (제외)
 [5/200] 우리기술(032820): 패턴 미완성 (제외)
 [6/200] 비엘팜텍(065170): 50일선 아래 (제외) | 50일등락: 397.64%
 -> [★발견★] 셀레믹스 (Market): 5회 수축, 마지막 10.5%, 점수 20 (RS 456.0), 피벗 5,140
 [8/200] 페니트리움바이오(187660): 패턴 미완성 (제외)
 [9/200] 대우건설(047040): 패턴 미완성 (제외)
 -> [★발견★] 레이저쎌 (Market): 4회 수축, 마지막 8.6%, 점수 90 (RS 333.0), 피벗 7,660
 [11/200] 나무기술(242040): 패턴 미완성 (제외)
 [12/200] 유투바이오(221800): 패턴 미완성 (제외)
 [13/200] 대성하이텍(129920): 패턴 미완성 (제외)
 [14/200] 삼표시멘트(038500): 패턴 미완성 (제외)
 [15/200] SK증권(001510): 패턴 미완성 (제외)
 [16/200] 에이치엠넥스(036170): 패턴 미완성 (제외)
 [17/200] 성호전자(043260): 패턴 미완성 (제외)
 [18/200] 대한광통신(010170): 1차 조정폭 과다 (제외)
 [19/200] 아주IB투자(027360): 패턴 미완성 (제외)
 -> [★발견★] 누리플렉스 (Market): 7회 수축, 마지막 5.6%, 점수 60 (RS 297.9), 피벗 10,500
 [21/200] 삼천당제약(000250): 패턴 미완성 (제외)
 [22/200] SGC에너지(005090): 패턴 미완성 (제외)
 [23/200] 오르비텍(046120): 패턴 미완성 (제외)
 [24/200] SK증권우(001515): 패턴 미완성 (제외)
 -> [★발견★] 기가레인 (Market): 7회 수축, 마지막 5.3%, 점수 40 (RS 310.2), 피벗 524
 [26/200] RF머트리얼즈(327260): 패턴 미완성 (제외)
 [27/200] 스피어(347700): 패턴 미완성 (제외)
 [28/200] 오이솔루션(138080): 패턴 미완성 (제외)
 [29/200] 코셈(360350): 이평선 역배열 (50>150>200 미충족) (제외) | 50일등락: 167.77%
 [30/200] 에치에프알(230240): 이평선 역배열 (50>150>200 미충족) (제외) | 50일등락: 167.67%
 [31/200] 디케이티(290550): 패턴 미완성 (제외)
 [32/200] 현대바이오(048410): 패턴 미완성 (제외)
 -> [★발견★] SK이터닉스 (Market): 7회 수축, 마지막 13.5%, 점수 20 (RS 261.2), 피벗 59,900
 [34/200] RFHIC(218410): 패턴 미완성 (제외)
 [35/200] APS(054620): 이평선 역배열 (50>150>200 미충족) (제외) | 50일등락: 154.05%
 [36/200] 아모센스(357580): 패턴 미완성 (제외)
 [37/200] ISC(095340): 패턴 미완성 (제외)
 [38/200] 파두(440110): 패턴 미완성 (제외)
 -> [★발견★] KEC (Market): 7회 수축, 마지막 12.9%, 점수 20 (RS 221.8), 피벗 1,521
 -> [★발견★] 더블유씨피 (Market): 7회 수축, 마지막 13.0%, 점수 20 (RS 217.4), 피벗 15,100
 -> [★발견★] 와이지-원 (Market): 7회 수축, 마지막 6.4%, 점수 60 (RS 226.5), 피벗 13,150
 -> [★발견★] HD현대에너지솔루션 (Market): 7회 수축, 마지막 9.6%, 점수 40 (RS 322.7), 피벗 136,300
 -> [★발견★] 에프앤가이드 (Market): 8회 수축, 마지막 11.8%, 점수 50 (RS 256.0), 피벗 21,400
 [44/200] 미래에셋벤처투자(100790): 패턴 미완성 (제외)
 [45/200] 네오티스(085910): 패턴 미완성 (제외)
 -> [★발견★] 로킷헬스케어 (Market): 8회 수축, 마지막 7.7%, 점수 40 (RS 0), 피벗 130,400
 [47/200] 라이콤(388790): 패턴 미완성 (제외)
 [48/200] 흥아해운(003280): 패턴 미완성 (제외)
 -> [★발견★] 미래에셋증권 (Market): 6회 수축, 마지막 14.1%, 점수 50 (RS 373.6), 피벗 71,091
 [50/200] 에스티큐브(052020): 패턴 미완성 (제외)
 [51/200] 제이에스링크(127120): 패턴 미완성 (제외)
 [52/200] 서울전자통신(027040): 이평선 역배열 (50>150>200 미충족) (제외) | 50일등락: 111.94%
 [53/200] 티움바이오(321550): 패턴 미완성 (제외)
 [54/200] RF시스템즈(474610): 패턴 미완성 (제외)
 [55/200] 엠케이전자(033160): 패턴 미완성 (제외)
 [56/200] 빛과전자(069540): 이평선 역배열 (50>150>200 미충족) (제외) | 50일등락: 109.62%
 -> [★발견★] 피에스케이 (Market): 8회 수축, 마지막 8.0%, 점수 60 (RS 317.3), 피벗 86,400
 [58/200] 다원넥스뷰(323350): 50일선 아래 (제외) | 50일등락: 109.21%
 -> [★발견★] 대주전자재료 (Market): 6회 수축, 마지막 10.8%, 점수 40 (RS 174.9), 피벗 118,800
 -> [★발견★] 피에스케이홀딩스 (Market): 8회 수축, 마지막 14.5%, 점수 40 (RS 259.6), 피벗 111,400
 -> [★발견★] SV인베스트먼트 (Market): 5회 수축, 마지막 12.8%, 점수 20 (RS 246.0), 피벗 3,660
 [62/200] 해성옵틱스(076610): 패턴 미완성 (제외)
 [63/200] 동아엘텍(088130): 50일선 아래 (제외) | 50일등락: 106.03%
 [64/200] 지앤비에스 에코(382800): 이평선 역배열 (50>150>200 미충족) (제외) | 50일등락: 105.83%
 [65/200] THE E&M(089230): 패턴 미완성 (제외)
 [66/200] 두산테스나(131970): 패턴 미완성 (제외)
 [67/200] 압타머사이언스(291650): 이평선 역배열 (50>150>200 미충족) (제외) | 50일등락: 101.05%
 [68/200] 쏠리드(050890): 패턴 미완성 (제외)
 -> [★발견★] 기가비스 (Market): 5회 수축, 마지막 11.1%, 점수 20 (RS 281.0), 피벗 78,700
 [70/200] 주성엔지니어링(036930): 패턴 미완성 (제외)
 [71/200] 옵투스제약(131030): 패턴 미완성 (제외)
 [72/200] 삼양바이오팜(0120G0): 데이터 부족 (200일 미만) (제외) | 50일등락: 100.34%
 [73/200] 오킨스전자(080580): 패턴 미완성 (제외)
 [74/200] 부광약품(003000): 패턴 미완성 (제외)
 [75/200] 티에스이(131290): 패턴 미완성 (제외)
 [76/200] 케이엠더블유(032500): 패턴 미완성 (제외)
 [77/200] 쏘닉스(088280): 이평선 역배열 (50>150>200 미충족) (제외) | 50일등락: 99.03%
 [78/200] 삼화콘덴서(001820): 패턴 미완성 (제외)
 [79/200] 미래아이앤지(007120): 패턴 미완성 (제외)
 [80/200] 제이스텍(090470): 패턴 미완성 (제외)
 [81/200] 이루온(065440): 이평선 역배열 (50>150>200 미충족) (제외) | 50일등락: 95.98%
 [82/200] DSC인베스트먼트(241520): 패턴 미완성 (제외)
 [83/200] 코아시아씨엠(196450): 패턴 미완성 (제외)
 [84/200] 제닉(123330): 이평선 역배열 (50>150>200 미충족) (제외) | 50일등락: 95.04%
 [85/200] 선익시스템(171090): 50일선 아래 (제외) | 50일등락: 93.85%
 [86/200] 비츠로셀(082920): 패턴 미완성 (제외)
 -> [★발견★] 엔에프씨 (Market): 10회 수축, 마지막 13.6%, 점수 50 (RS 203.8), 피벗 9,000
 [88/200] HLB이노베이션(024850): 패턴 미완성 (제외)
 -> [★발견★] 싸이맥스 (Market): 6회 수축, 마지막 13.2%, 점수 20 (RS 197.2), 피벗 23,050
 [90/200] 덕산하이메탈(077360): 패턴 미완성 (제외)
 -> [★발견★] 대동금속 (Market): 6회 수축, 마지막 5.9%, 점수 40 (RS 177.1), 피벗 6,830
 -> [★발견★] 미래에셋생명 (Market): 7회 수축, 마지막 14.7%, 점수 40 (RS 240.6), 피벗 18,280
 [93/200] 이노와이어리스(073490): 패턴 미완성 (제외)
 [94/200] 세아제강지주(003030): 이평선 역배열 (50>150>200 미충족) (제외) | 50일등락: 83.79%
 [95/200] 더코디(224060): 패턴 미완성 (제외)
 [96/200] 씨아이에스(222080): 50일선 아래 (제외) | 50일등락: 82.81%
 [97/200] 웨이비스(289930): 패턴 미완성 (제외)
 -> [★발견★] 코오롱인더 (Market): 6회 수축, 마지막 11.3%, 점수 20 (RS 212.6), 피벗 75,000
 [99/200] 마이크로컨텍솔(098120): 패턴 미완성 (제외)
 [100/200] 하이텍팜(106190): 패턴 미완성 (제외)
 [101/200] SKAI(357880): 이평선 역배열 (50>150>200 미충족) (제외) | 50일등락: 80.5%
 [102/200] 펄어비스(263750): 패턴 미완성 (제외)
 [103/200] 상상인증권(001290): 패턴 미완성 (제외)
 [104/200] 큐라클(365270): 패턴 미완성 (제외)
 -> [★발견★] 티에프이 (Market): 8회 수축, 마지막 6.7%, 점수 40 (RS 215.9), 피벗 59,500
 -> [★발견★] 메카로 (Market): 7회 수축, 마지막 9.5%, 점수 40 (RS 259.0), 피벗 29,850
 [107/200] 퍼스텍(010820): 패턴 미완성 (제외)
 [108/200] 광전자(017900): 이평선 역배열 (50>150>200 미충족) (제외) | 50일등락: 78.49%
 -> [★발견★] 아이앤씨 (Market): 9회 수축, 마지막 7.2%, 점수 60 (RS 211.6), 피벗 3,550
 -> [★발견★] 한미글로벌 (Market): 6회 수축, 마지막 8.3%, 점수 40 (RS 173.2), 피벗 27,200
 [111/200] TBH글로벌(084870): 패턴 미완성 (제외)
 [112/200] 핌스(347770): 이평선 역배열 (50>150>200 미충족) (제외) | 50일등락: 77.19%
 [113/200] 한전산업(130660): 패턴 미완성 (제외)
 [114/200] 삼일씨엔에스(004440): 패턴 미완성 (제외)
 [115/200] 태웅(044490): 이평선 역배열 (50>150>200 미충족) (제외) | 50일등락: 76.65%
 -> [★발견★] 코오롱ENP (Market): 8회 수축, 마지막 8.3%, 점수 40 (RS 205.3), 피벗 13,800
 [117/200] 비에이치아이(083650): 패턴 미완성 (제외)
 [118/200] 동국제약(086450): 패턴 미완성 (제외)
 [119/200] 인텔리안테크(189300): 패턴 미완성 (제외)
 [120/200] 머큐리(100590): 패턴 미완성 (제외)
 [121/200] 대덕전자(353200): 패턴 미완성 (제외)
 [122/200] 케이엠제약(225430): 이평선 역배열 (50>150>200 미충족) (제외) | 50일등락: 73.8%
 [123/200] 코스텍시스(355150): 패턴 미완성 (제외)
 [124/200] 앤씨앤(092600): 이평선 역배열 (50>150>200 미충족) (제외) | 50일등락: 73.75%
 [125/200] DL이앤씨(375500): 이평선 역배열 (50>150>200 미충족) (제외) | 50일등락: 73.65%
 [126/200] 삼미금속(012210): 50일선 아래 (제외) | 50일등락: 73.36%
 [127/200] DN오토모티브(007340): 패턴 미완성 (제외)
 [128/200] 멕아이씨에스(058110): 이평선 역배열 (50>150>200 미충족) (제외) | 50일등락: 71.57%
 -> [★발견★] 코메론 (Market): 7회 수축, 마지막 8.0%, 점수 40 (RS 188.1), 피벗 19,280
 -> [★발견★] 현대지에프홀딩스 (Market): 5회 수축, 마지막 12.0%, 점수 50 (RS 191.6), 피벗 15,630
 -> [★발견★] 알로이스 (Market): 6회 수축, 마지막 5.0%, 점수 70 (RS 169.9), 피벗 1,496
 [132/200] GRT(900290): 패턴 미완성 (제외)
 [133/200] DL(000210): 이평선 역배열 (50>150>200 미충족) (제외) | 50일등락: 70.84%
 [134/200] 그린리소스(402490): 패턴 미완성 (제외)
 [135/200] 네오펙트(290660): 이평선 역배열 (50>150>200 미충족) (제외) | 50일등락: 69.69%
 [136/200] 파이버프로(368770): 패턴 미완성 (제외)
 [137/200] HDC(012630): 이평선 역배열 (50>150>200 미충족) (제외) | 50일등락: 69.46%
 -> [★발견★] 서진시스템 (Market): 6회 수축, 마지막 14.6%, 점수 40 (RS 198.7), 피벗 49,200
 -> [★발견★] 와이어블 (Market): 7회 수축, 마지막 2.3%, 점수 50 (RS 161.6), 피벗 1,438
 [140/200] 신성이엔지(011930): 패턴 미완성 (제외)
 [141/200] 케이엔제이(272110): 패턴 미완성 (제외)
 [142/200] 한신공영(004960): 패턴 미완성 (제외)
 [143/200] 엑시콘(092870): 패턴 미완성 (제외)
 [144/200] 앤디포스(238090): 이평선 역배열 (50>150>200 미충족) (제외) | 50일등락: 68.31%
 [145/200] 지니너스(389030): 패턴 미완성 (제외)
 [146/200] 쎄노텍(222420): 패턴 미완성 (제외)
 [147/200] 인콘(083640): 이평선 역배열 (50>150>200 미충족) (제외) | 50일등락: 67.62%
 -> [★발견★] 미래에셋증권2우B (Market): 9회 수축, 마지막 13.9%, 점수 50 (RS 260.3), 피벗 21,900
 -> [★발견★] 유비쿼스 (Market): 7회 수축, 마지막 12.5%, 점수 20 (RS 179.5), 피벗 15,160
 [150/200] 강스템바이오텍(217730): 패턴 미완성 (제외)
 [151/200] 애경케미칼(161000): 이평선 역배열 (50>150>200 미충족) (제외) | 50일등락: 65.26%
 [152/200] 에이디테크놀로지(200710): 패턴 미완성 (제외)
 -> [★발견★] 주성코퍼레이션 (Market): 6회 수축, 마지막 7.0%, 점수 40 (RS 146.4), 피벗 1,357
 [154/200] 한섬(020000): 패턴 미완성 (제외)
 [155/200] 시지메드텍(056090): 패턴 미완성 (제외)
 [156/200] CS(065770): 이평선 역배열 (50>150>200 미충족) (제외) | 50일등락: 63.12%
 -> [★발견★] OCI홀딩스 (Market): 7회 수축, 마지막 12.5%, 점수 20 (RS 210.6), 피벗 203,000
 [158/200] LS머트리얼즈(417200): 패턴 미완성 (제외)
 -> [★발견★] SG세계물산 (Market): 10회 수축, 마지막 4.5%, 점수 80 (RS 159.1), 피벗 535
 -> [★발견★] 우리넷 (Market): 8회 수축, 마지막 14.0%, 점수 20 (RS 169.5), 피벗 7,340
 [161/200] 보로노이(310210): 패턴 미완성 (제외)
 [162/200] 삼지전자(037460): 패턴 미완성 (제외)
 [163/200] 바이오솔루션(086820): 패턴 미완성 (제외)
 [164/200] 한스바이오메드(042520): 50일선 아래 (제외) | 50일등락: 61.51%
 [165/200] 리노공업(058470): 패턴 미완성 (제외)
 [166/200] 성도이엔지(037350): 패턴 미완성 (제외)
 [167/200] 다산네트웍스(039560): 패턴 미완성 (제외)
 [168/200] 티이엠씨(425040): 패턴 미완성 (제외)
 [169/200] 푸드나무(290720): 이평선 역배열 (50>150>200 미충족) (제외) | 50일등락: 60.31%
 -> [★발견★] 케이엔더블유 (Market): 11회 수축, 마지막 10.2%, 점수 20 (RS 177.9), 피벗 8,110
 [171/200] 에스에너지(095910): 이평선 역배열 (50>150>200 미충족) (제외) | 50일등락: 60.21%
 [172/200] 현대건설(000720): 패턴 미완성 (제외)
 [173/200] 엠디바이스(226590): 1차 조정폭 과다 (제외)
 [174/200] RISE AI반도체TOP10(0093A0): 데이터 부족 (200일 미만) (제외) | 50일등락: 59.23%
 -> [★발견★] 베뉴지 (Market): 7회 수축, 마지막 7.6%, 점수 60 (RS 208.4), 피벗 4,990
 [176/200] 자화전자(033240): 패턴 미완성 (제외)
 [177/200] 이노룰스(296640): 이평선 역배열 (50>150>200 미충족) (제외) | 50일등락: 57.82%
 [178/200] 에코프로(086520): 50일선 아래 (제외) | 50일등락: 57.44%
 -> [★발견★] 현대홈쇼핑 (Market): 8회 수축, 마지막 5.7%, 점수 70 (RS 151.6), 피벗 84,200
 [180/200] 네패스아크(330860): 패턴 미완성 (제외)
 [181/200] 서울반도체(046890): 패턴 미완성 (제외)
 -> [★발견★] 유비쿼스홀딩스 (Market): 7회 수축, 마지막 14.3%, 점수 20 (RS 158.1), 피벗 16,960
 [183/200] 동부건설(005960): 패턴 미완성 (제외)
 [184/200] 프로텍(053610): 패턴 미완성 (제외)
 -> [★발견★] 영우디에스피 (Market): 7회 수축, 마지막 14.0%, 점수 20 (RS 185.6), 피벗 1,299
 -> [★발견★] 케이바이오 (Market): 7회 수축, 마지막 7.4%, 점수 70 (RS 141.2), 피벗 365
 [187/200] 에프알텍(073540): 이평선 역배열 (50>150>200 미충족) (제외) | 50일등락: 55.99%
 -> [★발견★] 에이스테크 (Market): 7회 수축, 마지막 10.3%, 점수 20 (RS 173.2), 피벗 3,600
 [189/200] 헥토파이낸셜(234340): 50일선 아래 (제외) | 50일등락: 55.66%
 [190/200] 모헨즈(006920): 패턴 미완성 (제외)
 -> [★발견★] 서남 (Market): 7회 수축, 마지막 14.6%, 점수 50 (RS 144.6), 피벗 4,200
 [192/200] 상아프론테크(089980): 패턴 미완성 (제외)
 [193/200] 제이아이테크(417500): 패턴 미완성 (제외)
 [194/200] 티엠씨(217590): 데이터 부족 (200일 미만) (제외) | 50일등락: 54.59%
 [195/200] 씨에스윈드(112610): 이평선 역배열 (50>150>200 미충족) (제외) | 50일등락: 54.42%
 [196/200] 에이텀(355690): 이평선 역배열 (50>150>200 미충족) (제외) | 50일등락: 54.13%
 [197/200] 브이엠(089970): 패턴 미완성 (제외)
 [198/200] 디바이스(187870): 패턴 미완성 (제외)
 [199/200] 삼성전기(009150): 패턴 미완성 (제외)
 [200/200] 코데즈컴바인(047770): 1차 조정폭 과다 (제외)

============================================================
 VCP 스캔 요약: 발견 46, 추세제외 45, 패턴제외 109, 에러 0
============================================================
[완료] 46개 PB 업로드 완료.
[2026-04-02 00:00:46.865152] 06_collect_stock_data.py 실행 중: 상세 데이터 수집 중...
[2026-04-02 00:04:54.437246] 07_calc_portfolio.py 실행 중: 수익률 및 포트폴리오 계산 중...
[2026-04-02 00:05:12.991926] 04_collect_news.py 실행 중: 네이버 뉴스 수집 중...
[2026-04-02 00:06:24.000584] 05_analyze_news.py 실행 중: AI 뉴스 감성 분석 중...
[2026-04-02 00:08:40.337745] 03_visualize_vcp.py 실행 중: VCP 분석 차트 생성 중...
