[2026-04-03 17:20:14.488426] 자동 시장 데이터 동기화 체크 중...
[2026-04-03 17:20:29.126141] 동기화 확인 완료.
[2026-04-03 17:20:29.126141] VCP 통합 스캔 시작    # [0] 대상 선정 (Phase 1)
[2026-04-03 17:20:29.146577] 대상 종목 선별 작업 시작 (Batch 모드)...
  선정 기간: 20260119 ~ 20260402 (약 50거래일 기준)
[2026-04-03 17:20:29.160124] Naver Finance에서 종목 리스트 수집 중...
  Market 0 has 49 pages.
  Market 1 has 37 pages.
[PB Utils] Successfully fetched 4247 tickers from Naver Finance.
[2026-04-03 17:20:42.675436] 대상 선별 완료. (Batch 모드로 26분 -> 수 초로 단축)
[2026-04-03 17:20:42.689751] 스캔 대상 200개 상세 데이터 로딩 시작...
  - [10/200] 008600 192410 900270 046970 065170 331920 221800 187660 412350 049080 로딩 완료
  - [20/200] 047040 032820 043260 010170 242040 129920 327260 040160 138080 003280 로딩 완료
  - [30/200] 230240 046120 475150 001510 036170 027360 322000 038500 005090 360350 로딩 완료
  - [40/200] 290550 218410 347700 001515 019210 048410 440110 095340 092220 000250 로딩 완료
  - [50/200] 054620 064850 052020 357580 003000 382800 388790 050890 085910 215790 로딩 완료
  - [60/200] 123330 100790 319660 027040 393890 082920 033160 090470 006800 007120 로딩 완료
  - [70/200] 036930 024850 032500 078600 321550 088280 323350 474610 238090 088130 로딩 완료
  - [80/200] 085620 080580 017900 089230 289930 376900 003030 120110 138490 065440 로딩 완료
  - [90/200] 131970 106190 224060 069540 289080 127120 001820 355150 077360 033790 로딩 완료
  - [100/200] 137950 010060 241520 297570 368770 084870 291650 265740 161000 020400 로딩 완료
  - [110/200] 131290 011930 073490 425420 086450 160980 347770 357880 012210 189300 로딩 완료
  - [120/200] 420770 031980 196450 012630 001290 005440 010820 024060 100590 222080 로딩 완료
  - [130/200] 037460 241770 263750 264450 042520 098120 095910 112610 389030 052710 로딩 완료
  - [140/200] 004060 049430 056090 092870 004440 171090 053690 178320 065530 290660 로딩 완료
  - [150/200] 065450 375500 004960 225430 076610 402490 020000 222420 353200 007340 로딩 완료
  - [160/200] 900290 290720 046890 124500 130660 127710 234340 000210 226590 005960 로딩 완료
  - [170/200] 000440 0120G0 005680 084370 105330 058110 092600 234690 330860 064290 로딩 완료
  - [180/200] 109070 365270 217730 024800 052860 363250 058470 041920 086520 057050 로딩 완료
  - [190/200] 003240 044490 083650 033240 00680K 296640 037230 457990 417500 131030 로딩 완료
  - [200/200] 078070 310210 001120 425040 355690 417200 093050 152550 0093A0 037350 로딩 완료
[2026-04-03 17:20:55.908357] 상세 데이터 로딩 완료. (총 200개 캐싱됨)
 [1/200] 윌비스(008600): 패턴 미완성 (제외)
 [2/200] 오늘이엔엠(192410): 이평선 역배열 (50>150>200 미충족) (제외) | 50일등락: 672.36%
 [3/200] 헝셩그룹(900270): 패턴 미완성 (제외)
 [4/200] 우리로(046970): 패턴 미완성 (제외)
 [5/200] 비엘팜텍(065170): 50일선 아래 (제외) | 50일등락: 404.27%
 -> [★발견★] 셀레믹스 (Market): 5회 수축, 마지막 10.5%, 점수 20 (RS 440.2), 피벗 5,140
 [7/200] 유투바이오(221800): 패턴 미완성 (제외)
 [8/200] 페니트리움바이오(187660): 패턴 미완성 (제외)
 -> [★발견★] 레이저쎌 (Market): 4회 수축, 마지막 8.6%, 점수 90 (RS 317.0), 피벗 7,660
 -> [★발견★] 기가레인 (Market): 7회 수축, 마지막 5.3%, 점수 40 (RS 407.7), 피벗 524
 [11/200] 대우건설(047040): 패턴 미완성 (제외)
 [12/200] 우리기술(032820): 패턴 미완성 (제외)
 [13/200] 성호전자(043260): 패턴 미완성 (제외)
 [14/200] 대한광통신(010170): 1차 조정폭 과다 (제외)
 [15/200] 나무기술(242040): 패턴 미완성 (제외)
 [16/200] 대성하이텍(129920): 패턴 미완성 (제외)
 [17/200] RF머트리얼즈(327260): 패턴 미완성 (제외)
 -> [★발견★] 누리플렉스 (Market): 7회 수축, 마지막 5.6%, 점수 60 (RS 286.8), 피벗 10,500
 [19/200] 오이솔루션(138080): 패턴 미완성 (제외)
 [20/200] 흥아해운(003280): 패턴 미완성 (제외)
 [21/200] 에치에프알(230240): 이평선 역배열 (50>150>200 미충족) (제외) | 50일등락: 178.74%
 [22/200] 오르비텍(046120): 패턴 미완성 (제외)
 -> [★발견★] SK이터닉스 (Market): 7회 수축, 마지막 13.5%, 점수 20 (RS 273.2), 피벗 59,900
 [24/200] SK증권(001510): 패턴 미완성 (제외)
 [25/200] 에이치엠넥스(036170): 패턴 미완성 (제외)
 [26/200] 아주IB투자(027360): 패턴 미완성 (제외)
 -> [★발견★] HD현대에너지솔루션 (Market): 7회 수축, 마지막 9.6%, 점수 40 (RS 347.2), 피벗 136,300
 [28/200] 삼표시멘트(038500): 패턴 미완성 (제외)
 [29/200] SGC에너지(005090): 패턴 미완성 (제외)
 [30/200] 코셈(360350): 이평선 역배열 (50>150>200 미충족) (제외) | 50일등락: 158.65%
 [31/200] 디케이티(290550): 패턴 미완성 (제외)
 [32/200] RFHIC(218410): 패턴 미완성 (제외)
 [33/200] 스피어(347700): 패턴 미완성 (제외)
 [34/200] SK증권우(001515): 패턴 미완성 (제외)
 -> [★발견★] 와이지-원 (Market): 7회 수축, 마지막 6.4%, 점수 40 (RS 245.4), 피벗 13,150
 [36/200] 현대바이오(048410): 패턴 미완성 (제외)
 [37/200] 파두(440110): 패턴 미완성 (제외)
 [38/200] ISC(095340): 패턴 미완성 (제외)
 -> [★발견★] KEC (Market): 7회 수축, 마지막 12.9%, 점수 20 (RS 205.1), 피벗 1,521
 [40/200] 삼천당제약(000250): 50일선 아래 (제외) | 50일등락: 120.25%
 [41/200] APS(054620): 이평선 역배열 (50>150>200 미충족) (제외) | 50일등락: 114.98%
 -> [★발견★] 에프앤가이드 (Market): 8회 수축, 마지막 11.8%, 점수 50 (RS 240.8), 피벗 21,400
 [43/200] 에스티큐브(052020): 패턴 미완성 (제외)
 [44/200] 아모센스(357580): 패턴 미완성 (제외)
 [45/200] 부광약품(003000): 패턴 미완성 (제외)
 [46/200] 지앤비에스 에코(382800): 이평선 역배열 (50>150>200 미충족) (제외) | 50일등락: 108.86%
 [47/200] 라이콤(388790): 패턴 미완성 (제외)
 [48/200] 쏠리드(050890): 패턴 미완성 (제외)
 [49/200] 네오티스(085910): 패턴 미완성 (제외)
 [50/200] 이노인스트루먼트(215790): 이평선 역배열 (50>150>200 미충족) (제외) | 50일등락: 103.87%
 [51/200] 제닉(123330): 이평선 역배열 (50>150>200 미충족) (제외) | 50일등락: 99.51%
 [52/200] 미래에셋벤처투자(100790): 패턴 미완성 (제외)
 -> [★발견★] 피에스케이 (Market): 8회 수축, 마지막 8.0%, 점수 60 (RS 300.3), 피벗 86,400
 [54/200] 서울전자통신(027040): 이평선 역배열 (50>150>200 미충족) (제외) | 50일등락: 95.75%
 -> [★발견★] 더블유씨피 (Market): 7회 수축, 마지막 13.0%, 점수 20 (RS 206.2), 피벗 15,100
 [56/200] 비츠로셀(082920): 패턴 미완성 (제외)
 [57/200] 엠케이전자(033160): 패턴 미완성 (제외)
 [58/200] 제이스텍(090470): 패턴 미완성 (제외)
 -> [★발견★] 미래에셋증권 (Market): 6회 수축, 마지막 14.1%, 점수 50 (RS 340.0), 피벗 71,091
 [60/200] 미래아이앤지(007120): 패턴 미완성 (제외)
 [61/200] 주성엔지니어링(036930): 패턴 미완성 (제외)
 [62/200] HLB이노베이션(024850): 패턴 미완성 (제외)
 [63/200] 케이엠더블유(032500): 패턴 미완성 (제외)
 -> [★발견★] 대주전자재료 (Market): 7회 수축, 마지막 10.9%, 점수 40 (RS 162.4), 피벗 132,500
 [65/200] 티움바이오(321550): 패턴 미완성 (제외)
 [66/200] 쏘닉스(088280): 이평선 역배열 (50>150>200 미충족) (제외) | 50일등락: 89.78%
 [67/200] 다원넥스뷰(323350): 50일선 아래 (제외) | 50일등락: 89.37%
 [68/200] RF시스템즈(474610): 패턴 미완성 (제외)
 [69/200] 앤디포스(238090): 이평선 역배열 (50>150>200 미충족) (제외) | 50일등락: 88.7%
 [70/200] 동아엘텍(088130): 50일선 아래 (제외) | 50일등락: 88.41%
 -> [★발견★] 미래에셋생명 (Market): 7회 수축, 마지막 14.7%, 점수 40 (RS 246.6), 피벗 18,280
 [72/200] 오킨스전자(080580): 패턴 미완성 (제외)
 [73/200] 광전자(017900): 이평선 역배열 (50>150>200 미충족) (제외) | 50일등락: 87.53%
 [74/200] THE E&M(089230): 패턴 미완성 (제외)
 [75/200] 웨이비스(289930): 패턴 미완성 (제외)
 -> [★발견★] 로킷헬스케어 (Market): 8회 수축, 마지막 7.7%, 점수 40 (RS 0), 피벗 130,400
 [77/200] 세아제강지주(003030): 이평선 역배열 (50>150>200 미충족) (제외) | 50일등락: 86.52%
 -> [★발견★] 코오롱인더 (Market): 6회 수축, 마지막 11.3%, 점수 20 (RS 205.9), 피벗 75,000
 -> [★발견★] 코오롱ENP (Market): 9회 수축, 마지막 2.5%, 점수 80 (RS 208.1), 피벗 15,380
 [80/200] 이루온(065440): 이평선 역배열 (50>150>200 미충족) (제외) | 50일등락: 86.01%
 [81/200] 두산테스나(131970): 패턴 미완성 (제외)
 [82/200] 하이텍팜(106190): 패턴 미완성 (제외)
 [83/200] 더코디(224060): 패턴 미완성 (제외)
 [84/200] 빛과전자(069540): 이평선 역배열 (50>150>200 미충족) (제외) | 50일등락: 84.21%
 -> [★발견★] SV인베스트먼트 (Market): 5회 수축, 마지막 12.8%, 점수 20 (RS 224.4), 피벗 3,660
 [86/200] 제이에스링크(127120): 패턴 미완성 (제외)
 [87/200] 삼화콘덴서(001820): 패턴 미완성 (제외)
 -> [★발견★] 코스텍시스 (Market): 7회 수축, 마지막 13.9%, 점수 40 (RS 205.9), 피벗 24,100
 [89/200] 덕산하이메탈(077360): 50일선 아래 (제외) | 50일등락: 80.45%
 [90/200] 피노(033790): 패턴 미완성 (제외)
 [91/200] 제이씨케미칼(137950): 이평선 역배열 (50>150>200 미충족) (제외) | 50일등락: 79.31%
 -> [★발견★] OCI홀딩스 (Market): 7회 수축, 마지막 12.5%, 점수 20 (RS 223.7), 피벗 203,000
 [93/200] DSC인베스트먼트(241520): 패턴 미완성 (제외)
 -> [★발견★] 알로이스 (Market): 6회 수축, 마지막 5.0%, 점수 60 (RS 176.1), 피벗 1,496
 [95/200] 파이버프로(368770): 패턴 미완성 (제외)
 [96/200] TBH글로벌(084870): 패턴 미완성 (제외)
 [97/200] 압타머사이언스(291650): 이평선 역배열 (50>150>200 미충족) (제외) | 50일등락: 75.57%
 [98/200] 엔에프씨(265740): 패턴 미완성 (제외)
 [99/200] 애경케미칼(161000): 이평선 역배열 (50>150>200 미충족) (제외) | 50일등락: 72.92%
 -> [★발견★] 대동금속 (Market): 6회 수축, 마지막 5.9%, 점수 40 (RS 160.0), 피벗 6,830
 [101/200] 티에스이(131290): 패턴 미완성 (제외)
 [102/200] 신성이엔지(011930): 패턴 미완성 (제외)
 [103/200] 이노와이어리스(073490): 패턴 미완성 (제외)
 -> [★발견★] 티에프이 (Market): 8회 수축, 마지막 6.7%, 점수 40 (RS 200.1), 피벗 59,500
 [105/200] 동국제약(086450): 패턴 미완성 (제외)
 -> [★발견★] 싸이맥스 (Market): 6회 수축, 마지막 13.2%, 점수 20 (RS 188.8), 피벗 23,050
 [107/200] 핌스(347770): 이평선 역배열 (50>150>200 미충족) (제외) | 50일등락: 68.82%
 [108/200] SKAI(357880): 이평선 역배열 (50>150>200 미충족) (제외) | 50일등락: 68.39%
 [109/200] 삼미금속(012210): 50일선 아래 (제외) | 50일등락: 67.47%
 [110/200] 인텔리안테크(189300): 패턴 미완성 (제외)
 -> [★발견★] 기가비스 (Market): 5회 수축, 마지막 11.1%, 점수 20 (RS 279.0), 피벗 78,700
 -> [★발견★] 피에스케이홀딩스 (Market): 8회 수축, 마지막 14.5%, 점수 40 (RS 230.6), 피벗 111,400
 [113/200] 코아시아씨엠(196450): 패턴 미완성 (제외)
 [114/200] HDC(012630): 이평선 역배열 (50>150>200 미충족) (제외) | 50일등락: 65.86%
 [115/200] 상상인증권(001290): 패턴 미완성 (제외)
 -> [★발견★] 현대지에프홀딩스 (Market): 5회 수축, 마지막 12.3%, 점수 50 (RS 184.1), 피벗 15,630
 [117/200] 퍼스텍(010820): 패턴 미완성 (제외)
 [118/200] 흥구석유(024060): 패턴 미완성 (제외)
 [119/200] 머큐리(100590): 패턴 미완성 (제외)
 [120/200] 씨아이에스(222080): 50일선 아래 (제외) | 50일등락: 64.37%
 [121/200] 삼지전자(037460): 패턴 미완성 (제외)
 -> [★발견★] 메카로 (Market): 7회 수축, 마지막 9.5%, 점수 40 (RS 250.6), 피벗 29,850
 [123/200] 펄어비스(263750): 패턴 미완성 (제외)
 -> [★발견★] 유비쿼스 (Market): 7회 수축, 마지막 12.5%, 점수 20 (RS 177.0), 피벗 15,160
 [125/200] 한스바이오메드(042520): 50일선 아래 (제외) | 50일등락: 62.91%
 [126/200] 마이크로컨텍솔(098120): 패턴 미완성 (제외)
 [127/200] 에스에너지(095910): 이평선 역배열 (50>150>200 미충족) (제외) | 50일등락: 62.26%
 [128/200] 씨에스윈드(112610): 이평선 역배열 (50>150>200 미충족) (제외) | 50일등락: 62.05%
 [129/200] 지니너스(389030): 패턴 미완성 (제외)
 [130/200] 아모텍(052710): 패턴 미완성 (제외)
 -> [★발견★] SG세계물산 (Market): 10회 수축, 마지막 4.5%, 점수 80 (RS 155.8), 피벗 535
 -> [★발견★] 코메론 (Market): 7회 수축, 마지막 8.0%, 점수 40 (RS 178.3), 피벗 19,280
 [133/200] 시지메드텍(056090): 50일선 아래 (제외) | 50일등락: 60.06%
 [134/200] 엑시콘(092870): 50일선 아래 (제외) | 50일등락: 59.84%
 [135/200] 삼일씨엔에스(004440): 패턴 미완성 (제외)
 [136/200] 선익시스템(171090): 50일선 아래 (제외) | 50일등락: 59.38%
 -> [★발견★] 한미글로벌 (Market): 6회 수축, 마지막 8.3%, 점수 40 (RS 155.7), 피벗 27,200
 -> [★발견★] 서진시스템 (Market): 6회 수축, 마지막 14.6%, 점수 40 (RS 196.9), 피벗 49,200
 -> [★발견★] 와이어블 (Market): 7회 수축, 마지막 2.3%, 점수 50 (RS 150.0), 피벗 1,438
 [140/200] 네오펙트(290660): 이평선 역배열 (50>150>200 미충족) (제외) | 50일등락: 57.44%
 [141/200] 빅텍(065450): 이평선 역배열 (50>150>200 미충족) (제외) | 50일등락: 57.18%
 [142/200] DL이앤씨(375500): 이평선 역배열 (50>150>200 미충족) (제외) | 50일등락: 56.73%
 [143/200] 한신공영(004960): 패턴 미완성 (제외)
 [144/200] 케이엠제약(225430): 이평선 역배열 (50>150>200 미충족) (제외) | 50일등락: 55.77%
 [145/200] 해성옵틱스(076610): 패턴 미완성 (제외)
 [146/200] 그린리소스(402490): 패턴 미완성 (제외)
 [147/200] 한섬(020000): 패턴 미완성 (제외)
 [148/200] 쎄노텍(222420): 50일선 아래 (제외) | 50일등락: 55.26%
 [149/200] 대덕전자(353200): 패턴 미완성 (제외)
 -> [★발견★] DN오토모티브 (Market): 7회 수축, 마지막 9.6%, 점수 40 (RS 162.2), 피벗 41,250
 [151/200] GRT(900290): 패턴 미완성 (제외)
 [152/200] 푸드나무(290720): 이평선 역배열 (50>150>200 미충족) (제외) | 50일등락: 54.24%
 [153/200] 서울반도체(046890): 패턴 미완성 (제외)
 [154/200] 아이티센글로벌(124500): 50일선 아래 (제외) | 50일등락: 54.03%
 [155/200] 한전산업(130660): 50일선 아래 (제외) | 50일등락: 53.59%
 [156/200] 아시아경제(127710): 이평선 역배열 (50>150>200 미충족) (제외) | 50일등락: 53.51%
 [157/200] 헥토파이낸셜(234340): 50일선 아래 (제외) | 50일등락: 53.26%
 [158/200] DL(000210): 이평선 역배열 (50>150>200 미충족) (제외) | 50일등락: 52.96%
 [159/200] 엠디바이스(226590): 50일선 아래 (제외) | 50일등락: 52.93%
 [160/200] 동부건설(005960): 패턴 미완성 (제외)
 [161/200] 중앙에너비스(000440): 패턴 미완성 (제외)
 [162/200] 삼양바이오팜(0120G0): 데이터 부족 (200일 미만) (제외) | 50일등락: 52.54%
 -> [★발견★] 삼영전자 (Market): 7회 수축, 마지막 8.8%, 점수 40 (RS 146.4), 피벗 16,650
 [164/200] 유진테크(084370): 패턴 미완성 (제외)
 -> [★발견★] 케이엔더블유 (Market): 11회 수축, 마지막 10.2%, 점수 20 (RS 163.4), 피벗 8,110
 [166/200] 멕아이씨에스(058110): 이평선 역배열 (50>150>200 미충족) (제외) | 50일등락: 52.11%
 [167/200] 앤씨앤(092600): 이평선 역배열 (50>150>200 미충족) (제외) | 50일등락: 51.93%
 -> [★발견★] 녹십자웰빙 (Market): 8회 수축, 마지막 12.3%, 점수 20 (RS 149.1), 피벗 14,680
 [169/200] 네패스아크(330860): 패턴 미완성 (제외)
 [170/200] 인텍플러스(064290): 패턴 미완성 (제외)
 -> [★발견★] 주성코퍼레이션 (Market): 6회 수축, 마지막 8.2%, 점수 40 (RS 135.8), 피벗 1,357
 [172/200] 큐라클(365270): 50일선 아래 (제외) | 50일등락: 50.87%
 [173/200] 강스템바이오텍(217730): 패턴 미완성 (제외)
 [174/200] 유성티엔에스(024800): 이평선 역배열 (50>150>200 미충족) (제외) | 50일등락: 50.68%
 -> [★발견★] 아이앤씨 (Market): 8회 수축, 마지막 7.2%, 점수 60 (RS 203.2), 피벗 3,550
 [176/200] 진시스템(363250): 이평선 역배열 (50>150>200 미충족) (제외) | 50일등락: 50.38%
 [177/200] 리노공업(058470): 50일선 아래 (제외) | 50일등락: 50.38%
 [178/200] 메디아나(041920): 50일선 아래 (제외) | 50일등락: 50.11%
 [179/200] 에코프로(086520): 50일선 아래 (제외) | 50일등락: 49.89%
 -> [★발견★] 현대홈쇼핑 (Market): 8회 수축, 마지막 6.7%, 점수 70 (RS 144.6), 피벗 84,200
 [181/200] 태광산업(003240): 이평선 역배열 (50>150>200 미충족) (제외) | 50일등락: 49.19%
 [182/200] 태웅(044490): 이평선 역배열 (50>150>200 미충족) (제외) | 50일등락: 49.08%
 [183/200] 비에이치아이(083650): 패턴 미완성 (제외)
 [184/200] 자화전자(033240): 50일선 아래 (제외) | 50일등락: 49.02%
 -> [★발견★] 미래에셋증권2우B (Market): 9회 수축, 마지막 13.9%, 점수 50 (RS 241.1), 피벗 21,900
 [186/200] 이노룰스(296640): 이평선 역배열 (50>150>200 미충족) (제외) | 50일등락: 48.56%
 [187/200] 한국팩키지(037230): 이평선 역배열 (50>150>200 미충족) (제외) | 50일등락: 48.44%
 -> [★발견★] PLUS 태양광&ESS (Market): 6회 수축, 마지막 12.6%, 점수 20 (RS 211.8), 피벗 37,310
 [189/200] 제이아이테크(417500): 패턴 미완성 (제외)
 [190/200] 옵투스제약(131030): 패턴 미완성 (제외)
 -> [★발견★] 유비쿼스홀딩스 (Market): 7회 수축, 마지막 14.3%, 점수 20 (RS 149.9), 피벗 16,960
 [192/200] 보로노이(310210): 패턴 미완성 (제외)
 [193/200] LX인터내셔널(001120): 패턴 미완성 (제외)
 [194/200] 티이엠씨(425040): 패턴 미완성 (제외)
 [195/200] 에이텀(355690): 이평선 역배열 (50>150>200 미충족) (제외) | 50일등락: 46.96%
 [196/200] LS머트리얼즈(417200): 패턴 미완성 (제외)
 [197/200] LF(093050): 패턴 미완성 (제외)
 [198/200] 한국ANKOR유전(152550): 이평선 역배열 (50>150>200 미충족) (제외) | 50일등락: 46.86%
 [199/200] RISE AI반도체TOP10(0093A0): 데이터 부족 (200일 미만) (제외) | 50일등락: 46.48%
 [200/200] 성도이엔지(037350): 패턴 미완성 (제외)

============================================================
 VCP 스캔 요약: 발견 44, 추세제외 62, 패턴제외 94, 에러 0
============================================================
[완료] 44개 PB 업로드 완료.
[2026-04-03 17:20:57.257227] 06_collect_stock_data.py 실행 중: 상세 데이터 수집 중...
[2026-04-03 17:24:41.394816] 07_calc_portfolio.py 실행 중: 수익률 및 포트폴리오 계산 중...
[2026-04-03 17:24:57.293991] 04_collect_news.py 실행 중: 네이버 뉴스 수집 중...
[2026-04-03 17:25:44.731250] 05_analyze_news.py 실행 중: AI 뉴스 감성 분석 중...
[2026-04-03 17:28:03.468887] 03_visualize_vcp.py 실행 중: VCP 분석 차트 생성 중...
