[2026-02-25 16:25:55.348535] VCP 통합 스캔 시작 (Target Date: 20260224)
[2026-02-25 16:25:55.349620] 대상 종목 선별 작업 시작...
기준 기간: 20251216 ~ 20260224 (약 50일)

[KOSPI] 데이터 수집 중...
[KOSPI] 상위 100개 선정 완료.
            종목명     등락률
티커                     
45226K  한화갤러리아우  404.76
012200     계양전기  352.85
006800   미래에셋증권  212.82
452260   한화갤러리아  183.29
001510     SK증권  175.38

[KOSDAQ] 데이터 수집 중...
[KOSDAQ] 상위 100개 선정 완료.
          종목명     등락률
티커                   
065170   비엘팜텍  620.61
187660  현대ADM  505.02
043260   성호전자  364.61
032820   우리기술  341.44
221800  유투바이오  302.62

총 200개 선정 종목에 대해 VCP 스캔 진행 중...
 -> [발견] 한화갤러리아우 (KOSPI): 9진동, 마지막 9.7%, 점수 70 (Jump 50), 피벗 11,070 (+4.4%)
 -> [발견] 미래에셋증권 (KOSPI): 5진동, 마지막 5.6%, 점수 40 (Jump 60), 피벗 28,700 (-57.2%)
 -> [발견] 한화갤러리아 (KOSPI): 9진동, 마지막 7.4%, 점수 40 (Jump 30), 피벗 2,235 (-27.6%)
 -> [발견] 현대지에프홀딩스 (KOSPI): 4진동, 마지막 9.6%, 점수 60 (Jump 30), 피벗 8,750 (-53.3%)
 -> [발견] 대우건설 (KOSPI): 5진동, 마지막 5.0%, 점수 50 (Jump 60), 피벗 3,835 (-52.7%)
 -> [발견] 현대건설 (KOSPI): 6진동, 마지막 9.5%, 점수 40 (Jump 30), 피벗 109,200 (-21.2%)
 -> [발견] 퍼스텍 (KOSPI): 9진동, 마지막 5.6%, 점수 40 (Jump 60), 피벗 4,840 (-33.9%)
 -> [발견] 디아이 (KOSPI): 8진동, 마지막 6.7%, 점수 60 (Jump 50), 피벗 37,200 (+2.1%)
 -> [발견] 한미반도체 (KOSPI): 5진동, 마지막 11.3%, 점수 40 (Jump 30), 피벗 211,000 (+0.5%)
 -> [발견] 삼성전자우 (KOSPI): 3진동, 마지막 6.8%, 점수 60 (Jump 30), 피벗 120,600 (-14.4%)
 -> [발견] 한화생명 (KOSPI): 7진동, 마지막 5.8%, 점수 40 (Jump 60), 피벗 3,385 (-36.4%)
 -> [발견] 동부건설 (KOSPI): 5진동, 마지막 4.9%, 점수 50 (Jump 60), 피벗 5,520 (-44.6%)
 -> [발견] 삼성전기 (KOSPI): 5진동, 마지막 6.8%, 점수 40 (Jump 30), 피벗 292,000 (-34.5%)
 -> [발견] 에이플러스에셋 (KOSPI): 6진동, 마지막 4.5%, 점수 50 (Jump 60), 피벗 11,000 (-25.6%)
 -> [발견] 광동제약 (KOSPI): 5진동, 마지막 2.7%, 점수 50 (Jump 80), 피벗 5,850 (-42.4%)
 -> [발견] 한전기술 (KOSPI): 4진동, 마지막 4.4%, 점수 70 (Jump 60), 피벗 151,700 (-5.5%)
 -> [발견] 팜스코 (KOSPI): 8진동, 마지막 8.4%, 점수 60 (Jump 30), 피벗 3,965 (-2.1%)
 -> [발견] 신영증권 (KOSPI): 8진동, 마지막 7.3%, 점수 40 (Jump 30), 피벗 192,000 (-19.2%)
 -> [발견] 한국항공우주 (KOSPI): 7진동, 마지막 7.5%, 점수 40 (Jump 10), 피벗 171,200 (-6.8%)
 -> [발견] 한화 (KOSPI): 7진동, 마지막 7.9%, 점수 40 (Jump 30), 피벗 122,900 (-6.9%)
 -> [발견] 효성티앤씨 (KOSPI): 7진동, 마지막 8.8%, 점수 60 (Jump 50), 피벗 414,500 (+9.7%)
 -> [발견] 대원전선 (KOSPI): 10진동, 마지막 7.0%, 점수 40 (Jump 30), 피벗 3,830 (-41.2%)
 -> [발견] LSELECTRIC (KOSPI): 8진동, 마지막 7.1%, 점수 60 (Jump 30), 피벗 539,000 (-27.8%)
 -> [발견] 현대차증권 (KOSPI): 7진동, 마지막 4.6%, 점수 50 (Jump 40), 피벗 9,670 (-22.4%)
 -> [발견] 우진플라임 (KOSPI): 5진동, 마지막 3.9%, 점수 50 (Jump 60), 피벗 1,957 (-32.0%)
 -> [발견] 화신 (KOSPI): 4진동, 마지막 9.1%, 점수 60 (Jump 30), 피벗 9,780 (-25.6%)
 -> [발견] DB증권 (KOSPI): 6진동, 마지막 5.8%, 점수 40 (Jump 60), 피벗 13,600 (-13.3%)
 -> [발견] 현대오토에버 (KOSPI): 7진동, 마지막 5.2%, 점수 70 (Jump 80), 피벗 456,000 (+5.4%)
 -> [발견] HDC현대EP (KOSPI): 5진동, 마지막 7.5%, 점수 40 (Jump 10), 피벗 6,500 (+1.4%)
 -> [발견] 삼성생명 (KOSPI): 7진동, 마지막 4.4%, 점수 50 (Jump 60), 피벗 165,400 (-26.2%)
 -> [발견] HD현대 (KOSPI): 5진동, 마지막 14.1%, 점수 20 (Jump 30), 피벗 259,500 (-12.2%)
 -> [발견] 일진전기 (KOSPI): 4진동, 마지막 6.5%, 점수 60 (Jump 30), 피벗 63,500 (-22.8%)
 -> [발견] 삼성EA (KOSPI): 8진동, 마지막 4.2%, 점수 50 (Jump 40), 피벗 32,150 (-11.9%)
 -> [발견] 아이에스동서 (KOSPI): 5진동, 마지막 6.8%, 점수 40 (Jump 30), 피벗 23,600 (-26.4%)
 -> [발견] HLDI (KOSPI): 6진동, 마지막 4.6%, 점수 50 (Jump 60), 피벗 2,800 (-29.6%)
 -> [발견] 현대ADM (KOSDAQ): 6진동, 마지막 11.2%, 점수 20 (Jump 30), 피벗 3,380 (-78.4%)
 -> [발견] 우리기술 (KOSDAQ): 5진동, 마지막 10.1%, 점수 20 (Jump 30), 피벗 4,045 (-76.4%)
 -> [발견] 유투바이오 (KOSDAQ): 6진동, 마지막 10.2%, 점수 20 (Jump 30), 피벗 4,990 (-75.0%)
 -> [발견] 스피어 (KOSDAQ): 6진동, 마지막 11.3%, 점수 20 (Jump 30), 피벗 19,250 (-55.0%)
 -> [발견] 에이치엠넥스 (KOSDAQ): 7진동, 마지막 9.9%, 점수 40 (Jump 30), 피벗 1,798 (-35.7%)
 -> [발견] DXVX (KOSDAQ): 9진동, 마지막 9.3%, 점수 70 (Jump 50), 피벗 4,090 (-17.5%)
 -> [발견] DSC인베스트먼트 (KOSDAQ): 7진동, 마지막 9.5%, 점수 40 (Jump 30), 피벗 7,920 (-57.5%)
 -> [발견] 큐라클 (KOSDAQ): 9진동, 마지막 5.2%, 점수 40 (Jump 60), 피벗 12,780 (-21.4%)
 -> [발견] 휴림로봇 (KOSDAQ): 9진동, 마지막 4.6%, 점수 80 (Jump 80), 피벗 14,670 (-3.4%)
 -> [발견] 제주반도체 (KOSDAQ): 9진동, 마지막 5.7%, 점수 40 (Jump 60), 피벗 47,300 (+5.6%)
 -> [발견] 저스템 (KOSDAQ): 7진동, 마지막 12.9%, 점수 20 (Jump 30), 피벗 7,500 (-9.6%)
 -> [발견] 덕산하이메탈 (KOSDAQ): 10진동, 마지막 12.4%, 점수 20 (Jump 10), 피벗 11,900 (-14.3%)
 -> [발견] 선익시스템 (KOSDAQ): 5진동, 마지막 10.5%, 점수 20 (Jump 30), 피벗 64,800 (-47.9%)
 -> [발견] 제이에스링크 (KOSDAQ): 8진동, 마지막 7.7%, 점수 40 (Jump 30), 피벗 31,050 (-13.0%)
 -> [발견] 기가비스 (KOSDAQ): 4진동, 마지막 11.8%, 점수 40 (Jump 30), 피벗 65,100 (-5.2%)
 -> [발견] RF머트리얼즈 (KOSDAQ): 6진동, 마지막 11.5%, 점수 20 (Jump 30), 피벗 25,550 (-40.6%)
 -> [발견] 엑시콘 (KOSDAQ): 7진동, 마지막 5.6%, 점수 40 (Jump 60), 피벗 28,350 (-14.3%)
 -> [발견] 피에스케이 (KOSDAQ): 7진동, 마지막 12.7%, 점수 20 (Jump 10), 피벗 61,500 (-3.5%)
 -> [발견] 미래에셋벤처투자 (KOSDAQ): 6진동, 마지막 11.9%, 점수 20 (Jump 30), 피벗 25,300 (+13.4%)
 -> [발견] 알톤 (KOSDAQ): 7진동, 마지막 14.5%, 점수 50 (Jump 50), 피벗 3,145 (+16.9%)
 -> [발견] 케어젠 (KOSDAQ): 8진동, 마지막 8.6%, 점수 40 (Jump 30), 피벗 126,000 (-7.5%)
 -> [발견] 삼보모터스 (KOSDAQ): 8진동, 마지막 13.7%, 점수 40 (Jump 50), 피벗 8,300 (+3.6%)
 -> [발견] 삼양엔씨켐 (KOSDAQ): 4진동, 마지막 14.7%, 점수 40 (Jump 30), 피벗 14,425 (-28.4%)
 -> [발견] 씨아이에스 (KOSDAQ): 6진동, 마지막 5.6%, 점수 40 (Jump 60), 피벗 6,990 (-53.6%)
 -> [발견] 에스앤에스텍 (KOSDAQ): 6진동, 마지막 5.7%, 점수 60 (Jump 80), 피벗 93,700 (+4.1%)
 -> [발견] 테스 (KOSDAQ): 7진동, 마지막 11.1%, 점수 20 (Jump 30), 피벗 72,200 (+0.3%)
 -> [발견] 코아시아씨엠 (KOSDAQ): 7진동, 마지막 10.5%, 점수 20 (Jump 30), 피벗 1,056 (-29.0%)
 -> [발견] 에프앤가이드 (KOSDAQ): 7진동, 마지막 3.9%, 점수 50 (Jump 60), 피벗 9,050 (-43.8%)
 -> [발견] 모비스 (KOSDAQ): 8진동, 마지막 8.3%, 점수 40 (Jump 30), 피벗 5,930 (+3.3%)
 -> [발견] 와토스코리아 (KOSDAQ): 8진동, 마지막 6.0%, 점수 40 (Jump 30), 피벗 7,000 (-36.4%)
 -> [발견] 네오셈 (KOSDAQ): 7진동, 마지막 14.6%, 점수 20 (Jump 10), 피벗 18,770 (+6.7%)
 -> [발견] SFA반도체 (KOSDAQ): 8진동, 마지막 12.1%, 점수 20 (Jump 10), 피벗 7,840 (+7.1%)
 -> [발견] 흥구석유 (KOSDAQ): 7진동, 마지막 14.6%, 점수 20 (Jump 30), 피벗 15,390 (-29.2%)
 -> [발견] 이지홀딩스 (KOSDAQ): 8진동, 마지막 3.3%, 점수 50 (Jump 60), 피벗 5,480 (-35.8%)
 -> [발견] RFHIC (KOSDAQ): 7진동, 마지막 9.0%, 점수 40 (Jump 30), 피벗 50,600 (-12.3%)

[완료] 70개 VCP 후보 종목 추출 완료.
결과 파일: E:\Downloads\Antigravity Project\ClosingSHIN\Scripts\results\vcp_report_20260224.csv

[2026-02-25 16:26:28.860960] 후속 데이터 수집 스크립트 자동 실행 (Target: 70개)
Command: E:\Downloads\Antigravity Project\ClosingSHIN\venv\Scripts\pythonw.exe E:\Downloads\Antigravity Project\ClosingSHIN\Scripts\06_collect_stock_data.py --date 20260224 --parent
[2026-02-25 16:30:30.649929] 후속 데이터 수집 및 병합 완료.

[2026-02-25 16:30:30.652321] 뉴스 데이터 수집 스크립트 실행...
Target Date (Anchor): 2026-02-24 23:59:59+09:00
Reading target list from E:\Downloads\Antigravity Project\ClosingSHIN\Scripts\results\vcp_report_20260224.csv...
Output will be saved to E:\Downloads\Antigravity Project\ClosingSHIN\Scripts\results\news_report_20260224.csv
Fetching news for 휴림로봇 (090710)...
  -> Found 10 valid articles. Selected top 3.
Fetching news for 한화갤러리아우 (45226K)...
  -> Found 7 valid articles. Selected top 3.
Fetching news for 한전기술 (052690)...
  -> Found 0 valid articles. Selected top 0.
Fetching news for 현대오토에버 (307950)...
  -> Found 0 valid articles. Selected top 0.
Fetching news for DXVX (180400)...
  -> Found 11 valid articles. Selected top 3.
Fetching news for LSELECTRIC (010120)...
  -> Found 0 valid articles. Selected top 0.
Fetching news for 디아이 (003160)...
  -> Found 15 valid articles. Selected top 3.
Fetching news for 일진전기 (103590)...
  -> Found 0 valid articles. Selected top 0.
Fetching news for 삼성전자우 (005935)...
  -> Found 0 valid articles. Selected top 0.
Fetching news for 에스앤에스텍 (101490)...
  -> Found 15 valid articles. Selected top 3.
Fetching news for 현대지에프홀딩스 (005440)...
  -> Found 17 valid articles. Selected top 3.
Fetching news for 화신 (010690)...
  -> Found 14 valid articles. Selected top 3.
Fetching news for 팜스코 (036580)...
  -> Found 7 valid articles. Selected top 3.
Fetching news for 효성티앤씨 (298020)...
  -> Found 8 valid articles. Selected top 3.
Fetching news for HLDI (014790)...
  -> Found 0 valid articles. Selected top 0.
Fetching news for 삼성EA (028050)...
  -> Found 0 valid articles. Selected top 0.
Fetching news for 우진플라임 (049800)...
  -> Found 8 valid articles. Selected top 3.
Fetching news for 현대차증권 (001500)...
  -> Found 0 valid articles. Selected top 0.
Fetching news for 알톤 (123750)...
  -> Found 4 valid articles. Selected top 3.
Fetching news for 삼성생명 (032830)...
  -> Found 0 valid articles. Selected top 0.
Fetching news for 이지홀딩스 (035810)...
  -> Found 19 valid articles. Selected top 3.
Fetching news for 대우건설 (047040)...
  -> Found 0 valid articles. Selected top 0.
Fetching news for 광동제약 (009290)...
  -> Found 0 valid articles. Selected top 0.
Fetching news for 에이플러스에셋 (244920)...
  -> Found 12 valid articles. Selected top 3.
Fetching news for 동부건설 (005960)...
  -> Found 3 valid articles. Selected top 3.
Fetching news for 에프앤가이드 (064850)...
  -> Found 0 valid articles. Selected top 0.
Fetching news for 제이에스링크 (127120)...
  -> Found 18 valid articles. Selected top 3.
Fetching news for 제주반도체 (080220)...
  -> Found 7 valid articles. Selected top 3.
Fetching news for DSC인베스트먼트 (241520)...
  -> Found 14 valid articles. Selected top 3.
Fetching news for 큐라클 (365270)...
  -> Found 14 valid articles. Selected top 3.
Fetching news for 와토스코리아 (079000)...
  -> Found 15 valid articles. Selected top 3.
Fetching news for 기가비스 (420770)...
  -> Found 10 valid articles. Selected top 3.
Fetching news for 엑시콘 (092870)...
  -> Found 9 valid articles. Selected top 3.
Fetching news for 모비스 (250060)...
  -> Found 0 valid articles. Selected top 0.
Fetching news for 에이치엠넥스 (036170)...
  -> Found 16 valid articles. Selected top 3.
Fetching news for 삼보모터스 (053700)...
  -> Found 14 valid articles. Selected top 3.
Fetching news for 삼양엔씨켐 (482630)...
  -> Found 10 valid articles. Selected top 3.
Fetching news for 씨아이에스 (222080)...
  -> Found 6 valid articles. Selected top 3.
Fetching news for 케어젠 (214370)...
  -> Found 0 valid articles. Selected top 0.
Fetching news for RFHIC (218410)...
  -> Found 17 valid articles. Selected top 3.
Fetching news for 한화 (000880)...
  -> Found 0 valid articles. Selected top 0.
Fetching news for 한화생명 (088350)...
  -> Found 0 valid articles. Selected top 0.
Fetching news for 신영증권 (001720)...
  -> Found 0 valid articles. Selected top 0.
Fetching news for 한국항공우주 (047810)...
  -> Found 0 valid articles. Selected top 0.
Fetching news for 대원전선 (006340)...
  -> Found 10 valid articles. Selected top 3.
Fetching news for 한미반도체 (042700)...
  -> Found 2 valid articles. Selected top 2.
Fetching news for DB증권 (016610)...
  -> Found 0 valid articles. Selected top 0.
Fetching news for 퍼스텍 (010820)...
  -> Found 18 valid articles. Selected top 3.
Fetching news for HDC현대EP (089470)...
  -> Found 7 valid articles. Selected top 3.
Fetching news for 현대건설 (000720)...
  -> Found 0 valid articles. Selected top 0.
Fetching news for 아이에스동서 (010780)...
  -> Found 8 valid articles. Selected top 3.
Fetching news for 미래에셋증권 (006800)...
  -> Found 0 valid articles. Selected top 0.
Fetching news for 한화갤러리아 (452260)...
  -> Found 1 valid articles. Selected top 1.
Fetching news for 삼성전기 (009150)...
  -> Found 0 valid articles. Selected top 0.
Fetching news for 네오셈 (253590)...
  -> Found 0 valid articles. Selected top 0.
Fetching news for SFA반도체 (036540)...
  -> Found 12 valid articles. Selected top 3.
Fetching news for 흥구석유 (024060)...
  -> Found 14 valid articles. Selected top 3.
Fetching news for 코아시아씨엠 (196450)...
  -> Found 8 valid articles. Selected top 3.
Fetching news for 테스 (095610)...
  -> Found 15 valid articles. Selected top 3.
Fetching news for 스피어 (347700)...
  -> Found 0 valid articles. Selected top 0.
Fetching news for 유투바이오 (221800)...
  -> Found 10 valid articles. Selected top 3.
Fetching news for 미래에셋벤처투자 (100790)...
  -> Found 16 valid articles. Selected top 3.
Fetching news for 피에스케이 (319660)...
  -> Found 8 valid articles. Selected top 3.
Fetching news for RF머트리얼즈 (327260)...
  -> Found 14 valid articles. Selected top 3.
Fetching news for HD현대 (267250)...
  -> Found 0 valid articles. Selected top 0.
Fetching news for 선익시스템 (171090)...
  -> Found 2 valid articles. Selected top 2.
Fetching news for 덕산하이메탈 (077360)...
  -> Found 18 valid articles. Selected top 3.
Fetching news for 저스템 (417840)...
  -> Found 1 valid articles. Selected top 1.
Fetching news for 우리기술 (032820)...
  -> Found 0 valid articles. Selected top 0.
Fetching news for 현대ADM (187660)...
  -> Found 15 valid articles. Selected top 3.
Saving 126 news items to E:\Downloads\Antigravity Project\ClosingSHIN\Scripts\results\news_report_20260224.csv...
Done.


[2026-02-25 16:30:49.025250] AI 뉴스 분석 스크립트 실행...
Reading news from E:\Downloads\Antigravity Project\ClosingSHIN\Scripts\results\news_report_20260224.csv...
Output will be saved to E:\Downloads\Antigravity Project\ClosingSHIN\Scripts\results\news_analysis_20260224.csv
Analyzing 126 articles...
[1/126] Analyzing 휴림로봇 - 피지컬 AI·휴머노이드 로봇 관련주, '웃음꽃' 나인테...
[2/126] Analyzing 휴림로봇 - 의료AI 관련주, '으쓱으쓱 어깨춤' 모아데이타·젠큐릭...
[3/126] Analyzing 휴림로봇 - [오늘의 주목주] '소액주주 보호 명문화' 고려아연 8...
[4/126] Analyzing 한화갤러리아우 - [상대강도과열 종목] SKAI·비츠로시스 '앗~뜨거' ...
[5/126] Analyzing 한화갤러리아우 - 거래소, SGC에너지·다원넥스뷰 투자경고종목 지정...
[6/126] Analyzing 한화갤러리아우 - [상대강도과열 종목] 흥국화재 다원넥스뷰 퍼스텍 SK증...
[7/126] Analyzing DXVX - 장남 손잡은 신동국… ‘한 방에 지배력 30%’ 권력지...
[8/126] Analyzing DXVX - 릴리도 반한 'GalNAc' 기술…올릭스, 비만치료제 ...
[9/126] Analyzing DXVX - 대웅제약의 야망 '1품 1조'… K-신약으로 글로벌 심...
[10/126] Analyzing 디아이 - 글로벌 자동차사도 러브콜... KEC, 전장용 반도체 ...
[11/126] Analyzing 디아이 - 블랙올 AI, ‘디지털 영생 AI’·기업용 데이터 온톨...
[12/126] Analyzing 디아이 - [데이터 뉴스룸] 유통업체 50곳 재고자산 증가했는데 ...
[13/126] Analyzing 에스앤에스텍 - '몸값-체력' 괴리…매출·이익 증가율은 10% 안팎...
[14/126] Analyzing 에스앤에스텍 - ‘금융·원전·반도체’ K증시 이끈다…신고가 속출 랠리 ...
[15/126] Analyzing 에스앤에스텍 - 글로벌 자동차사도 러브콜... KEC, 전장용 반도체 ...
[16/126] Analyzing 현대지에프홀딩스 - [오늘의 코스피 · 2월 24일] 금일 상승주 TOP ...
[17/126] Analyzing 현대지에프홀딩스 - 돌아온 주총 시즌…유통업계 주주친화 행보 '눈길'...
[18/126] Analyzing 현대지에프홀딩스 - 월마트 1조 달러 돌파했는데…韓 유통 빅3, 저평가 탈...
[19/126] Analyzing 화신 - [명동백작들의 영화 이야기㉑] 다큐멘터리 <경성> 속 ...
[20/126] Analyzing 화신 - [정승열의 힐링여행2] 293. 이집트 신화...
[21/126] Analyzing 화신 - 세아메카닉스, 알루미늄 다이캐스팅의 힘…전기차 넘어 E...
[22/126] Analyzing 팜스코 - "발효공학이 살린 수익성"...이지바이오, 고부가가치 ...
[23/126] Analyzing 팜스코 - 사료부터 고기까지 한입에... 팜스토리, 축산 수직계열...
[24/126] Analyzing 팜스코 - [데이터 뉴스룸] 식품업체 50곳, 재고자산 늘 때 매...
[25/126] Analyzing 효성티앤씨 - 폐페트병이 티셔츠로 변신한다...
[26/126] Analyzing 효성티앤씨 - 효성티앤씨, '세이브 레이스 2026'공식 파트너 참여...
[27/126] Analyzing 효성티앤씨 - [브리프] 현대차 두산 한솔 효성티엔씨 삼표 KCC 태...
[28/126] Analyzing 우진플라임 - [민선 9기 인천시장의 숙제] '정무적 리더십'이 규제...
[29/126] Analyzing 우진플라임 - (주)우진플라임, 현대자동차(주)와 ‘클린폼’ 기술 검...
[30/126] Analyzing 우진플라임 - 기계 상장기업 브랜드평판 2월 빅데이터 분석... 1위...
[31/126] Analyzing 알톤 - 800회 충전에도 '안심' 전기자전거...
[32/126] Analyzing 알톤 - 잡초에 주목한 괴짜 식물학자 "칭찬만으론 배가 고픕니다...
[33/126] Analyzing 알톤 - ‘실적 씽씽’ 삼천리·알톤…전기자전거 앞세워 수익성 개...
[34/126] Analyzing 이지홀딩스 - [특징주 & 리포트] '미래에셋생명, 2거래일째 상한가...
[35/126] Analyzing 이지홀딩스 - '벚꽃 배당'의 계절…배당수익률 높고 소득세 인하 예상...
[36/126] Analyzing 이지홀딩스 - [상대강도과열 종목] SKAI·비츠로시스 '앗~뜨거' ...
[37/126] Analyzing 에이플러스에셋 - [52주] 최고가 73개, 최저가 26개...지수 혼조...
[38/126] Analyzing 에이플러스에셋 - 더존비즈온 ,공개매수 돌입…올해 첫 성공 사례될까...
[39/126] Analyzing 에이플러스에셋 - [주간 보험 이슈] 보험사에도 행동주의 펀드 목소리…얼...
[40/126] Analyzing 동부건설 - “2035년 개항 목표”...가덕도신공항 공사, 대우건...
[41/126] Analyzing 동부건설 - 가덕도신공항 부지공사, 대우건설 컨소와 수의계약 추진...
[42/126] Analyzing 동부건설 - [공시속보] 동부건설, 15일간 주가 83% 급등→투자...
[43/126] Analyzing 제이에스링크 - 카카오 42억 베팅…SKT도 집중 매수...
[44/126] Analyzing 제이에스링크 - 10억 넘는 자산가들 계좌 봤더니…조용히 쓸어담은 종목...
[45/126] Analyzing 제이에스링크 - 의료AI 관련주, '으쓱으쓱 어깨춤' 모아데이타·젠큐릭...
[46/126] Analyzing 제주반도체 - [경제직필]전기는 버리면서 발전소 짓는 나라...
[47/126] Analyzing 제주반도체 - 유정복 시장 “인천시, ‘국가 미래 전략적 자산’으로 ...
[48/126] Analyzing 제주반도체 - 글로벌 자동차사도 러브콜... KEC, 전장용 반도체 ...
[49/126] Analyzing DSC인베스트먼트 - 출항 앞둔 '한국형 BDC'… 불장 속 '개미 마음' ...
[50/126] Analyzing DSC인베스트먼트 - [공시속보] DSC인베스트먼트, 투자경고종목 지정 예고...
[51/126] Analyzing DSC인베스트먼트 - 의료AI 관련주, '으쓱으쓱 어깨춤' 모아데이타·젠큐릭...
[52/126] Analyzing 큐라클 - 오늘의 메모[2월 25일]...
[53/126] Analyzing 큐라클 - [공시속보] 큐라클, 타법인 흡수합병 추가상장→총 주식...
[54/126] Analyzing 큐라클 - 인체 신약의 '우회로'···펫 헬스케어, 제약 두 번째...
[55/126] Analyzing 와토스코리아 - CSA 코스믹의 변신, 7개 뷰티 브랜드 앞세워 글로벌...
[56/126] Analyzing 와토스코리아 - [공시속보] 와토스코리아, 소수계좌 거래집중 지정→투자...
[57/126] Analyzing 와토스코리아 - [브랜드평판] 2026년 2월 건축제품 상장기업 빅데이...
[58/126] Analyzing 기가비스 - 글로벌 자동차사도 러브콜... KEC, 전장용 반도체 ...
[59/126] Analyzing 기가비스 - 코스닥 기관, 올릭스 레인보우로보틱스 대주전자재료 디앤...
[60/126] Analyzing 기가비스 - 코스닥 기관, 코나아이 올릭스 실리콘투 알테오젠 담고 ...
[61/126] Analyzing 엑시콘 - 글로벌 자동차사도 러브콜... KEC, 전장용 반도체 ...
[62/126] Analyzing 엑시콘 - [이격도과열 종목] 나노엔텍·플라즈맵 상한가 직행…바이...
[63/126] Analyzing 엑시콘 - AI 반도체 필수 장비 다원넥스뷰, 초미세 패키징 시장...
[64/126] Analyzing 에이치엠넥스 - "카피 제품은 발 못 붙인다"... 서울반도체, 철벽 ...
[65/126] Analyzing 에이치엠넥스 - [상대강도과열 종목] SKAI·비츠로시스 '앗~뜨거' ...
[66/126] Analyzing 에이치엠넥스 - [이격도과열 종목] 나노엔텍·플라즈맵 상한가 직행…바이...
[67/126] Analyzing 삼보모터스 - 삼보모터스, 지난해 당기순이익 273억7881만3445...
[68/126] Analyzing 삼보모터스 - 삼보모터스, 보통주 1주당 50원 현금배당 결정...
[69/126] Analyzing 삼보모터스 - 세아메카닉스, 알루미늄 다이캐스팅의 힘…전기차 넘어 E...
[70/126] Analyzing 삼양엔씨켐 - 글로벌 자동차사도 러브콜... KEC, 전장용 반도체 ...
[71/126] Analyzing 삼양엔씨켐 - 반도체 재료·부품관련주, '봄꽃만개' KEC·샘씨엔에스...
[72/126] Analyzing 삼양엔씨켐 - 경인양행·풍원정밀 동반 강세…K-소재 글로벌 시장 영토...
[73/126] Analyzing 씨아이에스 - 유정희 드림씨아이에스 대표, 충북대 약대에 1억원 기탁...
[74/126] Analyzing 씨아이에스 - 충북대 약학대학의 미래 100년을 향한 주춧돌 되길 …...
[75/126] Analyzing 씨아이에스 - 의료AI 관련주, '으쓱으쓱 어깨춤' 모아데이타·젠큐릭...
[76/126] Analyzing RFHIC - “목표주가 37만→49만 원”…SK 순매수 1위 [주식...
[77/126] Analyzing RFHIC - 코스닥 '상승'...현대무벡스 · 휴림로봇 · 현대바이...
[78/126] Analyzing RFHIC - 중국 반도체 시장 잡는다…기가레인, 우시 신공장 가동으...
[79/126] Analyzing 대원전선 - [오늘의 코스피 · 2월 24일] 금일 상승주 TOP ...
[80/126] Analyzing 대원전선 - [공시속보] 대원전선, 투자주의종목 예고→투자경고 가능...
[81/126] Analyzing 대원전선 - 전선조합, 13개 대·중견기업 단계적 탈퇴… '중소기업...
[82/126] Analyzing 한미반도체 - HBM4 생산속도 좌우할 TC본더…삼성·SK하닉 '이로...
[83/126] Analyzing 한미반도체 - [공매도 브리핑] 2월 24일 거래대금 1조 6,863...
[84/126] Analyzing 퍼스텍 - 美, 이란 압박에…한화에어로 급등...
[85/126] Analyzing 퍼스텍 - "열흘 안에 결판" 트럼프 한마디에…주가 들썩이는 종목...
[86/126] Analyzing 퍼스텍 - 매커스, '자사주 소각+AI 수혜' 쌍끌이…주가 본격 ...
[87/126] Analyzing HDC현대EP - HDC현대EP 신우철 대표 선임...
[88/126] Analyzing HDC현대EP - 2월 23일 주식시장 주요공시...
[89/126] Analyzing HDC현대EP - HDC그룹, 신우철 신임 HDC현대EP 대표 선임...
[90/126] Analyzing 아이에스동서 - 원전 수주·업황개선 기대 중소형 건설주까지 '온기'...
[91/126] Analyzing 아이에스동서 - 건설업, 국내외 원전·주택 수요 기대…"GS건설·삼성물...
[92/126] Analyzing 아이에스동서 - [상대강도과열 종목] SKAI·비츠로시스 '앗~뜨거' ...
[93/126] Analyzing 한화갤러리아 - 한화갤러리아, 지난해 흑자 전환... 영업익 177% ...
[94/126] Analyzing SFA반도체 - 글로벌 자동차사도 러브콜... KEC, 전장용 반도체 ...
[95/126] Analyzing SFA반도체 - SFA반도체 주가, 24일 장중 7,400원 3.93%...
[96/126] Analyzing SFA반도체 - 시스템반도체 관련주, '함박웃음' 엠디바이스·아이에이·...
[97/126] Analyzing 흥구석유 - [MK시그널] 이란戰 가능성에 흥구석유 '쑥'...
[98/126] Analyzing 흥구석유 - 유가 뛰자 정유주 동반 랠리...
[99/126] Analyzing 흥구석유 - [서울데이터랩]금일 코스닥 거래량 1위 우리기술 거래대...
[100/126] Analyzing 코아시아씨엠 - [공시속보] 코아시아씨엠, 투자주의종목 지정예고→급등세...
[101/126] Analyzing 코아시아씨엠 - [상대강도과열 종목] SKAI·비츠로시스 '앗~뜨거' ...
[102/126] Analyzing 코아시아씨엠 - [52주] 최고가 73개, 최저가 26개...지수 혼조...
[103/126] Analyzing 테스 - AI·바이오 특허 심사 ‘1개월’ 시대 열렸다...
[104/126] Analyzing 테스 - “대기업 월급 중소기업의 2배”… 성별 격차도 1.5배...
[105/126] Analyzing 테스 - 엔비디아, AI 서버 넘어 노트북 시장 공략…SoC ‘...
[106/126] Analyzing 유투바이오 - 키움운용 ETF 4종 내달 상장폐지..신탁원본액 감소...
[107/126] Analyzing 유투바이오 - 유투바이오 주가 11% 털썩…장중 약세로 전환, 최근 ...
[108/126] Analyzing 유투바이오 - 메디케어, '모발이식 컨설팅' 날개 달고 수익성 개선 ...
[109/126] Analyzing 미래에셋벤처투자 - '1500억 실탄' 지투지바이오…2공장 기반 글로벌 파...
[110/126] Analyzing 미래에셋벤처투자 - 출항 앞둔 '한국형 BDC'… 불장 속 '개미 마음' ...
[111/126] Analyzing 미래에셋벤처투자 - 피지컬AI 유망주 ‘리얼월드’, 美 본사 이전 선택한 ...
[112/126] Analyzing 피에스케이 - “트럼프 관세 무색” 반도체 투톱 새 역사...소부장 ...
[113/126] Analyzing 피에스케이 - 20만전자·100만닉스 끌고, 소부장 밀고…반도체주 '...
[114/126] Analyzing 피에스케이 - 글로벌 자동차사도 러브콜... KEC, 전장용 반도체 ...
[115/126] Analyzing RF머트리얼즈 - 글로벌 1위와 손잡았다…아모센스, SOFC 기판 국산화...
[116/126] Analyzing RF머트리얼즈 - [52주] 최고가 172개, 최저가 39개...코스피 ...
[117/126] Analyzing RF머트리얼즈 - 5G 넘어 6G로... RF머트리얼즈, 차세대 화합물 ...
[118/126] Analyzing 선익시스템 - [기업공시] 미래에셋증권, 에코프로비엠, KT&G, 키...
[119/126] Analyzing 선익시스템 - [공시속보] 선익시스템, 소수계좌 매수과다로 투자주의종...
[120/126] Analyzing 덕산하이메탈 - 글로벌 자동차사도 러브콜... KEC, 전장용 반도체 ...
[121/126] Analyzing 덕산하이메탈 - 반도체 재료·부품관련주, '봄꽃만개' KEC·샘씨엔에스...
[122/126] Analyzing 덕산하이메탈 - [이격도과열 종목] 나노엔텍·플라즈맵 상한가 직행…바이...
[123/126] Analyzing 저스템 - 글로벌 자동차사도 러브콜... KEC, 전장용 반도체 ...
[124/126] Analyzing 현대ADM - [상한가 종목] 한화비전-온코닉테라퓨틱스 이어 서울반도...
[125/126] Analyzing 현대ADM - [주식] 온코닉테라퓨틱스, 美 FDA 희귀의약품 지정 ...
[126/126] Analyzing 현대ADM - 의료AI 관련주, '으쓱으쓱 어깨춤' 모아데이타·젠큐릭...
Saving 126 analyzed items to E:\Downloads\Antigravity Project\ClosingSHIN\Scripts\results\news_analysis_20260224.csv...
Done.


[2026-02-25 16:37:20.040585] VCP 차트 생성 스크립트 실행...
Exception in thread Thread-5 (_readerthread):
Traceback (most recent call last):
  File "C:\Users\JUN\AppData\Local\Programs\Python\Python311\Lib\threading.py", line 1045, in _bootstrap_inner
    self.run()
  File "C:\Users\JUN\AppData\Local\Programs\Python\Python311\Lib\threading.py", line 982, in run
    self._target(*self._args, **self._kwargs)
  File "C:\Users\JUN\AppData\Local\Programs\Python\Python311\Lib\subprocess.py", line 1599, in _readerthread
    buffer.append(fh.read())
                  ^^^^^^^^^
  File "<frozen codecs>", line 322, in decode
UnicodeDecodeError: 'utf-8' codec can't decode byte 0xc2 in position 33: invalid continuation byte
None
[2026-02-25 16:40:02.290418] 모든 분석 및 데이터 생성 완료.
