[2026-03-26 17:43:32.675848] 자동 시장 데이터 동기화 체크 중...
[2026-03-26 17:43:57.138747] 동기화 확인 완료.
[2026-03-26 17:43:57.138747] VCP 통합 스캔 시작    # [0] 대상 선정 (Phase 1)
[2026-03-26 17:43:57.168356] 대상 종목 선별 작업 시작 (Batch 모드)...
  선정 기간: 20260109 ~ 20260325 (약 50거래일 기준)
[2026-03-26 17:43:57.188491] Naver Finance에서 종목 리스트 수집 중...
  Market 0 has 49 pages.
  Market 1 has 37 pages.
[PB Utils] Successfully fetched 4237 tickers from Naver Finance.
[2026-03-26 17:44:23.907496] 대상 선별 완료. (Batch 모드로 26분 -> 수 초로 단축)
[2026-03-26 17:44:23.942592] 스캔 대상 200개 상세 데이터 로딩 시작...
  - [10/200] 008600 065170 032820 900270 187660 242040 000250 192410 047040 046970 로딩 완료
  - [20/200] 043260 221800 036170 412350 038500 001510 129920 331920 001515 290550 로딩 완료
  - [30/200] 327260 005090 046120 357580 076610 048410 475150 357880 010170 138080 로딩 완료
  - [40/200] 027360 040160 024850 360350 131030 440110 089230 019210 003000 092220 로딩 완료
  - [50/200] 054620 291650 006800 347700 064850 322000 218410 085910 095340 0120G0 로딩 완료
  - [60/200] 420770 032500 230240 088280 289080 393890 036930 088130 050890 007120 로딩 완료
  - [70/200] 077360 226590 452260 080580 353200 069540 078600 031980 224060 474610 로딩 완료
  - [80/200] 003280 000720 131970 033160 323350 189860 290660 131290 090470 027040 로딩 완료
  - [90/200] 171090 365270 052020 127120 321550 001820 321370 241520 319660 130660 로딩 완료
  - [100/200] 085620 289930 083650 178320 261780 106190 138490 348340 120110 100790 로딩 완료
  - [110/200] 222080 265740 001290 448900 196450 092870 073490 489790 200710 095910 로딩 완료
  - [120/200] 388790 100590 017900 010820 101490 005440 272110 189300 010060 011930 로딩 완료
  - [130/200] 00680K 056090 020000 053610 056080 272210 115440 082920 219550 234340 로딩 완료
  - [140/200] 066310 010120 376900 217590 089970 380540 098120 039310 425420 240810 로딩 완료
  - [150/200] 012630 052690 024800 044490 355150 160980 318060 009830 456040 264450 로딩 완료
  - [160/200] 382800 086520 042520 099320 084870 347770 058470 012210 009150 0093A0 로딩 완료
  - [170/200] 330860 007810 042700 252990 204610 900290 296640 037460 090710 375500 로딩 완료
  - [180/200] 005960 298020 089980 065440 457990 003240 000150 039560 000210 083640 로딩 완료
  - [190/200] 078020 417200 432470 084370 004060 037350 101000 005940 109070 059120 로딩 완료
  - [200/200] 238090 082270 006200 396300 006340 011700 023530 001720 003030 123750 로딩 완료
[2026-03-26 17:44:53.303281] 상세 데이터 로딩 완료. (총 200개 캐싱됨)
 [1/200] 윌비스(008600): 이평선 역배열 (50>150>200 미충족) (제외) | 50일등락: 756.21%
 [2/200] 비엘팜텍(065170): 패턴 미완성 (제외)
 -> [★발견★] 우리기술 (Market): 5회 수축, 마지막 11.8%, 점수 40 (RS 823.4), 피벗 29,300
 [4/200] 헝셩그룹(900270): 패턴 미완성 (제외)
 [5/200] 페니트리움바이오(187660): 패턴 미완성 (제외)
 [6/200] 나무기술(242040): 패턴 미완성 (제외)
 [7/200] 삼천당제약(000250): 패턴 미완성 (제외)
 [8/200] 오늘이엔엠(192410): 이평선 역배열 (50>150>200 미충족) (제외) | 50일등락: 339.98%
 [9/200] 대우건설(047040): 패턴 미완성 (제외)
 [10/200] 우리로(046970): 패턴 미완성 (제외)
 [11/200] 성호전자(043260): 패턴 미완성 (제외)
 [12/200] 유투바이오(221800): 패턴 미완성 (제외)
 -> [★발견★] 에이치엠넥스 (Market): 7회 수축, 마지막 10.2%, 점수 40 (RS 651.4), 피벗 5,480
 [14/200] 레이저쎌(412350): 이평선 역배열 (50>150>200 미충족) (제외) | 50일등락: 316.91%
 [15/200] 삼표시멘트(038500): 패턴 미완성 (제외)
 [16/200] SK증권(001510): 패턴 미완성 (제외)
 [17/200] 대성하이텍(129920): 패턴 미완성 (제외)
 -> [★발견★] 셀레믹스 (Market): 5회 수축, 마지막 10.5%, 점수 20 (RS 289.1), 피벗 5,140
 [19/200] SK증권우(001515): 패턴 미완성 (제외)
 [20/200] 디케이티(290550): 패턴 미완성 (제외)
 -> [★발견★] RF머트리얼즈 (Market): 6회 수축, 마지막 11.5%, 점수 20 (RS 709.7), 피벗 25,550
 [22/200] SGC에너지(005090): 패턴 미완성 (제외)
 [23/200] 오르비텍(046120): 패턴 미완성 (제외)
 [24/200] 아모센스(357580): 패턴 미완성 (제외)
 [25/200] 해성옵틱스(076610): 패턴 미완성 (제외)
 [26/200] 현대바이오(048410): 패턴 미완성 (제외)
 [27/200] SK이터닉스(475150): 패턴 미완성 (제외)
 [28/200] SKAI(357880): 이평선 역배열 (50>150>200 미충족) (제외) | 50일등락: 176.56%
 [29/200] 대한광통신(010170): 1차 조정폭 과다 (제외)
 [30/200] 오이솔루션(138080): 패턴 미완성 (제외)
 [31/200] 아주IB투자(027360): 패턴 미완성 (제외)
 -> [★발견★] 누리플렉스 (Market): 6회 수축, 마지막 15.0%, 점수 40 (RS 281.5), 피벗 9,410
 [33/200] HLB이노베이션(024850): 패턴 미완성 (제외)
 [34/200] 코셈(360350): 이평선 역배열 (50>150>200 미충족) (제외) | 50일등락: 160.64%
 [35/200] 옵투스제약(131030): 패턴 미완성 (제외)
 [36/200] 파두(440110): 패턴 미완성 (제외)
 [37/200] THE E&M(089230): 패턴 미완성 (제외)
 [38/200] 와이지-원(019210): 패턴 미완성 (제외)
 [39/200] 부광약품(003000): 패턴 미완성 (제외)
 -> [★발견★] KEC (Market): 9회 수축, 마지막 12.9%, 점수 20 (RS 235.5), 피벗 1,521
 [41/200] APS(054620): 이평선 역배열 (50>150>200 미충족) (제외) | 50일등락: 150.66%
 [42/200] 압타머사이언스(291650): 이평선 역배열 (50>150>200 미충족) (제외) | 50일등락: 150.07%
 -> [★발견★] 미래에셋증권 (Market): 6회 수축, 마지막 14.1%, 점수 50 (RS 385.0), 피벗 71,091
 [44/200] 스피어(347700): 패턴 미완성 (제외)
 [45/200] 에프앤가이드(064850): 패턴 미완성 (제외)
 -> [★발견★] HD현대에너지솔루션 (Market): 6회 수축, 마지막 13.2%, 점수 20 (RS 291.1), 피벗 89,600
 [47/200] RFHIC(218410): 패턴 미완성 (제외)
 [48/200] 네오티스(085910): 패턴 미완성 (제외)
 [49/200] ISC(095340): 패턴 미완성 (제외)
 [50/200] 삼양바이오팜(0120G0): 데이터 부족 (200일 미만) (제외) | 50일등락: 128.19%
 -> [★발견★] 기가비스 (Market): 5회 수축, 마지막 9.6%, 점수 60 (RS 255.3), 피벗 77,400
 [52/200] 케이엠더블유(032500): 패턴 미완성 (제외)
 [53/200] 에치에프알(230240): 이평선 역배열 (50>150>200 미충족) (제외) | 50일등락: 123.66%
 [54/200] 쏘닉스(088280): 이평선 역배열 (50>150>200 미충족) (제외) | 50일등락: 122.54%
 -> [★발견★] SV인베스트먼트 (Market): 7회 수축, 마지막 12.8%, 점수 50 (RS 216.5), 피벗 3,660
 [56/200] 더블유씨피(393890): 패턴 미완성 (제외)
 -> [★발견★] 주성엔지니어링 (Market): 5회 수축, 마지막 12.9%, 점수 20 (RS 243.4), 피벗 70,000
 [58/200] 동아엘텍(088130): 패턴 미완성 (제외)
 [59/200] 쏠리드(050890): 패턴 미완성 (제외)
 [60/200] 미래아이앤지(007120): 패턴 미완성 (제외)
 [61/200] 덕산하이메탈(077360): 패턴 미완성 (제외)
 [62/200] 엠디바이스(226590): 1차 조정폭 과다 (제외)
 [63/200] 한화갤러리아(452260): 패턴 미완성 (제외)
 [64/200] 오킨스전자(080580): 패턴 미완성 (제외)
 -> [★발견★] 대덕전자 (Market): 9회 수축, 마지막 9.7%, 점수 40 (RS 349.9), 피벗 66,700
 [66/200] 빛과전자(069540): 이평선 역배열 (50>150>200 미충족) (제외) | 50일등락: 110.75%
 -> [★발견★] 대주전자재료 (Market): 6회 수축, 마지막 10.8%, 점수 20 (RS 174.8), 피벗 118,800
 -> [★발견★] 피에스케이홀딩스 (Market): 7회 수축, 마지막 13.5%, 점수 50 (RS 257.1), 피벗 117,300
 [69/200] 더코디(224060): 패턴 미완성 (제외)
 [70/200] RF시스템즈(474610): 패턴 미완성 (제외)
 [71/200] 흥아해운(003280): 이평선 역배열 (50>150>200 미충족) (제외) | 50일등락: 109.3%
 -> [★발견★] 현대건설 (Market): 7회 수축, 마지막 11.9%, 점수 40 (RS 280.0), 피벗 170,100
 [73/200] 두산테스나(131970): 패턴 미완성 (제외)
 [74/200] 엠케이전자(033160): 패턴 미완성 (제외)
 [75/200] 다원넥스뷰(323350): 패턴 미완성 (제외)
 [76/200] 서전기전(189860): 이평선 역배열 (50>150>200 미충족) (제외) | 50일등락: 104.88%
 [77/200] 네오펙트(290660): 이평선 역배열 (50>150>200 미충족) (제외) | 50일등락: 104.14%
 [78/200] 티에스이(131290): 패턴 미완성 (제외)
 [79/200] 제이스텍(090470): 패턴 미완성 (제외)
 [80/200] 서울전자통신(027040): 이평선 역배열 (50>150>200 미충족) (제외) | 50일등락: 103.0%
 [81/200] 선익시스템(171090): 패턴 미완성 (제외)
 [82/200] 큐라클(365270): 패턴 미완성 (제외)
 [83/200] 에스티큐브(052020): 패턴 미완성 (제외)
 [84/200] 제이에스링크(127120): 패턴 미완성 (제외)
 [85/200] 티움바이오(321550): 패턴 미완성 (제외)
 -> [★발견★] 삼화콘덴서 (Market): 6회 수축, 마지막 13.0%, 점수 20 (RS 187.1), 피벗 61,500
 [87/200] 센서뷰(321370): 패턴 미완성 (제외)
 [88/200] DSC인베스트먼트(241520): 패턴 미완성 (제외)
 [89/200] 피에스케이(319660): 패턴 미완성 (제외)
 [90/200] 한전산업(130660): 패턴 미완성 (제외)
 -> [★발견★] 미래에셋생명 (Market): 7회 수축, 마지막 14.7%, 점수 20 (RS 260.9), 피벗 18,280
 [92/200] 웨이비스(289930): 패턴 미완성 (제외)
 [93/200] 비에이치아이(083650): 패턴 미완성 (제외)
 [94/200] 서진시스템(178320): 패턴 미완성 (제외)
 [95/200] 차백신연구소(261780): 이평선 역배열 (50>150>200 미충족) (제외) | 50일등락: 93.42%
 [96/200] 하이텍팜(106190): 패턴 미완성 (제외)
 -> [★발견★] 코오롱ENP (Market): 8회 수축, 마지막 8.3%, 점수 60 (RS 205.7), 피벗 13,800
 [98/200] 뉴로메카(348340): 50일선 아래 (제외) | 50일등락: 92.72%
 -> [★발견★] 코오롱인더 (Market): 6회 수축, 마지막 11.3%, 점수 20 (RS 204.8), 피벗 75,000
 [100/200] 미래에셋벤처투자(100790): 패턴 미완성 (제외)
 [101/200] 씨아이에스(222080): 패턴 미완성 (제외)
 -> [★발견★] 엔에프씨 (Market): 10회 수축, 마지막 13.7%, 점수 50 (RS 212.7), 피벗 9,400
 [103/200] 상상인증권(001290): 패턴 미완성 (제외)
 [104/200] 한국피아이엠(448900): 패턴 미완성 (제외)
 [105/200] 코아시아씨엠(196450): 패턴 미완성 (제외)
 -> [★발견★] 엑시콘 (Market): 8회 수축, 마지막 10.5%, 점수 40 (RS 236.5), 피벗 31,850
 [107/200] 이노와이어리스(073490): 패턴 미완성 (제외)
 [108/200] 한화비전(489790): 패턴 미완성 (제외)
 -> [★발견★] 에이디테크놀로지 (Market): 6회 수축, 마지막 4.9%, 점수 50 (RS 264.4), 피벗 48,800
 [110/200] 에스에너지(095910): 이평선 역배열 (50>150>200 미충족) (제외) | 50일등락: 86.94%
 [111/200] 라이콤(388790): 패턴 미완성 (제외)
 -> [★발견★] 머큐리 (Market): 11회 수축, 마지막 14.9%, 점수 20 (RS 181.2), 피벗 5,180
 [113/200] 광전자(017900): 이평선 역배열 (50>150>200 미충족) (제외) | 50일등락: 85.32%
 [114/200] 퍼스텍(010820): 패턴 미완성 (제외)
 [115/200] 에스앤에스텍(101490): 패턴 미완성 (제외)
 [116/200] 현대지에프홀딩스(005440): 패턴 미완성 (제외)
 -> [★발견★] 케이엔제이 (Market): 7회 수축, 마지막 11.2%, 점수 40 (RS 182.9), 피벗 38,900
 [118/200] 인텔리안테크(189300): 패턴 미완성 (제외)
 [119/200] OCI홀딩스(010060): 패턴 미완성 (제외)
 [120/200] 신성이엔지(011930): 패턴 미완성 (제외)
 -> [★발견★] 미래에셋증권2우B (Market): 9회 수축, 마지막 10.7%, 점수 50 (RS 281.6), 피벗 21,900
 [122/200] 시지메드텍(056090): 패턴 미완성 (제외)
 -> [★발견★] 한섬 (Market): 8회 수축, 마지막 2.7%, 점수 70 (RS 165.4), 피벗 24,200
 [124/200] 프로텍(053610): 패턴 미완성 (제외)
 [125/200] 유진로봇(056080): 50일선 아래 (제외) | 50일등락: 78.1%
 [126/200] 한화시스템(272210): 패턴 미완성 (제외)
 -> [★발견★] 우리넷 (Market): 8회 수축, 마지막 14.0%, 점수 20 (RS 183.7), 피벗 7,340
 [128/200] 비츠로셀(082920): 패턴 미완성 (제외)
 [129/200] 디와이디(219550): 이평선 역배열 (50>150>200 미충족) (제외) | 50일등락: 77.47%
 [130/200] 헥토파이낸셜(234340): 패턴 미완성 (제외)
 [131/200] 큐에스아이(066310): 이평선 역배열 (50>150>200 미충족) (제외) | 50일등락: 77.36%
 [132/200] LS ELECTRIC(010120): 패턴 미완성 (제외)
 [133/200] 로킷헬스케어(376900): 패턴 미완성 (제외)
 [134/200] 티엠씨(217590): 데이터 부족 (200일 미만) (제외) | 50일등락: 76.41%
 -> [★발견★] 브이엠 (Market): 7회 수축, 마지막 10.8%, 점수 20 (RS 302.3), 피벗 43,400
 [136/200] 옵티코어(380540): 패턴 미완성 (제외)
 [137/200] 마이크로컨텍솔(098120): 패턴 미완성 (제외)
 [138/200] 세중(039310): 이평선 역배열 (50>150>200 미충족) (제외) | 50일등락: 74.7%
 -> [★발견★] 티에프이 (Market): 8회 수축, 마지막 6.7%, 점수 40 (RS 227.5), 피벗 59,500
 [140/200] 원익IPS(240810): 패턴 미완성 (제외)
 [141/200] HDC(012630): 이평선 역배열 (50>150>200 미충족) (제외) | 50일등락: 73.86%
 -> [★발견★] 한전기술 (Market): 6회 수축, 마지막 11.2%, 점수 40 (RS 202.4), 피벗 177,700
 [143/200] 유성티엔에스(024800): 이평선 역배열 (50>150>200 미충족) (제외) | 50일등락: 73.23%
 [144/200] 태웅(044490): 이평선 역배열 (50>150>200 미충족) (제외) | 50일등락: 73.18%
 [145/200] 코스텍시스(355150): 패턴 미완성 (제외)
 -> [★발견★] 싸이맥스 (Market): 7회 수축, 마지막 13.2%, 점수 20 (RS 186.0), 피벗 23,050
 [147/200] 그래피(318060): 데이터 부족 (200일 미만) (제외) | 50일등락: 72.66%
 [148/200] 한화솔루션(009830): 이평선 역배열 (50>150>200 미충족) (제외) | 50일등락: 72.41%
 [149/200] OCI(456040): 패턴 미완성 (제외)
 -> [★발견★] 유비쿼스 (Market): 7회 수축, 마지막 12.5%, 점수 20 (RS 189.3), 피벗 15,160
 [151/200] 지앤비에스 에코(382800): 이평선 역배열 (50>150>200 미충족) (제외) | 50일등락: 71.97%
 [152/200] 에코프로(086520): 패턴 미완성 (제외)
 [153/200] 한스바이오메드(042520): 패턴 미완성 (제외)
 [154/200] 쎄트렉아이(099320): 패턴 미완성 (제외)
 [155/200] TBH글로벌(084870): 패턴 미완성 (제외)
 [156/200] 핌스(347770): 이평선 역배열 (50>150>200 미충족) (제외) | 50일등락: 71.56%
 [157/200] 리노공업(058470): 패턴 미완성 (제외)
 [158/200] 삼미금속(012210): 패턴 미완성 (제외)
 [159/200] 삼성전기(009150): 패턴 미완성 (제외)
 [160/200] RISE AI반도체TOP10(0093A0): 데이터 부족 (200일 미만) (제외) | 50일등락: 70.79%
 [161/200] 네패스아크(330860): 패턴 미완성 (제외)
 [162/200] 코리아써키트(007810): 패턴 미완성 (제외)
 -> [★발견★] 한미반도체 (Market): 6회 수축, 마지막 11.1%, 점수 50 (RS 306.8), 피벗 333,500
 [164/200] 샘씨엔에스(252990): 패턴 미완성 (제외)
 [165/200] 티쓰리(204610): 이평선 역배열 (50>150>200 미충족) (제외) | 50일등락: 69.86%
 [166/200] GRT(900290): 패턴 미완성 (제외)
 [167/200] 이노룰스(296640): 이평선 역배열 (50>150>200 미충족) (제외) | 50일등락: 69.27%
 -> [★발견★] 삼지전자 (Market): 7회 수축, 마지막 7.3%, 점수 40 (RS 229.3), 피벗 23,850
 [169/200] 휴림로봇(090710): 50일선 아래 (제외) | 50일등락: 68.76%
 [170/200] DL이앤씨(375500): 이평선 역배열 (50>150>200 미충족) (제외) | 50일등락: 68.61%
 [171/200] 동부건설(005960): 패턴 미완성 (제외)
 -> [★발견★] 효성티앤씨 (Market): 8회 수축, 마지막 7.0%, 점수 40 (RS 163.8), 피벗 394,500
 -> [★발견★] 상아프론테크 (Market): 7회 수축, 마지막 9.0%, 점수 40 (RS 148.3), 피벗 26,050
 [174/200] 이루온(065440): 이평선 역배열 (50>150>200 미충족) (제외) | 50일등락: 67.96%
 [175/200] PLUS 태양광&ESS(457990): 패턴 미완성 (제외)
 [176/200] 태광산업(003240): 이평선 역배열 (50>150>200 미충족) (제외) | 50일등락: 67.73%
 [177/200] 두산(000150): 패턴 미완성 (제외)
 -> [★발견★] 다산네트웍스 (Market): 10회 수축, 마지막 7.0%, 점수 40 (RS 168.4), 피벗 4,525
 [179/200] DL(000210): 이평선 역배열 (50>150>200 미충족) (제외) | 50일등락: 67.0%
 [180/200] 인콘(083640): 이평선 역배열 (50>150>200 미충족) (제외) | 50일등락: 66.94%
 [181/200] LS증권(078020): 패턴 미완성 (제외)
 [182/200] LS머트리얼즈(417200): 패턴 미완성 (제외)
 [183/200] 케이엔에스(432470): 패턴 미완성 (제외)
 [184/200] 유진테크(084370): 패턴 미완성 (제외)
 [185/200] SG세계물산(004060): 패턴 미완성 (제외)
 [186/200] 성도이엔지(037350): 패턴 미완성 (제외)
 [187/200] KS인더스트리(101000): 200일선 아래 (제외) | 50일등락: 64.65%
 [188/200] NH투자증권(005940): 패턴 미완성 (제외)
 [189/200] 주성코퍼레이션(109070): 이평선 역배열 (50>150>200 미충족) (제외) | 50일등락: 64.23%
 -> [★발견★] 아진엑스텍 (Market): 6회 수축, 마지막 7.2%, 점수 70 (RS 206.7), 피벗 7,780
 [191/200] 앤디포스(238090): 이평선 역배열 (50>150>200 미충족) (제외) | 50일등락: 63.85%
 [192/200] 젬백스(082270): 200일선 아래 (제외) | 50일등락: 63.78%
 [193/200] 한국전자홀딩스(006200): 이평선 역배열 (50>150>200 미충족) (제외) | 50일등락: 63.49%
 [194/200] 세아메카닉스(396300): 50일선 아래 (제외) | 50일등락: 62.83%
 [195/200] 대원전선(006340): 패턴 미완성 (제외)
 [196/200] 한신기계(011700): 이평선 역배열 (50>150>200 미충족) (제외) | 50일등락: 62.71%
 [197/200] 롯데쇼핑(023530): 패턴 미완성 (제외)
 -> [★발견★] 신영증권 (Market): 9회 수축, 마지막 6.6%, 점수 70 (RS 176.0), 피벗 213,500
 [199/200] 세아제강지주(003030): 이평선 역배열 (50>150>200 미충족) (제외) | 50일등락: 62.01%
 -> [★발견★] 알톤 (Market): 6회 수축, 마지막 6.4%, 점수 70 (RS 157.6), 피벗 2,405

============================================================
 VCP 스캔 요약: 발견 40, 추세제외 48, 패턴제외 112, 에러 0
============================================================
[완료] 40개 PB 업로드 완료.
[2026-03-26 17:44:55.628864] 06_collect_stock_data.py 실행 중...
[2026-03-26 17:48:46.664429] 04_collect_news.py 실행 중...
[2026-03-26 17:51:03.402273] 05_analyze_news.py 실행 중...
[2026-03-26 17:53:28.789067] 03_visualize_vcp.py 실행 중...
